
   Program  MARK  - Survival Rate Estimation with Capture-Recapture Data
   gfortran(dble/PIM2) Vers. 10.1 March 2023  19-Jul-2023 14:21:36    Page  001
    
 - - - - - - - - - - - - - - - - - - - - - - - - - - - - - - - - - - - - - -
 
   Welcome to MARK amolina6 on machine 6ZB4TV3 in subdirectory 
   "C:\Users\amolina6\OneDrive - University of Tennessee\Documents\projects\Hawkes" running file "mark039.inp".
   This version was compiled by GCC version 12.2.0 using the options: 
     -cpp -iprefix c:\tdm-gcc-64\mingw64\bin\../lib/gcc/x86_64-w64-mingw32/12.2.0/
     -D_MT -D_REENTRANT -U_REENTRANT -D ieee -D dbleprecision -m64 -mtune=generic
     -march=x86-64 -mthreads -O3 -std=f2018 -fsignaling-nans
     -ffpe-summary=invalid,zero,overflow,underflow -funroll-loops -ffast-math
     -fall-intrinsics -fopenmp.

   This problem will use 19 of 20 possible threads.
   Static thread allocation is used.
   Schedule kind is omp_sched_dynamic with chunk size 1


  INPUT --- proc title ;

   For procedure title CPU Time was 0.001 seconds and System Time was 0.001 seconds       .


  INPUT --- proc chmatrix occasions= 11 groups= 6 etype= Live Nodes= 
  INPUT --- 101 icovar = 1 ICMeans  NoHist hist= 251 ;

  INPUT ---    time interval 1.9 6.91 8.33 7.7 5.79 3.87 6.43 3.7 16 22.99 
  INPUT ---    ;

  INPUT ---     icovariates dis ;

  INPUT ---    glabel(1)=originhatchery.year2010;

  INPUT ---    glabel(2)=originwild.year2010;

  INPUT ---    glabel(3)=originhatchery.year2011;

  INPUT ---    glabel(4)=originwild.year2011;

  INPUT ---    glabel(5)=originhatchery.year2012;

  INPUT ---    glabel(6)=originwild.year2012;

      Number of unique encounter histories read was 251.

      Number of individual covariates read was 1.
      Time interval lengths vary and/or not equal to 1.

      Data type number is 1
      Data type is Live Recaptures (CJS)

   For procedure chmatrix CPU Time was 0.001 seconds and System Time was 0.001 seconds       .

  Program  MARK  - Survival Rate Estimation with Capture-Recapture Data
   gfortran(dble/PIM2) Vers. 10.1 March 2023  19-Jul-2023 14:21:36    Page  002
 - - - - - - - - - - - - - - - - - - - - - - - - - - - - - - - - - - - - - -
 


  INPUT --- proc estimate link=Logit NOLOOP varest=2ndPart    ;


  INPUT --- model={ Phi(~time + origin * dis)p(~time + year) };

  INPUT ---    fixed=1;
  INPUT ---        parm(48)=0.99 ;

  INPUT ---    group=1 Phi    rows=10 cols=10 Triang ;
  INPUT ---        1 2 3 4 5 6 7 8 9 10 ;
  INPUT ---        2 3 4 5 6 7 8 9 10 ;
  INPUT ---        3 4 5 6 7 8 9 10 ;
  INPUT ---        4 5 6 7 8 9 10 ;
  INPUT ---        5 6 7 8 9 10 ;
  INPUT ---        6 7 8 9 10 ;
  INPUT ---        7 8 9 10 ;
  INPUT ---        8 9 10 ;
  INPUT ---        9 10 ;
  INPUT ---        10 ;

  INPUT ---    group=2 Phi    rows=10 cols=10 Triang ;
  INPUT ---        11 12 13 14 15 16 17 18 19 20 ;
  INPUT ---        12 13 14 15 16 17 18 19 20 ;
  INPUT ---        13 14 15 16 17 18 19 20 ;
  INPUT ---        14 15 16 17 18 19 20 ;
  INPUT ---        15 16 17 18 19 20 ;
  INPUT ---        16 17 18 19 20 ;
  INPUT ---        17 18 19 20 ;
  INPUT ---        18 19 20 ;
  INPUT ---        19 20 ;
  INPUT ---        20 ;

  INPUT ---    group=3 Phi    rows=10 cols=10 Triang ;
  INPUT ---        1 2 3 4 5 6 7 8 9 10 ;
  INPUT ---        2 3 4 5 6 7 8 9 10 ;
  INPUT ---        3 4 5 6 7 8 9 10 ;
  INPUT ---        4 5 6 7 8 9 10 ;
  INPUT ---        5 6 7 8 9 10 ;
  INPUT ---        6 7 8 9 10 ;
  INPUT ---        7 8 9 10 ;
  INPUT ---        8 9 10 ;
  INPUT ---        9 10 ;
  INPUT ---        10 ;


  Program  MARK  - Survival Rate Estimation with Capture-Recapture Data
   gfortran(dble/PIM2) Vers. 10.1 March 2023  19-Jul-2023 14:21:36    Page  003
 - - - - - - - - - - - - - - - - - - - - - - - - - - - - - - - - - - - - - -
 
  INPUT ---    group=4 Phi    rows=10 cols=10 Triang ;
  INPUT ---        11 12 13 14 15 16 17 18 19 20 ;
  INPUT ---        12 13 14 15 16 17 18 19 20 ;
  INPUT ---        13 14 15 16 17 18 19 20 ;
  INPUT ---        14 15 16 17 18 19 20 ;
  INPUT ---        15 16 17 18 19 20 ;
  INPUT ---        16 17 18 19 20 ;
  INPUT ---        17 18 19 20 ;
  INPUT ---        18 19 20 ;
  INPUT ---        19 20 ;
  INPUT ---        20 ;

  INPUT ---    group=5 Phi    rows=10 cols=10 Triang ;
  INPUT ---        1 2 3 4 5 6 7 8 9 10 ;
  INPUT ---        2 3 4 5 6 7 8 9 10 ;
  INPUT ---        3 4 5 6 7 8 9 10 ;
  INPUT ---        4 5 6 7 8 9 10 ;
  INPUT ---        5 6 7 8 9 10 ;
  INPUT ---        6 7 8 9 10 ;
  INPUT ---        7 8 9 10 ;
  INPUT ---        8 9 10 ;
  INPUT ---        9 10 ;
  INPUT ---        10 ;

  INPUT ---    group=6 Phi    rows=10 cols=10 Triang ;
  INPUT ---        11 12 13 14 15 16 17 18 19 20 ;
  INPUT ---        12 13 14 15 16 17 18 19 20 ;
  INPUT ---        13 14 15 16 17 18 19 20 ;
  INPUT ---        14 15 16 17 18 19 20 ;
  INPUT ---        15 16 17 18 19 20 ;
  INPUT ---        16 17 18 19 20 ;
  INPUT ---        17 18 19 20 ;
  INPUT ---        18 19 20 ;
  INPUT ---        19 20 ;
  INPUT ---        20 ;

  INPUT ---    group=1 p    rows=10 cols=10 Triang ;
  INPUT ---        21 22 23 24 25 26 27 28 29 48 ;
  INPUT ---        22 23 24 25 26 27 28 29 48 ;
  INPUT ---        23 24 25 26 27 28 29 48 ;
  INPUT ---        24 25 26 27 28 29 48 ;
  INPUT ---        25 26 27 28 29 48 ;
  INPUT ---        26 27 28 29 48 ;
  INPUT ---        27 28 29 48 ;
  INPUT ---        28 29 48 ;
  INPUT ---        29 48 ;

  Program  MARK  - Survival Rate Estimation with Capture-Recapture Data
   gfortran(dble/PIM2) Vers. 10.1 March 2023  19-Jul-2023 14:21:36    Page  004
 - - - - - - - - - - - - - - - - - - - - - - - - - - - - - - - - - - - - - -
 
  INPUT ---        48 ;

  INPUT ---    group=2 p    rows=10 cols=10 Triang ;
  INPUT ---        21 22 23 24 25 26 27 28 29 48 ;
  INPUT ---        22 23 24 25 26 27 28 29 48 ;
  INPUT ---        23 24 25 26 27 28 29 48 ;
  INPUT ---        24 25 26 27 28 29 48 ;
  INPUT ---        25 26 27 28 29 48 ;
  INPUT ---        26 27 28 29 48 ;
  INPUT ---        27 28 29 48 ;
  INPUT ---        28 29 48 ;
  INPUT ---        29 48 ;
  INPUT ---        48 ;

  INPUT ---    group=3 p    rows=10 cols=10 Triang ;
  INPUT ---        30 31 32 33 34 35 36 37 38 48 ;
  INPUT ---        31 32 33 34 35 36 37 38 48 ;
  INPUT ---        32 33 34 35 36 37 38 48 ;
  INPUT ---        33 34 35 36 37 38 48 ;
  INPUT ---        34 35 36 37 38 48 ;
  INPUT ---        35 36 37 38 48 ;
  INPUT ---        36 37 38 48 ;
  INPUT ---        37 38 48 ;
  INPUT ---        38 48 ;
  INPUT ---        48 ;

  INPUT ---    group=4 p    rows=10 cols=10 Triang ;
  INPUT ---        30 31 32 33 34 35 36 37 38 48 ;
  INPUT ---        31 32 33 34 35 36 37 38 48 ;
  INPUT ---        32 33 34 35 36 37 38 48 ;
  INPUT ---        33 34 35 36 37 38 48 ;
  INPUT ---        34 35 36 37 38 48 ;
  INPUT ---        35 36 37 38 48 ;
  INPUT ---        36 37 38 48 ;
  INPUT ---        37 38 48 ;
  INPUT ---        38 48 ;
  INPUT ---        48 ;

  INPUT ---    group=5 p    rows=10 cols=10 Triang ;
  INPUT ---        39 40 41 42 43 44 45 46 47 48 ;
  INPUT ---        40 41 42 43 44 45 46 47 48 ;
  INPUT ---        41 42 43 44 45 46 47 48 ;
  INPUT ---        42 43 44 45 46 47 48 ;
  INPUT ---        43 44 45 46 47 48 ;
  INPUT ---        44 45 46 47 48 ;
  INPUT ---        45 46 47 48 ;

  Program  MARK  - Survival Rate Estimation with Capture-Recapture Data
   gfortran(dble/PIM2) Vers. 10.1 March 2023  19-Jul-2023 14:21:36    Page  005
 - - - - - - - - - - - - - - - - - - - - - - - - - - - - - - - - - - - - - -
 
  INPUT ---        46 47 48 ;
  INPUT ---        47 48 ;
  INPUT ---        48 ;

  INPUT ---    group=6 p    rows=10 cols=10 Triang ;
  INPUT ---        39 40 41 42 43 44 45 46 47 48 ;
  INPUT ---        40 41 42 43 44 45 46 47 48 ;
  INPUT ---        41 42 43 44 45 46 47 48 ;
  INPUT ---        42 43 44 45 46 47 48 ;
  INPUT ---        43 44 45 46 47 48 ;
  INPUT ---        44 45 46 47 48 ;
  INPUT ---        45 46 47 48 ;
  INPUT ---        46 47 48 ;
  INPUT ---        47 48 ;
  INPUT ---        48 ;

  INPUT ---    design matrix constraints=48 covariates=24;
  INPUT ---        1 0 0 0 0 0 0 0 0 0 0 dis 0 0 0 0 0 0 0 0 0 0 0 0;
  INPUT ---        1 1 0 0 0 0 0 0 0 0 0 dis 0 0 0 0 0 0 0 0 0 0 0 0;
  INPUT ---        1 0 1 0 0 0 0 0 0 0 0 dis 0 0 0 0 0 0 0 0 0 0 0 0;
  INPUT ---        1 0 0 1 0 0 0 0 0 0 0 dis 0 0 0 0 0 0 0 0 0 0 0 0;
  INPUT ---        1 0 0 0 1 0 0 0 0 0 0 dis 0 0 0 0 0 0 0 0 0 0 0 0;
  INPUT ---        1 0 0 0 0 1 0 0 0 0 0 dis 0 0 0 0 0 0 0 0 0 0 0 0;
  INPUT ---        1 0 0 0 0 0 1 0 0 0 0 dis 0 0 0 0 0 0 0 0 0 0 0 0;
  INPUT ---        1 0 0 0 0 0 0 1 0 0 0 dis 0 0 0 0 0 0 0 0 0 0 0 0;
  INPUT ---        1 0 0 0 0 0 0 0 1 0 0 dis 0 0 0 0 0 0 0 0 0 0 0 0;
  INPUT ---        1 0 0 0 0 0 0 0 0 1 0 dis 0 0 0 0 0 0 0 0 0 0 0 0;
  INPUT ---        1 0 0 0 0 0 0 0 0 0 1 dis dis 0 0 0 0 0 0 0 0 0 0 0;
  INPUT ---        1 1 0 0 0 0 0 0 0 0 1 dis dis 0 0 0 0 0 0 0 0 0 0 0;
  INPUT ---        1 0 1 0 0 0 0 0 0 0 1 dis dis 0 0 0 0 0 0 0 0 0 0 0;
  INPUT ---        1 0 0 1 0 0 0 0 0 0 1 dis dis 0 0 0 0 0 0 0 0 0 0 0;
  INPUT ---        1 0 0 0 1 0 0 0 0 0 1 dis dis 0 0 0 0 0 0 0 0 0 0 0;
  INPUT ---        1 0 0 0 0 1 0 0 0 0 1 dis dis 0 0 0 0 0 0 0 0 0 0 0;
  INPUT ---        1 0 0 0 0 0 1 0 0 0 1 dis dis 0 0 0 0 0 0 0 0 0 0 0;
  INPUT ---        1 0 0 0 0 0 0 1 0 0 1 dis dis 0 0 0 0 0 0 0 0 0 0 0;
  INPUT ---        1 0 0 0 0 0 0 0 1 0 1 dis dis 0 0 0 0 0 0 0 0 0 0 0;
  INPUT ---        1 0 0 0 0 0 0 0 0 1 1 dis dis 0 0 0 0 0 0 0 0 0 0 0;
  INPUT ---        0 0 0 0 0 0 0 0 0 0 0 0 0 1 0 0 0 0 0 0 0 0 0 0;
  INPUT ---        0 0 0 0 0 0 0 0 0 0 0 0 0 1 1 0 0 0 0 0 0 0 0 0;
  INPUT ---        0 0 0 0 0 0 0 0 0 0 0 0 0 1 0 1 0 0 0 0 0 0 0 0;
  INPUT ---        0 0 0 0 0 0 0 0 0 0 0 0 0 1 0 0 1 0 0 0 0 0 0 0;
  INPUT ---        0 0 0 0 0 0 0 0 0 0 0 0 0 1 0 0 0 1 0 0 0 0 0 0;
  INPUT ---        0 0 0 0 0 0 0 0 0 0 0 0 0 1 0 0 0 0 1 0 0 0 0 0;
  INPUT ---        0 0 0 0 0 0 0 0 0 0 0 0 0 1 0 0 0 0 0 1 0 0 0 0;
  INPUT ---        0 0 0 0 0 0 0 0 0 0 0 0 0 1 0 0 0 0 0 0 1 0 0 0;
  INPUT ---        0 0 0 0 0 0 0 0 0 0 0 0 0 1 0 0 0 0 0 0 0 1 0 0;

  Program  MARK  - Survival Rate Estimation with Capture-Recapture Data
   gfortran(dble/PIM2) Vers. 10.1 March 2023  19-Jul-2023 14:21:36    Page  006
 - - - - - - - - - - - - - - - - - - - - - - - - - - - - - - - - - - - - - -
 
  INPUT ---        0 0 0 0 0 0 0 0 0 0 0 0 0 1 0 0 0 0 0 0 0 0 1 0;
  INPUT ---        0 0 0 0 0 0 0 0 0 0 0 0 0 1 1 0 0 0 0 0 0 0 1 0;
  INPUT ---        0 0 0 0 0 0 0 0 0 0 0 0 0 1 0 1 0 0 0 0 0 0 1 0;
  INPUT ---        0 0 0 0 0 0 0 0 0 0 0 0 0 1 0 0 1 0 0 0 0 0 1 0;
  INPUT ---        0 0 0 0 0 0 0 0 0 0 0 0 0 1 0 0 0 1 0 0 0 0 1 0;
  INPUT ---        0 0 0 0 0 0 0 0 0 0 0 0 0 1 0 0 0 0 1 0 0 0 1 0;
  INPUT ---        0 0 0 0 0 0 0 0 0 0 0 0 0 1 0 0 0 0 0 1 0 0 1 0;
  INPUT ---        0 0 0 0 0 0 0 0 0 0 0 0 0 1 0 0 0 0 0 0 1 0 1 0;
  INPUT ---        0 0 0 0 0 0 0 0 0 0 0 0 0 1 0 0 0 0 0 0 0 1 1 0;
  INPUT ---        0 0 0 0 0 0 0 0 0 0 0 0 0 1 0 0 0 0 0 0 0 0 0 1;
  INPUT ---        0 0 0 0 0 0 0 0 0 0 0 0 0 1 1 0 0 0 0 0 0 0 0 1;
  INPUT ---        0 0 0 0 0 0 0 0 0 0 0 0 0 1 0 1 0 0 0 0 0 0 0 1;
  INPUT ---        0 0 0 0 0 0 0 0 0 0 0 0 0 1 0 0 1 0 0 0 0 0 0 1;
  INPUT ---        0 0 0 0 0 0 0 0 0 0 0 0 0 1 0 0 0 1 0 0 0 0 0 1;
  INPUT ---        0 0 0 0 0 0 0 0 0 0 0 0 0 1 0 0 0 0 1 0 0 0 0 1;
  INPUT ---        0 0 0 0 0 0 0 0 0 0 0 0 0 1 0 0 0 0 0 1 0 0 0 1;
  INPUT ---        0 0 0 0 0 0 0 0 0 0 0 0 0 1 0 0 0 0 0 0 1 0 0 1;
  INPUT ---        0 0 0 0 0 0 0 0 0 0 0 0 0 1 0 0 0 0 0 0 0 1 0 1;
  INPUT ---        0 0 0 0 0 0 0 0 0 0 0 0 0 0 0 0 0 0 0 0 0 0 0 0;
  INPUT ---       blabel(1)=Phi:(Intercept);
  INPUT ---       blabel(2)=Phi:time2.9;
  INPUT ---       blabel(3)=Phi:time9.81;
  INPUT ---       blabel(4)=Phi:time18.14;
  INPUT ---       blabel(5)=Phi:time25.84;
  INPUT ---       blabel(6)=Phi:time31.63;
  INPUT ---       blabel(7)=Phi:time35.5;
  INPUT ---       blabel(8)=Phi:time41.93;
  INPUT ---       blabel(9)=Phi:time45.63;
  INPUT ---       blabel(10)=Phi:time61.63;
  INPUT ---       blabel(11)=Phi:originwild;
  INPUT ---       blabel(12)=Phi:dis;
  INPUT ---       blabel(13)=Phi:originwild:dis;
  INPUT ---       blabel(14)=p:(Intercept);
  INPUT ---       blabel(15)=p:time9.81;
  INPUT ---       blabel(16)=p:time18.14;
  INPUT ---       blabel(17)=p:time25.84;
  INPUT ---       blabel(18)=p:time31.63;
  INPUT ---       blabel(19)=p:time35.5;
  INPUT ---       blabel(20)=p:time41.93;
  INPUT ---       blabel(21)=p:time45.63;
  INPUT ---       blabel(22)=p:time61.63;
  INPUT ---       blabel(23)=p:year2011;
  INPUT ---       blabel(24)=p:year2012;
  INPUT ---       rlabel(1)=Phi ghatchery2010 c1 a0 t1;
  INPUT ---       rlabel(2)=Phi ghatchery2010 c1 a1.9 t2.9;
  INPUT ---       rlabel(3)=Phi ghatchery2010 c1 a8.81 t9.81;

  Program  MARK  - Survival Rate Estimation with Capture-Recapture Data
   gfortran(dble/PIM2) Vers. 10.1 March 2023  19-Jul-2023 14:21:36    Page  007
 - - - - - - - - - - - - - - - - - - - - - - - - - - - - - - - - - - - - - -
 
  INPUT ---       rlabel(4)=Phi ghatchery2010 c1 a17.14 t18.14;
  INPUT ---       rlabel(5)=Phi ghatchery2010 c1 a24.84 t25.84;
  INPUT ---       rlabel(6)=Phi ghatchery2010 c1 a30.63 t31.63;
  INPUT ---       rlabel(7)=Phi ghatchery2010 c1 a34.5 t35.5;
  INPUT ---       rlabel(8)=Phi ghatchery2010 c1 a40.93 t41.93;
  INPUT ---       rlabel(9)=Phi ghatchery2010 c1 a44.63 t45.63;
  INPUT ---       rlabel(10)=Phi ghatchery2010 c1 a60.63 t61.63;
  INPUT ---       rlabel(11)=Phi gwild2010 c1 a0 t1;
  INPUT ---       rlabel(12)=Phi gwild2010 c1 a1.9 t2.9;
  INPUT ---       rlabel(13)=Phi gwild2010 c1 a8.81 t9.81;
  INPUT ---       rlabel(14)=Phi gwild2010 c1 a17.14 t18.14;
  INPUT ---       rlabel(15)=Phi gwild2010 c1 a24.84 t25.84;
  INPUT ---       rlabel(16)=Phi gwild2010 c1 a30.63 t31.63;
  INPUT ---       rlabel(17)=Phi gwild2010 c1 a34.5 t35.5;
  INPUT ---       rlabel(18)=Phi gwild2010 c1 a40.93 t41.93;
  INPUT ---       rlabel(19)=Phi gwild2010 c1 a44.63 t45.63;
  INPUT ---       rlabel(20)=Phi gwild2010 c1 a60.63 t61.63;
  INPUT ---       rlabel(21)=p ghatchery2010 c1 a1.9 t2.9;
  INPUT ---       rlabel(22)=p ghatchery2010 c1 a8.81 t9.81;
  INPUT ---       rlabel(23)=p ghatchery2010 c1 a17.14 t18.14;
  INPUT ---       rlabel(24)=p ghatchery2010 c1 a24.84 t25.84;
  INPUT ---       rlabel(25)=p ghatchery2010 c1 a30.63 t31.63;
  INPUT ---       rlabel(26)=p ghatchery2010 c1 a34.5 t35.5;
  INPUT ---       rlabel(27)=p ghatchery2010 c1 a40.93 t41.93;
  INPUT ---       rlabel(28)=p ghatchery2010 c1 a44.63 t45.63;
  INPUT ---       rlabel(29)=p ghatchery2010 c1 a60.63 t61.63;
  INPUT ---       rlabel(30)=p ghatchery2011 c1 a1.9 t2.9;
  INPUT ---       rlabel(31)=p ghatchery2011 c1 a8.81 t9.81;
  INPUT ---       rlabel(32)=p ghatchery2011 c1 a17.14 t18.14;
  INPUT ---       rlabel(33)=p ghatchery2011 c1 a24.84 t25.84;
  INPUT ---       rlabel(34)=p ghatchery2011 c1 a30.63 t31.63;
  INPUT ---       rlabel(35)=p ghatchery2011 c1 a34.5 t35.5;
  INPUT ---       rlabel(36)=p ghatchery2011 c1 a40.93 t41.93;
  INPUT ---       rlabel(37)=p ghatchery2011 c1 a44.63 t45.63;
  INPUT ---       rlabel(38)=p ghatchery2011 c1 a60.63 t61.63;
  INPUT ---       rlabel(39)=p ghatchery2012 c1 a1.9 t2.9;
  INPUT ---       rlabel(40)=p ghatchery2012 c1 a8.81 t9.81;
  INPUT ---       rlabel(41)=p ghatchery2012 c1 a17.14 t18.14;
  INPUT ---       rlabel(42)=p ghatchery2012 c1 a24.84 t25.84;
  INPUT ---       rlabel(43)=p ghatchery2012 c1 a30.63 t31.63;
  INPUT ---       rlabel(44)=p ghatchery2012 c1 a34.5 t35.5;
  INPUT ---       rlabel(45)=p ghatchery2012 c1 a40.93 t41.93;
  INPUT ---       rlabel(46)=p ghatchery2012 c1 a44.63 t45.63;
  INPUT ---       rlabel(47)=p ghatchery2012 c1 a60.63 t61.63;
  INPUT ---       rlabel(48)=p ghatchery2010 c1 a83.62 t84.62;
   Model is { Phi(~time + origin * dis)p(~time + year) }

  Program  MARK  - Survival Rate Estimation with Capture-Recapture Data
   gfortran(dble/PIM2) Vers. 10.1 March 2023  19-Jul-2023 14:21:36    Page  008
 - - - - - - - - - - - - - - - - - - - - - - - - - - - - - - - - - - - - - -
 

 Link Function Used is LOGIT        

 Variance Estimation Procedure Used is 2ndPart 
 -2logL(saturated) = 0.0000000     
 Effective Sample Size = 18772

 Number of function evaluations was 135 for 24 parameters.
 For numerical optimization, CPU Time was 8.578 seconds and System Time was 0.875 seconds.
 -2logL { Phi(~time + origin * dis)p(~time + year) } = 13442.807     
 Penalty { Phi(~time + origin * dis)p(~time + year) } = 0.0000000     
 Gradient { Phi(~time + origin * dis)p(~time + year) }:
 -0.14329637E-01 -0.47122281E-02 -0.62477469E-02 -0.35995891E-02 -0.27742691E-02
 -0.62824480E-02 -0.98200440E-02 -0.17389284E-01  0.40627635E-01 -0.42298204E-02
  0.14885685E-01  0.27202190E-02 -0.11637339E-01  0.42266224E-02 -0.70018965E-02
  0.18355317E-02 -0.35392579E-02  0.15821387E-02  0.68143220E-03  0.67213567E-02
 -0.12943336E-02  0.47397020E-02 -0.86454822E-02  0.96554475E-02
 Maximum ABS(G) { Phi(~time + origin * dis)p(~time + year) } = 0.0406276     
 To compute VC matrix, CPU Time was 2.203 seconds and System Time was 0.281 seconds.
 S Vector { Phi(~time + origin * dis)p(~time + year) }:
   1330.425      1251.379      271.0162      263.7446      198.9191    
   150.5444      147.7157      140.0711      136.2761      127.4705    
   99.07356      83.39553      78.96801      75.07090      62.01642    
   52.97891      46.52267      43.74222      29.48484      21.84970    
   12.09001      8.233586      7.459445     0.3174353E-03
 To invert VC matrix, CPU Time was 0.001 seconds and System Time was 0.001 seconds.
 Ratio Threshold = 50.000000       Max Gap (23/24) = 23499.102       Next Max Gap (2/3) = 4.6173597     
 Gap Method for Num. of Estimated Parameters { Phi(~time + origin * dis)p(~time + year) } = 23          
 Threshold { Phi(~time + origin * dis)p(~time + year) } = 0.0812553               
 Numerical Threshold Method for Num. of Estimated Parameters { Phi(~time + origin * dis)p(~time + year) } = 23          
 Number of Estimated Parameters { Phi(~time + origin * dis)p(~time + year) } = 23          
 DEVIANCE { Phi(~time + origin * dis)p(~time + year) } = 13442.807               
 DEVIANCE Degrees of Freedom { Phi(~time + origin * dis)p(~time + year) } = 222          
 c-hat { Phi(~time + origin * dis)p(~time + year) } = 60.553185               
 AIC { Phi(~time + origin * dis)p(~time + year) } = 13488.807               
 AICc { Phi(~time + origin * dis)p(~time + year) } = 13488.866               
 BIC { Phi(~time + origin * dis)p(~time + year) } = 13669.130               
 Pearson Chisquare { Phi(~time + origin * dis)p(~time + year) } = 0.1454490E+11           
 Possible Encounter Histories { Phi(~time + origin * dis)p(~time + year) } = 6144          
 Pearson Chisquare df { Phi(~time + origin * dis)p(~time + year) } = 6115          
 Pearson chat { Phi(~time + origin * dis)p(~time + year) } = 2378561.5               
 Sum(Observed/Expected) { Phi(~time + origin * dis)p(~time + year) } = 0.3636221E+10           
 s-bar { Phi(~time + origin * dis)p(~time + year) } = 592410.44               
 Fletcher chat { Phi(~time + origin * dis)p(~time + year) } = 4.0150499               


      LOGIT Link Function Parameters of { Phi(~time + origin * dis)p(~time + year) }
                                                              95% Confidence Interval
    Parameter                  Beta         Standard Error     Lower           Upper
 -------------------------  --------------  --------------  --------------  --------------
    1:Phi:(Intercept)        20.509795       0.0000000       20.509795       20.509795    
    2:Phi:time2.9           -15.009296       0.0000000      -15.009296      -15.009296    
    3:Phi:time9.81          -14.181254       0.0000000      -14.181254      -14.181254    
    4:Phi:time18.14         -14.497917       0.0000000      -14.497917      -14.497917    
    5:Phi:time25.84         -13.520294       0.0000000      -13.520294      -13.520294    
    6:Phi:time31.63         -13.844806       0.0000000      -13.844806      -13.844806    
    7:Phi:time35.5          -15.657178       0.0000000      -15.657178      -15.657178    
    8:Phi:time41.93         -15.868720       0.0000000      -15.868720      -15.868720    
    9:Phi:time45.63         -15.807804       0.0000000      -15.807804      -15.807804    
   10:Phi:time61.63         -15.940500       0.0000000      -15.940500      -15.940500    
   11:Phi:originwild        -0.2874812       0.0673979      -0.4195811      -0.1553812    
   12:Phi:dis                0.0114388       0.0469083      -0.0805015       0.1033791    
   13:Phi:originwild:dis    -0.0995892       0.0667498      -0.2304189       0.0312404    
   14:p:(Intercept)          3.2166686       0.1258454       2.9700115       3.4633256    
   15:p:time9.81            -0.2029386       0.1599247      -0.5163910       0.1105138    
   16:p:time18.14           -0.8621137       0.1431584      -1.1427042      -0.5815232    
   17:p:time25.84           -0.7245185       0.1462396      -1.0111481      -0.4378888    

  Program  MARK  - Survival Rate Estimation with Capture-Recapture Data
   gfortran(dble/PIM2) Vers. 10.1 March 2023  19-Jul-2023 14:21:37    Page  009
 - - - - - - - - - - - - - - - - - - - - - - - - - - - - - - - - - - - - - -
 
   18:p:time31.63           -0.9288813       0.1421560      -1.2075072      -0.6502555    
   19:p:time35.5             0.4331030       0.1922417       0.0563091       0.8098968    
   20:p:time41.93           -0.8161558       0.1471872      -1.1046427      -0.5276690    
   21:p:time45.63           -0.4146698       0.1640389      -0.7361861      -0.0931535    
   22:p:time61.63           -0.4422716       0.1741431      -0.7835921      -0.1009511    
   23:p:year2011             0.5531504       0.0917734       0.3732745       0.7330263    
   24:p:year2012            -0.1378373       0.0771906      -0.2891308       0.0134562    


         Real Function Parameters of { Phi(~time + origin * dis)p(~time + year) }

      Following estimates based on unstandardized individual covariate values:
          Variable                 Value        
          ----------------------  ------------- 
          DIS                     -0.1109058E-09
                                                               95% Confidence Interval
     Parameter                Estimate       Standard Error     Lower           Upper
 --------------------------  --------------  --------------  --------------  --------------
     1:Phi ghatchery2010 c1   1.0000000       0.0000000       1.0000000       1.0000000       
     2:Phi ghatchery2010 c1   0.9959319       0.5161276E-03   0.9947841       0.9968279       
     3:Phi ghatchery2010 c1   0.9982185       0.3313226E-03   0.9974353       0.9987629       
     4:Phi ghatchery2010 c1   0.9975565       0.3998889E-03   0.9966329       0.9982272       
     5:Phi ghatchery2010 c1   0.9990793       0.2916511E-03   0.9982874       0.9995053       
     6:Phi ghatchery2010 c1   0.9987269       0.4430787E-03   0.9974826       0.9993565       
     7:Phi ghatchery2010 c1   0.9922526       0.8076991E-03   0.9904978       0.9936854       
     8:Phi ghatchery2010 c1   0.9904449       0.0013291       0.9874550       0.9927274       
     9:Phi ghatchery2010 c1   0.9910045       0.6362382E-03   0.9896678       0.9921696       
    10:Phi ghatchery2010 c1   0.9897411       0.6244068E-03   0.9884421       0.9908954       
    11:Phi gwild2010 c1 a0    1.0000000       0.0000000       1.0000000       1.0000000       
    12:Phi gwild2010 c1 a1.   0.9945843       0.7057865E-03   0.9930096       0.9958058       
    13:Phi gwild2010 c1 a8.   0.9976266       0.4473624E-03   0.9965665       0.9983599       
    14:Phi gwild2010 c1 a17   0.9967453       0.5421270E-03   0.9954896       0.9976522       
    15:Phi gwild2010 c1 a24   0.9987731       0.3905733E-03   0.9977109       0.9993427       
    16:Phi gwild2010 c1 a30   0.9983035       0.5927285E-03   0.9966370       0.9991449       
    17:Phi gwild2010 c1 a34   0.9896988       0.0011240       0.9872457       0.9916840       
    18:Phi gwild2010 c1 a40   0.9873028       0.0018086       0.9832228       0.9904002       
    19:Phi gwild2010 c1 a44   0.9880442       0.9306844E-03   0.9860756       0.9897374       
    20:Phi gwild2010 c1 a60   0.9863707       0.9471385E-03   0.9843841       0.9881077       
    21:p ghatchery2010 c1 a   0.9614567       0.0046635       0.9512008       0.9696261       
    22:p ghatchery2010 c1 a   0.9531906       0.0053003       0.9416349       0.9625493       
    23:p ghatchery2010 c1 a   0.9132956       0.0075234       0.8973701       0.9269510       
    24:p ghatchery2010 c1 a   0.9235897       0.0070246       0.9086327       0.9362699       
    25:p ghatchery2010 c1 a   0.9078605       0.0078346       0.8913122       0.9221095       
    26:p ghatchery2010 c1 a   0.9746617       0.0039355       0.9656910       0.9813321       
    27:p ghatchery2010 c1 a   0.9168664       0.0076845       0.9005107       0.9307401       
    28:p ghatchery2010 c1 a   0.9427837       0.0067945       0.9279168       0.9547340       

  Program  MARK  - Survival Rate Estimation with Capture-Recapture Data
   gfortran(dble/PIM2) Vers. 10.1 March 2023  19-Jul-2023 14:21:37    Page  010
 - - - - - - - - - - - - - - - - - - - - - - - - - - - - - - - - - - - - - -
 
    29:p ghatchery2010 c1 a   0.9412765       0.0077601       0.9240878       0.9547637       
    30:p ghatchery2011 c1 a   0.9774634       0.0029252       0.9709583       0.9825376       
    31:p ghatchery2011 c1 a   0.9725320       0.0033643       0.9651099       0.9784105       
    32:p ghatchery2011 c1 a   0.9482260       0.0050807       0.9373131       0.9573256       
    33:p ghatchery2011 c1 a   0.9545792       0.0046714       0.9444924       0.9629050       
    34:p ghatchery2011 c1 a   0.9448483       0.0053142       0.9334576       0.9543845       
    35:p ghatchery2011 c1 a   0.9852684       0.0024046       0.9797315       0.9893093       
    36:p ghatchery2011 c1 a   0.9504363       0.0051135       0.9393975       0.9595510       
    37:p ghatchery2011 c1 a   0.9662730       0.0042595       0.9568503       0.9736947       
    38:p ghatchery2011 c1 a   0.9653619       0.0047889       0.9546460       0.9736158       
    39:p ghatchery2012 c1 a   0.9560111       0.0051732       0.9446806       0.9651066       
    40:p ghatchery2012 c1 a   0.9466418       0.0058336       0.9339820       0.9569857       
    41:p ghatchery2012 c1 a   0.9017407       0.0080692       0.8847519       0.9164617       
    42:p ghatchery2012 c1 a   0.9132764       0.0075929       0.8971926       0.9270486       
    43:p ghatchery2012 c1 a   0.8956641       0.0083556       0.8781152       0.9109426       
    44:p ghatchery2012 c1 a   0.9710254       0.0044214       0.9609815       0.9785416       
    45:p ghatchery2012 c1 a   0.9057383       0.0083379       0.8880784       0.9208600       
    46:p ghatchery2012 c1 a   0.9348785       0.0073028       0.9190162       0.9478102       
    47:p ghatchery2012 c1 a   0.9331778       0.0082391       0.9151024       0.9476250       
    48:p ghatchery2010 c1 a   0.9900000       0.0000000       0.9900000       0.9900000      Fixed

 To compute parameter estimates, CPU Time was 0.001 seconds and System Time was 0.001 seconds.

 Attempted ordering of parameters by estimatibility:
   1 14 24 10 11  9 18 12 16 17 23 20  7 15 21  2 22  8 13  4 19  3  6  5
 Beta number 5 is a singular value.

   For procedure estimate CPU Time was 10.828 seconds and System Time was 1.406 seconds       .

  Program  MARK  - Survival Rate Estimation with Capture-Recapture Data
   gfortran(dble/PIM2) Vers. 10.1 March 2023  19-Jul-2023 14:21:37    Page  011
 - - - - - - - - - - - - - - - - - - - - - - - - - - - - - - - - - - - - - -
 


  INPUT --- proc stop;

     For this job, CPU Time in minutes was 0.181 and System Time in minutes was 0.024.

     Time Start = 14:21:36.425   Time End = 14:21:37.860

     Wall Clock Time in minutes for this job was 0.024.

     Maximum of 24 words used of 4096 words allocated.


          E X E C U T I O N   S U C C E S S F U L 
