
   Program  MARK  - Survival Rate Estimation with Capture-Recapture Data
   gfortran(dble/PIM2) Vers. 10.1 March 2023  17-Jun-2024 12:32:37    Page  001
    
 - - - - - - - - - - - - - - - - - - - - - - - - - - - - - - - - - - - - - -
 
   Welcome to MARK amolina6 on machine 6ZB4TV3 in subdirectory 
   "C:\Users\amolina6\OneDrive - University of Tennessee\Documents\projects\Hawkes" running file "mark053.inp".
   This version was compiled by GCC version 12.2.0 using the options: 
     -cpp -iprefix c:\tdm-gcc-64\mingw64\bin\../lib/gcc/x86_64-w64-mingw32/12.2.0/
     -D_MT -D_REENTRANT -U_REENTRANT -D ieee -D dbleprecision -m64 -mtune=generic
     -march=x86-64 -mthreads -O3 -std=f2018 -fsignaling-nans
     -ffpe-summary=invalid,zero,overflow,underflow -funroll-loops -ffast-math
     -fall-intrinsics -fopenmp.

   This problem will use 19 of 20 possible threads.
   Static thread allocation is used.
   Schedule kind is omp_sched_dynamic with chunk size 1


  INPUT --- proc title ;

   For procedure title CPU Time was 0.001 seconds and System Time was 0.001 seconds       .


  INPUT --- proc chmatrix occasions= 11 groups= 6 etype= Live Nodes= 
  INPUT --- 101 icovar = 1 ICMeans  NoHist hist= 200 ;

  INPUT ---    time interval 1.9 6.91 8.33 7.7 5.79 3.87 6.43 3.7 16 22.99 
  INPUT ---    ;

  INPUT ---     icovariates ss ;

  INPUT ---    glabel(1)=originhatchery.year2010;

  INPUT ---    glabel(2)=originwild.year2010;

  INPUT ---    glabel(3)=originhatchery.year2011;

  INPUT ---    glabel(4)=originwild.year2011;

  INPUT ---    glabel(5)=originhatchery.year2012;

  INPUT ---    glabel(6)=originwild.year2012;

      Number of unique encounter histories read was 200.

      Number of individual covariates read was 1.
      Time interval lengths vary and/or not equal to 1.

      Data type number is 1
      Data type is Live Recaptures (CJS)

   For procedure chmatrix CPU Time was 0.016 seconds and System Time was 0.016 seconds       .

  Program  MARK  - Survival Rate Estimation with Capture-Recapture Data
   gfortran(dble/PIM2) Vers. 10.1 March 2023  17-Jun-2024 12:32:37    Page  002
 - - - - - - - - - - - - - - - - - - - - - - - - - - - - - - - - - - - - - -
 


  INPUT --- proc estimate link=Logit NOLOOP varest=2ndPart    ;


  INPUT --- model={ Phi(~time * ss + origin)p(~time + year) };

  INPUT ---    fixed=1;
  INPUT ---        parm(48)=0.99 ;

  INPUT ---    group=1 Phi    rows=10 cols=10 Triang ;
  INPUT ---        1 2 3 4 5 6 7 8 9 10 ;
  INPUT ---        2 3 4 5 6 7 8 9 10 ;
  INPUT ---        3 4 5 6 7 8 9 10 ;
  INPUT ---        4 5 6 7 8 9 10 ;
  INPUT ---        5 6 7 8 9 10 ;
  INPUT ---        6 7 8 9 10 ;
  INPUT ---        7 8 9 10 ;
  INPUT ---        8 9 10 ;
  INPUT ---        9 10 ;
  INPUT ---        10 ;

  INPUT ---    group=2 Phi    rows=10 cols=10 Triang ;
  INPUT ---        11 12 13 14 15 16 17 18 19 20 ;
  INPUT ---        12 13 14 15 16 17 18 19 20 ;
  INPUT ---        13 14 15 16 17 18 19 20 ;
  INPUT ---        14 15 16 17 18 19 20 ;
  INPUT ---        15 16 17 18 19 20 ;
  INPUT ---        16 17 18 19 20 ;
  INPUT ---        17 18 19 20 ;
  INPUT ---        18 19 20 ;
  INPUT ---        19 20 ;
  INPUT ---        20 ;

  INPUT ---    group=3 Phi    rows=10 cols=10 Triang ;
  INPUT ---        1 2 3 4 5 6 7 8 9 10 ;
  INPUT ---        2 3 4 5 6 7 8 9 10 ;
  INPUT ---        3 4 5 6 7 8 9 10 ;
  INPUT ---        4 5 6 7 8 9 10 ;
  INPUT ---        5 6 7 8 9 10 ;
  INPUT ---        6 7 8 9 10 ;
  INPUT ---        7 8 9 10 ;
  INPUT ---        8 9 10 ;
  INPUT ---        9 10 ;
  INPUT ---        10 ;


  Program  MARK  - Survival Rate Estimation with Capture-Recapture Data
   gfortran(dble/PIM2) Vers. 10.1 March 2023  17-Jun-2024 12:32:37    Page  003
 - - - - - - - - - - - - - - - - - - - - - - - - - - - - - - - - - - - - - -
 
  INPUT ---    group=4 Phi    rows=10 cols=10 Triang ;
  INPUT ---        11 12 13 14 15 16 17 18 19 20 ;
  INPUT ---        12 13 14 15 16 17 18 19 20 ;
  INPUT ---        13 14 15 16 17 18 19 20 ;
  INPUT ---        14 15 16 17 18 19 20 ;
  INPUT ---        15 16 17 18 19 20 ;
  INPUT ---        16 17 18 19 20 ;
  INPUT ---        17 18 19 20 ;
  INPUT ---        18 19 20 ;
  INPUT ---        19 20 ;
  INPUT ---        20 ;

  INPUT ---    group=5 Phi    rows=10 cols=10 Triang ;
  INPUT ---        1 2 3 4 5 6 7 8 9 10 ;
  INPUT ---        2 3 4 5 6 7 8 9 10 ;
  INPUT ---        3 4 5 6 7 8 9 10 ;
  INPUT ---        4 5 6 7 8 9 10 ;
  INPUT ---        5 6 7 8 9 10 ;
  INPUT ---        6 7 8 9 10 ;
  INPUT ---        7 8 9 10 ;
  INPUT ---        8 9 10 ;
  INPUT ---        9 10 ;
  INPUT ---        10 ;

  INPUT ---    group=6 Phi    rows=10 cols=10 Triang ;
  INPUT ---        11 12 13 14 15 16 17 18 19 20 ;
  INPUT ---        12 13 14 15 16 17 18 19 20 ;
  INPUT ---        13 14 15 16 17 18 19 20 ;
  INPUT ---        14 15 16 17 18 19 20 ;
  INPUT ---        15 16 17 18 19 20 ;
  INPUT ---        16 17 18 19 20 ;
  INPUT ---        17 18 19 20 ;
  INPUT ---        18 19 20 ;
  INPUT ---        19 20 ;
  INPUT ---        20 ;

  INPUT ---    group=1 p    rows=10 cols=10 Triang ;
  INPUT ---        21 22 23 24 25 26 27 28 29 48 ;
  INPUT ---        22 23 24 25 26 27 28 29 48 ;
  INPUT ---        23 24 25 26 27 28 29 48 ;
  INPUT ---        24 25 26 27 28 29 48 ;
  INPUT ---        25 26 27 28 29 48 ;
  INPUT ---        26 27 28 29 48 ;
  INPUT ---        27 28 29 48 ;
  INPUT ---        28 29 48 ;
  INPUT ---        29 48 ;

  Program  MARK  - Survival Rate Estimation with Capture-Recapture Data
   gfortran(dble/PIM2) Vers. 10.1 March 2023  17-Jun-2024 12:32:37    Page  004
 - - - - - - - - - - - - - - - - - - - - - - - - - - - - - - - - - - - - - -
 
  INPUT ---        48 ;

  INPUT ---    group=2 p    rows=10 cols=10 Triang ;
  INPUT ---        21 22 23 24 25 26 27 28 29 48 ;
  INPUT ---        22 23 24 25 26 27 28 29 48 ;
  INPUT ---        23 24 25 26 27 28 29 48 ;
  INPUT ---        24 25 26 27 28 29 48 ;
  INPUT ---        25 26 27 28 29 48 ;
  INPUT ---        26 27 28 29 48 ;
  INPUT ---        27 28 29 48 ;
  INPUT ---        28 29 48 ;
  INPUT ---        29 48 ;
  INPUT ---        48 ;

  INPUT ---    group=3 p    rows=10 cols=10 Triang ;
  INPUT ---        30 31 32 33 34 35 36 37 38 48 ;
  INPUT ---        31 32 33 34 35 36 37 38 48 ;
  INPUT ---        32 33 34 35 36 37 38 48 ;
  INPUT ---        33 34 35 36 37 38 48 ;
  INPUT ---        34 35 36 37 38 48 ;
  INPUT ---        35 36 37 38 48 ;
  INPUT ---        36 37 38 48 ;
  INPUT ---        37 38 48 ;
  INPUT ---        38 48 ;
  INPUT ---        48 ;

  INPUT ---    group=4 p    rows=10 cols=10 Triang ;
  INPUT ---        30 31 32 33 34 35 36 37 38 48 ;
  INPUT ---        31 32 33 34 35 36 37 38 48 ;
  INPUT ---        32 33 34 35 36 37 38 48 ;
  INPUT ---        33 34 35 36 37 38 48 ;
  INPUT ---        34 35 36 37 38 48 ;
  INPUT ---        35 36 37 38 48 ;
  INPUT ---        36 37 38 48 ;
  INPUT ---        37 38 48 ;
  INPUT ---        38 48 ;
  INPUT ---        48 ;

  INPUT ---    group=5 p    rows=10 cols=10 Triang ;
  INPUT ---        39 40 41 42 43 44 45 46 47 48 ;
  INPUT ---        40 41 42 43 44 45 46 47 48 ;
  INPUT ---        41 42 43 44 45 46 47 48 ;
  INPUT ---        42 43 44 45 46 47 48 ;
  INPUT ---        43 44 45 46 47 48 ;
  INPUT ---        44 45 46 47 48 ;
  INPUT ---        45 46 47 48 ;

  Program  MARK  - Survival Rate Estimation with Capture-Recapture Data
   gfortran(dble/PIM2) Vers. 10.1 March 2023  17-Jun-2024 12:32:37    Page  005
 - - - - - - - - - - - - - - - - - - - - - - - - - - - - - - - - - - - - - -
 
  INPUT ---        46 47 48 ;
  INPUT ---        47 48 ;
  INPUT ---        48 ;

  INPUT ---    group=6 p    rows=10 cols=10 Triang ;
  INPUT ---        39 40 41 42 43 44 45 46 47 48 ;
  INPUT ---        40 41 42 43 44 45 46 47 48 ;
  INPUT ---        41 42 43 44 45 46 47 48 ;
  INPUT ---        42 43 44 45 46 47 48 ;
  INPUT ---        43 44 45 46 47 48 ;
  INPUT ---        44 45 46 47 48 ;
  INPUT ---        45 46 47 48 ;
  INPUT ---        46 47 48 ;
  INPUT ---        47 48 ;
  INPUT ---        48 ;

  INPUT ---    design matrix constraints=48 covariates=32;
  INPUT ---        1 0 0 0 0 0 0 0 0 0 ss 0 0 0 0 0 0 0 0 0 0 0 0 0 0 0 0 0 0 
  INPUT ---       0 0 0;
  INPUT ---        1 1 0 0 0 0 0 0 0 0 ss 0 ss 0 0 0 0 0 0 0 0 0 0 0 0 0 0 0 
  INPUT ---       0 0 0 0;
  INPUT ---        1 0 1 0 0 0 0 0 0 0 ss 0 0 ss 0 0 0 0 0 0 0 0 0 0 0 0 0 0 
  INPUT ---       0 0 0 0;
  INPUT ---        1 0 0 1 0 0 0 0 0 0 ss 0 0 0 ss 0 0 0 0 0 0 0 0 0 0 0 0 0 
  INPUT ---       0 0 0 0;
  INPUT ---        1 0 0 0 1 0 0 0 0 0 ss 0 0 0 0 ss 0 0 0 0 0 0 0 0 0 0 0 0 
  INPUT ---       0 0 0 0;
  INPUT ---        1 0 0 0 0 1 0 0 0 0 ss 0 0 0 0 0 ss 0 0 0 0 0 0 0 0 0 0 0 
  INPUT ---       0 0 0 0;
  INPUT ---        1 0 0 0 0 0 1 0 0 0 ss 0 0 0 0 0 0 ss 0 0 0 0 0 0 0 0 0 0 
  INPUT ---       0 0 0 0;
  INPUT ---        1 0 0 0 0 0 0 1 0 0 ss 0 0 0 0 0 0 0 ss 0 0 0 0 0 0 0 0 0 
  INPUT ---       0 0 0 0;
  INPUT ---        1 0 0 0 0 0 0 0 1 0 ss 0 0 0 0 0 0 0 0 ss 0 0 0 0 0 0 0 0 
  INPUT ---       0 0 0 0;
  INPUT ---        1 0 0 0 0 0 0 0 0 1 ss 0 0 0 0 0 0 0 0 0 ss 0 0 0 0 0 0 0 
  INPUT ---       0 0 0 0;
  INPUT ---        1 0 0 0 0 0 0 0 0 0 ss 1 0 0 0 0 0 0 0 0 0 0 0 0 0 0 0 0 0 
  INPUT ---       0 0 0;
  INPUT ---        1 1 0 0 0 0 0 0 0 0 ss 1 ss 0 0 0 0 0 0 0 0 0 0 0 0 0 0 0 
  INPUT ---       0 0 0 0;
  INPUT ---        1 0 1 0 0 0 0 0 0 0 ss 1 0 ss 0 0 0 0 0 0 0 0 0 0 0 0 0 0 
  INPUT ---       0 0 0 0;
  INPUT ---        1 0 0 1 0 0 0 0 0 0 ss 1 0 0 ss 0 0 0 0 0 0 0 0 0 0 0 0 0 
  INPUT ---       0 0 0 0;
  INPUT ---        1 0 0 0 1 0 0 0 0 0 ss 1 0 0 0 ss 0 0 0 0 0 0 0 0 0 0 0 0 

  Program  MARK  - Survival Rate Estimation with Capture-Recapture Data
   gfortran(dble/PIM2) Vers. 10.1 March 2023  17-Jun-2024 12:32:37    Page  006
 - - - - - - - - - - - - - - - - - - - - - - - - - - - - - - - - - - - - - -
 
  INPUT ---       0 0 0 0;
  INPUT ---        1 0 0 0 0 1 0 0 0 0 ss 1 0 0 0 0 ss 0 0 0 0 0 0 0 0 0 0 0 
  INPUT ---       0 0 0 0;
  INPUT ---        1 0 0 0 0 0 1 0 0 0 ss 1 0 0 0 0 0 ss 0 0 0 0 0 0 0 0 0 0 
  INPUT ---       0 0 0 0;
  INPUT ---        1 0 0 0 0 0 0 1 0 0 ss 1 0 0 0 0 0 0 ss 0 0 0 0 0 0 0 0 0 
  INPUT ---       0 0 0 0;
  INPUT ---        1 0 0 0 0 0 0 0 1 0 ss 1 0 0 0 0 0 0 0 ss 0 0 0 0 0 0 0 0 
  INPUT ---       0 0 0 0;
  INPUT ---        1 0 0 0 0 0 0 0 0 1 ss 1 0 0 0 0 0 0 0 0 ss 0 0 0 0 0 0 0 
  INPUT ---       0 0 0 0;
  INPUT ---        0 0 0 0 0 0 0 0 0 0 0 0 0 0 0 0 0 0 0 0 0 1 0 0 0 0 0 0 0 
  INPUT ---       0 0 0;
  INPUT ---        0 0 0 0 0 0 0 0 0 0 0 0 0 0 0 0 0 0 0 0 0 1 1 0 0 0 0 0 0 
  INPUT ---       0 0 0;
  INPUT ---        0 0 0 0 0 0 0 0 0 0 0 0 0 0 0 0 0 0 0 0 0 1 0 1 0 0 0 0 0 
  INPUT ---       0 0 0;
  INPUT ---        0 0 0 0 0 0 0 0 0 0 0 0 0 0 0 0 0 0 0 0 0 1 0 0 1 0 0 0 0 
  INPUT ---       0 0 0;
  INPUT ---        0 0 0 0 0 0 0 0 0 0 0 0 0 0 0 0 0 0 0 0 0 1 0 0 0 1 0 0 0 
  INPUT ---       0 0 0;
  INPUT ---        0 0 0 0 0 0 0 0 0 0 0 0 0 0 0 0 0 0 0 0 0 1 0 0 0 0 1 0 0 
  INPUT ---       0 0 0;
  INPUT ---        0 0 0 0 0 0 0 0 0 0 0 0 0 0 0 0 0 0 0 0 0 1 0 0 0 0 0 1 0 
  INPUT ---       0 0 0;
  INPUT ---        0 0 0 0 0 0 0 0 0 0 0 0 0 0 0 0 0 0 0 0 0 1 0 0 0 0 0 0 1 
  INPUT ---       0 0 0;
  INPUT ---        0 0 0 0 0 0 0 0 0 0 0 0 0 0 0 0 0 0 0 0 0 1 0 0 0 0 0 0 0 
  INPUT ---       1 0 0;
  INPUT ---        0 0 0 0 0 0 0 0 0 0 0 0 0 0 0 0 0 0 0 0 0 1 0 0 0 0 0 0 0 
  INPUT ---       0 1 0;
  INPUT ---        0 0 0 0 0 0 0 0 0 0 0 0 0 0 0 0 0 0 0 0 0 1 1 0 0 0 0 0 0 
  INPUT ---       0 1 0;
  INPUT ---        0 0 0 0 0 0 0 0 0 0 0 0 0 0 0 0 0 0 0 0 0 1 0 1 0 0 0 0 0 
  INPUT ---       0 1 0;
  INPUT ---        0 0 0 0 0 0 0 0 0 0 0 0 0 0 0 0 0 0 0 0 0 1 0 0 1 0 0 0 0 
  INPUT ---       0 1 0;
  INPUT ---        0 0 0 0 0 0 0 0 0 0 0 0 0 0 0 0 0 0 0 0 0 1 0 0 0 1 0 0 0 
  INPUT ---       0 1 0;
  INPUT ---        0 0 0 0 0 0 0 0 0 0 0 0 0 0 0 0 0 0 0 0 0 1 0 0 0 0 1 0 0 
  INPUT ---       0 1 0;
  INPUT ---        0 0 0 0 0 0 0 0 0 0 0 0 0 0 0 0 0 0 0 0 0 1 0 0 0 0 0 1 0 
  INPUT ---       0 1 0;
  INPUT ---        0 0 0 0 0 0 0 0 0 0 0 0 0 0 0 0 0 0 0 0 0 1 0 0 0 0 0 0 1 
  INPUT ---       0 1 0;
  INPUT ---        0 0 0 0 0 0 0 0 0 0 0 0 0 0 0 0 0 0 0 0 0 1 0 0 0 0 0 0 0 

  Program  MARK  - Survival Rate Estimation with Capture-Recapture Data
   gfortran(dble/PIM2) Vers. 10.1 March 2023  17-Jun-2024 12:32:37    Page  007
 - - - - - - - - - - - - - - - - - - - - - - - - - - - - - - - - - - - - - -
 
  INPUT ---       1 1 0;
  INPUT ---        0 0 0 0 0 0 0 0 0 0 0 0 0 0 0 0 0 0 0 0 0 1 0 0 0 0 0 0 0 
  INPUT ---       0 0 1;
  INPUT ---        0 0 0 0 0 0 0 0 0 0 0 0 0 0 0 0 0 0 0 0 0 1 1 0 0 0 0 0 0 
  INPUT ---       0 0 1;
  INPUT ---        0 0 0 0 0 0 0 0 0 0 0 0 0 0 0 0 0 0 0 0 0 1 0 1 0 0 0 0 0 
  INPUT ---       0 0 1;
  INPUT ---        0 0 0 0 0 0 0 0 0 0 0 0 0 0 0 0 0 0 0 0 0 1 0 0 1 0 0 0 0 
  INPUT ---       0 0 1;
  INPUT ---        0 0 0 0 0 0 0 0 0 0 0 0 0 0 0 0 0 0 0 0 0 1 0 0 0 1 0 0 0 
  INPUT ---       0 0 1;
  INPUT ---        0 0 0 0 0 0 0 0 0 0 0 0 0 0 0 0 0 0 0 0 0 1 0 0 0 0 1 0 0 
  INPUT ---       0 0 1;
  INPUT ---        0 0 0 0 0 0 0 0 0 0 0 0 0 0 0 0 0 0 0 0 0 1 0 0 0 0 0 1 0 
  INPUT ---       0 0 1;
  INPUT ---        0 0 0 0 0 0 0 0 0 0 0 0 0 0 0 0 0 0 0 0 0 1 0 0 0 0 0 0 1 
  INPUT ---       0 0 1;
  INPUT ---        0 0 0 0 0 0 0 0 0 0 0 0 0 0 0 0 0 0 0 0 0 1 0 0 0 0 0 0 0 
  INPUT ---       1 0 1;
  INPUT ---        0 0 0 0 0 0 0 0 0 0 0 0 0 0 0 0 0 0 0 0 0 0 0 0 0 0 0 0 0 
  INPUT ---       0 0 0;
  INPUT ---       blabel(1)=Phi:(Intercept);
  INPUT ---       blabel(2)=Phi:time2.9;
  INPUT ---       blabel(3)=Phi:time9.81;
  INPUT ---       blabel(4)=Phi:time18.14;
  INPUT ---       blabel(5)=Phi:time25.84;
  INPUT ---       blabel(6)=Phi:time31.63;
  INPUT ---       blabel(7)=Phi:time35.5;
  INPUT ---       blabel(8)=Phi:time41.93;
  INPUT ---       blabel(9)=Phi:time45.63;
  INPUT ---       blabel(10)=Phi:time61.63;
  INPUT ---       blabel(11)=Phi:ss;
  INPUT ---       blabel(12)=Phi:originwild;
  INPUT ---       blabel(13)=Phi:time2.9:ss;
  INPUT ---       blabel(14)=Phi:time9.81:ss;
  INPUT ---       blabel(15)=Phi:time18.14:ss;
  INPUT ---       blabel(16)=Phi:time25.84:ss;
  INPUT ---       blabel(17)=Phi:time31.63:ss;
  INPUT ---       blabel(18)=Phi:time35.5:ss;
  INPUT ---       blabel(19)=Phi:time41.93:ss;
  INPUT ---       blabel(20)=Phi:time45.63:ss;
  INPUT ---       blabel(21)=Phi:time61.63:ss;
  INPUT ---       blabel(22)=p:(Intercept);
  INPUT ---       blabel(23)=p:time9.81;
  INPUT ---       blabel(24)=p:time18.14;
  INPUT ---       blabel(25)=p:time25.84;

  Program  MARK  - Survival Rate Estimation with Capture-Recapture Data
   gfortran(dble/PIM2) Vers. 10.1 March 2023  17-Jun-2024 12:32:37    Page  008
 - - - - - - - - - - - - - - - - - - - - - - - - - - - - - - - - - - - - - -
 
  INPUT ---       blabel(26)=p:time31.63;
  INPUT ---       blabel(27)=p:time35.5;
  INPUT ---       blabel(28)=p:time41.93;
  INPUT ---       blabel(29)=p:time45.63;
  INPUT ---       blabel(30)=p:time61.63;
  INPUT ---       blabel(31)=p:year2011;
  INPUT ---       blabel(32)=p:year2012;
  INPUT ---       rlabel(1)=Phi ghatchery2010 c1 a0 t1;
  INPUT ---       rlabel(2)=Phi ghatchery2010 c1 a1.9 t2.9;
  INPUT ---       rlabel(3)=Phi ghatchery2010 c1 a8.81 t9.81;
  INPUT ---       rlabel(4)=Phi ghatchery2010 c1 a17.14 t18.14;
  INPUT ---       rlabel(5)=Phi ghatchery2010 c1 a24.84 t25.84;
  INPUT ---       rlabel(6)=Phi ghatchery2010 c1 a30.63 t31.63;
  INPUT ---       rlabel(7)=Phi ghatchery2010 c1 a34.5 t35.5;
  INPUT ---       rlabel(8)=Phi ghatchery2010 c1 a40.93 t41.93;
  INPUT ---       rlabel(9)=Phi ghatchery2010 c1 a44.63 t45.63;
  INPUT ---       rlabel(10)=Phi ghatchery2010 c1 a60.63 t61.63;
  INPUT ---       rlabel(11)=Phi gwild2010 c1 a0 t1;
  INPUT ---       rlabel(12)=Phi gwild2010 c1 a1.9 t2.9;
  INPUT ---       rlabel(13)=Phi gwild2010 c1 a8.81 t9.81;
  INPUT ---       rlabel(14)=Phi gwild2010 c1 a17.14 t18.14;
  INPUT ---       rlabel(15)=Phi gwild2010 c1 a24.84 t25.84;
  INPUT ---       rlabel(16)=Phi gwild2010 c1 a30.63 t31.63;
  INPUT ---       rlabel(17)=Phi gwild2010 c1 a34.5 t35.5;
  INPUT ---       rlabel(18)=Phi gwild2010 c1 a40.93 t41.93;
  INPUT ---       rlabel(19)=Phi gwild2010 c1 a44.63 t45.63;
  INPUT ---       rlabel(20)=Phi gwild2010 c1 a60.63 t61.63;
  INPUT ---       rlabel(21)=p ghatchery2010 c1 a1.9 t2.9;
  INPUT ---       rlabel(22)=p ghatchery2010 c1 a8.81 t9.81;
  INPUT ---       rlabel(23)=p ghatchery2010 c1 a17.14 t18.14;
  INPUT ---       rlabel(24)=p ghatchery2010 c1 a24.84 t25.84;
  INPUT ---       rlabel(25)=p ghatchery2010 c1 a30.63 t31.63;
  INPUT ---       rlabel(26)=p ghatchery2010 c1 a34.5 t35.5;
  INPUT ---       rlabel(27)=p ghatchery2010 c1 a40.93 t41.93;
  INPUT ---       rlabel(28)=p ghatchery2010 c1 a44.63 t45.63;
  INPUT ---       rlabel(29)=p ghatchery2010 c1 a60.63 t61.63;
  INPUT ---       rlabel(30)=p ghatchery2011 c1 a1.9 t2.9;
  INPUT ---       rlabel(31)=p ghatchery2011 c1 a8.81 t9.81;
  INPUT ---       rlabel(32)=p ghatchery2011 c1 a17.14 t18.14;
  INPUT ---       rlabel(33)=p ghatchery2011 c1 a24.84 t25.84;
  INPUT ---       rlabel(34)=p ghatchery2011 c1 a30.63 t31.63;
  INPUT ---       rlabel(35)=p ghatchery2011 c1 a34.5 t35.5;
  INPUT ---       rlabel(36)=p ghatchery2011 c1 a40.93 t41.93;
  INPUT ---       rlabel(37)=p ghatchery2011 c1 a44.63 t45.63;
  INPUT ---       rlabel(38)=p ghatchery2011 c1 a60.63 t61.63;
  INPUT ---       rlabel(39)=p ghatchery2012 c1 a1.9 t2.9;

  Program  MARK  - Survival Rate Estimation with Capture-Recapture Data
   gfortran(dble/PIM2) Vers. 10.1 March 2023  17-Jun-2024 12:32:37    Page  009
 - - - - - - - - - - - - - - - - - - - - - - - - - - - - - - - - - - - - - -
 
  INPUT ---       rlabel(40)=p ghatchery2012 c1 a8.81 t9.81;
  INPUT ---       rlabel(41)=p ghatchery2012 c1 a17.14 t18.14;
  INPUT ---       rlabel(42)=p ghatchery2012 c1 a24.84 t25.84;
  INPUT ---       rlabel(43)=p ghatchery2012 c1 a30.63 t31.63;
  INPUT ---       rlabel(44)=p ghatchery2012 c1 a34.5 t35.5;
  INPUT ---       rlabel(45)=p ghatchery2012 c1 a40.93 t41.93;
  INPUT ---       rlabel(46)=p ghatchery2012 c1 a44.63 t45.63;
  INPUT ---       rlabel(47)=p ghatchery2012 c1 a60.63 t61.63;
  INPUT ---       rlabel(48)=p ghatchery2010 c1 a83.62 t84.62;
   Model is { Phi(~time * ss + origin)p(~time + year) }

 Link Function Used is LOGIT        

 Variance Estimation Procedure Used is 2ndPart 
 -2logL(saturated) = 0.0000000     
 Effective Sample Size = 18772

 Number of function evaluations was 187 for 32 parameters.
 For numerical optimization, CPU Time was 29.859 seconds and System Time was 5.531 seconds.
 -2logL { Phi(~time * ss + origin)p(~time + year) } = 13410.494     
 Penalty { Phi(~time * ss + origin)p(~time + year) } = 0.0000000     
 Gradient { Phi(~time * ss + origin)p(~time + year) }:
 -0.74442862E-03  0.29572835E-02  0.16563138E-02 -0.29413846E-02  0.34940856E-03
 -0.70256797E-03 -0.40330226E-02 -0.38396890E-02  0.72387392E-02 -0.14825414E-02
  0.65271849E-02 -0.30899022E-02 -0.42736984E-02  0.12284683E-02  0.71396464E-03
 -0.55298579E-03  0.13011707E-02  0.47838208E-03  0.16448359E-03  0.70805255E-02
  0.46327916E-03 -0.83356328E-02 -0.10164129E-02  0.11147720E-02 -0.19819621E-02
 -0.74042603E-02  0.67998263E-03  0.12106402E-02  0.16370584E-02 -0.19477202E-02
 -0.94285683E-03 -0.36400605E-02
 Maximum ABS(G) { Phi(~time * ss + origin)p(~time + year) } = 0.0083356     
 To compute VC matrix, CPU Time was 9.141 seconds and System Time was 1.641 seconds.
 S Vector { Phi(~time * ss + origin)p(~time + year) }:
   1331.314      1251.957      294.8527      270.8456      263.1058    
   150.5780      140.7374      137.2352      127.6027      99.08077    
   84.64573      83.15015      79.22678      76.37726      62.16792    
   54.13807      46.55914      44.57018      36.97960      30.67352    
   20.99253      14.37725      12.27396      9.039214      8.439976    
   7.463448      4.894788      2.758741      2.149946      1.336736    
  0.2877539E-03 0.3424619E-05
 To invert VC matrix, CPU Time was 0.001 seconds and System Time was 0.001 seconds.
 Ratio Threshold = 50.000000       Max Gap (30/31) = 4645.4144       Next Max Gap (31/32) = 84.025101     
 Gap Method for Num. of Estimated Parameters { Phi(~time * ss + origin)p(~time + year) } = 30          
 Threshold { Phi(~time * ss + origin)p(~time + year) } = 0.0166713               
 Numerical Threshold Method for Num. of Estimated Parameters { Phi(~time * ss + origin)p(~time + year) } = 30          
 Number of Estimated Parameters { Phi(~time * ss + origin)p(~time + year) } = 30          
 DEVIANCE { Phi(~time * ss + origin)p(~time + year) } = 13410.494               
 DEVIANCE Degrees of Freedom { Phi(~time * ss + origin)p(~time + year) } = 164          
 c-hat { Phi(~time * ss + origin)p(~time + year) } = 81.771303               
 AIC { Phi(~time * ss + origin)p(~time + year) } = 13470.494               
 AICc { Phi(~time * ss + origin)p(~time + year) } = 13470.593               
 BIC { Phi(~time * ss + origin)p(~time + year) } = 13705.697               
 Pearson Chisquare { Phi(~time * ss + origin)p(~time + year) } = 0.1517855E+11           
 Possible Encounter Histories { Phi(~time * ss + origin)p(~time + year) } = 6144          
 Pearson Chisquare df { Phi(~time * ss + origin)p(~time + year) } = 6108          
 Pearson chat { Phi(~time * ss + origin)p(~time + year) } = 2485027.1               
 Sum(Observed/Expected) { Phi(~time * ss + origin)p(~time + year) } = 0.3794630E+10           
 s-bar { Phi(~time * ss + origin)p(~time + year) } = 618218.25               
 Fletcher chat { Phi(~time * ss + origin)p(~time + year) } = 4.0196533               


      LOGIT Link Function Parameters of { Phi(~time * ss + origin)p(~time + year) }
                                                              95% Confidence Interval
    Parameter                  Beta         Standard Error     Lower           Upper
 -------------------------  --------------  --------------  --------------  --------------
    1:Phi:(Intercept)        19.661295       0.0000000       19.661295       19.661295    
    2:Phi:time2.9           -14.025138       0.0000000      -14.025138      -14.025138    
    3:Phi:time9.81          -13.224098       0.0000000      -13.224098      -13.224098    
    4:Phi:time18.14         -13.566840       0.0000000      -13.566840      -13.566840    

  Program  MARK  - Survival Rate Estimation with Capture-Recapture Data
   gfortran(dble/PIM2) Vers. 10.1 March 2023  17-Jun-2024 12:32:44    Page  010
 - - - - - - - - - - - - - - - - - - - - - - - - - - - - - - - - - - - - - -
 
    5:Phi:time25.84         -12.625145       0.0000000      -12.625145      -12.625145    
    6:Phi:time31.63         -12.899901       0.0000000      -12.899901      -12.899901    
    7:Phi:time35.5          -14.769471       0.0000000      -14.769471      -14.769471    
    8:Phi:time41.93         -14.927651       0.0000000      -14.927651      -14.927651    
    9:Phi:time45.63         -14.919122       0.0000000      -14.919122      -14.919122    
   10:Phi:time61.63         -15.056017       0.0000000      -15.056017      -15.056017    
   11:Phi:ss                -0.6046353       65.357333      -128.70501       127.49574    
   12:Phi:originwild        -0.3827172       0.0811548      -0.5417807      -0.2236538    
   13:Phi:time2.9:ss         0.9284860       65.357351      -127.17192       129.02890    
   14:Phi:time9.81:ss        0.1115993       65.359991      -127.99399       128.21718    
   15:Phi:time18.14:ss       0.7946111       65.357342      -127.30578       128.89500    
   16:Phi:time25.84:ss       0.3773982       65.358511      -127.72529       128.48008    
   17:Phi:time31.63:ss       0.8733993       65.357953      -127.22819       128.97499    
   18:Phi:time35.5:ss        0.5934975       65.357382      -127.50697       128.69397    
   19:Phi:time41.93:ss       0.1852267       65.356611      -127.91373       128.28419    
   20:Phi:time45.63:ss       0.4088016       65.357384      -127.69167       128.50928    
   21:Phi:time61.63:ss       0.5245354       65.357297      -127.57577       128.62484    
   22:p:(Intercept)          3.2175862       0.1258505       2.9709192       3.4642533    
   23:p:time9.81            -0.2009913       0.1599221      -0.5144387       0.1124561    
   24:p:time18.14           -0.8615423       0.1431514      -1.1421191      -0.5809656    
   25:p:time25.84           -0.7245379       0.1462409      -1.0111700      -0.4379058    
   26:p:time31.63           -0.9289201       0.1421556      -1.2075450      -0.6502952    
   27:p:time35.5             0.4361580       0.1922699       0.0593089       0.8130071    
   28:p:time41.93           -0.8149617       0.1471838      -1.1034420      -0.5264813    
   29:p:time45.63           -0.4167704       0.1640193      -0.7382482      -0.0952926    
   30:p:time61.63           -0.4414890       0.1741168      -0.7827579      -0.1002201    
   31:p:year2011             0.5536227       0.0917768       0.3737401       0.7335052    
   32:p:year2012            -0.1401982       0.0771720      -0.2914554       0.0110589    


         Real Function Parameters of { Phi(~time * ss + origin)p(~time + year) }

      Following estimates based on unstandardized individual covariate values:
          Variable                 Value        
          ----------------------  ------------- 
          SS                       0.3696858E-09
                                                               95% Confidence Interval
     Parameter                Estimate       Standard Error     Lower           Upper
 --------------------------  --------------  --------------  --------------  --------------
     1:Phi ghatchery2010 c1   1.0000000       0.0000000       1.0000000       1.0000000       
     2:Phi ghatchery2010 c1   0.9964461       0.4933262E-03   0.9953356       0.9972930       
     3:Phi ghatchery2010 c1   0.9984017       0.3290367E-03   0.9976076       0.9989325       
     4:Phi ghatchery2010 c1   0.9977497       0.3857154E-03   0.9968517       0.9983920       
     5:Phi ghatchery2010 c1   0.9991213       0.2830206E-03   0.9983483       0.9995327       
     6:Phi ghatchery2010 c1   0.9988437       0.4210639E-03   0.9976402       0.9994338       
     7:Phi ghatchery2010 c1   0.9925482       0.7882509E-03   0.9908330       0.9939445       

  Program  MARK  - Survival Rate Estimation with Capture-Recapture Data
   gfortran(dble/PIM2) Vers. 10.1 March 2023  17-Jun-2024 12:32:44    Page  011
 - - - - - - - - - - - - - - - - - - - - - - - - - - - - - - - - - - - - - -
 
     8:Phi ghatchery2010 c1   0.9912823       0.0013295       0.9882502       0.9935371       
     9:Phi ghatchery2010 c1   0.9913557       0.6306968E-03   0.9900277       0.9925082       
    10:Phi ghatchery2010 c1   0.9901001       0.6237924E-03   0.9887996       0.9912509       
    11:Phi gwild2010 c1 a0    1.0000000       0.0000000       1.0000000       1.0000000       
    12:Phi gwild2010 c1 a1.   0.9947977       0.7455416E-03   0.9931121       0.9960724       
    13:Phi gwild2010 c1 a8.   0.9976582       0.4897218E-03   0.9964725       0.9984459       
    14:Phi gwild2010 c1 a17   0.9967040       0.5781618E-03   0.9953526       0.9976633       
    15:Phi gwild2010 c1 a24   0.9987121       0.4176916E-03   0.9975689       0.9993181       
    16:Phi gwild2010 c1 a30   0.9983055       0.6201602E-03   0.9965300       0.9991733       
    17:Phi gwild2010 c1 a34   0.9891116       0.0012266       0.9864254       0.9912709       
    18:Phi gwild2010 c1 a40   0.9872693       0.0019962       0.9827006       0.9906429       
    19:Phi gwild2010 c1 a44   0.9873761       0.0010492       0.9851452       0.9892755       
    20:Phi gwild2010 c1 a60   0.9855508       0.0010828       0.9832674       0.9875265       
    21:p ghatchery2010 c1 a   0.9614907       0.0046598       0.9512429       0.9696534       
    22:p ghatchery2010 c1 a   0.9533182       0.0052888       0.9417867       0.9626560       
    23:p ghatchery2010 c1 a   0.9134134       0.0075153       0.8975045       0.9270537       
    24:p ghatchery2010 c1 a   0.9236530       0.0070210       0.9087034       0.9363262       
    25:p ghatchery2010 c1 a   0.9079340       0.0078302       0.8913945       0.9221746       
    26:p ghatchery2010 c1 a   0.9747596       0.0039223       0.9658182       0.9814071       
    27:p ghatchery2010 c1 a   0.9170272       0.0076742       0.9006923       0.9308815       
    28:p ghatchery2010 c1 a   0.9427199       0.0067900       0.9278658       0.9546647       
    29:p ghatchery2010 c1 a   0.9413704       0.0077407       0.9242265       0.9548251       
    30:p ghatchery2011 c1 a   0.9774940       0.0029216       0.9709967       0.9825619       
    31:p ghatchery2011 c1 a   0.9726210       0.0033539       0.9652217       0.9784811       
    32:p ghatchery2011 c1 a   0.9483222       0.0050689       0.9374349       0.9574011       
    33:p ghatchery2011 c1 a   0.9546386       0.0046659       0.9445634       0.9629545       
    34:p ghatchery2011 c1 a   0.9449187       0.0053076       0.9335420       0.9544429       
    35:p ghatchery2011 c1 a   0.9853328       0.0023952       0.9798171       0.9893575       
    36:p ghatchery2011 c1 a   0.9505579       0.0051036       0.9395399       0.9596543       
    37:p ghatchery2011 c1 a   0.9662499       0.0042605       0.9568255       0.9736737       
    38:p ghatchery2011 c1 a   0.9654344       0.0047794       0.9547397       0.9736717       
    39:p ghatchery2012 c1 a   0.9559503       0.0051795       0.9446066       0.9650570       
    40:p ghatchery2012 c1 a   0.9466672       0.0058281       0.9340199       0.9570019       
    41:p ghatchery2012 c1 a   0.9016635       0.0080740       0.8846650       0.9163934       
    42:p ghatchery2012 c1 a   0.9131605       0.0076001       0.8970621       0.9269463       
    43:p ghatchery2012 c1 a   0.8955255       0.0083638       0.8779601       0.9108195       
    44:p ghatchery2012 c1 a   0.9710707       0.0044144       0.9610426       0.9785751       
    45:p ghatchery2012 c1 a   0.9057170       0.0083331       0.8880683       0.9208311       
    46:p ghatchery2012 c1 a   0.9346624       0.0073343       0.9187306       0.9476490       
    47:p ghatchery2012 c1 a   0.9331365       0.0082463       0.9150449       0.9475961       
    48:p ghatchery2010 c1 a   0.9900000       0.0000000       0.9900000       0.9900000      Fixed

 To compute parameter estimates, CPU Time was 0.016 seconds and System Time was 0.015 seconds.

 Attempted ordering of parameters by estimatibility:
   1 22 12 32 10  9 26 24 25 31 11 28  7 23 29  2  8 30 21  4 20 27  3 18 13
   6 15 19 14 17  5 16
 Beta number 16 is a singular value.

   For procedure estimate CPU Time was 39.062 seconds and System Time was 7.656 seconds       .

  Program  MARK  - Survival Rate Estimation with Capture-Recapture Data
   gfortran(dble/PIM2) Vers. 10.1 March 2023  17-Jun-2024 12:32:44    Page  012
 - - - - - - - - - - - - - - - - - - - - - - - - - - - - - - - - - - - - - -
 


  INPUT --- proc stop;

     For this job, CPU Time in minutes was 0.652 and System Time in minutes was 0.128.

     Time Start = 12:32:37.176   Time End = 12:32:44.888

     Wall Clock Time in minutes for this job was 0.129.

     Maximum of 32 words used of 4096 words allocated.


          E X E C U T I O N   S U C C E S S F U L 
