
   Program  MARK  - Survival Rate Estimation with Capture-Recapture Data
   gfortran(dble/PIM2) Vers. 10.1 March 2023  17-Jun-2024 12:37:38    Page  001
    
 - - - - - - - - - - - - - - - - - - - - - - - - - - - - - - - - - - - - - -
 
   Welcome to MARK amolina6 on machine 6ZB4TV3 in subdirectory 
   "C:\Users\amolina6\OneDrive - University of Tennessee\Documents\projects\Hawkes" running file "mark059.inp".
   This version was compiled by GCC version 12.2.0 using the options: 
     -cpp -iprefix c:\tdm-gcc-64\mingw64\bin\../lib/gcc/x86_64-w64-mingw32/12.2.0/
     -D_MT -D_REENTRANT -U_REENTRANT -D ieee -D dbleprecision -m64 -mtune=generic
     -march=x86-64 -mthreads -O3 -std=f2018 -fsignaling-nans
     -ffpe-summary=invalid,zero,overflow,underflow -funroll-loops -ffast-math
     -fall-intrinsics -fopenmp.

   This problem will use 19 of 20 possible threads.
   Static thread allocation is used.
   Schedule kind is omp_sched_dynamic with chunk size 1


  INPUT --- proc title ;

   For procedure title CPU Time was 0.001 seconds and System Time was 0.001 seconds       .


  INPUT --- proc chmatrix occasions= 11 groups= 6 etype= Live Nodes= 
  INPUT --- 101 icovar = 1 ICMeans  NoHist hist= 251 ;

  INPUT ---    time interval 1.9 6.91 8.33 7.7 5.79 3.87 6.43 3.7 16 22.99 
  INPUT ---    ;

  INPUT ---     icovariates dis ;

  INPUT ---    glabel(1)=originhatchery.year2010;

  INPUT ---    glabel(2)=originwild.year2010;

  INPUT ---    glabel(3)=originhatchery.year2011;

  INPUT ---    glabel(4)=originwild.year2011;

  INPUT ---    glabel(5)=originhatchery.year2012;

  INPUT ---    glabel(6)=originwild.year2012;

      Number of unique encounter histories read was 251.

      Number of individual covariates read was 1.
      Time interval lengths vary and/or not equal to 1.

      Data type number is 1
      Data type is Live Recaptures (CJS)

   For procedure chmatrix CPU Time was 0.001 seconds and System Time was 0.001 seconds       .

  Program  MARK  - Survival Rate Estimation with Capture-Recapture Data
   gfortran(dble/PIM2) Vers. 10.1 March 2023  17-Jun-2024 12:37:38    Page  002
 - - - - - - - - - - - - - - - - - - - - - - - - - - - - - - - - - - - - - -
 


  INPUT --- proc estimate link=Logit NOLOOP varest=2ndPart    ;


  INPUT --- model={ Phi(~time * origin * dis * year)p(~time + year) };

  INPUT ---    fixed=1;
  INPUT ---        parm(88)=0.99 ;

  INPUT ---    group=1 Phi    rows=10 cols=10 Triang ;
  INPUT ---        1 2 3 4 5 6 7 8 9 10 ;
  INPUT ---        2 3 4 5 6 7 8 9 10 ;
  INPUT ---        3 4 5 6 7 8 9 10 ;
  INPUT ---        4 5 6 7 8 9 10 ;
  INPUT ---        5 6 7 8 9 10 ;
  INPUT ---        6 7 8 9 10 ;
  INPUT ---        7 8 9 10 ;
  INPUT ---        8 9 10 ;
  INPUT ---        9 10 ;
  INPUT ---        10 ;

  INPUT ---    group=2 Phi    rows=10 cols=10 Triang ;
  INPUT ---        11 12 13 14 15 16 17 18 19 20 ;
  INPUT ---        12 13 14 15 16 17 18 19 20 ;
  INPUT ---        13 14 15 16 17 18 19 20 ;
  INPUT ---        14 15 16 17 18 19 20 ;
  INPUT ---        15 16 17 18 19 20 ;
  INPUT ---        16 17 18 19 20 ;
  INPUT ---        17 18 19 20 ;
  INPUT ---        18 19 20 ;
  INPUT ---        19 20 ;
  INPUT ---        20 ;

  INPUT ---    group=3 Phi    rows=10 cols=10 Triang ;
  INPUT ---        21 22 23 24 25 26 27 28 29 30 ;
  INPUT ---        22 23 24 25 26 27 28 29 30 ;
  INPUT ---        23 24 25 26 27 28 29 30 ;
  INPUT ---        24 25 26 27 28 29 30 ;
  INPUT ---        25 26 27 28 29 30 ;
  INPUT ---        26 27 28 29 30 ;
  INPUT ---        27 28 29 30 ;
  INPUT ---        28 29 30 ;
  INPUT ---        29 30 ;
  INPUT ---        30 ;


  Program  MARK  - Survival Rate Estimation with Capture-Recapture Data
   gfortran(dble/PIM2) Vers. 10.1 March 2023  17-Jun-2024 12:37:38    Page  003
 - - - - - - - - - - - - - - - - - - - - - - - - - - - - - - - - - - - - - -
 
  INPUT ---    group=4 Phi    rows=10 cols=10 Triang ;
  INPUT ---        31 32 33 34 35 36 37 38 39 40 ;
  INPUT ---        32 33 34 35 36 37 38 39 40 ;
  INPUT ---        33 34 35 36 37 38 39 40 ;
  INPUT ---        34 35 36 37 38 39 40 ;
  INPUT ---        35 36 37 38 39 40 ;
  INPUT ---        36 37 38 39 40 ;
  INPUT ---        37 38 39 40 ;
  INPUT ---        38 39 40 ;
  INPUT ---        39 40 ;
  INPUT ---        40 ;

  INPUT ---    group=5 Phi    rows=10 cols=10 Triang ;
  INPUT ---        41 42 43 44 45 46 47 48 49 50 ;
  INPUT ---        42 43 44 45 46 47 48 49 50 ;
  INPUT ---        43 44 45 46 47 48 49 50 ;
  INPUT ---        44 45 46 47 48 49 50 ;
  INPUT ---        45 46 47 48 49 50 ;
  INPUT ---        46 47 48 49 50 ;
  INPUT ---        47 48 49 50 ;
  INPUT ---        48 49 50 ;
  INPUT ---        49 50 ;
  INPUT ---        50 ;

  INPUT ---    group=6 Phi    rows=10 cols=10 Triang ;
  INPUT ---        51 52 53 54 55 56 57 58 59 60 ;
  INPUT ---        52 53 54 55 56 57 58 59 60 ;
  INPUT ---        53 54 55 56 57 58 59 60 ;
  INPUT ---        54 55 56 57 58 59 60 ;
  INPUT ---        55 56 57 58 59 60 ;
  INPUT ---        56 57 58 59 60 ;
  INPUT ---        57 58 59 60 ;
  INPUT ---        58 59 60 ;
  INPUT ---        59 60 ;
  INPUT ---        60 ;

  INPUT ---    group=1 p    rows=10 cols=10 Triang ;
  INPUT ---        61 62 63 64 65 66 67 68 69 88 ;
  INPUT ---        62 63 64 65 66 67 68 69 88 ;
  INPUT ---        63 64 65 66 67 68 69 88 ;
  INPUT ---        64 65 66 67 68 69 88 ;
  INPUT ---        65 66 67 68 69 88 ;
  INPUT ---        66 67 68 69 88 ;
  INPUT ---        67 68 69 88 ;
  INPUT ---        68 69 88 ;
  INPUT ---        69 88 ;

  Program  MARK  - Survival Rate Estimation with Capture-Recapture Data
   gfortran(dble/PIM2) Vers. 10.1 March 2023  17-Jun-2024 12:37:38    Page  004
 - - - - - - - - - - - - - - - - - - - - - - - - - - - - - - - - - - - - - -
 
  INPUT ---        88 ;

  INPUT ---    group=2 p    rows=10 cols=10 Triang ;
  INPUT ---        61 62 63 64 65 66 67 68 69 88 ;
  INPUT ---        62 63 64 65 66 67 68 69 88 ;
  INPUT ---        63 64 65 66 67 68 69 88 ;
  INPUT ---        64 65 66 67 68 69 88 ;
  INPUT ---        65 66 67 68 69 88 ;
  INPUT ---        66 67 68 69 88 ;
  INPUT ---        67 68 69 88 ;
  INPUT ---        68 69 88 ;
  INPUT ---        69 88 ;
  INPUT ---        88 ;

  INPUT ---    group=3 p    rows=10 cols=10 Triang ;
  INPUT ---        70 71 72 73 74 75 76 77 78 88 ;
  INPUT ---        71 72 73 74 75 76 77 78 88 ;
  INPUT ---        72 73 74 75 76 77 78 88 ;
  INPUT ---        73 74 75 76 77 78 88 ;
  INPUT ---        74 75 76 77 78 88 ;
  INPUT ---        75 76 77 78 88 ;
  INPUT ---        76 77 78 88 ;
  INPUT ---        77 78 88 ;
  INPUT ---        78 88 ;
  INPUT ---        88 ;

  INPUT ---    group=4 p    rows=10 cols=10 Triang ;
  INPUT ---        70 71 72 73 74 75 76 77 78 88 ;
  INPUT ---        71 72 73 74 75 76 77 78 88 ;
  INPUT ---        72 73 74 75 76 77 78 88 ;
  INPUT ---        73 74 75 76 77 78 88 ;
  INPUT ---        74 75 76 77 78 88 ;
  INPUT ---        75 76 77 78 88 ;
  INPUT ---        76 77 78 88 ;
  INPUT ---        77 78 88 ;
  INPUT ---        78 88 ;
  INPUT ---        88 ;

  INPUT ---    group=5 p    rows=10 cols=10 Triang ;
  INPUT ---        79 80 81 82 83 84 85 86 87 88 ;
  INPUT ---        80 81 82 83 84 85 86 87 88 ;
  INPUT ---        81 82 83 84 85 86 87 88 ;
  INPUT ---        82 83 84 85 86 87 88 ;
  INPUT ---        83 84 85 86 87 88 ;
  INPUT ---        84 85 86 87 88 ;
  INPUT ---        85 86 87 88 ;

  Program  MARK  - Survival Rate Estimation with Capture-Recapture Data
   gfortran(dble/PIM2) Vers. 10.1 March 2023  17-Jun-2024 12:37:38    Page  005
 - - - - - - - - - - - - - - - - - - - - - - - - - - - - - - - - - - - - - -
 
  INPUT ---        86 87 88 ;
  INPUT ---        87 88 ;
  INPUT ---        88 ;

  INPUT ---    group=6 p    rows=10 cols=10 Triang ;
  INPUT ---        79 80 81 82 83 84 85 86 87 88 ;
  INPUT ---        80 81 82 83 84 85 86 87 88 ;
  INPUT ---        81 82 83 84 85 86 87 88 ;
  INPUT ---        82 83 84 85 86 87 88 ;
  INPUT ---        83 84 85 86 87 88 ;
  INPUT ---        84 85 86 87 88 ;
  INPUT ---        85 86 87 88 ;
  INPUT ---        86 87 88 ;
  INPUT ---        87 88 ;
  INPUT ---        88 ;

  INPUT ---    design matrix constraints=88 covariates=131;
  INPUT ---        1 0 0 0 0 0 0 0 0 0 0 dis 0 0 0 0 0 0 0 0 0 0 0 0 0 0 0 0 
  INPUT ---       0 0 0 0 0 0 0 0 0 0 0 0 0 0 0 0 0 0 0 0 0 0 0 0 0 0 0 0 0 0 
  INPUT ---       0 0 0 0 0 0 0 0 0 0 0 0 0 0 0 0 0 0 0 0 0 0 0 0 0 0 0 0 0 0 
  INPUT ---       0 0 0 0 0 0 0 0 0 0 0 0 0 0 0 0 0 0 0 0 0 0 0 0 0 0 0 0 0 0 
  INPUT ---       0 0 0 0 0 0 0 0 0 0 0 0 0;
  INPUT ---        1 1 0 0 0 0 0 0 0 0 0 dis 0 0 0 0 0 0 0 0 0 0 0 dis 0 0 0 
  INPUT ---       0 0 0 0 0 0 0 0 0 0 0 0 0 0 0 0 0 0 0 0 0 0 0 0 0 0 0 0 0 0 
  INPUT ---       0 0 0 0 0 0 0 0 0 0 0 0 0 0 0 0 0 0 0 0 0 0 0 0 0 0 0 0 0 0 
  INPUT ---       0 0 0 0 0 0 0 0 0 0 0 0 0 0 0 0 0 0 0 0 0 0 0 0 0 0 0 0 0 0 
  INPUT ---       0 0 0 0 0 0 0 0 0 0 0 0 0 0;
  INPUT ---        1 0 1 0 0 0 0 0 0 0 0 dis 0 0 0 0 0 0 0 0 0 0 0 0 dis 0 0 
  INPUT ---       0 0 0 0 0 0 0 0 0 0 0 0 0 0 0 0 0 0 0 0 0 0 0 0 0 0 0 0 0 0 
  INPUT ---       0 0 0 0 0 0 0 0 0 0 0 0 0 0 0 0 0 0 0 0 0 0 0 0 0 0 0 0 0 0 
  INPUT ---       0 0 0 0 0 0 0 0 0 0 0 0 0 0 0 0 0 0 0 0 0 0 0 0 0 0 0 0 0 0 
  INPUT ---       0 0 0 0 0 0 0 0 0 0 0 0 0 0;
  INPUT ---        1 0 0 1 0 0 0 0 0 0 0 dis 0 0 0 0 0 0 0 0 0 0 0 0 0 dis 0 
  INPUT ---       0 0 0 0 0 0 0 0 0 0 0 0 0 0 0 0 0 0 0 0 0 0 0 0 0 0 0 0 0 0 
  INPUT ---       0 0 0 0 0 0 0 0 0 0 0 0 0 0 0 0 0 0 0 0 0 0 0 0 0 0 0 0 0 0 
  INPUT ---       0 0 0 0 0 0 0 0 0 0 0 0 0 0 0 0 0 0 0 0 0 0 0 0 0 0 0 0 0 0 
  INPUT ---       0 0 0 0 0 0 0 0 0 0 0 0 0 0;
  INPUT ---        1 0 0 0 1 0 0 0 0 0 0 dis 0 0 0 0 0 0 0 0 0 0 0 0 0 0 dis 
  INPUT ---       0 0 0 0 0 0 0 0 0 0 0 0 0 0 0 0 0 0 0 0 0 0 0 0 0 0 0 0 0 0 
  INPUT ---       0 0 0 0 0 0 0 0 0 0 0 0 0 0 0 0 0 0 0 0 0 0 0 0 0 0 0 0 0 0 
  INPUT ---       0 0 0 0 0 0 0 0 0 0 0 0 0 0 0 0 0 0 0 0 0 0 0 0 0 0 0 0 0 0 
  INPUT ---       0 0 0 0 0 0 0 0 0 0 0 0 0 0;
  INPUT ---        1 0 0 0 0 1 0 0 0 0 0 dis 0 0 0 0 0 0 0 0 0 0 0 0 0 0 0 
  INPUT ---       dis 0 0 0 0 0 0 0 0 0 0 0 0 0 0 0 0 0 0 0 0 0 0 0 0 0 0 0 0 
  INPUT ---       0 0 0 0 0 0 0 0 0 0 0 0 0 0 0 0 0 0 0 0 0 0 0 0 0 0 0 0 0 0 
  INPUT ---       0 0 0 0 0 0 0 0 0 0 0 0 0 0 0 0 0 0 0 0 0 0 0 0 0 0 0 0 0 0 

  Program  MARK  - Survival Rate Estimation with Capture-Recapture Data
   gfortran(dble/PIM2) Vers. 10.1 March 2023  17-Jun-2024 12:37:38    Page  006
 - - - - - - - - - - - - - - - - - - - - - - - - - - - - - - - - - - - - - -
 
  INPUT ---       0 0 0 0 0 0 0 0 0 0 0 0 0 0 0;
  INPUT ---        1 0 0 0 0 0 1 0 0 0 0 dis 0 0 0 0 0 0 0 0 0 0 0 0 0 0 0 0 
  INPUT ---       dis 0 0 0 0 0 0 0 0 0 0 0 0 0 0 0 0 0 0 0 0 0 0 0 0 0 0 0 0 
  INPUT ---       0 0 0 0 0 0 0 0 0 0 0 0 0 0 0 0 0 0 0 0 0 0 0 0 0 0 0 0 0 0 
  INPUT ---       0 0 0 0 0 0 0 0 0 0 0 0 0 0 0 0 0 0 0 0 0 0 0 0 0 0 0 0 0 0 
  INPUT ---       0 0 0 0 0 0 0 0 0 0 0 0 0 0;
  INPUT ---        1 0 0 0 0 0 0 1 0 0 0 dis 0 0 0 0 0 0 0 0 0 0 0 0 0 0 0 0 
  INPUT ---       0 dis 0 0 0 0 0 0 0 0 0 0 0 0 0 0 0 0 0 0 0 0 0 0 0 0 0 0 0 
  INPUT ---       0 0 0 0 0 0 0 0 0 0 0 0 0 0 0 0 0 0 0 0 0 0 0 0 0 0 0 0 0 0 
  INPUT ---       0 0 0 0 0 0 0 0 0 0 0 0 0 0 0 0 0 0 0 0 0 0 0 0 0 0 0 0 0 0 
  INPUT ---       0 0 0 0 0 0 0 0 0 0 0 0 0 0;
  INPUT ---        1 0 0 0 0 0 0 0 1 0 0 dis 0 0 0 0 0 0 0 0 0 0 0 0 0 0 0 0 
  INPUT ---       0 0 dis 0 0 0 0 0 0 0 0 0 0 0 0 0 0 0 0 0 0 0 0 0 0 0 0 0 0 
  INPUT ---       0 0 0 0 0 0 0 0 0 0 0 0 0 0 0 0 0 0 0 0 0 0 0 0 0 0 0 0 0 0 
  INPUT ---       0 0 0 0 0 0 0 0 0 0 0 0 0 0 0 0 0 0 0 0 0 0 0 0 0 0 0 0 0 0 
  INPUT ---       0 0 0 0 0 0 0 0 0 0 0 0 0 0;
  INPUT ---        1 0 0 0 0 0 0 0 0 1 0 dis 0 0 0 0 0 0 0 0 0 0 0 0 0 0 0 0 
  INPUT ---       0 0 0 dis 0 0 0 0 0 0 0 0 0 0 0 0 0 0 0 0 0 0 0 0 0 0 0 0 0 
  INPUT ---       0 0 0 0 0 0 0 0 0 0 0 0 0 0 0 0 0 0 0 0 0 0 0 0 0 0 0 0 0 0 
  INPUT ---       0 0 0 0 0 0 0 0 0 0 0 0 0 0 0 0 0 0 0 0 0 0 0 0 0 0 0 0 0 0 
  INPUT ---       0 0 0 0 0 0 0 0 0 0 0 0 0 0;
  INPUT ---        1 0 0 0 0 0 0 0 0 0 1 dis 0 0 0 0 0 0 0 0 0 0 0 0 0 0 0 0 
  INPUT ---       0 0 0 0 dis 0 0 0 0 0 0 0 0 0 0 0 0 0 0 0 0 0 0 0 0 0 0 0 0 
  INPUT ---       0 0 0 0 0 0 0 0 0 0 0 0 0 0 0 0 0 0 0 0 0 0 0 0 0 0 0 0 0 0 
  INPUT ---       0 0 0 0 0 0 0 0 0 0 0 0 0 0 0 0 0 0 0 0 0 0 0 0 0 0 0 0 0 0 
  INPUT ---       0 0 0 0 0 0 0 0 0 0 0 0 0 0;
  INPUT ---        1 1 0 0 0 0 0 0 0 0 1 dis 0 0 1 0 0 0 0 0 0 0 0 dis 0 0 0 
  INPUT ---       0 0 0 0 0 dis 0 0 0 0 0 0 0 0 0 0 0 0 0 0 0 0 0 0 0 0 0 0 
  INPUT ---       dis 0 0 0 0 0 0 0 0 0 0 0 0 0 0 0 0 0 0 0 0 0 0 0 0 0 0 0 0 
  INPUT ---       0 0 0 0 0 0 0 0 0 0 0 0 0 0 0 0 0 0 0 0 0 0 0 0 0 0 0 0 0 0 
  INPUT ---       0 0 0 0 0 0 0 0 0 0 0 0 0 0 0 0 0;
  INPUT ---        1 0 1 0 0 0 0 0 0 0 1 dis 0 0 0 1 0 0 0 0 0 0 0 0 dis 0 0 
  INPUT ---       0 0 0 0 0 dis 0 0 0 0 0 0 0 0 0 0 0 0 0 0 0 0 0 0 0 0 0 0 0 
  INPUT ---       dis 0 0 0 0 0 0 0 0 0 0 0 0 0 0 0 0 0 0 0 0 0 0 0 0 0 0 0 0 
  INPUT ---       0 0 0 0 0 0 0 0 0 0 0 0 0 0 0 0 0 0 0 0 0 0 0 0 0 0 0 0 0 0 
  INPUT ---       0 0 0 0 0 0 0 0 0 0 0 0 0 0 0 0;
  INPUT ---        1 0 0 1 0 0 0 0 0 0 1 dis 0 0 0 0 1 0 0 0 0 0 0 0 0 dis 0 
  INPUT ---       0 0 0 0 0 dis 0 0 0 0 0 0 0 0 0 0 0 0 0 0 0 0 0 0 0 0 0 0 0 
  INPUT ---       0 dis 0 0 0 0 0 0 0 0 0 0 0 0 0 0 0 0 0 0 0 0 0 0 0 0 0 0 0 
  INPUT ---       0 0 0 0 0 0 0 0 0 0 0 0 0 0 0 0 0 0 0 0 0 0 0 0 0 0 0 0 0 0 
  INPUT ---       0 0 0 0 0 0 0 0 0 0 0 0 0 0 0 0;
  INPUT ---        1 0 0 0 1 0 0 0 0 0 1 dis 0 0 0 0 0 1 0 0 0 0 0 0 0 0 dis 
  INPUT ---       0 0 0 0 0 dis 0 0 0 0 0 0 0 0 0 0 0 0 0 0 0 0 0 0 0 0 0 0 0 
  INPUT ---       0 0 dis 0 0 0 0 0 0 0 0 0 0 0 0 0 0 0 0 0 0 0 0 0 0 0 0 0 0 
  INPUT ---       0 0 0 0 0 0 0 0 0 0 0 0 0 0 0 0 0 0 0 0 0 0 0 0 0 0 0 0 0 0 
  INPUT ---       0 0 0 0 0 0 0 0 0 0 0 0 0 0 0 0;

  Program  MARK  - Survival Rate Estimation with Capture-Recapture Data
   gfortran(dble/PIM2) Vers. 10.1 March 2023  17-Jun-2024 12:37:39    Page  007
 - - - - - - - - - - - - - - - - - - - - - - - - - - - - - - - - - - - - - -
 
  INPUT ---        1 0 0 0 0 1 0 0 0 0 1 dis 0 0 0 0 0 0 1 0 0 0 0 0 0 0 0 
  INPUT ---       dis 0 0 0 0 dis 0 0 0 0 0 0 0 0 0 0 0 0 0 0 0 0 0 0 0 0 0 0 
  INPUT ---       0 0 0 0 dis 0 0 0 0 0 0 0 0 0 0 0 0 0 0 0 0 0 0 0 0 0 0 0 0 
  INPUT ---       0 0 0 0 0 0 0 0 0 0 0 0 0 0 0 0 0 0 0 0 0 0 0 0 0 0 0 0 0 0 
  INPUT ---       0 0 0 0 0 0 0 0 0 0 0 0 0 0 0 0 0;
  INPUT ---        1 0 0 0 0 0 1 0 0 0 1 dis 0 0 0 0 0 0 0 1 0 0 0 0 0 0 0 0 
  INPUT ---       dis 0 0 0 dis 0 0 0 0 0 0 0 0 0 0 0 0 0 0 0 0 0 0 0 0 0 0 0 
  INPUT ---       0 0 0 0 dis 0 0 0 0 0 0 0 0 0 0 0 0 0 0 0 0 0 0 0 0 0 0 0 0 
  INPUT ---       0 0 0 0 0 0 0 0 0 0 0 0 0 0 0 0 0 0 0 0 0 0 0 0 0 0 0 0 0 0 
  INPUT ---       0 0 0 0 0 0 0 0 0 0 0 0 0 0 0 0;
  INPUT ---        1 0 0 0 0 0 0 1 0 0 1 dis 0 0 0 0 0 0 0 0 1 0 0 0 0 0 0 0 
  INPUT ---       0 dis 0 0 dis 0 0 0 0 0 0 0 0 0 0 0 0 0 0 0 0 0 0 0 0 0 0 0 
  INPUT ---       0 0 0 0 0 dis 0 0 0 0 0 0 0 0 0 0 0 0 0 0 0 0 0 0 0 0 0 0 0 
  INPUT ---       0 0 0 0 0 0 0 0 0 0 0 0 0 0 0 0 0 0 0 0 0 0 0 0 0 0 0 0 0 0 
  INPUT ---       0 0 0 0 0 0 0 0 0 0 0 0 0 0 0 0;
  INPUT ---        1 0 0 0 0 0 0 0 1 0 1 dis 0 0 0 0 0 0 0 0 0 1 0 0 0 0 0 0 
  INPUT ---       0 0 dis 0 dis 0 0 0 0 0 0 0 0 0 0 0 0 0 0 0 0 0 0 0 0 0 0 0 
  INPUT ---       0 0 0 0 0 0 dis 0 0 0 0 0 0 0 0 0 0 0 0 0 0 0 0 0 0 0 0 0 0 
  INPUT ---       0 0 0 0 0 0 0 0 0 0 0 0 0 0 0 0 0 0 0 0 0 0 0 0 0 0 0 0 0 0 
  INPUT ---       0 0 0 0 0 0 0 0 0 0 0 0 0 0 0 0;
  INPUT ---        1 0 0 0 0 0 0 0 0 1 1 dis 0 0 0 0 0 0 0 0 0 0 1 0 0 0 0 0 
  INPUT ---       0 0 0 dis dis 0 0 0 0 0 0 0 0 0 0 0 0 0 0 0 0 0 0 0 0 0 0 0 
  INPUT ---       0 0 0 0 0 0 0 dis 0 0 0 0 0 0 0 0 0 0 0 0 0 0 0 0 0 0 0 0 0 
  INPUT ---       0 0 0 0 0 0 0 0 0 0 0 0 0 0 0 0 0 0 0 0 0 0 0 0 0 0 0 0 0 0 
  INPUT ---       0 0 0 0 0 0 0 0 0 0 0 0 0 0 0 0;
  INPUT ---        1 0 0 0 0 0 0 0 0 0 0 dis 1 0 0 0 0 0 0 0 0 0 0 0 0 0 0 0 
  INPUT ---       0 0 0 0 0 0 0 0 0 0 0 0 0 0 0 0 0 0 0 0 0 0 0 0 0 dis 0 0 0 
  INPUT ---       0 0 0 0 0 0 0 0 0 0 0 0 0 0 0 0 0 0 0 0 0 0 0 0 0 0 0 0 0 0 
  INPUT ---       0 0 0 0 0 0 0 0 0 0 0 0 0 0 0 0 0 0 0 0 0 0 0 0 0 0 0 0 0 0 
  INPUT ---       0 0 0 0 0 0 0 0 0 0 0 0 0 0;
  INPUT ---        1 1 0 0 0 0 0 0 0 0 0 dis 1 0 0 0 0 0 0 0 0 0 0 dis 0 0 0 
  INPUT ---       0 0 0 0 0 0 1 0 0 0 0 0 0 0 0 0 0 0 0 0 0 0 0 0 0 0 dis 0 0 
  INPUT ---       0 0 0 0 0 0 0 0 0 0 0 0 0 0 0 0 0 0 0 0 0 0 0 0 0 0 dis 0 0 
  INPUT ---       0 0 0 0 0 0 0 0 0 0 0 0 0 0 0 0 0 0 0 0 0 0 0 0 0 0 0 0 0 0 
  INPUT ---       0 0 0 0 0 0 0 0 0 0 0 0 0 0 0 0;
  INPUT ---        1 0 1 0 0 0 0 0 0 0 0 dis 1 0 0 0 0 0 0 0 0 0 0 0 dis 0 0 
  INPUT ---       0 0 0 0 0 0 0 1 0 0 0 0 0 0 0 0 0 0 0 0 0 0 0 0 0 0 dis 0 0 
  INPUT ---       0 0 0 0 0 0 0 0 0 0 0 0 0 0 0 0 0 0 0 0 0 0 0 0 0 0 0 dis 0 
  INPUT ---       0 0 0 0 0 0 0 0 0 0 0 0 0 0 0 0 0 0 0 0 0 0 0 0 0 0 0 0 0 0 
  INPUT ---       0 0 0 0 0 0 0 0 0 0 0 0 0 0 0 0;
  INPUT ---        1 0 0 1 0 0 0 0 0 0 0 dis 1 0 0 0 0 0 0 0 0 0 0 0 0 dis 0 
  INPUT ---       0 0 0 0 0 0 0 0 1 0 0 0 0 0 0 0 0 0 0 0 0 0 0 0 0 0 dis 0 0 
  INPUT ---       0 0 0 0 0 0 0 0 0 0 0 0 0 0 0 0 0 0 0 0 0 0 0 0 0 0 0 0 dis 
  INPUT ---       0 0 0 0 0 0 0 0 0 0 0 0 0 0 0 0 0 0 0 0 0 0 0 0 0 0 0 0 0 0 
  INPUT ---       0 0 0 0 0 0 0 0 0 0 0 0 0 0 0 0;
  INPUT ---        1 0 0 0 1 0 0 0 0 0 0 dis 1 0 0 0 0 0 0 0 0 0 0 0 0 0 dis 

  Program  MARK  - Survival Rate Estimation with Capture-Recapture Data
   gfortran(dble/PIM2) Vers. 10.1 March 2023  17-Jun-2024 12:37:39    Page  008
 - - - - - - - - - - - - - - - - - - - - - - - - - - - - - - - - - - - - - -
 
  INPUT ---       0 0 0 0 0 0 0 0 0 1 0 0 0 0 0 0 0 0 0 0 0 0 0 0 0 0 dis 0 0 
  INPUT ---       0 0 0 0 0 0 0 0 0 0 0 0 0 0 0 0 0 0 0 0 0 0 0 0 0 0 0 0 0 
  INPUT ---       dis 0 0 0 0 0 0 0 0 0 0 0 0 0 0 0 0 0 0 0 0 0 0 0 0 0 0 0 0 
  INPUT ---       0 0 0 0 0 0 0 0 0 0 0 0 0 0 0 0 0;
  INPUT ---        1 0 0 0 0 1 0 0 0 0 0 dis 1 0 0 0 0 0 0 0 0 0 0 0 0 0 0 
  INPUT ---       dis 0 0 0 0 0 0 0 0 0 1 0 0 0 0 0 0 0 0 0 0 0 0 0 0 0 dis 0 
  INPUT ---       0 0 0 0 0 0 0 0 0 0 0 0 0 0 0 0 0 0 0 0 0 0 0 0 0 0 0 0 0 0 
  INPUT ---       0 dis 0 0 0 0 0 0 0 0 0 0 0 0 0 0 0 0 0 0 0 0 0 0 0 0 0 0 0 
  INPUT ---       0 0 0 0 0 0 0 0 0 0 0 0 0 0 0 0 0;
  INPUT ---        1 0 0 0 0 0 1 0 0 0 0 dis 1 0 0 0 0 0 0 0 0 0 0 0 0 0 0 0 
  INPUT ---       dis 0 0 0 0 0 0 0 0 0 1 0 0 0 0 0 0 0 0 0 0 0 0 0 0 dis 0 0 
  INPUT ---       0 0 0 0 0 0 0 0 0 0 0 0 0 0 0 0 0 0 0 0 0 0 0 0 0 0 0 0 0 0 
  INPUT ---       0 dis 0 0 0 0 0 0 0 0 0 0 0 0 0 0 0 0 0 0 0 0 0 0 0 0 0 0 0 
  INPUT ---       0 0 0 0 0 0 0 0 0 0 0 0 0 0 0 0;
  INPUT ---        1 0 0 0 0 0 0 1 0 0 0 dis 1 0 0 0 0 0 0 0 0 0 0 0 0 0 0 0 
  INPUT ---       0 dis 0 0 0 0 0 0 0 0 0 1 0 0 0 0 0 0 0 0 0 0 0 0 0 dis 0 0 
  INPUT ---       0 0 0 0 0 0 0 0 0 0 0 0 0 0 0 0 0 0 0 0 0 0 0 0 0 0 0 0 0 0 
  INPUT ---       0 0 dis 0 0 0 0 0 0 0 0 0 0 0 0 0 0 0 0 0 0 0 0 0 0 0 0 0 0 
  INPUT ---       0 0 0 0 0 0 0 0 0 0 0 0 0 0 0 0;
  INPUT ---        1 0 0 0 0 0 0 0 1 0 0 dis 1 0 0 0 0 0 0 0 0 0 0 0 0 0 0 0 
  INPUT ---       0 0 dis 0 0 0 0 0 0 0 0 0 1 0 0 0 0 0 0 0 0 0 0 0 0 dis 0 0 
  INPUT ---       0 0 0 0 0 0 0 0 0 0 0 0 0 0 0 0 0 0 0 0 0 0 0 0 0 0 0 0 0 0 
  INPUT ---       0 0 0 dis 0 0 0 0 0 0 0 0 0 0 0 0 0 0 0 0 0 0 0 0 0 0 0 0 0 
  INPUT ---       0 0 0 0 0 0 0 0 0 0 0 0 0 0 0 0;
  INPUT ---        1 0 0 0 0 0 0 0 0 1 0 dis 1 0 0 0 0 0 0 0 0 0 0 0 0 0 0 0 
  INPUT ---       0 0 0 dis 0 0 0 0 0 0 0 0 0 1 0 0 0 0 0 0 0 0 0 0 0 dis 0 0 
  INPUT ---       0 0 0 0 0 0 0 0 0 0 0 0 0 0 0 0 0 0 0 0 0 0 0 0 0 0 0 0 0 0 
  INPUT ---       0 0 0 0 dis 0 0 0 0 0 0 0 0 0 0 0 0 0 0 0 0 0 0 0 0 0 0 0 0 
  INPUT ---       0 0 0 0 0 0 0 0 0 0 0 0 0 0 0 0;
  INPUT ---        1 0 0 0 0 0 0 0 0 0 1 dis 1 0 0 0 0 0 0 0 0 0 0 0 0 0 0 0 
  INPUT ---       0 0 0 0 dis 0 0 0 0 0 0 0 0 0 0 0 0 0 0 0 0 0 0 1 0 dis 0 0 
  INPUT ---       0 0 0 0 0 0 0 0 0 0 0 0 0 0 0 0 0 0 0 0 0 0 0 0 0 0 0 0 0 0 
  INPUT ---       0 0 0 0 0 0 0 0 0 0 0 0 0 0 dis 0 0 0 0 0 0 0 0 0 0 0 0 0 0 
  INPUT ---       0 0 0 0 0 0 0 0 0 0 0 0 0 0 0 0;
  INPUT ---        1 1 0 0 0 0 0 0 0 0 1 dis 1 0 1 0 0 0 0 0 0 0 0 dis 0 0 0 
  INPUT ---       0 0 0 0 0 dis 1 0 0 0 0 0 0 0 0 0 0 0 0 0 0 0 0 0 1 0 dis 0 
  INPUT ---       dis 0 0 0 0 0 0 0 0 1 0 0 0 0 0 0 0 0 0 0 0 0 0 0 0 0 0 dis 
  INPUT ---       0 0 0 0 0 0 0 0 0 0 0 0 0 0 0 0 0 dis 0 dis 0 0 0 0 0 0 0 0 
  INPUT ---       0 0 0 0 0 0 0 0 0 0 0 0 0 0 0 0 0 0 0 0;
  INPUT ---        1 0 1 0 0 0 0 0 0 0 1 dis 1 0 0 1 0 0 0 0 0 0 0 0 dis 0 0 
  INPUT ---       0 0 0 0 0 dis 0 1 0 0 0 0 0 0 0 0 0 0 0 0 0 0 0 0 1 0 dis 0 
  INPUT ---       0 dis 0 0 0 0 0 0 0 0 1 0 0 0 0 0 0 0 0 0 0 0 0 0 0 0 0 0 
  INPUT ---       dis 0 0 0 0 0 0 0 0 0 0 0 0 0 0 0 0 dis 0 0 dis 0 0 0 0 0 0 
  INPUT ---       0 0 0 0 0 0 0 0 0 0 0 0 0 0 0 0 0 0 0 0 0;
  INPUT ---        1 0 0 1 0 0 0 0 0 0 1 dis 1 0 0 0 1 0 0 0 0 0 0 0 0 dis 0 
  INPUT ---       0 0 0 0 0 dis 0 0 1 0 0 0 0 0 0 0 0 0 0 0 0 0 0 0 1 0 dis 0 

  Program  MARK  - Survival Rate Estimation with Capture-Recapture Data
   gfortran(dble/PIM2) Vers. 10.1 March 2023  17-Jun-2024 12:37:39    Page  009
 - - - - - - - - - - - - - - - - - - - - - - - - - - - - - - - - - - - - - -
 
  INPUT ---       0 0 dis 0 0 0 0 0 0 0 0 1 0 0 0 0 0 0 0 0 0 0 0 0 0 0 0 0 0 
  INPUT ---       dis 0 0 0 0 0 0 0 0 0 0 0 0 0 0 0 dis 0 0 0 dis 0 0 0 0 0 0 
  INPUT ---       0 0 0 0 0 0 0 0 0 0 0 0 0 0 0 0 0 0 0 0;
  INPUT ---        1 0 0 0 1 0 0 0 0 0 1 dis 1 0 0 0 0 1 0 0 0 0 0 0 0 0 dis 
  INPUT ---       0 0 0 0 0 dis 0 0 0 1 0 0 0 0 0 0 0 0 0 0 0 0 0 0 1 0 dis 0 
  INPUT ---       0 0 0 dis 0 0 0 0 0 0 0 0 1 0 0 0 0 0 0 0 0 0 0 0 0 0 0 0 0 
  INPUT ---       0 dis 0 0 0 0 0 0 0 0 0 0 0 0 0 0 dis 0 0 0 0 dis 0 0 0 0 0 
  INPUT ---       0 0 0 0 0 0 0 0 0 0 0 0 0 0 0 0 0 0 0 0;
  INPUT ---        1 0 0 0 0 1 0 0 0 0 1 dis 1 0 0 0 0 0 1 0 0 0 0 0 0 0 0 
  INPUT ---       dis 0 0 0 0 dis 0 0 0 0 1 0 0 0 0 0 0 0 0 0 0 0 0 0 1 0 dis 
  INPUT ---       0 0 0 0 0 dis 0 0 0 0 0 0 0 0 1 0 0 0 0 0 0 0 0 0 0 0 0 0 0 
  INPUT ---       0 0 0 dis 0 0 0 0 0 0 0 0 0 0 0 0 0 dis 0 0 0 0 0 dis 0 0 0 
  INPUT ---       0 0 0 0 0 0 0 0 0 0 0 0 0 0 0 0 0 0 0 0 0;
  INPUT ---        1 0 0 0 0 0 1 0 0 0 1 dis 1 0 0 0 0 0 0 1 0 0 0 0 0 0 0 0 
  INPUT ---       dis 0 0 0 dis 0 0 0 0 0 1 0 0 0 0 0 0 0 0 0 0 0 0 1 0 dis 0 
  INPUT ---       0 0 0 0 0 dis 0 0 0 0 0 0 0 0 1 0 0 0 0 0 0 0 0 0 0 0 0 0 0 
  INPUT ---       0 0 0 dis 0 0 0 0 0 0 0 0 0 0 0 0 dis 0 0 0 0 0 0 dis 0 0 0 
  INPUT ---       0 0 0 0 0 0 0 0 0 0 0 0 0 0 0 0 0 0 0 0;
  INPUT ---        1 0 0 0 0 0 0 1 0 0 1 dis 1 0 0 0 0 0 0 0 1 0 0 0 0 0 0 0 
  INPUT ---       0 dis 0 0 dis 0 0 0 0 0 0 1 0 0 0 0 0 0 0 0 0 0 0 1 0 dis 0 
  INPUT ---       0 0 0 0 0 0 dis 0 0 0 0 0 0 0 0 1 0 0 0 0 0 0 0 0 0 0 0 0 0 
  INPUT ---       0 0 0 0 dis 0 0 0 0 0 0 0 0 0 0 0 dis 0 0 0 0 0 0 0 dis 0 0 
  INPUT ---       0 0 0 0 0 0 0 0 0 0 0 0 0 0 0 0 0 0 0 0;
  INPUT ---        1 0 0 0 0 0 0 0 1 0 1 dis 1 0 0 0 0 0 0 0 0 1 0 0 0 0 0 0 
  INPUT ---       0 0 dis 0 dis 0 0 0 0 0 0 0 1 0 0 0 0 0 0 0 0 0 0 1 0 dis 0 
  INPUT ---       0 0 0 0 0 0 0 dis 0 0 0 0 0 0 0 0 1 0 0 0 0 0 0 0 0 0 0 0 0 
  INPUT ---       0 0 0 0 0 dis 0 0 0 0 0 0 0 0 0 0 dis 0 0 0 0 0 0 0 0 dis 0 
  INPUT ---       0 0 0 0 0 0 0 0 0 0 0 0 0 0 0 0 0 0 0 0;
  INPUT ---        1 0 0 0 0 0 0 0 0 1 1 dis 1 0 0 0 0 0 0 0 0 0 1 0 0 0 0 0 
  INPUT ---       0 0 0 dis dis 0 0 0 0 0 0 0 0 1 0 0 0 0 0 0 0 0 0 1 0 dis 0 
  INPUT ---       0 0 0 0 0 0 0 0 dis 0 0 0 0 0 0 0 0 1 0 0 0 0 0 0 0 0 0 0 0 
  INPUT ---       0 0 0 0 0 0 dis 0 0 0 0 0 0 0 0 0 dis 0 0 0 0 0 0 0 0 0 dis 
  INPUT ---       0 0 0 0 0 0 0 0 0 0 0 0 0 0 0 0 0 0 0 0;
  INPUT ---        1 0 0 0 0 0 0 0 0 0 0 dis 0 1 0 0 0 0 0 0 0 0 0 0 0 0 0 0 
  INPUT ---       0 0 0 0 0 0 0 0 0 0 0 0 0 0 0 0 0 0 0 0 0 0 0 0 0 0 dis 0 0 
  INPUT ---       0 0 0 0 0 0 0 0 0 0 0 0 0 0 0 0 0 0 0 0 0 0 0 0 0 0 0 0 0 0 
  INPUT ---       0 0 0 0 0 0 0 0 0 0 0 0 0 0 0 0 0 0 0 0 0 0 0 0 0 0 0 0 0 0 
  INPUT ---       0 0 0 0 0 0 0 0 0 0 0 0 0 0;
  INPUT ---        1 1 0 0 0 0 0 0 0 0 0 dis 0 1 0 0 0 0 0 0 0 0 0 dis 0 0 0 
  INPUT ---       0 0 0 0 0 0 0 0 0 0 0 0 0 0 0 1 0 0 0 0 0 0 0 0 0 0 0 dis 0 
  INPUT ---       0 0 0 0 0 0 0 0 0 0 0 0 0 0 0 0 0 0 0 0 0 0 0 0 0 0 0 0 0 0 
  INPUT ---       0 0 0 0 0 dis 0 0 0 0 0 0 0 0 0 0 0 0 0 0 0 0 0 0 0 0 0 0 0 
  INPUT ---       0 0 0 0 0 0 0 0 0 0 0 0 0 0 0 0;
  INPUT ---        1 0 1 0 0 0 0 0 0 0 0 dis 0 1 0 0 0 0 0 0 0 0 0 0 dis 0 0 
  INPUT ---       0 0 0 0 0 0 0 0 0 0 0 0 0 0 0 0 1 0 0 0 0 0 0 0 0 0 0 dis 0 
  INPUT ---       0 0 0 0 0 0 0 0 0 0 0 0 0 0 0 0 0 0 0 0 0 0 0 0 0 0 0 0 0 0 

  Program  MARK  - Survival Rate Estimation with Capture-Recapture Data
   gfortran(dble/PIM2) Vers. 10.1 March 2023  17-Jun-2024 12:37:39    Page  010
 - - - - - - - - - - - - - - - - - - - - - - - - - - - - - - - - - - - - - -
 
  INPUT ---       0 0 0 0 0 0 dis 0 0 0 0 0 0 0 0 0 0 0 0 0 0 0 0 0 0 0 0 0 0 
  INPUT ---       0 0 0 0 0 0 0 0 0 0 0 0 0 0 0 0;
  INPUT ---        1 0 0 1 0 0 0 0 0 0 0 dis 0 1 0 0 0 0 0 0 0 0 0 0 0 dis 0 
  INPUT ---       0 0 0 0 0 0 0 0 0 0 0 0 0 0 0 0 0 1 0 0 0 0 0 0 0 0 0 dis 0 
  INPUT ---       0 0 0 0 0 0 0 0 0 0 0 0 0 0 0 0 0 0 0 0 0 0 0 0 0 0 0 0 0 0 
  INPUT ---       0 0 0 0 0 0 0 dis 0 0 0 0 0 0 0 0 0 0 0 0 0 0 0 0 0 0 0 0 0 
  INPUT ---       0 0 0 0 0 0 0 0 0 0 0 0 0 0 0 0;
  INPUT ---        1 0 0 0 1 0 0 0 0 0 0 dis 0 1 0 0 0 0 0 0 0 0 0 0 0 0 dis 
  INPUT ---       0 0 0 0 0 0 0 0 0 0 0 0 0 0 0 0 0 0 1 0 0 0 0 0 0 0 0 dis 0 
  INPUT ---       0 0 0 0 0 0 0 0 0 0 0 0 0 0 0 0 0 0 0 0 0 0 0 0 0 0 0 0 0 0 
  INPUT ---       0 0 0 0 0 0 0 0 dis 0 0 0 0 0 0 0 0 0 0 0 0 0 0 0 0 0 0 0 0 
  INPUT ---       0 0 0 0 0 0 0 0 0 0 0 0 0 0 0 0;
  INPUT ---        1 0 0 0 0 1 0 0 0 0 0 dis 0 1 0 0 0 0 0 0 0 0 0 0 0 0 0 
  INPUT ---       dis 0 0 0 0 0 0 0 0 0 0 0 0 0 0 0 0 0 0 1 0 0 0 0 0 0 0 dis 
  INPUT ---       0 0 0 0 0 0 0 0 0 0 0 0 0 0 0 0 0 0 0 0 0 0 0 0 0 0 0 0 0 0 
  INPUT ---       0 0 0 0 0 0 0 0 0 0 dis 0 0 0 0 0 0 0 0 0 0 0 0 0 0 0 0 0 0 
  INPUT ---       0 0 0 0 0 0 0 0 0 0 0 0 0 0 0 0 0;
  INPUT ---        1 0 0 0 0 0 1 0 0 0 0 dis 0 1 0 0 0 0 0 0 0 0 0 0 0 0 0 0 
  INPUT ---       dis 0 0 0 0 0 0 0 0 0 0 0 0 0 0 0 0 0 0 1 0 0 0 0 0 0 dis 0 
  INPUT ---       0 0 0 0 0 0 0 0 0 0 0 0 0 0 0 0 0 0 0 0 0 0 0 0 0 0 0 0 0 0 
  INPUT ---       0 0 0 0 0 0 0 0 0 0 dis 0 0 0 0 0 0 0 0 0 0 0 0 0 0 0 0 0 0 
  INPUT ---       0 0 0 0 0 0 0 0 0 0 0 0 0 0 0 0;
  INPUT ---        1 0 0 0 0 0 0 1 0 0 0 dis 0 1 0 0 0 0 0 0 0 0 0 0 0 0 0 0 
  INPUT ---       0 dis 0 0 0 0 0 0 0 0 0 0 0 0 0 0 0 0 0 0 1 0 0 0 0 0 dis 0 
  INPUT ---       0 0 0 0 0 0 0 0 0 0 0 0 0 0 0 0 0 0 0 0 0 0 0 0 0 0 0 0 0 0 
  INPUT ---       0 0 0 0 0 0 0 0 0 0 0 dis 0 0 0 0 0 0 0 0 0 0 0 0 0 0 0 0 0 
  INPUT ---       0 0 0 0 0 0 0 0 0 0 0 0 0 0 0 0;
  INPUT ---        1 0 0 0 0 0 0 0 1 0 0 dis 0 1 0 0 0 0 0 0 0 0 0 0 0 0 0 0 
  INPUT ---       0 0 dis 0 0 0 0 0 0 0 0 0 0 0 0 0 0 0 0 0 0 1 0 0 0 0 dis 0 
  INPUT ---       0 0 0 0 0 0 0 0 0 0 0 0 0 0 0 0 0 0 0 0 0 0 0 0 0 0 0 0 0 0 
  INPUT ---       0 0 0 0 0 0 0 0 0 0 0 0 dis 0 0 0 0 0 0 0 0 0 0 0 0 0 0 0 0 
  INPUT ---       0 0 0 0 0 0 0 0 0 0 0 0 0 0 0 0;
  INPUT ---        1 0 0 0 0 0 0 0 0 1 0 dis 0 1 0 0 0 0 0 0 0 0 0 0 0 0 0 0 
  INPUT ---       0 0 0 dis 0 0 0 0 0 0 0 0 0 0 0 0 0 0 0 0 0 0 1 0 0 0 dis 0 
  INPUT ---       0 0 0 0 0 0 0 0 0 0 0 0 0 0 0 0 0 0 0 0 0 0 0 0 0 0 0 0 0 0 
  INPUT ---       0 0 0 0 0 0 0 0 0 0 0 0 0 dis 0 0 0 0 0 0 0 0 0 0 0 0 0 0 0 
  INPUT ---       0 0 0 0 0 0 0 0 0 0 0 0 0 0 0 0;
  INPUT ---        1 0 0 0 0 0 0 0 0 0 1 dis 0 1 0 0 0 0 0 0 0 0 0 0 0 0 0 0 
  INPUT ---       0 0 0 0 dis 0 0 0 0 0 0 0 0 0 0 0 0 0 0 0 0 0 0 0 1 0 dis 0 
  INPUT ---       0 0 0 0 0 0 0 0 0 0 0 0 0 0 0 0 0 0 0 0 0 0 0 0 0 0 0 0 0 0 
  INPUT ---       0 0 0 0 0 0 0 0 0 0 0 0 0 0 0 dis 0 0 0 0 0 0 0 0 0 0 0 0 0 
  INPUT ---       0 0 0 0 0 0 0 0 0 0 0 0 0 0 0 0;
  INPUT ---        1 1 0 0 0 0 0 0 0 0 1 dis 0 1 1 0 0 0 0 0 0 0 0 dis 0 0 0 
  INPUT ---       0 0 0 0 0 dis 0 0 0 0 0 0 0 0 0 1 0 0 0 0 0 0 0 0 0 1 0 dis 
  INPUT ---       dis 0 0 0 0 0 0 0 0 0 0 0 0 0 0 0 0 0 1 0 0 0 0 0 0 0 0 0 0 
  INPUT ---       0 0 0 0 0 0 0 dis 0 0 0 0 0 0 0 0 0 dis 0 0 0 0 0 0 0 0 0 

  Program  MARK  - Survival Rate Estimation with Capture-Recapture Data
   gfortran(dble/PIM2) Vers. 10.1 March 2023  17-Jun-2024 12:37:39    Page  011
 - - - - - - - - - - - - - - - - - - - - - - - - - - - - - - - - - - - - - -
 
  INPUT ---       dis 0 0 0 0 0 0 0 0 0 0 0 0 0 0 0 0 0 0 0;
  INPUT ---        1 0 1 0 0 0 0 0 0 0 1 dis 0 1 0 1 0 0 0 0 0 0 0 0 dis 0 0 
  INPUT ---       0 0 0 0 0 dis 0 0 0 0 0 0 0 0 0 0 1 0 0 0 0 0 0 0 0 1 0 dis 
  INPUT ---       0 dis 0 0 0 0 0 0 0 0 0 0 0 0 0 0 0 0 0 1 0 0 0 0 0 0 0 0 0 
  INPUT ---       0 0 0 0 0 0 0 0 dis 0 0 0 0 0 0 0 0 dis 0 0 0 0 0 0 0 0 0 0 
  INPUT ---       dis 0 0 0 0 0 0 0 0 0 0 0 0 0 0 0 0 0 0;
  INPUT ---        1 0 0 1 0 0 0 0 0 0 1 dis 0 1 0 0 1 0 0 0 0 0 0 0 0 dis 0 
  INPUT ---       0 0 0 0 0 dis 0 0 0 0 0 0 0 0 0 0 0 1 0 0 0 0 0 0 0 1 0 dis 
  INPUT ---       0 0 dis 0 0 0 0 0 0 0 0 0 0 0 0 0 0 0 0 0 1 0 0 0 0 0 0 0 0 
  INPUT ---       0 0 0 0 0 0 0 0 0 dis 0 0 0 0 0 0 0 dis 0 0 0 0 0 0 0 0 0 0 
  INPUT ---       0 dis 0 0 0 0 0 0 0 0 0 0 0 0 0 0 0 0 0;
  INPUT ---        1 0 0 0 1 0 0 0 0 0 1 dis 0 1 0 0 0 1 0 0 0 0 0 0 0 0 dis 
  INPUT ---       0 0 0 0 0 dis 0 0 0 0 0 0 0 0 0 0 0 0 1 0 0 0 0 0 0 1 0 dis 
  INPUT ---       0 0 0 dis 0 0 0 0 0 0 0 0 0 0 0 0 0 0 0 0 0 1 0 0 0 0 0 0 0 
  INPUT ---       0 0 0 0 0 0 0 0 0 0 dis 0 0 0 0 0 0 dis 0 0 0 0 0 0 0 0 0 0 
  INPUT ---       0 0 dis 0 0 0 0 0 0 0 0 0 0 0 0 0 0 0 0;
  INPUT ---        1 0 0 0 0 1 0 0 0 0 1 dis 0 1 0 0 0 0 1 0 0 0 0 0 0 0 0 
  INPUT ---       dis 0 0 0 0 dis 0 0 0 0 0 0 0 0 0 0 0 0 0 1 0 0 0 0 0 1 0 
  INPUT ---       dis 0 0 0 0 dis 0 0 0 0 0 0 0 0 0 0 0 0 0 0 0 0 0 1 0 0 0 0 
  INPUT ---       0 0 0 0 0 0 0 0 0 0 0 0 0 dis 0 0 0 0 0 dis 0 0 0 0 0 0 0 0 
  INPUT ---       0 0 0 0 0 dis 0 0 0 0 0 0 0 0 0 0 0 0 0 0 0;
  INPUT ---        1 0 0 0 0 0 1 0 0 0 1 dis 0 1 0 0 0 0 0 1 0 0 0 0 0 0 0 0 
  INPUT ---       dis 0 0 0 dis 0 0 0 0 0 0 0 0 0 0 0 0 0 0 1 0 0 0 0 1 0 dis 
  INPUT ---       0 0 0 0 0 dis 0 0 0 0 0 0 0 0 0 0 0 0 0 0 0 0 0 1 0 0 0 0 0 
  INPUT ---       0 0 0 0 0 0 0 0 0 0 0 0 dis 0 0 0 0 dis 0 0 0 0 0 0 0 0 0 0 
  INPUT ---       0 0 0 0 dis 0 0 0 0 0 0 0 0 0 0 0 0 0 0;
  INPUT ---        1 0 0 0 0 0 0 1 0 0 1 dis 0 1 0 0 0 0 0 0 1 0 0 0 0 0 0 0 
  INPUT ---       0 dis 0 0 dis 0 0 0 0 0 0 0 0 0 0 0 0 0 0 0 1 0 0 0 1 0 dis 
  INPUT ---       0 0 0 0 0 0 dis 0 0 0 0 0 0 0 0 0 0 0 0 0 0 0 0 0 1 0 0 0 0 
  INPUT ---       0 0 0 0 0 0 0 0 0 0 0 0 0 dis 0 0 0 dis 0 0 0 0 0 0 0 0 0 0 
  INPUT ---       0 0 0 0 0 dis 0 0 0 0 0 0 0 0 0 0 0 0 0;
  INPUT ---        1 0 0 0 0 0 0 0 1 0 1 dis 0 1 0 0 0 0 0 0 0 1 0 0 0 0 0 0 
  INPUT ---       0 0 dis 0 dis 0 0 0 0 0 0 0 0 0 0 0 0 0 0 0 0 1 0 0 1 0 dis 
  INPUT ---       0 0 0 0 0 0 0 dis 0 0 0 0 0 0 0 0 0 0 0 0 0 0 0 0 0 1 0 0 0 
  INPUT ---       0 0 0 0 0 0 0 0 0 0 0 0 0 0 dis 0 0 dis 0 0 0 0 0 0 0 0 0 0 
  INPUT ---       0 0 0 0 0 0 dis 0 0 0 0 0 0 0 0 0 0 0 0;
  INPUT ---        1 0 0 0 0 0 0 0 0 1 1 dis 0 1 0 0 0 0 0 0 0 0 1 0 0 0 0 0 
  INPUT ---       0 0 0 dis dis 0 0 0 0 0 0 0 0 0 0 0 0 0 0 0 0 0 1 0 1 0 dis 
  INPUT ---       0 0 0 0 0 0 0 0 dis 0 0 0 0 0 0 0 0 0 0 0 0 0 0 0 0 0 1 0 0 
  INPUT ---       0 0 0 0 0 0 0 0 0 0 0 0 0 0 0 dis 0 dis 0 0 0 0 0 0 0 0 0 0 
  INPUT ---       0 0 0 0 0 0 0 dis 0 0 0 0 0 0 0 0 0 0 0;
  INPUT ---        0 0 0 0 0 0 0 0 0 0 0 0 0 0 0 0 0 0 0 0 0 0 0 0 0 0 0 0 0 
  INPUT ---       0 0 0 0 0 0 0 0 0 0 0 0 0 0 0 0 0 0 0 0 0 0 0 0 0 0 0 0 0 0 
  INPUT ---       0 0 0 0 0 0 0 0 0 0 0 0 0 0 0 0 0 0 0 0 0 0 0 0 0 0 0 0 0 0 
  INPUT ---       0 0 0 0 0 0 0 0 0 0 0 0 0 0 0 0 0 0 0 0 0 0 0 0 0 0 0 0 0 0 
  INPUT ---       0 1 0 0 0 0 0 0 0 0 0 0;

  Program  MARK  - Survival Rate Estimation with Capture-Recapture Data
   gfortran(dble/PIM2) Vers. 10.1 March 2023  17-Jun-2024 12:37:39    Page  012
 - - - - - - - - - - - - - - - - - - - - - - - - - - - - - - - - - - - - - -
 
  INPUT ---        0 0 0 0 0 0 0 0 0 0 0 0 0 0 0 0 0 0 0 0 0 0 0 0 0 0 0 0 0 
  INPUT ---       0 0 0 0 0 0 0 0 0 0 0 0 0 0 0 0 0 0 0 0 0 0 0 0 0 0 0 0 0 0 
  INPUT ---       0 0 0 0 0 0 0 0 0 0 0 0 0 0 0 0 0 0 0 0 0 0 0 0 0 0 0 0 0 0 
  INPUT ---       0 0 0 0 0 0 0 0 0 0 0 0 0 0 0 0 0 0 0 0 0 0 0 0 0 0 0 0 0 0 
  INPUT ---       0 1 1 0 0 0 0 0 0 0 0 0;
  INPUT ---        0 0 0 0 0 0 0 0 0 0 0 0 0 0 0 0 0 0 0 0 0 0 0 0 0 0 0 0 0 
  INPUT ---       0 0 0 0 0 0 0 0 0 0 0 0 0 0 0 0 0 0 0 0 0 0 0 0 0 0 0 0 0 0 
  INPUT ---       0 0 0 0 0 0 0 0 0 0 0 0 0 0 0 0 0 0 0 0 0 0 0 0 0 0 0 0 0 0 
  INPUT ---       0 0 0 0 0 0 0 0 0 0 0 0 0 0 0 0 0 0 0 0 0 0 0 0 0 0 0 0 0 0 
  INPUT ---       0 1 0 1 0 0 0 0 0 0 0 0;
  INPUT ---        0 0 0 0 0 0 0 0 0 0 0 0 0 0 0 0 0 0 0 0 0 0 0 0 0 0 0 0 0 
  INPUT ---       0 0 0 0 0 0 0 0 0 0 0 0 0 0 0 0 0 0 0 0 0 0 0 0 0 0 0 0 0 0 
  INPUT ---       0 0 0 0 0 0 0 0 0 0 0 0 0 0 0 0 0 0 0 0 0 0 0 0 0 0 0 0 0 0 
  INPUT ---       0 0 0 0 0 0 0 0 0 0 0 0 0 0 0 0 0 0 0 0 0 0 0 0 0 0 0 0 0 0 
  INPUT ---       0 1 0 0 1 0 0 0 0 0 0 0;
  INPUT ---        0 0 0 0 0 0 0 0 0 0 0 0 0 0 0 0 0 0 0 0 0 0 0 0 0 0 0 0 0 
  INPUT ---       0 0 0 0 0 0 0 0 0 0 0 0 0 0 0 0 0 0 0 0 0 0 0 0 0 0 0 0 0 0 
  INPUT ---       0 0 0 0 0 0 0 0 0 0 0 0 0 0 0 0 0 0 0 0 0 0 0 0 0 0 0 0 0 0 
  INPUT ---       0 0 0 0 0 0 0 0 0 0 0 0 0 0 0 0 0 0 0 0 0 0 0 0 0 0 0 0 0 0 
  INPUT ---       0 1 0 0 0 1 0 0 0 0 0 0;
  INPUT ---        0 0 0 0 0 0 0 0 0 0 0 0 0 0 0 0 0 0 0 0 0 0 0 0 0 0 0 0 0 
  INPUT ---       0 0 0 0 0 0 0 0 0 0 0 0 0 0 0 0 0 0 0 0 0 0 0 0 0 0 0 0 0 0 
  INPUT ---       0 0 0 0 0 0 0 0 0 0 0 0 0 0 0 0 0 0 0 0 0 0 0 0 0 0 0 0 0 0 
  INPUT ---       0 0 0 0 0 0 0 0 0 0 0 0 0 0 0 0 0 0 0 0 0 0 0 0 0 0 0 0 0 0 
  INPUT ---       0 1 0 0 0 0 1 0 0 0 0 0;
  INPUT ---        0 0 0 0 0 0 0 0 0 0 0 0 0 0 0 0 0 0 0 0 0 0 0 0 0 0 0 0 0 
  INPUT ---       0 0 0 0 0 0 0 0 0 0 0 0 0 0 0 0 0 0 0 0 0 0 0 0 0 0 0 0 0 0 
  INPUT ---       0 0 0 0 0 0 0 0 0 0 0 0 0 0 0 0 0 0 0 0 0 0 0 0 0 0 0 0 0 0 
  INPUT ---       0 0 0 0 0 0 0 0 0 0 0 0 0 0 0 0 0 0 0 0 0 0 0 0 0 0 0 0 0 0 
  INPUT ---       0 1 0 0 0 0 0 1 0 0 0 0;
  INPUT ---        0 0 0 0 0 0 0 0 0 0 0 0 0 0 0 0 0 0 0 0 0 0 0 0 0 0 0 0 0 
  INPUT ---       0 0 0 0 0 0 0 0 0 0 0 0 0 0 0 0 0 0 0 0 0 0 0 0 0 0 0 0 0 0 
  INPUT ---       0 0 0 0 0 0 0 0 0 0 0 0 0 0 0 0 0 0 0 0 0 0 0 0 0 0 0 0 0 0 
  INPUT ---       0 0 0 0 0 0 0 0 0 0 0 0 0 0 0 0 0 0 0 0 0 0 0 0 0 0 0 0 0 0 
  INPUT ---       0 1 0 0 0 0 0 0 1 0 0 0;
  INPUT ---        0 0 0 0 0 0 0 0 0 0 0 0 0 0 0 0 0 0 0 0 0 0 0 0 0 0 0 0 0 
  INPUT ---       0 0 0 0 0 0 0 0 0 0 0 0 0 0 0 0 0 0 0 0 0 0 0 0 0 0 0 0 0 0 
  INPUT ---       0 0 0 0 0 0 0 0 0 0 0 0 0 0 0 0 0 0 0 0 0 0 0 0 0 0 0 0 0 0 
  INPUT ---       0 0 0 0 0 0 0 0 0 0 0 0 0 0 0 0 0 0 0 0 0 0 0 0 0 0 0 0 0 0 
  INPUT ---       0 1 0 0 0 0 0 0 0 1 0 0;
  INPUT ---        0 0 0 0 0 0 0 0 0 0 0 0 0 0 0 0 0 0 0 0 0 0 0 0 0 0 0 0 0 
  INPUT ---       0 0 0 0 0 0 0 0 0 0 0 0 0 0 0 0 0 0 0 0 0 0 0 0 0 0 0 0 0 0 
  INPUT ---       0 0 0 0 0 0 0 0 0 0 0 0 0 0 0 0 0 0 0 0 0 0 0 0 0 0 0 0 0 0 
  INPUT ---       0 0 0 0 0 0 0 0 0 0 0 0 0 0 0 0 0 0 0 0 0 0 0 0 0 0 0 0 0 0 
  INPUT ---       0 1 0 0 0 0 0 0 0 0 1 0;
  INPUT ---        0 0 0 0 0 0 0 0 0 0 0 0 0 0 0 0 0 0 0 0 0 0 0 0 0 0 0 0 0 

  Program  MARK  - Survival Rate Estimation with Capture-Recapture Data
   gfortran(dble/PIM2) Vers. 10.1 March 2023  17-Jun-2024 12:37:39    Page  013
 - - - - - - - - - - - - - - - - - - - - - - - - - - - - - - - - - - - - - -
 
  INPUT ---       0 0 0 0 0 0 0 0 0 0 0 0 0 0 0 0 0 0 0 0 0 0 0 0 0 0 0 0 0 0 
  INPUT ---       0 0 0 0 0 0 0 0 0 0 0 0 0 0 0 0 0 0 0 0 0 0 0 0 0 0 0 0 0 0 
  INPUT ---       0 0 0 0 0 0 0 0 0 0 0 0 0 0 0 0 0 0 0 0 0 0 0 0 0 0 0 0 0 0 
  INPUT ---       0 1 1 0 0 0 0 0 0 0 1 0;
  INPUT ---        0 0 0 0 0 0 0 0 0 0 0 0 0 0 0 0 0 0 0 0 0 0 0 0 0 0 0 0 0 
  INPUT ---       0 0 0 0 0 0 0 0 0 0 0 0 0 0 0 0 0 0 0 0 0 0 0 0 0 0 0 0 0 0 
  INPUT ---       0 0 0 0 0 0 0 0 0 0 0 0 0 0 0 0 0 0 0 0 0 0 0 0 0 0 0 0 0 0 
  INPUT ---       0 0 0 0 0 0 0 0 0 0 0 0 0 0 0 0 0 0 0 0 0 0 0 0 0 0 0 0 0 0 
  INPUT ---       0 1 0 1 0 0 0 0 0 0 1 0;
  INPUT ---        0 0 0 0 0 0 0 0 0 0 0 0 0 0 0 0 0 0 0 0 0 0 0 0 0 0 0 0 0 
  INPUT ---       0 0 0 0 0 0 0 0 0 0 0 0 0 0 0 0 0 0 0 0 0 0 0 0 0 0 0 0 0 0 
  INPUT ---       0 0 0 0 0 0 0 0 0 0 0 0 0 0 0 0 0 0 0 0 0 0 0 0 0 0 0 0 0 0 
  INPUT ---       0 0 0 0 0 0 0 0 0 0 0 0 0 0 0 0 0 0 0 0 0 0 0 0 0 0 0 0 0 0 
  INPUT ---       0 1 0 0 1 0 0 0 0 0 1 0;
  INPUT ---        0 0 0 0 0 0 0 0 0 0 0 0 0 0 0 0 0 0 0 0 0 0 0 0 0 0 0 0 0 
  INPUT ---       0 0 0 0 0 0 0 0 0 0 0 0 0 0 0 0 0 0 0 0 0 0 0 0 0 0 0 0 0 0 
  INPUT ---       0 0 0 0 0 0 0 0 0 0 0 0 0 0 0 0 0 0 0 0 0 0 0 0 0 0 0 0 0 0 
  INPUT ---       0 0 0 0 0 0 0 0 0 0 0 0 0 0 0 0 0 0 0 0 0 0 0 0 0 0 0 0 0 0 
  INPUT ---       0 1 0 0 0 1 0 0 0 0 1 0;
  INPUT ---        0 0 0 0 0 0 0 0 0 0 0 0 0 0 0 0 0 0 0 0 0 0 0 0 0 0 0 0 0 
  INPUT ---       0 0 0 0 0 0 0 0 0 0 0 0 0 0 0 0 0 0 0 0 0 0 0 0 0 0 0 0 0 0 
  INPUT ---       0 0 0 0 0 0 0 0 0 0 0 0 0 0 0 0 0 0 0 0 0 0 0 0 0 0 0 0 0 0 
  INPUT ---       0 0 0 0 0 0 0 0 0 0 0 0 0 0 0 0 0 0 0 0 0 0 0 0 0 0 0 0 0 0 
  INPUT ---       0 1 0 0 0 0 1 0 0 0 1 0;
  INPUT ---        0 0 0 0 0 0 0 0 0 0 0 0 0 0 0 0 0 0 0 0 0 0 0 0 0 0 0 0 0 
  INPUT ---       0 0 0 0 0 0 0 0 0 0 0 0 0 0 0 0 0 0 0 0 0 0 0 0 0 0 0 0 0 0 
  INPUT ---       0 0 0 0 0 0 0 0 0 0 0 0 0 0 0 0 0 0 0 0 0 0 0 0 0 0 0 0 0 0 
  INPUT ---       0 0 0 0 0 0 0 0 0 0 0 0 0 0 0 0 0 0 0 0 0 0 0 0 0 0 0 0 0 0 
  INPUT ---       0 1 0 0 0 0 0 1 0 0 1 0;
  INPUT ---        0 0 0 0 0 0 0 0 0 0 0 0 0 0 0 0 0 0 0 0 0 0 0 0 0 0 0 0 0 
  INPUT ---       0 0 0 0 0 0 0 0 0 0 0 0 0 0 0 0 0 0 0 0 0 0 0 0 0 0 0 0 0 0 
  INPUT ---       0 0 0 0 0 0 0 0 0 0 0 0 0 0 0 0 0 0 0 0 0 0 0 0 0 0 0 0 0 0 
  INPUT ---       0 0 0 0 0 0 0 0 0 0 0 0 0 0 0 0 0 0 0 0 0 0 0 0 0 0 0 0 0 0 
  INPUT ---       0 1 0 0 0 0 0 0 1 0 1 0;
  INPUT ---        0 0 0 0 0 0 0 0 0 0 0 0 0 0 0 0 0 0 0 0 0 0 0 0 0 0 0 0 0 
  INPUT ---       0 0 0 0 0 0 0 0 0 0 0 0 0 0 0 0 0 0 0 0 0 0 0 0 0 0 0 0 0 0 
  INPUT ---       0 0 0 0 0 0 0 0 0 0 0 0 0 0 0 0 0 0 0 0 0 0 0 0 0 0 0 0 0 0 
  INPUT ---       0 0 0 0 0 0 0 0 0 0 0 0 0 0 0 0 0 0 0 0 0 0 0 0 0 0 0 0 0 0 
  INPUT ---       0 1 0 0 0 0 0 0 0 1 1 0;
  INPUT ---        0 0 0 0 0 0 0 0 0 0 0 0 0 0 0 0 0 0 0 0 0 0 0 0 0 0 0 0 0 
  INPUT ---       0 0 0 0 0 0 0 0 0 0 0 0 0 0 0 0 0 0 0 0 0 0 0 0 0 0 0 0 0 0 
  INPUT ---       0 0 0 0 0 0 0 0 0 0 0 0 0 0 0 0 0 0 0 0 0 0 0 0 0 0 0 0 0 0 
  INPUT ---       0 0 0 0 0 0 0 0 0 0 0 0 0 0 0 0 0 0 0 0 0 0 0 0 0 0 0 0 0 0 
  INPUT ---       0 1 0 0 0 0 0 0 0 0 0 1;
  INPUT ---        0 0 0 0 0 0 0 0 0 0 0 0 0 0 0 0 0 0 0 0 0 0 0 0 0 0 0 0 0 
  INPUT ---       0 0 0 0 0 0 0 0 0 0 0 0 0 0 0 0 0 0 0 0 0 0 0 0 0 0 0 0 0 0 

  Program  MARK  - Survival Rate Estimation with Capture-Recapture Data
   gfortran(dble/PIM2) Vers. 10.1 March 2023  17-Jun-2024 12:37:39    Page  014
 - - - - - - - - - - - - - - - - - - - - - - - - - - - - - - - - - - - - - -
 
  INPUT ---       0 0 0 0 0 0 0 0 0 0 0 0 0 0 0 0 0 0 0 0 0 0 0 0 0 0 0 0 0 0 
  INPUT ---       0 0 0 0 0 0 0 0 0 0 0 0 0 0 0 0 0 0 0 0 0 0 0 0 0 0 0 0 0 0 
  INPUT ---       0 1 1 0 0 0 0 0 0 0 0 1;
  INPUT ---        0 0 0 0 0 0 0 0 0 0 0 0 0 0 0 0 0 0 0 0 0 0 0 0 0 0 0 0 0 
  INPUT ---       0 0 0 0 0 0 0 0 0 0 0 0 0 0 0 0 0 0 0 0 0 0 0 0 0 0 0 0 0 0 
  INPUT ---       0 0 0 0 0 0 0 0 0 0 0 0 0 0 0 0 0 0 0 0 0 0 0 0 0 0 0 0 0 0 
  INPUT ---       0 0 0 0 0 0 0 0 0 0 0 0 0 0 0 0 0 0 0 0 0 0 0 0 0 0 0 0 0 0 
  INPUT ---       0 1 0 1 0 0 0 0 0 0 0 1;
  INPUT ---        0 0 0 0 0 0 0 0 0 0 0 0 0 0 0 0 0 0 0 0 0 0 0 0 0 0 0 0 0 
  INPUT ---       0 0 0 0 0 0 0 0 0 0 0 0 0 0 0 0 0 0 0 0 0 0 0 0 0 0 0 0 0 0 
  INPUT ---       0 0 0 0 0 0 0 0 0 0 0 0 0 0 0 0 0 0 0 0 0 0 0 0 0 0 0 0 0 0 
  INPUT ---       0 0 0 0 0 0 0 0 0 0 0 0 0 0 0 0 0 0 0 0 0 0 0 0 0 0 0 0 0 0 
  INPUT ---       0 1 0 0 1 0 0 0 0 0 0 1;
  INPUT ---        0 0 0 0 0 0 0 0 0 0 0 0 0 0 0 0 0 0 0 0 0 0 0 0 0 0 0 0 0 
  INPUT ---       0 0 0 0 0 0 0 0 0 0 0 0 0 0 0 0 0 0 0 0 0 0 0 0 0 0 0 0 0 0 
  INPUT ---       0 0 0 0 0 0 0 0 0 0 0 0 0 0 0 0 0 0 0 0 0 0 0 0 0 0 0 0 0 0 
  INPUT ---       0 0 0 0 0 0 0 0 0 0 0 0 0 0 0 0 0 0 0 0 0 0 0 0 0 0 0 0 0 0 
  INPUT ---       0 1 0 0 0 1 0 0 0 0 0 1;
  INPUT ---        0 0 0 0 0 0 0 0 0 0 0 0 0 0 0 0 0 0 0 0 0 0 0 0 0 0 0 0 0 
  INPUT ---       0 0 0 0 0 0 0 0 0 0 0 0 0 0 0 0 0 0 0 0 0 0 0 0 0 0 0 0 0 0 
  INPUT ---       0 0 0 0 0 0 0 0 0 0 0 0 0 0 0 0 0 0 0 0 0 0 0 0 0 0 0 0 0 0 
  INPUT ---       0 0 0 0 0 0 0 0 0 0 0 0 0 0 0 0 0 0 0 0 0 0 0 0 0 0 0 0 0 0 
  INPUT ---       0 1 0 0 0 0 1 0 0 0 0 1;
  INPUT ---        0 0 0 0 0 0 0 0 0 0 0 0 0 0 0 0 0 0 0 0 0 0 0 0 0 0 0 0 0 
  INPUT ---       0 0 0 0 0 0 0 0 0 0 0 0 0 0 0 0 0 0 0 0 0 0 0 0 0 0 0 0 0 0 
  INPUT ---       0 0 0 0 0 0 0 0 0 0 0 0 0 0 0 0 0 0 0 0 0 0 0 0 0 0 0 0 0 0 
  INPUT ---       0 0 0 0 0 0 0 0 0 0 0 0 0 0 0 0 0 0 0 0 0 0 0 0 0 0 0 0 0 0 
  INPUT ---       0 1 0 0 0 0 0 1 0 0 0 1;
  INPUT ---        0 0 0 0 0 0 0 0 0 0 0 0 0 0 0 0 0 0 0 0 0 0 0 0 0 0 0 0 0 
  INPUT ---       0 0 0 0 0 0 0 0 0 0 0 0 0 0 0 0 0 0 0 0 0 0 0 0 0 0 0 0 0 0 
  INPUT ---       0 0 0 0 0 0 0 0 0 0 0 0 0 0 0 0 0 0 0 0 0 0 0 0 0 0 0 0 0 0 
  INPUT ---       0 0 0 0 0 0 0 0 0 0 0 0 0 0 0 0 0 0 0 0 0 0 0 0 0 0 0 0 0 0 
  INPUT ---       0 1 0 0 0 0 0 0 1 0 0 1;
  INPUT ---        0 0 0 0 0 0 0 0 0 0 0 0 0 0 0 0 0 0 0 0 0 0 0 0 0 0 0 0 0 
  INPUT ---       0 0 0 0 0 0 0 0 0 0 0 0 0 0 0 0 0 0 0 0 0 0 0 0 0 0 0 0 0 0 
  INPUT ---       0 0 0 0 0 0 0 0 0 0 0 0 0 0 0 0 0 0 0 0 0 0 0 0 0 0 0 0 0 0 
  INPUT ---       0 0 0 0 0 0 0 0 0 0 0 0 0 0 0 0 0 0 0 0 0 0 0 0 0 0 0 0 0 0 
  INPUT ---       0 1 0 0 0 0 0 0 0 1 0 1;
  INPUT ---        0 0 0 0 0 0 0 0 0 0 0 0 0 0 0 0 0 0 0 0 0 0 0 0 0 0 0 0 0 
  INPUT ---       0 0 0 0 0 0 0 0 0 0 0 0 0 0 0 0 0 0 0 0 0 0 0 0 0 0 0 0 0 0 
  INPUT ---       0 0 0 0 0 0 0 0 0 0 0 0 0 0 0 0 0 0 0 0 0 0 0 0 0 0 0 0 0 0 
  INPUT ---       0 0 0 0 0 0 0 0 0 0 0 0 0 0 0 0 0 0 0 0 0 0 0 0 0 0 0 0 0 0 
  INPUT ---       0 0 0 0 0 0 0 0 0 0 0 0;
  INPUT ---       blabel(1)=Phi:(Intercept);
  INPUT ---       blabel(2)=Phi:time2.9;
  INPUT ---       blabel(3)=Phi:time9.81;

  Program  MARK  - Survival Rate Estimation with Capture-Recapture Data
   gfortran(dble/PIM2) Vers. 10.1 March 2023  17-Jun-2024 12:37:39    Page  015
 - - - - - - - - - - - - - - - - - - - - - - - - - - - - - - - - - - - - - -
 
  INPUT ---       blabel(4)=Phi:time18.14;
  INPUT ---       blabel(5)=Phi:time25.84;
  INPUT ---       blabel(6)=Phi:time31.63;
  INPUT ---       blabel(7)=Phi:time35.5;
  INPUT ---       blabel(8)=Phi:time41.93;
  INPUT ---       blabel(9)=Phi:time45.63;
  INPUT ---       blabel(10)=Phi:time61.63;
  INPUT ---       blabel(11)=Phi:originwild;
  INPUT ---       blabel(12)=Phi:dis;
  INPUT ---       blabel(13)=Phi:year2011;
  INPUT ---       blabel(14)=Phi:year2012;
  INPUT ---       blabel(15)=Phi:time2.9:originwild;
  INPUT ---       blabel(16)=Phi:time9.81:originwild;
  INPUT ---       blabel(17)=Phi:time18.14:originwild;
  INPUT ---       blabel(18)=Phi:time25.84:originwild;
  INPUT ---       blabel(19)=Phi:time31.63:originwild;
  INPUT ---       blabel(20)=Phi:time35.5:originwild;
  INPUT ---       blabel(21)=Phi:time41.93:originwild;
  INPUT ---       blabel(22)=Phi:time45.63:originwild;
  INPUT ---       blabel(23)=Phi:time61.63:originwild;
  INPUT ---       blabel(24)=Phi:time2.9:dis;
  INPUT ---       blabel(25)=Phi:time9.81:dis;
  INPUT ---       blabel(26)=Phi:time18.14:dis;
  INPUT ---       blabel(27)=Phi:time25.84:dis;
  INPUT ---       blabel(28)=Phi:time31.63:dis;
  INPUT ---       blabel(29)=Phi:time35.5:dis;
  INPUT ---       blabel(30)=Phi:time41.93:dis;
  INPUT ---       blabel(31)=Phi:time45.63:dis;
  INPUT ---       blabel(32)=Phi:time61.63:dis;
  INPUT ---       blabel(33)=Phi:originwild:dis;
  INPUT ---       blabel(34)=Phi:time2.9:year2011;
  INPUT ---       blabel(35)=Phi:time9.81:year2011;
  INPUT ---       blabel(36)=Phi:time18.14:year2011;
  INPUT ---       blabel(37)=Phi:time25.84:year2011;
  INPUT ---       blabel(38)=Phi:time31.63:year2011;
  INPUT ---       blabel(39)=Phi:time35.5:year2011;
  INPUT ---       blabel(40)=Phi:time41.93:year2011;
  INPUT ---       blabel(41)=Phi:time45.63:year2011;
  INPUT ---       blabel(42)=Phi:time61.63:year2011;
  INPUT ---       blabel(43)=Phi:time2.9:year2012;
  INPUT ---       blabel(44)=Phi:time9.81:year2012;
  INPUT ---       blabel(45)=Phi:time18.14:year2012;
  INPUT ---       blabel(46)=Phi:time25.84:year2012;
  INPUT ---       blabel(47)=Phi:time31.63:year2012;
  INPUT ---       blabel(48)=Phi:time35.5:year2012;
  INPUT ---       blabel(49)=Phi:time41.93:year2012;

  Program  MARK  - Survival Rate Estimation with Capture-Recapture Data
   gfortran(dble/PIM2) Vers. 10.1 March 2023  17-Jun-2024 12:37:39    Page  016
 - - - - - - - - - - - - - - - - - - - - - - - - - - - - - - - - - - - - - -
 
  INPUT ---       blabel(50)=Phi:time45.63:year2012;
  INPUT ---       blabel(51)=Phi:time61.63:year2012;
  INPUT ---       blabel(52)=Phi:originwild:year2011;
  INPUT ---       blabel(53)=Phi:originwild:year2012;
  INPUT ---       blabel(54)=Phi:dis:year2011;
  INPUT ---       blabel(55)=Phi:dis:year2012;
  INPUT ---       blabel(56)=Phi:time2.9:originwild:dis;
  INPUT ---       blabel(57)=Phi:time9.81:originwild:dis;
  INPUT ---       blabel(58)=Phi:time18.14:originwild:dis;
  INPUT ---       blabel(59)=Phi:time25.84:originwild:dis;
  INPUT ---       blabel(60)=Phi:time31.63:originwild:dis;
  INPUT ---       blabel(61)=Phi:time35.5:originwild:dis;
  INPUT ---       blabel(62)=Phi:time41.93:originwild:dis;
  INPUT ---       blabel(63)=Phi:time45.63:originwild:dis;
  INPUT ---       blabel(64)=Phi:time61.63:originwild:dis;
  INPUT ---       blabel(65)=Phi:time2.9:originwild:year2011;
  INPUT ---       blabel(66)=Phi:time9.81:originwild:year2011;
  INPUT ---       blabel(67)=Phi:time18.14:originwild:year2011;
  INPUT ---       blabel(68)=Phi:time25.84:originwild:year2011;
  INPUT ---       blabel(69)=Phi:time31.63:originwild:year2011;
  INPUT ---       blabel(70)=Phi:time35.5:originwild:year2011;
  INPUT ---       blabel(71)=Phi:time41.93:originwild:year2011;
  INPUT ---       blabel(72)=Phi:time45.63:originwild:year2011;
  INPUT ---       blabel(73)=Phi:time61.63:originwild:year2011;
  INPUT ---       blabel(74)=Phi:time2.9:originwild:year2012;
  INPUT ---       blabel(75)=Phi:time9.81:originwild:year2012;
  INPUT ---       blabel(76)=Phi:time18.14:originwild:year2012;
  INPUT ---       blabel(77)=Phi:time25.84:originwild:year2012;
  INPUT ---       blabel(78)=Phi:time31.63:originwild:year2012;
  INPUT ---       blabel(79)=Phi:time35.5:originwild:year2012;
  INPUT ---       blabel(80)=Phi:time41.93:originwild:year2012;
  INPUT ---       blabel(81)=Phi:time45.63:originwild:year2012;
  INPUT ---       blabel(82)=Phi:time61.63:originwild:year2012;
  INPUT ---       blabel(83)=Phi:time2.9:dis:year2011;
  INPUT ---       blabel(84)=Phi:time9.81:dis:year2011;
  INPUT ---       blabel(85)=Phi:time18.14:dis:year2011;
  INPUT ---       blabel(86)=Phi:time25.84:dis:year2011;
  INPUT ---       blabel(87)=Phi:time31.63:dis:year2011;
  INPUT ---       blabel(88)=Phi:time35.5:dis:year2011;
  INPUT ---       blabel(89)=Phi:time41.93:dis:year2011;
  INPUT ---       blabel(90)=Phi:time45.63:dis:year2011;
  INPUT ---       blabel(91)=Phi:time61.63:dis:year2011;
  INPUT ---       blabel(92)=Phi:time2.9:dis:year2012;
  INPUT ---       blabel(93)=Phi:time9.81:dis:year2012;
  INPUT ---       blabel(94)=Phi:time18.14:dis:year2012;
  INPUT ---       blabel(95)=Phi:time25.84:dis:year2012;

  Program  MARK  - Survival Rate Estimation with Capture-Recapture Data
   gfortran(dble/PIM2) Vers. 10.1 March 2023  17-Jun-2024 12:37:39    Page  017
 - - - - - - - - - - - - - - - - - - - - - - - - - - - - - - - - - - - - - -
 
  INPUT ---       blabel(96)=Phi:time31.63:dis:year2012;
  INPUT ---       blabel(97)=Phi:time35.5:dis:year2012;
  INPUT ---       blabel(98)=Phi:time41.93:dis:year2012;
  INPUT ---       blabel(99)=Phi:time45.63:dis:year2012;
  INPUT ---       blabel(100)=Phi:time61.63:dis:year2012;
  INPUT ---       blabel(101)=Phi:originwild:dis:year2011;
  INPUT ---       blabel(102)=Phi:originwild:dis:year2012;
  INPUT ---       blabel(103)=Phi:time2.9:originwild:dis:year2011;
  INPUT ---       blabel(104)=Phi:time9.81:originwild:dis:year2011;
  INPUT ---       blabel(105)=Phi:time18.14:originwild:dis:year2011;
  INPUT ---       blabel(106)=Phi:time25.84:originwild:dis:year2011;
  INPUT ---       blabel(107)=Phi:time31.63:originwild:dis:year2011;
  INPUT ---       blabel(108)=Phi:time35.5:originwild:dis:year2011;
  INPUT ---       blabel(109)=Phi:time41.93:originwild:dis:year2011;
  INPUT ---       blabel(110)=Phi:time45.63:originwild:dis:year2011;
  INPUT ---       blabel(111)=Phi:time61.63:originwild:dis:year2011;
  INPUT ---       blabel(112)=Phi:time2.9:originwild:dis:year2012;
  INPUT ---       blabel(113)=Phi:time9.81:originwild:dis:year2012;
  INPUT ---       blabel(114)=Phi:time18.14:originwild:dis:year2012;
  INPUT ---       blabel(115)=Phi:time25.84:originwild:dis:year2012;
  INPUT ---       blabel(116)=Phi:time31.63:originwild:dis:year2012;
  INPUT ---       blabel(117)=Phi:time35.5:originwild:dis:year2012;
  INPUT ---       blabel(118)=Phi:time41.93:originwild:dis:year2012;
  INPUT ---       blabel(119)=Phi:time45.63:originwild:dis:year2012;
  INPUT ---       blabel(120)=Phi:time61.63:originwild:dis:year2012;
  INPUT ---       blabel(121)=p:(Intercept);
  INPUT ---       blabel(122)=p:time9.81;
  INPUT ---       blabel(123)=p:time18.14;
  INPUT ---       blabel(124)=p:time25.84;
  INPUT ---       blabel(125)=p:time31.63;
  INPUT ---       blabel(126)=p:time35.5;
  INPUT ---       blabel(127)=p:time41.93;
  INPUT ---       blabel(128)=p:time45.63;
  INPUT ---       blabel(129)=p:time61.63;
  INPUT ---       blabel(130)=p:year2011;
  INPUT ---       blabel(131)=p:year2012;
  INPUT ---       rlabel(1)=Phi ghatchery2010 c1 a0 t1;
  INPUT ---       rlabel(2)=Phi ghatchery2010 c1 a1.9 t2.9;
  INPUT ---       rlabel(3)=Phi ghatchery2010 c1 a8.81 t9.81;
  INPUT ---       rlabel(4)=Phi ghatchery2010 c1 a17.14 t18.14;
  INPUT ---       rlabel(5)=Phi ghatchery2010 c1 a24.84 t25.84;
  INPUT ---       rlabel(6)=Phi ghatchery2010 c1 a30.63 t31.63;
  INPUT ---       rlabel(7)=Phi ghatchery2010 c1 a34.5 t35.5;
  INPUT ---       rlabel(8)=Phi ghatchery2010 c1 a40.93 t41.93;
  INPUT ---       rlabel(9)=Phi ghatchery2010 c1 a44.63 t45.63;
  INPUT ---       rlabel(10)=Phi ghatchery2010 c1 a60.63 t61.63;

  Program  MARK  - Survival Rate Estimation with Capture-Recapture Data
   gfortran(dble/PIM2) Vers. 10.1 March 2023  17-Jun-2024 12:37:39    Page  018
 - - - - - - - - - - - - - - - - - - - - - - - - - - - - - - - - - - - - - -
 
  INPUT ---       rlabel(11)=Phi gwild2010 c1 a0 t1;
  INPUT ---       rlabel(12)=Phi gwild2010 c1 a1.9 t2.9;
  INPUT ---       rlabel(13)=Phi gwild2010 c1 a8.81 t9.81;
  INPUT ---       rlabel(14)=Phi gwild2010 c1 a17.14 t18.14;
  INPUT ---       rlabel(15)=Phi gwild2010 c1 a24.84 t25.84;
  INPUT ---       rlabel(16)=Phi gwild2010 c1 a30.63 t31.63;
  INPUT ---       rlabel(17)=Phi gwild2010 c1 a34.5 t35.5;
  INPUT ---       rlabel(18)=Phi gwild2010 c1 a40.93 t41.93;
  INPUT ---       rlabel(19)=Phi gwild2010 c1 a44.63 t45.63;
  INPUT ---       rlabel(20)=Phi gwild2010 c1 a60.63 t61.63;
  INPUT ---       rlabel(21)=Phi ghatchery2011 c1 a0 t1;
  INPUT ---       rlabel(22)=Phi ghatchery2011 c1 a1.9 t2.9;
  INPUT ---       rlabel(23)=Phi ghatchery2011 c1 a8.81 t9.81;
  INPUT ---       rlabel(24)=Phi ghatchery2011 c1 a17.14 t18.14;
  INPUT ---       rlabel(25)=Phi ghatchery2011 c1 a24.84 t25.84;
  INPUT ---       rlabel(26)=Phi ghatchery2011 c1 a30.63 t31.63;
  INPUT ---       rlabel(27)=Phi ghatchery2011 c1 a34.5 t35.5;
  INPUT ---       rlabel(28)=Phi ghatchery2011 c1 a40.93 t41.93;
  INPUT ---       rlabel(29)=Phi ghatchery2011 c1 a44.63 t45.63;
  INPUT ---       rlabel(30)=Phi ghatchery2011 c1 a60.63 t61.63;
  INPUT ---       rlabel(31)=Phi gwild2011 c1 a0 t1;
  INPUT ---       rlabel(32)=Phi gwild2011 c1 a1.9 t2.9;
  INPUT ---       rlabel(33)=Phi gwild2011 c1 a8.81 t9.81;
  INPUT ---       rlabel(34)=Phi gwild2011 c1 a17.14 t18.14;
  INPUT ---       rlabel(35)=Phi gwild2011 c1 a24.84 t25.84;
  INPUT ---       rlabel(36)=Phi gwild2011 c1 a30.63 t31.63;
  INPUT ---       rlabel(37)=Phi gwild2011 c1 a34.5 t35.5;
  INPUT ---       rlabel(38)=Phi gwild2011 c1 a40.93 t41.93;
  INPUT ---       rlabel(39)=Phi gwild2011 c1 a44.63 t45.63;
  INPUT ---       rlabel(40)=Phi gwild2011 c1 a60.63 t61.63;
  INPUT ---       rlabel(41)=Phi ghatchery2012 c1 a0 t1;
  INPUT ---       rlabel(42)=Phi ghatchery2012 c1 a1.9 t2.9;
  INPUT ---       rlabel(43)=Phi ghatchery2012 c1 a8.81 t9.81;
  INPUT ---       rlabel(44)=Phi ghatchery2012 c1 a17.14 t18.14;
  INPUT ---       rlabel(45)=Phi ghatchery2012 c1 a24.84 t25.84;
  INPUT ---       rlabel(46)=Phi ghatchery2012 c1 a30.63 t31.63;
  INPUT ---       rlabel(47)=Phi ghatchery2012 c1 a34.5 t35.5;
  INPUT ---       rlabel(48)=Phi ghatchery2012 c1 a40.93 t41.93;
  INPUT ---       rlabel(49)=Phi ghatchery2012 c1 a44.63 t45.63;
  INPUT ---       rlabel(50)=Phi ghatchery2012 c1 a60.63 t61.63;
  INPUT ---       rlabel(51)=Phi gwild2012 c1 a0 t1;
  INPUT ---       rlabel(52)=Phi gwild2012 c1 a1.9 t2.9;
  INPUT ---       rlabel(53)=Phi gwild2012 c1 a8.81 t9.81;
  INPUT ---       rlabel(54)=Phi gwild2012 c1 a17.14 t18.14;
  INPUT ---       rlabel(55)=Phi gwild2012 c1 a24.84 t25.84;
  INPUT ---       rlabel(56)=Phi gwild2012 c1 a30.63 t31.63;

  Program  MARK  - Survival Rate Estimation with Capture-Recapture Data
   gfortran(dble/PIM2) Vers. 10.1 March 2023  17-Jun-2024 12:37:39    Page  019
 - - - - - - - - - - - - - - - - - - - - - - - - - - - - - - - - - - - - - -
 
  INPUT ---       rlabel(57)=Phi gwild2012 c1 a34.5 t35.5;
  INPUT ---       rlabel(58)=Phi gwild2012 c1 a40.93 t41.93;
  INPUT ---       rlabel(59)=Phi gwild2012 c1 a44.63 t45.63;
  INPUT ---       rlabel(60)=Phi gwild2012 c1 a60.63 t61.63;
  INPUT ---       rlabel(61)=p ghatchery2010 c1 a1.9 t2.9;
  INPUT ---       rlabel(62)=p ghatchery2010 c1 a8.81 t9.81;
  INPUT ---       rlabel(63)=p ghatchery2010 c1 a17.14 t18.14;
  INPUT ---       rlabel(64)=p ghatchery2010 c1 a24.84 t25.84;
  INPUT ---       rlabel(65)=p ghatchery2010 c1 a30.63 t31.63;
  INPUT ---       rlabel(66)=p ghatchery2010 c1 a34.5 t35.5;
  INPUT ---       rlabel(67)=p ghatchery2010 c1 a40.93 t41.93;
  INPUT ---       rlabel(68)=p ghatchery2010 c1 a44.63 t45.63;
  INPUT ---       rlabel(69)=p ghatchery2010 c1 a60.63 t61.63;
  INPUT ---       rlabel(70)=p ghatchery2011 c1 a1.9 t2.9;
  INPUT ---       rlabel(71)=p ghatchery2011 c1 a8.81 t9.81;
  INPUT ---       rlabel(72)=p ghatchery2011 c1 a17.14 t18.14;
  INPUT ---       rlabel(73)=p ghatchery2011 c1 a24.84 t25.84;
  INPUT ---       rlabel(74)=p ghatchery2011 c1 a30.63 t31.63;
  INPUT ---       rlabel(75)=p ghatchery2011 c1 a34.5 t35.5;
  INPUT ---       rlabel(76)=p ghatchery2011 c1 a40.93 t41.93;
  INPUT ---       rlabel(77)=p ghatchery2011 c1 a44.63 t45.63;
  INPUT ---       rlabel(78)=p ghatchery2011 c1 a60.63 t61.63;
  INPUT ---       rlabel(79)=p ghatchery2012 c1 a1.9 t2.9;
  INPUT ---       rlabel(80)=p ghatchery2012 c1 a8.81 t9.81;
  INPUT ---       rlabel(81)=p ghatchery2012 c1 a17.14 t18.14;
  INPUT ---       rlabel(82)=p ghatchery2012 c1 a24.84 t25.84;
  INPUT ---       rlabel(83)=p ghatchery2012 c1 a30.63 t31.63;
  INPUT ---       rlabel(84)=p ghatchery2012 c1 a34.5 t35.5;
  INPUT ---       rlabel(85)=p ghatchery2012 c1 a40.93 t41.93;
  INPUT ---       rlabel(86)=p ghatchery2012 c1 a44.63 t45.63;
  INPUT ---       rlabel(87)=p ghatchery2012 c1 a60.63 t61.63;
  INPUT ---       rlabel(88)=p ghatchery2010 c1 a83.62 t84.62;
   Model is { Phi(~time * origin * dis * year)p(~time + year) }

 Link Function Used is LOGIT        

 Variance Estimation Procedure Used is 2ndPart 
 -2logL(saturated) = 0.0000000     
 Effective Sample Size = 18772

 Number of function evaluations was 429 for 131 parameters.
 For numerical optimization, CPU Time was 10.414 minutes and System Time was 98.843 seconds.
 -2logL { Phi(~time * origin * dis * year)p(~time + year) } = 12838.723     
 Penalty { Phi(~time * origin * dis * year)p(~time + year) } = 0.0000000     

   * *  WARNING  * *   Numerical underflow occurred during optimization of this model. 

  Program  MARK  - Survival Rate Estimation with Capture-Recapture Data
   gfortran(dble/PIM2) Vers. 10.1 March 2023  17-Jun-2024 12:39:18    Page  020
 - - - - - - - - - - - - - - - - - - - - - - - - - - - - - - - - - - - - - -
 
     IEEE flag status at end of optimization:
     overflow       F
     divide by zero F
     invalid        F
     underflow      T
     inexact        T

 Gradient { Phi(~time * origin * dis * year)p(~time + year) }:
 -0.44259905     -0.14782532     -0.75901260E-01 -0.11027475     -0.13601250E-01
 -0.18492924E-01 -0.17429174E-01  0.58206139E-01 -0.80707811E-01 -0.35025508E-01
 -0.52543485     -0.21016517E-01 -0.19295692      0.32150272     -0.14263792    
  0.36450581E-01 -0.60833701E-01 -0.33659895E-01 -0.32034668E-01 -0.95098085E-01
  0.63389960E-02 -0.13853920     -0.64759889E-01 -0.42142339E-01 -0.12350776E-01
  0.87790785E-02 -0.15953914E-01  0.33814057E-02  0.16144560     -0.47128695E-01
 -0.48375194E-01 -0.28265571E-01  0.92541267E-01 -0.53133073E-01 -0.29912072E-01
 -0.21532270E-01  0.15035159E-02  0.13553889E-01  0.80628064E-01 -0.29635321E-01
 -0.10186722     -0.52101540E-01 -0.18895154E-01 -0.51296684E-01  0.67738429E-01
   0.0000000     -0.32040702E-01  0.37652539E-01  0.15347129E-01  0.11502489    
  0.18865738      0.10186061E-01  0.16627324E-02 -0.24196353     -0.20691779E-02
 -0.32904604E-01 -0.11475623E-01 -0.25986318E-01 -0.53078379E-02  0.71329479E-03
  0.15059507     -0.88862144E-02  0.70347798E-01 -0.44259899E-01 -0.24127643E-01
   0.0000000     -0.21536855E-01  0.15239985E-02   0.0000000      0.89452144E-01
 -0.86608504E-02  0.11729964E-01 -0.38104236E-01 -0.75964661E-01  0.80926538E-02
  0.25623098E-01   0.0000000     -0.32029352E-01 -0.31567354E-01  0.15378186E-01
  0.14932643E-01  0.77532186E-01 -0.75475231E-01 -0.76404318E-02 -0.48448144E-01
 -0.20433637E-01  0.26753444E-02  0.10500252     -0.19487459E-01 -0.86725345E-01
 -0.91123086E-01 -0.15631813E-02 -0.20121933E-02 -0.98027277E-03   0.0000000    
  0.71308610E-03  0.65134759E-02 -0.41730382E-03 -0.83125251E-03 -0.34726068E-02
 -0.10890154     -0.47260645E-02 -0.46704447E-01   0.0000000     -0.48417104E-01
 -0.20429023E-01   0.0000000      0.91012880E-01 -0.86608927E-02  0.44169825E-02
 -0.79937553E-01 -0.29187567E-03 -0.17913624E-03 -0.17294156E-02   0.0000000    
  0.71321794E-03  0.26638166E-02 -0.41731163E-03 -0.33276567E-03 -0.51460747E-02
 -0.59315102     -0.25481703     -0.92136128E-03 -0.10582914     -0.13698093    
  0.42601665E-01 -0.69383504E-01 -0.64795342E-01  0.48908729E-01  0.17088376    
 -0.63918159    
 Maximum ABS(G) { Phi(~time * origin * dis * year)p(~time + year) } = 0.6391816     
 To compute VC matrix, CPU Time was 5.109 minutes and System Time was 43.953 seconds.

  Program  MARK  - Survival Rate Estimation with Capture-Recapture Data
   gfortran(dble/PIM2) Vers. 10.1 March 2023  17-Jun-2024 12:40:02    Page  021
 - - - - - - - - - - - - - - - - - - - - - - - - - - - - - - - - - - - - - -
 
 S Vector { Phi(~time * origin * dis * year)p(~time + year) }:
   1680.136      1268.750      592.4599      384.5843      323.9238    
   271.6989      266.5073      211.2155      150.5335      144.9401    
   139.3231      129.9296      129.4082      100.2941      99.37578    
   93.48010      83.46669      81.06464      76.31724      70.30113    
   66.69057      62.73852      54.36056      50.22994      48.32351    
   46.04009      45.40751      40.13626      36.49006      30.58724    
   28.18229      24.90129      23.79181      22.38895      20.45300    
   17.25995      15.90112      13.81307      12.82324      11.96759    
   11.18007      10.57834      9.530896      8.982419      8.579528    
   7.871937      7.471214      6.718168      6.144313      5.281140    
   4.283350      3.953043      3.593708      3.484289      3.285213    
   2.618280      2.262862      1.956122      1.654299      1.423618    
   1.358122      1.160529      1.132564      1.003437     0.9261393    
  0.8829683     0.8569901     0.4237163     0.4173055     0.4021695    
  0.2283629     0.2136206     0.2076520     0.1531513     0.1350509    
  0.1285798     0.1119298     0.1050248     0.1026217     0.9090358E-01
  0.6355752E-01 0.5956807E-01 0.4699536E-01 0.4492015E-01 0.3560272E-01
  0.3428547E-01 0.2607532E-01 0.2260399E-01 0.2004159E-01 0.1581562E-01
  0.1472843E-01 0.1430730E-01 0.1112210E-01 0.1081589E-01 0.1012132E-01
  0.9371862E-02 0.9342831E-02 0.6042886E-02 0.4497633E-02 0.3434073E-02
  0.2563235E-02 0.2303195E-02 0.1595637E-02 0.1428481E-02 0.1157036E-02
  0.7489904E-03 0.7131562E-03 0.6230128E-03 0.4802684E-03 0.3141939E-03
  0.3011818E-03 0.2986716E-03 0.1606279E-03 0.1409841E-03 0.2123168E-04
  0.1793803E-04 0.1599319E-04 0.1005300E-06 0.8295528E-07 0.5167534E-07
  0.9193244E-08 0.8175779E-09 0.4039414E-09 0.1057431E-15 0.8661412E-16
  0.5616631E-17 0.1907646E-17 0.9160043E-19 0.4682729E-19 0.1020090E-19
  0.1031454E-21
 To invert VC matrix, CPU Time was 0.001 seconds and System Time was 0.001 seconds.
 Ratio Threshold = 50.000000       Max Gap (123/124) = 3820025.2       Next Max Gap (117/118) = 159.08872     
 Gap Method for Num. of Estimated Parameters { Phi(~time * origin * dis * year)p(~time + year) } = 117          
 Threshold { Phi(~time * origin * dis * year)p(~time + year) } = 1.2783632               
 Numerical Threshold Method for Num. of Estimated Parameters { Phi(~time * origin * dis * year)p(~time + year) } = 61          
 Number of Estimated Parameters { Phi(~time * origin * dis * year)p(~time + year) } = 117          

   * *  WARNING  * *   Number of parameters estimated from gap method (=117) and threshold method (=61) differ.  Inspect full output. 

  Program  MARK  - Survival Rate Estimation with Capture-Recapture Data
   gfortran(dble/PIM2) Vers. 10.1 March 2023  17-Jun-2024 12:40:02    Page  022
 - - - - - - - - - - - - - - - - - - - - - - - - - - - - - - - - - - - - - -
 
 Ratios of S Vector { Phi(~time * origin * dis * year)p(~time + year) }:
   1/2    1.324246       2/3    2.141494       3/4    1.540520       4/5    1.187268       5/6    1.192216    
   6/7    1.019480       7/8    1.261779       8/9    1.403113       9/10    1.038591       10/11    1.040316    
   11/12    1.072297       12/13    1.004030       13/14    1.290287       14/15    1.009241       15/16    1.063069    
   16/17    1.119969       17/18    1.029631       18/19    1.062206       19/20    1.085576       20/21    1.054139    
   21/22    1.062993       22/23    1.154118       23/24    1.082234       24/25    1.039451       25/26    1.049596    
   26/27    1.013931       27/28    1.131334       28/29    1.099923       29/30    1.192983       30/31    1.085335    
   31/32    1.131760       32/33    1.046633       33/34    1.062658       34/35    1.094654       35/36    1.184998    
   36/37    1.085455       37/38    1.151165       38/39    1.077190       39/40    1.071497       40/41    1.070440    
   41/42    1.056884       42/43    1.109899       43/44    1.061061       44/45    1.046960       45/46    1.089888    
   46/47    1.053636       47/48    1.112091       48/49    1.093396       49/50    1.163444       50/51    1.232946    
   51/52    1.083558       52/53    1.099990       53/54    1.031404       54/55    1.060597       55/56    1.254722    
   56/57    1.157066       57/58    1.156810       58/59    1.182448       59/60    1.162038       60/61    1.048226    
   61/62    1.170261       62/63    1.024691       63/64    1.128685       64/65    1.083462       65/66    1.048893    
   66/67    1.030313       67/68    2.022556       68/69    1.015363       69/70    1.037636       70/71    1.761098    
   71/72    1.069011       72/73    1.028743       73/74    1.355862       74/75    1.134027       75/76    1.050327    
   76/77    1.148754       77/78    1.065747       78/79    1.023417       79/80    1.128907       80/81    1.430257    
   81/82    1.066973       82/83    1.267531       83/84    1.046198       84/85    1.261706       85/86    1.038420    
   86/87    1.314863       87/88    1.153571       88/89    1.127854       89/90    1.267202       90/91    1.073816    
   91/92    1.029434       92/93    1.286385       93/94    1.028311       94/95    1.068624       95/96    1.079969    
   96/97    1.003107       97/98    1.546088       98/99    1.343570       99/100    1.309708       100/101    1.339742    
   101/102    1.112904       102/103    1.443433       103/104    1.117016       104/105    1.234604       105/106    1.544794    
   106/107    1.050247       107/108    1.144690       108/109    1.297218       109/110    1.528573       110/111    1.043204    
   111/112    1.008404       112/113    1.859401       113/114    1.139333       114/115    6.640270       115/116    1.183613    
   116/117    1.121604       117/118    159.0887       118/119    1.211858       119/120    1.605317       120/121    5.621013    
   121/122    11.24449       122/123    2.024001       123/124    3820025.       124/125    1.220853       125/126    15.42101    
   126/127    2.944273       127/128    20.82573       128/129    1.956133       129/130    4.590507       130/131    98.89823    
 DEVIANCE { Phi(~time * origin * dis * year)p(~time + year) } = 12838.723               
 DEVIANCE Degrees of Freedom { Phi(~time * origin * dis * year)p(~time + year) } = 184          
 c-hat { Phi(~time * origin * dis * year)p(~time + year) } = 69.775671               
 AIC { Phi(~time * origin * dis * year)p(~time + year) } = 12960.723               
 AICc { Phi(~time * origin * dis * year)p(~time + year) } = 12961.128               
 BIC { Phi(~time * origin * dis * year)p(~time + year) } = 13438.971               
 Pearson Chisquare { Phi(~time * origin * dis * year)p(~time + year) } = 0.0000000               
 Possible Encounter Histories { Phi(~time * origin * dis * year)p(~time + year) } = 6144          
 Pearson Chisquare df { Phi(~time * origin * dis * year)p(~time + year) } = 6077          
 Pearson chat { Phi(~time * origin * dis * year)p(~time + year) } = 0.0000000               
 Sum(Observed/Expected) { Phi(~time * origin * dis * year)p(~time + year) } = 0.0000000               
 Fletcher chat { Phi(~time * origin * dis * year)p(~time + year) } = 1.0000000               

   * *  WARNING  * *   Numerical underflow occurred during variance-covariance calculation of this model. 
     IEEE flag status at end of variance-covariance calculation:
     overflow       F
     divide by zero F
     invalid        T
     underflow      T
     inexact        T



  LOGIT Link Function Parameters of { Phi(~time * origin * dis * year)p(~time + year) }
                                                              95% Confidence Interval
    Parameter                  Beta         Standard Error     Lower           Upper
 -------------------------  --------------  --------------  --------------  --------------
    1:Phi:(Intercept)        110.31834       0.0000000       110.31834       110.31834    
    2:Phi:time2.9           -114.15571       0.0000000      -114.15571      -114.15571    
    3:Phi:time9.81          -2054.2820       0.0000000      -2054.2820      -2054.2820    
    4:Phi:time18.14         -152.97957       0.0000000      -152.97957      -152.97957    

  Program  MARK  - Survival Rate Estimation with Capture-Recapture Data
   gfortran(dble/PIM2) Vers. 10.1 March 2023  17-Jun-2024 12:40:02    Page  023
 - - - - - - - - - - - - - - - - - - - - - - - - - - - - - - - - - - - - - -
 
    5:Phi:time25.84         -108.52621       10.666358      -129.43227      -87.620150    
    6:Phi:time31.63         -5.5449038       0.0000000      -5.5449038      -5.5449038    
    7:Phi:time35.5           1292.2229       0.0000000       1292.2229       1292.2229    
    8:Phi:time41.93         -111.72034       4.9155505      -121.35482      -102.08586    
    9:Phi:time45.63         -120.57506       0.0000000      -120.57506      -120.57506    
   10:Phi:time61.63         -109.69968       0.0000000      -109.69968      -109.69968    
   11:Phi:originwild        -252.22559       0.0000000      -252.22559      -252.22559    
   12:Phi:dis               -126.84378       0.0000000      -126.84378      -126.84378    
   13:Phi:year2011           113.01649       0.0000000       113.01649       113.01649    
   14:Phi:year2012           169.70976       0.0000000       169.70976       169.70976    
   15:Phi:time2.9:originwi   251.66032       0.0000000       251.66032       251.66032    
   16:Phi:time9.81:originw   2213.0778       0.0000000       2213.0778       2213.0778    
   17:Phi:time18.14:origin  -626.79091       0.0000000      -626.79091      -626.79091    
   18:Phi:time25.84:origin   259.71465       0.0000000       259.71465       259.71465    
   19:Phi:time31.63:origin   198.16883       0.0000000       198.16883       198.16883    
   20:Phi:time35.5:originw  -1157.6392       0.0000000      -1157.6392      -1157.6392    
   21:Phi:time41.93:origin  -1316.5665       0.0000000      -1316.5665      -1316.5665    
   22:Phi:time45.63:origin   276.24849       0.0000000       276.24849       276.24849    
   23:Phi:time61.63:origin   231.66360       0.0000000       231.66360       231.66360    
   24:Phi:time2.9:dis        118.81527       0.0000000       118.81527       118.81527    
   25:Phi:time9.81:dis      -1742.0174       0.0000000      -1742.0174      -1742.0174    
   26:Phi:time18.14:dis      81.234233       0.0000000       81.234233       81.234233    
   27:Phi:time25.84:dis      122.83079       9.8479400       103.52883       142.13276    
   28:Phi:time31.63:dis     -4.1372761       0.0000000      -4.1372761      -4.1372761    
   29:Phi:time35.5:dis       1348.2906       0.0000000       1348.2906       1348.2906    
   30:Phi:time41.93:dis      122.48510       4.6169413       113.43589       131.53430    
   31:Phi:time45.63:dis      113.72756       0.0000000       113.72756       113.72756    
   32:Phi:time61.63:dis      123.13017       0.0000000       123.13017       123.13017    
   33:Phi:originwild:dis    -188.38970       0.0000000      -188.38970      -188.38970    
   34:Phi:time2.9:year2011   437.13263       0.0000000       437.13263       437.13263    
   35:Phi:time9.81:year201   1836.9057       0.0000000       1836.9057       1836.9057    
   36:Phi:time18.14:year20   177.49076       0.0000000       177.49076       177.49076    
   37:Phi:time25.84:year20   81.469948       6.6661879       68.404220       94.535677    
   38:Phi:time31.63:year20  -210.14067       0.0000000      -210.14067      -210.14067    
   39:Phi:time35.5:year201  -1510.2142       0.0000000      -1510.2142      -1510.2142    
   40:Phi:time41.93:year20  -107.34178       4.7680712      -116.68720      -97.996359    
   41:Phi:time45.63:year20  -97.043529       0.0000000      -97.043529      -97.043529    
   42:Phi:time61.63:year20  -109.21577       0.0000000      -109.21577      -109.21577    
   43:Phi:time2.9:year2012  -131.50742       0.0000000      -131.50742      -131.50742    
   44:Phi:time9.81:year201   1781.4296       0.0000000       1781.4296       1781.4296    
   45:Phi:time18.14:year20  -121.06518       0.0000000      -121.06518      -121.06518    
   46:Phi:time25.84:year20   67.933829       0.0000000       67.933829       67.933829    
   47:Phi:time31.63:year20   60.663582       0.0000000       60.663582       60.663582    
   48:Phi:time35.5:year201  -1567.7983       0.0000000      -1567.7983      -1567.7983    
   49:Phi:time41.93:year20   53.148039       0.0000000       53.148039       53.148039    
   50:Phi:time45.63:year20  -154.18348       0.0000000      -154.18348      -154.18348    

  Program  MARK  - Survival Rate Estimation with Capture-Recapture Data
   gfortran(dble/PIM2) Vers. 10.1 March 2023  17-Jun-2024 12:40:02    Page  024
 - - - - - - - - - - - - - - - - - - - - - - - - - - - - - - - - - - - - - -
 
   51:Phi:time61.63:year20  -165.47367       0.0000000      -165.47367      -165.47367    
   52:Phi:originwild:year2   470.69915       0.0000000       470.69915       470.69915    
   53:Phi:originwild:year2   83.205928       0.0000000       83.205928       83.205928    
   54:Phi:dis:year2011       86.064645       0.0000000       86.064645       86.064645    
   55:Phi:dis:year2012       172.93949       0.0000000       172.93949       172.93949    
   56:Phi:time2.9:originwi   187.04253       0.0000000       187.04253       187.04253    
   57:Phi:time9.81:originw   2067.4810       0.0000000       2067.4810       2067.4810    
   58:Phi:time18.14:origin  -654.77674       0.0000000      -654.77674      -654.77674    
   59:Phi:time25.84:origin   195.43562       0.0000000       195.43562       195.43562    
   60:Phi:time31.63:origin   70.385065       8347.9253      -16291.549       16432.319    
   61:Phi:time35.5:originw  -1043.9606       0.0000000      -1043.9606      -1043.9606    
   62:Phi:time41.93:origin  -1316.2940       0.0000000      -1316.2940      -1316.2940    
   63:Phi:time45.63:origin   210.38272       0.0000000       210.38272       210.38272    
   64:Phi:time61.63:origin   169.51305       0.0000000       169.51305       169.51305    
   65:Phi:time2.9:originwi  -1013.2533       0.0000000      -1013.2533      -1013.2533    
   66:Phi:time9.81:originw  -2256.1729       0.0000000      -2256.1729      -2256.1729    
   67:Phi:time18.14:origin   163.46799       0.0000000       163.46799       163.46799    
   68:Phi:time25.84:origin  -670.44744       0.0000000      -670.44744      -670.44744    
   69:Phi:time31.63:origin   189.41856       0.0000000       189.41856       189.41856    
   70:Phi:time35.5:originw   939.87981       0.0000000       939.87981       939.87981    
   71:Phi:time41.93:origin   2701.0482       0.0000000       2701.0482       2701.0482    
   72:Phi:time45.63:origin  -495.15711       0.0000000      -495.15711      -495.15711    
   73:Phi:time61.63:origin  -450.01783       0.0000000      -450.01783      -450.01783    
   74:Phi:time2.9:originwi  -112.16882       0.0000000      -112.16882      -112.16882    
   75:Phi:time9.81:originw  -1953.3102       0.0000000      -1953.3102      -1953.3102    
   76:Phi:time18.14:origin   795.08813       0.0000000       795.08813       795.08813    
   77:Phi:time25.84:origin  -91.464089       0.5538199E+09  -0.1085487E+10   0.1085487E+10
   78:Phi:time31.63:origin  -342.00295       0.0000000      -342.00295      -342.00295    
   79:Phi:time35.5:originw   1326.7928       0.0000000       1326.7928       1326.7928    
   80:Phi:time41.93:origin   1272.5920       0.0000000       1272.5920       1272.5920    
   81:Phi:time45.63:origin  -75.727472       0.0000000      -75.727472      -75.727472    
   82:Phi:time61.63:origin  -62.656693       0.0000000      -62.656693      -62.656693    
   83:Phi:time2.9:dis:year  -271.32150       0.0000000      -271.32150      -271.32150    
   84:Phi:time9.81:dis:yea   1782.8640       0.0000000       1782.8640       1782.8640    
   85:Phi:time18.14:dis:ye   14.936764       0.0000000       14.936764       14.936764    
   86:Phi:time25.84:dis:ye  -50.697621       2.5211516      -55.639078      -45.756164    
   87:Phi:time31.63:dis:ye   43.480626       0.0000000       43.480626       43.480626    
   88:Phi:time35.5:dis:yea  -1307.2696       0.0000000      -1307.2696      -1307.2696    
   89:Phi:time41.93:dis:ye  -81.441028       4.6148185      -90.486072      -72.395984    
   90:Phi:time45.63:dis:ye  -73.814825       0.0000000      -73.814825      -73.814825    
   91:Phi:time61.63:dis:ye  -82.475485       0.0000000      -82.475485      -82.475485    
   92:Phi:time2.9:dis:year   282.45157       0.0000000       282.45157       282.45157    
   93:Phi:time9.81:dis:yea   1718.8175       0.0000000       1718.8175       1718.8175    
   94:Phi:time18.14:dis:ye  -127.00611       0.0000000      -127.00611      -127.00611    
   95:Phi:time25.84:dis:ye  -152.69296       0.0000000      -152.69296      -152.69296    
   96:Phi:time31.63:dis:ye  -129.97539       0.0000000      -129.97539      -129.97539    

  Program  MARK  - Survival Rate Estimation with Capture-Recapture Data
   gfortran(dble/PIM2) Vers. 10.1 March 2023  17-Jun-2024 12:40:02    Page  025
 - - - - - - - - - - - - - - - - - - - - - - - - - - - - - - - - - - - - - -
 
   97:Phi:time35.5:dis:yea  -1394.2219       0.0000000      -1394.2219      -1394.2219    
   98:Phi:time41.93:dis:ye   620.35282       0.0000000       620.35282       620.35282    
   99:Phi:time45.63:dis:ye  -160.56005       0.0000000      -160.56005      -160.56005    
  100:Phi:time61.63:dis:ye  -169.80832       0.0000000      -169.80832      -169.80832    
  101:Phi:originwild:dis:y   105.46456       0.0000000       105.46456       105.46456    
  102:Phi:originwild:dis:y   285.94985       0.0000000       285.94985       285.94985    
  103:Phi:time2.9:originwi   89.474625       0.0000000       89.474625       89.474625    
  104:Phi:time9.81:originw  -1926.0107       0.2871533E+10  -0.5628206E+10   0.5628202E+10
  105:Phi:time18.14:origin   683.28860       0.0000000       683.28860       683.28860    
  106:Phi:time25.84:origin  -143.37068       0.0000000      -143.37068      -143.37068    
  107:Phi:time31.63:origin  -115.51789       0.0000000      -115.51789      -115.51789    
  108:Phi:time35.5:originw   1125.8296       0.0000000       1125.8296       1125.8296    
  109:Phi:time41.93:origin   830.04806       0.0000000       830.04806       830.04806    
  110:Phi:time45.63:origin  -127.16444       0.0000000      -127.16444      -127.16444    
  111:Phi:time61.63:origin  -86.858840       0.0000000      -86.858840      -86.858840    
  112:Phi:time2.9:originwi  -729.06352       0.0000000      -729.06352      -729.06352    
  113:Phi:time9.81:originw  -712.28035       0.0000000      -712.28035      -712.28035    
  114:Phi:time18.14:origin   558.77480       0.0000000       558.77480       558.77480    
  115:Phi:time25.84:origin  -357.25885       0.0000000      -357.25885      -357.25885    
  116:Phi:time31.63:origin   200.71944       0.0000000       200.71944       200.71944    
  117:Phi:time35.5:originw   945.28576       0.0000000       945.28576       945.28576    
  118:Phi:time41.93:origin   488.82590       0.0000000       488.82590       488.82590    
  119:Phi:time45.63:origin   193.94384       0.0000000       193.94384       193.94384    
  120:Phi:time61.63:origin  -267.17796       0.0000000      -267.17796      -267.17796    
  121:p:(Intercept)          3.2290667       0.1258664       2.9823685       3.4757649    
  122:p:time9.81            -0.2009938       0.1598930      -0.5143841       0.1123966    
  123:p:time18.14           -0.8562189       0.1431832      -1.1368580      -0.5755797    
  124:p:time25.84           -0.7247501       0.1462397      -1.0113800      -0.4381203    
  125:p:time31.63           -0.9246227       0.1421737      -1.2032832      -0.6459621    
  126:p:time35.5             0.4759739       0.1923686       0.0989314       0.8530164    
  127:p:time41.93           -0.8203878       0.1464701      -1.1074692      -0.5333064    
  128:p:time45.63           -0.3894353       0.1621230      -0.7071963      -0.0716743    
  129:p:time61.63           -0.4653594       0.1712816      -0.8010712      -0.1296475    
  130:p:year2011             0.5480810       0.0915926       0.3685595       0.7276025    
  131:p:year2012            -0.1618770       0.0765197      -0.3118556      -0.0118984    


     Real Function Parameters of { Phi(~time * origin * dis * year)p(~time + year) }

      Following estimates based on unstandardized individual covariate values:
          Variable                 Value        
          ----------------------  ------------- 
          DIS                     -0.1109058E-09
                                                               95% Confidence Interval
     Parameter                Estimate       Standard Error     Lower           Upper
 --------------------------  --------------  --------------  --------------  --------------

  Program  MARK  - Survival Rate Estimation with Capture-Recapture Data
   gfortran(dble/PIM2) Vers. 10.1 March 2023  17-Jun-2024 12:40:02    Page  026
 - - - - - - - - - - - - - - - - - - - - - - - - - - - - - - - - - - - - - -
 
     1:Phi ghatchery2010 c1   1.0000000       0.0000000       1.0000000       1.0000000       
     2:Phi ghatchery2010 c1   0.0210957       0.0000000       0.0210957       0.0210957       
     3:Phi ghatchery2010 c1  0.5562685E-308   0.0000000      0.5562685E-308  0.5562685E-308   
     4:Phi ghatchery2010 c1   0.2968000E-18   0.0000000       0.2968000E-18   0.2968000E-18   
     5:Phi ghatchery2010 c1   0.8571885       1.3227427       0.3807838E-08   1.0000000       
     6:Phi ghatchery2010 c1   1.0000000       0.0000000       1.0000000       1.0000000       
     7:Phi ghatchery2010 c1   1.0000000       0.0000000       1.0000000       1.0000000       
     8:Phi ghatchery2010 c1   0.1974998       0.8203915       0.9661932E-05   0.9998405       
     9:Phi ghatchery2010 c1   0.3511961E-04   0.7418142E-04   0.5591362E-06   0.0022012       
    10:Phi ghatchery2010 c1   0.6499137       0.0000000       0.6499137       0.6499137       
    11:Phi gwild2010 c1 a0    0.2346742E-61   0.0000000       0.2346742E-61   0.2346742E-61   
    12:Phi gwild2010 c1 a1.   0.0120968       0.0000000       0.0120968       0.0120968       
    13:Phi gwild2010 c1 a8.   1.0000000       0.0000000       1.0000000       1.0000000       
    14:Phi gwild2010 c1 a17  0.5562685E-308   0.0000000      0.5562685E-308  0.5562685E-308   
    15:Phi gwild2010 c1 a24   0.9999068       0.0012387       0.5130178E-07   1.0000000       
    16:Phi gwild2010 c1 a30   1.0000000       0.0000000       1.0000000       1.0000000       
    17:Phi gwild2010 c1 a34   0.6594005E-03   0.0000000       0.6594005E-03   0.6594005E-03   
    18:Phi gwild2010 c1 a40  0.5562685E-308   0.0000000      0.5562685E-308  0.5562685E-308   
    19:Phi gwild2010 c1 a44   0.9999989       0.3856881E-05   0.9986009       1.0000000       
    20:Phi gwild2010 c1 a60   0.2181321E-08   0.0000000       0.2181321E-08   0.2181321E-08   
    21:Phi ghatchery2011 c1   1.0000000       0.0000000       1.0000000       1.0000000       
    22:Phi ghatchery2011 c1   1.0000000       0.0000000       1.0000000       1.0000000       
    23:Phi ghatchery2011 c1   0.9974229       0.9817493E-03   0.9945675       0.9987793       
    24:Phi ghatchery2011 c1   1.0000000       0.0000000       1.0000000       1.0000000       
    25:Phi ghatchery2011 c1   1.0000000       0.0000000       1.0000000       1.0000000       
    26:Phi ghatchery2011 c1   0.9995238       0.4425308E-03   0.9970613       0.9999230       
    27:Phi ghatchery2011 c1   0.9952439       0.0016383       0.9906704       0.9975809       
    28:Phi ghatchery2011 c1   0.9862479       0.0036422       0.9769413       0.9918298       
    29:Phi ghatchery2011 c1   0.9967188       0.7623706E-03   0.9948282       0.9979197       
    30:Phi ghatchery2011 c1   0.9881016       0.0014231       0.9849636       0.9905910       
    31:Phi gwild2011 c1 a0    1.0000000       0.0000000       1.0000000       1.0000000       
    32:Phi gwild2011 c1 a1.   0.9605454       0.0127701       0.9263485       0.9792206       
    33:Phi gwild2011 c1 a8.   1.0000000       0.0000000       1.0000000       1.0000000       
    34:Phi gwild2011 c1 a17   0.9524233       0.0154419       0.9112288       0.9750253       
    35:Phi gwild2011 c1 a24   0.9823524       0.0125796       0.9306757       0.9956861       
    36:Phi gwild2011 c1 a30   1.0000000       0.0000000       1.0000000       1.0000000       
    37:Phi gwild2011 c1 a34   0.9976659       0.0039484       0.9390336       0.9999157       
    38:Phi gwild2011 c1 a40   1.0000000       0.0000000       1.0000000       1.0000000       
    39:Phi gwild2011 c1 a44   0.9949394       0.0038043       0.9781243       0.9988446       
    40:Phi gwild2011 c1 a60   0.9894258       0.0050490       0.9732172       0.9958668       
    41:Phi ghatchery2012 c1   1.0000000       0.0000000       1.0000000       1.0000000       
    42:Phi ghatchery2012 c1   1.0000000       0.0000000       1.0000000       1.0000000       
    43:Phi ghatchery2012 c1   0.9992357       0.0000000       0.9992357       0.9992357       
    44:Phi ghatchery2012 c1   0.9974860       0.9395567E-03   0.9947747       0.9987921       
    45:Phi ghatchery2012 c1   1.0000000       0.0000000       1.0000000       1.0000000       
    46:Phi ghatchery2012 c1   1.0000000       0.0000000       1.0000000       1.0000000       

  Program  MARK  - Survival Rate Estimation with Capture-Recapture Data
   gfortran(dble/PIM2) Vers. 10.1 March 2023  17-Jun-2024 12:40:02    Page  027
 - - - - - - - - - - - - - - - - - - - - - - - - - - - - - - - - - - - - - -
 
    47:Phi ghatchery2012 c1   0.9884872       0.0021417       0.9834364       0.9920103       
    48:Phi ghatchery2012 c1   1.0000000       0.0000000       1.0000000       1.0000000       
    49:Phi ghatchery2012 c1   0.9948805       0.0010290       0.9924122       0.9965486       
    50:Phi ghatchery2012 c1   0.9922690       0.0011028       0.9897785       0.9941562       
    51:Phi gwild2012 c1 a0    1.0000000       0.0000000       1.0000000       1.0000000       
    52:Phi gwild2012 c1 a1.   0.9921301       0.0023553       0.9858747       0.9956276       
    53:Phi gwild2012 c1 a8.   1.0000000       0.0000000       1.0000000       1.0000000       
    54:Phi gwild2012 c1 a17   0.9948362       0.0019586       0.9891602       0.9975475       
    55:Phi gwild2012 c1 a24   1.0000000       0.0000000       1.0000000       1.0000000       
    56:Phi gwild2012 c1 a30   1.0000000       0.0000000       1.0000000       1.0000000       
    57:Phi gwild2012 c1 a34   0.9899162       0.0029465       0.9821571       0.9943207       
    58:Phi gwild2012 c1 a40   0.9997886       0.0000000       0.9997886       0.9997886       
    59:Phi gwild2012 c1 a44   1.0000000       0.0000000       1.0000000       1.0000000       
    60:Phi gwild2012 c1 a60   0.9921705       0.0015986       0.9883259       0.9947556       
    61:p ghatchery2010 c1 a   0.9619136       0.0046112       0.9517712       0.9699903       
    62:p ghatchery2010 c1 a   0.9538264       0.0052245       0.9424357       0.9630515       
    63:p ghatchery2010 c1 a   0.9147332       0.0074092       0.8990451       0.9281783       
    64:p ghatchery2010 c1 a   0.9244439       0.0069485       0.9096471       0.9369853       
    65:p ghatchery2010 c1 a   0.9092444       0.0077128       0.8929513       0.9232707       
    66:p ghatchery2010 c1 a   0.9759914       0.0037423       0.9674541       0.9823301       
    67:p ghatchery2010 c1 a   0.9174867       0.0075639       0.9013975       0.9311511       
    68:p ghatchery2010 c1 a   0.9447802       0.0064149       0.9307733       0.9560868       
    69:p ghatchery2010 c1 a   0.9406828       0.0075522       0.9240315       0.9538666       
    70:p ghatchery2011 c1 a   0.9776243       0.0029063       0.9711605       0.9826652       
    71:p ghatchery2011 c1 a   0.9727786       0.0033306       0.9654315       0.9785988       
    72:p ghatchery2011 c1 a   0.9488714       0.0050138       0.9381019       0.9578513       
    73:p ghatchery2011 c1 a   0.9548859       0.0046415       0.9448629       0.9631580       
    74:p ghatchery2011 c1 a   0.9454491       0.0052604       0.9341721       0.9548875       
    75:p ghatchery2011 c1 a   0.9859796       0.0022853       0.9807177       0.9898205       
    76:p ghatchery2011 c1 a   0.9505820       0.0050716       0.9396392       0.9596262       
    77:p ghatchery2011 c1 a   0.9673183       0.0040571       0.9583607       0.9744004       
    78:p ghatchery2011 c1 a   0.9648310       0.0047644       0.9541998       0.9730641       
    79:p ghatchery2012 c1 a   0.9555189       0.0052221       0.9440844       0.9647025       
    80:p ghatchery2012 c1 a   0.9461499       0.0058739       0.9334064       0.9565682       
    81:p ghatchery2012 c1 a   0.9012304       0.0080856       0.8842118       0.9159852       
    82:p ghatchery2012 c1 a   0.9123314       0.0076397       0.8961561       0.9261946       
    83:p ghatchery2012 c1 a   0.8949722       0.0083851       0.8773664       0.9103087       
    84:p ghatchery2012 c1 a   0.9718913       0.0042936       0.9621346       0.9791883       
    85:p ghatchery2012 c1 a   0.9043743       0.0082890       0.8868481       0.9194325       
    86:p ghatchery2012 c1 a   0.9357012       0.0070638       0.9203883       0.9482343       
    87:p ghatchery2012 c1 a   0.9309793       0.0082863       0.9128607       0.9455552       
    88:p ghatchery2010 c1 a   0.9900000       0.0000000       0.9900000       0.9900000      Fixed

 To compute parameter estimates, CPU Time was 0.016 seconds and System Time was 0.016 seconds.

 Attempted ordering of parameters by estimatibility:
    1 121  13  10  11 131  14   9 125 123 127 130 124   7  33 122  42   2 128  31  23  53   8  12 129
   51  22   4  48   3  24 126  50  20  29  64  40  43  15   5  82  63  52  35  91  17  45  21  41  67
   81  65  54  75  49 103  59  79  30  18  58  73  74  84  39 102  28  37  97  44  88  16   6  25 108
   61  32  76  72  99 120  70  78  94  57  34 117 105 101  83  80  56  90 110  62  26 111  71  68  55
  114  89  38  27 100  36  19 106  86  85 112  47 109  87  92 113  93 119 116  98 118  60  96 104 115
   77  69 107  46  66  95
 Beta number 95 is a singular value.

   For procedure estimate CPU Time was 15.525 minutes and System Time was 143.391 seconds       .

  Program  MARK  - Survival Rate Estimation with Capture-Recapture Data
   gfortran(dble/PIM2) Vers. 10.1 March 2023  17-Jun-2024 12:40:02    Page  028
 - - - - - - - - - - - - - - - - - - - - - - - - - - - - - - - - - - - - - -
 


  INPUT --- proc stop;

     For this job, CPU Time in minutes was 15.526 and System Time in minutes was 2.391.

     Time Start = 12:37:38.691   Time End = 12:40:02.106

     Wall Clock Time in minutes for this job was 2.390.

     Maximum of 131 words used of 4096 words allocated.


          E X E C U T I O N   S U C C E S S F U L 
