
   Program  MARK  - Survival Rate Estimation with Capture-Recapture Data
   gfortran(dble/PIM2) Vers. 10.1 March 2023  17-Jun-2024 12:33:03    Page  001
    
 - - - - - - - - - - - - - - - - - - - - - - - - - - - - - - - - - - - - - -
 
   Welcome to MARK amolina6 on machine 6ZB4TV3 in subdirectory 
   "C:\Users\amolina6\OneDrive - University of Tennessee\Documents\projects\Hawkes" running file "mark055.inp".
   This version was compiled by GCC version 12.2.0 using the options: 
     -cpp -iprefix c:\tdm-gcc-64\mingw64\bin\../lib/gcc/x86_64-w64-mingw32/12.2.0/
     -D_MT -D_REENTRANT -U_REENTRANT -D ieee -D dbleprecision -m64 -mtune=generic
     -march=x86-64 -mthreads -O3 -std=f2018 -fsignaling-nans
     -ffpe-summary=invalid,zero,overflow,underflow -funroll-loops -ffast-math
     -fall-intrinsics -fopenmp.

   This problem will use 19 of 20 possible threads.
   Static thread allocation is used.
   Schedule kind is omp_sched_dynamic with chunk size 1


  INPUT --- proc title ;

   For procedure title CPU Time was 0.001 seconds and System Time was 0.001 seconds       .


  INPUT --- proc chmatrix occasions= 11 groups= 6 etype= Live Nodes= 
  INPUT --- 101 icovar = 1 ICMeans  NoHist hist= 412 ;

  INPUT ---    time interval 1.9 6.91 8.33 7.7 5.79 3.87 6.43 3.7 16 22.99 
  INPUT ---    ;

  INPUT ---     icovariates diff  ;

  INPUT ---    glabel(1)=originhatchery.year2010;

  INPUT ---    glabel(2)=originwild.year2010;

  INPUT ---    glabel(3)=originhatchery.year2011;

  INPUT ---    glabel(4)=originwild.year2011;

  INPUT ---    glabel(5)=originhatchery.year2012;

  INPUT ---    glabel(6)=originwild.year2012;

      Number of unique encounter histories read was 412.

      Number of individual covariates read was 1.
      Time interval lengths vary and/or not equal to 1.

      Data type number is 1
      Data type is Live Recaptures (CJS)

   For procedure chmatrix CPU Time was 0.016 seconds and System Time was 0.016 seconds       .

  Program  MARK  - Survival Rate Estimation with Capture-Recapture Data
   gfortran(dble/PIM2) Vers. 10.1 March 2023  17-Jun-2024 12:33:03    Page  002
 - - - - - - - - - - - - - - - - - - - - - - - - - - - - - - - - - - - - - -
 


  INPUT --- proc estimate link=Logit NOLOOP varest=2ndPart    ;


  INPUT --- model={ Phi(~time * origin * diff * year)p(~time + year) };

  INPUT ---    fixed=1;
  INPUT ---        parm(88)=0.99 ;

  INPUT ---    group=1 Phi    rows=10 cols=10 Triang ;
  INPUT ---        1 2 3 4 5 6 7 8 9 10 ;
  INPUT ---        2 3 4 5 6 7 8 9 10 ;
  INPUT ---        3 4 5 6 7 8 9 10 ;
  INPUT ---        4 5 6 7 8 9 10 ;
  INPUT ---        5 6 7 8 9 10 ;
  INPUT ---        6 7 8 9 10 ;
  INPUT ---        7 8 9 10 ;
  INPUT ---        8 9 10 ;
  INPUT ---        9 10 ;
  INPUT ---        10 ;

  INPUT ---    group=2 Phi    rows=10 cols=10 Triang ;
  INPUT ---        11 12 13 14 15 16 17 18 19 20 ;
  INPUT ---        12 13 14 15 16 17 18 19 20 ;
  INPUT ---        13 14 15 16 17 18 19 20 ;
  INPUT ---        14 15 16 17 18 19 20 ;
  INPUT ---        15 16 17 18 19 20 ;
  INPUT ---        16 17 18 19 20 ;
  INPUT ---        17 18 19 20 ;
  INPUT ---        18 19 20 ;
  INPUT ---        19 20 ;
  INPUT ---        20 ;

  INPUT ---    group=3 Phi    rows=10 cols=10 Triang ;
  INPUT ---        21 22 23 24 25 26 27 28 29 30 ;
  INPUT ---        22 23 24 25 26 27 28 29 30 ;
  INPUT ---        23 24 25 26 27 28 29 30 ;
  INPUT ---        24 25 26 27 28 29 30 ;
  INPUT ---        25 26 27 28 29 30 ;
  INPUT ---        26 27 28 29 30 ;
  INPUT ---        27 28 29 30 ;
  INPUT ---        28 29 30 ;
  INPUT ---        29 30 ;
  INPUT ---        30 ;


  Program  MARK  - Survival Rate Estimation with Capture-Recapture Data
   gfortran(dble/PIM2) Vers. 10.1 March 2023  17-Jun-2024 12:33:03    Page  003
 - - - - - - - - - - - - - - - - - - - - - - - - - - - - - - - - - - - - - -
 
  INPUT ---    group=4 Phi    rows=10 cols=10 Triang ;
  INPUT ---        31 32 33 34 35 36 37 38 39 40 ;
  INPUT ---        32 33 34 35 36 37 38 39 40 ;
  INPUT ---        33 34 35 36 37 38 39 40 ;
  INPUT ---        34 35 36 37 38 39 40 ;
  INPUT ---        35 36 37 38 39 40 ;
  INPUT ---        36 37 38 39 40 ;
  INPUT ---        37 38 39 40 ;
  INPUT ---        38 39 40 ;
  INPUT ---        39 40 ;
  INPUT ---        40 ;

  INPUT ---    group=5 Phi    rows=10 cols=10 Triang ;
  INPUT ---        41 42 43 44 45 46 47 48 49 50 ;
  INPUT ---        42 43 44 45 46 47 48 49 50 ;
  INPUT ---        43 44 45 46 47 48 49 50 ;
  INPUT ---        44 45 46 47 48 49 50 ;
  INPUT ---        45 46 47 48 49 50 ;
  INPUT ---        46 47 48 49 50 ;
  INPUT ---        47 48 49 50 ;
  INPUT ---        48 49 50 ;
  INPUT ---        49 50 ;
  INPUT ---        50 ;

  INPUT ---    group=6 Phi    rows=10 cols=10 Triang ;
  INPUT ---        51 52 53 54 55 56 57 58 59 60 ;
  INPUT ---        52 53 54 55 56 57 58 59 60 ;
  INPUT ---        53 54 55 56 57 58 59 60 ;
  INPUT ---        54 55 56 57 58 59 60 ;
  INPUT ---        55 56 57 58 59 60 ;
  INPUT ---        56 57 58 59 60 ;
  INPUT ---        57 58 59 60 ;
  INPUT ---        58 59 60 ;
  INPUT ---        59 60 ;
  INPUT ---        60 ;

  INPUT ---    group=1 p    rows=10 cols=10 Triang ;
  INPUT ---        61 62 63 64 65 66 67 68 69 88 ;
  INPUT ---        62 63 64 65 66 67 68 69 88 ;
  INPUT ---        63 64 65 66 67 68 69 88 ;
  INPUT ---        64 65 66 67 68 69 88 ;
  INPUT ---        65 66 67 68 69 88 ;
  INPUT ---        66 67 68 69 88 ;
  INPUT ---        67 68 69 88 ;
  INPUT ---        68 69 88 ;
  INPUT ---        69 88 ;

  Program  MARK  - Survival Rate Estimation with Capture-Recapture Data
   gfortran(dble/PIM2) Vers. 10.1 March 2023  17-Jun-2024 12:33:04    Page  004
 - - - - - - - - - - - - - - - - - - - - - - - - - - - - - - - - - - - - - -
 
  INPUT ---        88 ;

  INPUT ---    group=2 p    rows=10 cols=10 Triang ;
  INPUT ---        61 62 63 64 65 66 67 68 69 88 ;
  INPUT ---        62 63 64 65 66 67 68 69 88 ;
  INPUT ---        63 64 65 66 67 68 69 88 ;
  INPUT ---        64 65 66 67 68 69 88 ;
  INPUT ---        65 66 67 68 69 88 ;
  INPUT ---        66 67 68 69 88 ;
  INPUT ---        67 68 69 88 ;
  INPUT ---        68 69 88 ;
  INPUT ---        69 88 ;
  INPUT ---        88 ;

  INPUT ---    group=3 p    rows=10 cols=10 Triang ;
  INPUT ---        70 71 72 73 74 75 76 77 78 88 ;
  INPUT ---        71 72 73 74 75 76 77 78 88 ;
  INPUT ---        72 73 74 75 76 77 78 88 ;
  INPUT ---        73 74 75 76 77 78 88 ;
  INPUT ---        74 75 76 77 78 88 ;
  INPUT ---        75 76 77 78 88 ;
  INPUT ---        76 77 78 88 ;
  INPUT ---        77 78 88 ;
  INPUT ---        78 88 ;
  INPUT ---        88 ;

  INPUT ---    group=4 p    rows=10 cols=10 Triang ;
  INPUT ---        70 71 72 73 74 75 76 77 78 88 ;
  INPUT ---        71 72 73 74 75 76 77 78 88 ;
  INPUT ---        72 73 74 75 76 77 78 88 ;
  INPUT ---        73 74 75 76 77 78 88 ;
  INPUT ---        74 75 76 77 78 88 ;
  INPUT ---        75 76 77 78 88 ;
  INPUT ---        76 77 78 88 ;
  INPUT ---        77 78 88 ;
  INPUT ---        78 88 ;
  INPUT ---        88 ;

  INPUT ---    group=5 p    rows=10 cols=10 Triang ;
  INPUT ---        79 80 81 82 83 84 85 86 87 88 ;
  INPUT ---        80 81 82 83 84 85 86 87 88 ;
  INPUT ---        81 82 83 84 85 86 87 88 ;
  INPUT ---        82 83 84 85 86 87 88 ;
  INPUT ---        83 84 85 86 87 88 ;
  INPUT ---        84 85 86 87 88 ;
  INPUT ---        85 86 87 88 ;

  Program  MARK  - Survival Rate Estimation with Capture-Recapture Data
   gfortran(dble/PIM2) Vers. 10.1 March 2023  17-Jun-2024 12:33:04    Page  005
 - - - - - - - - - - - - - - - - - - - - - - - - - - - - - - - - - - - - - -
 
  INPUT ---        86 87 88 ;
  INPUT ---        87 88 ;
  INPUT ---        88 ;

  INPUT ---    group=6 p    rows=10 cols=10 Triang ;
  INPUT ---        79 80 81 82 83 84 85 86 87 88 ;
  INPUT ---        80 81 82 83 84 85 86 87 88 ;
  INPUT ---        81 82 83 84 85 86 87 88 ;
  INPUT ---        82 83 84 85 86 87 88 ;
  INPUT ---        83 84 85 86 87 88 ;
  INPUT ---        84 85 86 87 88 ;
  INPUT ---        85 86 87 88 ;
  INPUT ---        86 87 88 ;
  INPUT ---        87 88 ;
  INPUT ---        88 ;

  INPUT ---    design matrix constraints=88 covariates=131;
  INPUT ---        1 0 0 0 0 0 0 0 0 0 0 diff 0 0 0 0 0 0 0 0 0 0 0 0 0 0 0 0 
  INPUT ---       0 0 0 0 0 0 0 0 0 0 0 0 0 0 0 0 0 0 0 0 0 0 0 0 0 0 0 0 0 0 
  INPUT ---       0 0 0 0 0 0 0 0 0 0 0 0 0 0 0 0 0 0 0 0 0 0 0 0 0 0 0 0 0 0 
  INPUT ---       0 0 0 0 0 0 0 0 0 0 0 0 0 0 0 0 0 0 0 0 0 0 0 0 0 0 0 0 0 0 
  INPUT ---       0 0 0 0 0 0 0 0 0 0 0 0 0;
  INPUT ---        1 1 0 0 0 0 0 0 0 0 0 diff 0 0 0 0 0 0 0 0 0 0 0 diff 0 0 
  INPUT ---       0 0 0 0 0 0 0 0 0 0 0 0 0 0 0 0 0 0 0 0 0 0 0 0 0 0 0 0 0 0 
  INPUT ---       0 0 0 0 0 0 0 0 0 0 0 0 0 0 0 0 0 0 0 0 0 0 0 0 0 0 0 0 0 0 
  INPUT ---       0 0 0 0 0 0 0 0 0 0 0 0 0 0 0 0 0 0 0 0 0 0 0 0 0 0 0 0 0 0 
  INPUT ---       0 0 0 0 0 0 0 0 0 0 0 0 0 0 0;
  INPUT ---        1 0 1 0 0 0 0 0 0 0 0 diff 0 0 0 0 0 0 0 0 0 0 0 0 diff 0 
  INPUT ---       0 0 0 0 0 0 0 0 0 0 0 0 0 0 0 0 0 0 0 0 0 0 0 0 0 0 0 0 0 0 
  INPUT ---       0 0 0 0 0 0 0 0 0 0 0 0 0 0 0 0 0 0 0 0 0 0 0 0 0 0 0 0 0 0 
  INPUT ---       0 0 0 0 0 0 0 0 0 0 0 0 0 0 0 0 0 0 0 0 0 0 0 0 0 0 0 0 0 0 
  INPUT ---       0 0 0 0 0 0 0 0 0 0 0 0 0 0 0;
  INPUT ---        1 0 0 1 0 0 0 0 0 0 0 diff 0 0 0 0 0 0 0 0 0 0 0 0 0 diff 
  INPUT ---       0 0 0 0 0 0 0 0 0 0 0 0 0 0 0 0 0 0 0 0 0 0 0 0 0 0 0 0 0 0 
  INPUT ---       0 0 0 0 0 0 0 0 0 0 0 0 0 0 0 0 0 0 0 0 0 0 0 0 0 0 0 0 0 0 
  INPUT ---       0 0 0 0 0 0 0 0 0 0 0 0 0 0 0 0 0 0 0 0 0 0 0 0 0 0 0 0 0 0 
  INPUT ---       0 0 0 0 0 0 0 0 0 0 0 0 0 0 0;
  INPUT ---        1 0 0 0 1 0 0 0 0 0 0 diff 0 0 0 0 0 0 0 0 0 0 0 0 0 0 
  INPUT ---       diff 0 0 0 0 0 0 0 0 0 0 0 0 0 0 0 0 0 0 0 0 0 0 0 0 0 0 0 
  INPUT ---       0 0 0 0 0 0 0 0 0 0 0 0 0 0 0 0 0 0 0 0 0 0 0 0 0 0 0 0 0 0 
  INPUT ---       0 0 0 0 0 0 0 0 0 0 0 0 0 0 0 0 0 0 0 0 0 0 0 0 0 0 0 0 0 0 
  INPUT ---       0 0 0 0 0 0 0 0 0 0 0 0 0 0 0 0 0;
  INPUT ---        1 0 0 0 0 1 0 0 0 0 0 diff 0 0 0 0 0 0 0 0 0 0 0 0 0 0 0 
  INPUT ---       diff 0 0 0 0 0 0 0 0 0 0 0 0 0 0 0 0 0 0 0 0 0 0 0 0 0 0 0 
  INPUT ---       0 0 0 0 0 0 0 0 0 0 0 0 0 0 0 0 0 0 0 0 0 0 0 0 0 0 0 0 0 0 
  INPUT ---       0 0 0 0 0 0 0 0 0 0 0 0 0 0 0 0 0 0 0 0 0 0 0 0 0 0 0 0 0 0 

  Program  MARK  - Survival Rate Estimation with Capture-Recapture Data
   gfortran(dble/PIM2) Vers. 10.1 March 2023  17-Jun-2024 12:33:04    Page  006
 - - - - - - - - - - - - - - - - - - - - - - - - - - - - - - - - - - - - - -
 
  INPUT ---       0 0 0 0 0 0 0 0 0 0 0 0 0 0 0 0;
  INPUT ---        1 0 0 0 0 0 1 0 0 0 0 diff 0 0 0 0 0 0 0 0 0 0 0 0 0 0 0 0 
  INPUT ---       diff 0 0 0 0 0 0 0 0 0 0 0 0 0 0 0 0 0 0 0 0 0 0 0 0 0 0 0 
  INPUT ---       0 0 0 0 0 0 0 0 0 0 0 0 0 0 0 0 0 0 0 0 0 0 0 0 0 0 0 0 0 0 
  INPUT ---       0 0 0 0 0 0 0 0 0 0 0 0 0 0 0 0 0 0 0 0 0 0 0 0 0 0 0 0 0 0 
  INPUT ---       0 0 0 0 0 0 0 0 0 0 0 0 0 0 0;
  INPUT ---        1 0 0 0 0 0 0 1 0 0 0 diff 0 0 0 0 0 0 0 0 0 0 0 0 0 0 0 0 
  INPUT ---       0 diff 0 0 0 0 0 0 0 0 0 0 0 0 0 0 0 0 0 0 0 0 0 0 0 0 0 0 
  INPUT ---       0 0 0 0 0 0 0 0 0 0 0 0 0 0 0 0 0 0 0 0 0 0 0 0 0 0 0 0 0 0 
  INPUT ---       0 0 0 0 0 0 0 0 0 0 0 0 0 0 0 0 0 0 0 0 0 0 0 0 0 0 0 0 0 0 
  INPUT ---       0 0 0 0 0 0 0 0 0 0 0 0 0 0 0;
  INPUT ---        1 0 0 0 0 0 0 0 1 0 0 diff 0 0 0 0 0 0 0 0 0 0 0 0 0 0 0 0 
  INPUT ---       0 0 diff 0 0 0 0 0 0 0 0 0 0 0 0 0 0 0 0 0 0 0 0 0 0 0 0 0 
  INPUT ---       0 0 0 0 0 0 0 0 0 0 0 0 0 0 0 0 0 0 0 0 0 0 0 0 0 0 0 0 0 0 
  INPUT ---       0 0 0 0 0 0 0 0 0 0 0 0 0 0 0 0 0 0 0 0 0 0 0 0 0 0 0 0 0 0 
  INPUT ---       0 0 0 0 0 0 0 0 0 0 0 0 0 0 0;
  INPUT ---        1 0 0 0 0 0 0 0 0 1 0 diff 0 0 0 0 0 0 0 0 0 0 0 0 0 0 0 0 
  INPUT ---       0 0 0 diff 0 0 0 0 0 0 0 0 0 0 0 0 0 0 0 0 0 0 0 0 0 0 0 0 
  INPUT ---       0 0 0 0 0 0 0 0 0 0 0 0 0 0 0 0 0 0 0 0 0 0 0 0 0 0 0 0 0 0 
  INPUT ---       0 0 0 0 0 0 0 0 0 0 0 0 0 0 0 0 0 0 0 0 0 0 0 0 0 0 0 0 0 0 
  INPUT ---       0 0 0 0 0 0 0 0 0 0 0 0 0 0 0;
  INPUT ---        1 0 0 0 0 0 0 0 0 0 1 diff 0 0 0 0 0 0 0 0 0 0 0 0 0 0 0 0 
  INPUT ---       0 0 0 0 diff 0 0 0 0 0 0 0 0 0 0 0 0 0 0 0 0 0 0 0 0 0 0 0 
  INPUT ---       0 0 0 0 0 0 0 0 0 0 0 0 0 0 0 0 0 0 0 0 0 0 0 0 0 0 0 0 0 0 
  INPUT ---       0 0 0 0 0 0 0 0 0 0 0 0 0 0 0 0 0 0 0 0 0 0 0 0 0 0 0 0 0 0 
  INPUT ---       0 0 0 0 0 0 0 0 0 0 0 0 0 0 0;
  INPUT ---        1 1 0 0 0 0 0 0 0 0 1 diff 0 0 1 0 0 0 0 0 0 0 0 diff 0 0 
  INPUT ---       0 0 0 0 0 0 diff 0 0 0 0 0 0 0 0 0 0 0 0 0 0 0 0 0 0 0 0 0 
  INPUT ---       0 diff 0 0 0 0 0 0 0 0 0 0 0 0 0 0 0 0 0 0 0 0 0 0 0 0 0 0 
  INPUT ---       0 0 0 0 0 0 0 0 0 0 0 0 0 0 0 0 0 0 0 0 0 0 0 0 0 0 0 0 0 0 
  INPUT ---       0 0 0 0 0 0 0 0 0 0 0 0 0 0 0 0 0 0 0;
  INPUT ---        1 0 1 0 0 0 0 0 0 0 1 diff 0 0 0 1 0 0 0 0 0 0 0 0 diff 0 
  INPUT ---       0 0 0 0 0 0 diff 0 0 0 0 0 0 0 0 0 0 0 0 0 0 0 0 0 0 0 0 0 
  INPUT ---       0 0 diff 0 0 0 0 0 0 0 0 0 0 0 0 0 0 0 0 0 0 0 0 0 0 0 0 0 
  INPUT ---       0 0 0 0 0 0 0 0 0 0 0 0 0 0 0 0 0 0 0 0 0 0 0 0 0 0 0 0 0 0 
  INPUT ---       0 0 0 0 0 0 0 0 0 0 0 0 0 0 0 0 0 0 0;
  INPUT ---        1 0 0 1 0 0 0 0 0 0 1 diff 0 0 0 0 1 0 0 0 0 0 0 0 0 diff 
  INPUT ---       0 0 0 0 0 0 diff 0 0 0 0 0 0 0 0 0 0 0 0 0 0 0 0 0 0 0 0 0 
  INPUT ---       0 0 0 diff 0 0 0 0 0 0 0 0 0 0 0 0 0 0 0 0 0 0 0 0 0 0 0 0 
  INPUT ---       0 0 0 0 0 0 0 0 0 0 0 0 0 0 0 0 0 0 0 0 0 0 0 0 0 0 0 0 0 0 
  INPUT ---       0 0 0 0 0 0 0 0 0 0 0 0 0 0 0 0 0 0 0;
  INPUT ---        1 0 0 0 1 0 0 0 0 0 1 diff 0 0 0 0 0 1 0 0 0 0 0 0 0 0 
  INPUT ---       diff 0 0 0 0 0 diff 0 0 0 0 0 0 0 0 0 0 0 0 0 0 0 0 0 0 0 0 
  INPUT ---       0 0 0 0 0 diff 0 0 0 0 0 0 0 0 0 0 0 0 0 0 0 0 0 0 0 0 0 0 
  INPUT ---       0 0 0 0 0 0 0 0 0 0 0 0 0 0 0 0 0 0 0 0 0 0 0 0 0 0 0 0 0 0 
  INPUT ---       0 0 0 0 0 0 0 0 0 0 0 0 0 0 0 0 0 0 0 0;

  Program  MARK  - Survival Rate Estimation with Capture-Recapture Data
   gfortran(dble/PIM2) Vers. 10.1 March 2023  17-Jun-2024 12:33:04    Page  007
 - - - - - - - - - - - - - - - - - - - - - - - - - - - - - - - - - - - - - -
 
  INPUT ---        1 0 0 0 0 1 0 0 0 0 1 diff 0 0 0 0 0 0 1 0 0 0 0 0 0 0 0 
  INPUT ---       diff 0 0 0 0 diff 0 0 0 0 0 0 0 0 0 0 0 0 0 0 0 0 0 0 0 0 0 
  INPUT ---       0 0 0 0 0 diff 0 0 0 0 0 0 0 0 0 0 0 0 0 0 0 0 0 0 0 0 0 0 
  INPUT ---       0 0 0 0 0 0 0 0 0 0 0 0 0 0 0 0 0 0 0 0 0 0 0 0 0 0 0 0 0 0 
  INPUT ---       0 0 0 0 0 0 0 0 0 0 0 0 0 0 0 0 0 0 0;
  INPUT ---        1 0 0 0 0 0 1 0 0 0 1 diff 0 0 0 0 0 0 0 1 0 0 0 0 0 0 0 0 
  INPUT ---       diff 0 0 0 diff 0 0 0 0 0 0 0 0 0 0 0 0 0 0 0 0 0 0 0 0 0 0 
  INPUT ---       0 0 0 0 0 diff 0 0 0 0 0 0 0 0 0 0 0 0 0 0 0 0 0 0 0 0 0 0 
  INPUT ---       0 0 0 0 0 0 0 0 0 0 0 0 0 0 0 0 0 0 0 0 0 0 0 0 0 0 0 0 0 0 
  INPUT ---       0 0 0 0 0 0 0 0 0 0 0 0 0 0 0 0 0 0;
  INPUT ---        1 0 0 0 0 0 0 1 0 0 1 diff 0 0 0 0 0 0 0 0 1 0 0 0 0 0 0 0 
  INPUT ---       0 diff 0 0 diff 0 0 0 0 0 0 0 0 0 0 0 0 0 0 0 0 0 0 0 0 0 0 
  INPUT ---       0 0 0 0 0 0 diff 0 0 0 0 0 0 0 0 0 0 0 0 0 0 0 0 0 0 0 0 0 
  INPUT ---       0 0 0 0 0 0 0 0 0 0 0 0 0 0 0 0 0 0 0 0 0 0 0 0 0 0 0 0 0 0 
  INPUT ---       0 0 0 0 0 0 0 0 0 0 0 0 0 0 0 0 0 0;
  INPUT ---        1 0 0 0 0 0 0 0 1 0 1 diff 0 0 0 0 0 0 0 0 0 1 0 0 0 0 0 0 
  INPUT ---       0 0 diff 0 diff 0 0 0 0 0 0 0 0 0 0 0 0 0 0 0 0 0 0 0 0 0 0 
  INPUT ---       0 0 0 0 0 0 0 diff 0 0 0 0 0 0 0 0 0 0 0 0 0 0 0 0 0 0 0 0 
  INPUT ---       0 0 0 0 0 0 0 0 0 0 0 0 0 0 0 0 0 0 0 0 0 0 0 0 0 0 0 0 0 0 
  INPUT ---       0 0 0 0 0 0 0 0 0 0 0 0 0 0 0 0 0 0;
  INPUT ---        1 0 0 0 0 0 0 0 0 1 1 diff 0 0 0 0 0 0 0 0 0 0 1 0 0 0 0 0 
  INPUT ---       0 0 0 diff diff 0 0 0 0 0 0 0 0 0 0 0 0 0 0 0 0 0 0 0 0 0 0 
  INPUT ---       0 0 0 0 0 0 0 0 diff 0 0 0 0 0 0 0 0 0 0 0 0 0 0 0 0 0 0 0 
  INPUT ---       0 0 0 0 0 0 0 0 0 0 0 0 0 0 0 0 0 0 0 0 0 0 0 0 0 0 0 0 0 0 
  INPUT ---       0 0 0 0 0 0 0 0 0 0 0 0 0 0 0 0 0 0;
  INPUT ---        1 0 0 0 0 0 0 0 0 0 0 diff 1 0 0 0 0 0 0 0 0 0 0 0 0 0 0 0 
  INPUT ---       0 0 0 0 0 0 0 0 0 0 0 0 0 0 0 0 0 0 0 0 0 0 0 0 0 diff 0 0 
  INPUT ---       0 0 0 0 0 0 0 0 0 0 0 0 0 0 0 0 0 0 0 0 0 0 0 0 0 0 0 0 0 0 
  INPUT ---       0 0 0 0 0 0 0 0 0 0 0 0 0 0 0 0 0 0 0 0 0 0 0 0 0 0 0 0 0 0 
  INPUT ---       0 0 0 0 0 0 0 0 0 0 0 0 0 0 0;
  INPUT ---        1 1 0 0 0 0 0 0 0 0 0 diff 1 0 0 0 0 0 0 0 0 0 0 diff 0 0 
  INPUT ---       0 0 0 0 0 0 0 1 0 0 0 0 0 0 0 0 0 0 0 0 0 0 0 0 0 0 0 diff 
  INPUT ---       0 0 0 0 0 0 0 0 0 0 0 0 0 0 0 0 0 0 0 0 0 0 0 0 0 0 0 0 
  INPUT ---       diff 0 0 0 0 0 0 0 0 0 0 0 0 0 0 0 0 0 0 0 0 0 0 0 0 0 0 0 
  INPUT ---       0 0 0 0 0 0 0 0 0 0 0 0 0 0 0 0 0 0 0 0 0;
  INPUT ---        1 0 1 0 0 0 0 0 0 0 0 diff 1 0 0 0 0 0 0 0 0 0 0 0 diff 0 
  INPUT ---       0 0 0 0 0 0 0 0 1 0 0 0 0 0 0 0 0 0 0 0 0 0 0 0 0 0 0 diff 
  INPUT ---       0 0 0 0 0 0 0 0 0 0 0 0 0 0 0 0 0 0 0 0 0 0 0 0 0 0 0 0 0 
  INPUT ---       diff 0 0 0 0 0 0 0 0 0 0 0 0 0 0 0 0 0 0 0 0 0 0 0 0 0 0 0 
  INPUT ---       0 0 0 0 0 0 0 0 0 0 0 0 0 0 0 0 0 0 0 0;
  INPUT ---        1 0 0 1 0 0 0 0 0 0 0 diff 1 0 0 0 0 0 0 0 0 0 0 0 0 diff 
  INPUT ---       0 0 0 0 0 0 0 0 0 1 0 0 0 0 0 0 0 0 0 0 0 0 0 0 0 0 0 diff 
  INPUT ---       0 0 0 0 0 0 0 0 0 0 0 0 0 0 0 0 0 0 0 0 0 0 0 0 0 0 0 0 0 0 
  INPUT ---       diff 0 0 0 0 0 0 0 0 0 0 0 0 0 0 0 0 0 0 0 0 0 0 0 0 0 0 0 
  INPUT ---       0 0 0 0 0 0 0 0 0 0 0 0 0 0 0 0 0 0 0;
  INPUT ---        1 0 0 0 1 0 0 0 0 0 0 diff 1 0 0 0 0 0 0 0 0 0 0 0 0 0 

  Program  MARK  - Survival Rate Estimation with Capture-Recapture Data
   gfortran(dble/PIM2) Vers. 10.1 March 2023  17-Jun-2024 12:33:04    Page  008
 - - - - - - - - - - - - - - - - - - - - - - - - - - - - - - - - - - - - - -
 
  INPUT ---       diff 0 0 0 0 0 0 0 0 0 1 0 0 0 0 0 0 0 0 0 0 0 0 0 0 0 0 
  INPUT ---       diff 0 0 0 0 0 0 0 0 0 0 0 0 0 0 0 0 0 0 0 0 0 0 0 0 0 0 0 
  INPUT ---       0 0 0 0 diff 0 0 0 0 0 0 0 0 0 0 0 0 0 0 0 0 0 0 0 0 0 0 0 
  INPUT ---       0 0 0 0 0 0 0 0 0 0 0 0 0 0 0 0 0 0 0 0 0 0;
  INPUT ---        1 0 0 0 0 1 0 0 0 0 0 diff 1 0 0 0 0 0 0 0 0 0 0 0 0 0 0 
  INPUT ---       diff 0 0 0 0 0 0 0 0 0 1 0 0 0 0 0 0 0 0 0 0 0 0 0 0 0 diff 
  INPUT ---       0 0 0 0 0 0 0 0 0 0 0 0 0 0 0 0 0 0 0 0 0 0 0 0 0 0 0 0 0 0 
  INPUT ---       0 0 diff 0 0 0 0 0 0 0 0 0 0 0 0 0 0 0 0 0 0 0 0 0 0 0 0 0 
  INPUT ---       0 0 0 0 0 0 0 0 0 0 0 0 0 0 0 0 0 0 0;
  INPUT ---        1 0 0 0 0 0 1 0 0 0 0 diff 1 0 0 0 0 0 0 0 0 0 0 0 0 0 0 0 
  INPUT ---       diff 0 0 0 0 0 0 0 0 0 1 0 0 0 0 0 0 0 0 0 0 0 0 0 0 diff 0 
  INPUT ---       0 0 0 0 0 0 0 0 0 0 0 0 0 0 0 0 0 0 0 0 0 0 0 0 0 0 0 0 0 0 
  INPUT ---       0 0 diff 0 0 0 0 0 0 0 0 0 0 0 0 0 0 0 0 0 0 0 0 0 0 0 0 0 
  INPUT ---       0 0 0 0 0 0 0 0 0 0 0 0 0 0 0 0 0 0;
  INPUT ---        1 0 0 0 0 0 0 1 0 0 0 diff 1 0 0 0 0 0 0 0 0 0 0 0 0 0 0 0 
  INPUT ---       0 diff 0 0 0 0 0 0 0 0 0 1 0 0 0 0 0 0 0 0 0 0 0 0 0 diff 0 
  INPUT ---       0 0 0 0 0 0 0 0 0 0 0 0 0 0 0 0 0 0 0 0 0 0 0 0 0 0 0 0 0 0 
  INPUT ---       0 0 0 diff 0 0 0 0 0 0 0 0 0 0 0 0 0 0 0 0 0 0 0 0 0 0 0 0 
  INPUT ---       0 0 0 0 0 0 0 0 0 0 0 0 0 0 0 0 0 0;
  INPUT ---        1 0 0 0 0 0 0 0 1 0 0 diff 1 0 0 0 0 0 0 0 0 0 0 0 0 0 0 0 
  INPUT ---       0 0 diff 0 0 0 0 0 0 0 0 0 1 0 0 0 0 0 0 0 0 0 0 0 0 diff 0 
  INPUT ---       0 0 0 0 0 0 0 0 0 0 0 0 0 0 0 0 0 0 0 0 0 0 0 0 0 0 0 0 0 0 
  INPUT ---       0 0 0 0 diff 0 0 0 0 0 0 0 0 0 0 0 0 0 0 0 0 0 0 0 0 0 0 0 
  INPUT ---       0 0 0 0 0 0 0 0 0 0 0 0 0 0 0 0 0 0;
  INPUT ---        1 0 0 0 0 0 0 0 0 1 0 diff 1 0 0 0 0 0 0 0 0 0 0 0 0 0 0 0 
  INPUT ---       0 0 0 diff 0 0 0 0 0 0 0 0 0 1 0 0 0 0 0 0 0 0 0 0 0 diff 0 
  INPUT ---       0 0 0 0 0 0 0 0 0 0 0 0 0 0 0 0 0 0 0 0 0 0 0 0 0 0 0 0 0 0 
  INPUT ---       0 0 0 0 0 diff 0 0 0 0 0 0 0 0 0 0 0 0 0 0 0 0 0 0 0 0 0 0 
  INPUT ---       0 0 0 0 0 0 0 0 0 0 0 0 0 0 0 0 0 0;
  INPUT ---        1 0 0 0 0 0 0 0 0 0 1 diff 1 0 0 0 0 0 0 0 0 0 0 0 0 0 0 0 
  INPUT ---       0 0 0 0 diff 0 0 0 0 0 0 0 0 0 0 0 0 0 0 0 0 0 0 1 0 diff 0 
  INPUT ---       0 0 0 0 0 0 0 0 0 0 0 0 0 0 0 0 0 0 0 0 0 0 0 0 0 0 0 0 0 0 
  INPUT ---       0 0 0 0 0 0 0 0 0 0 0 0 0 0 0 diff 0 0 0 0 0 0 0 0 0 0 0 0 
  INPUT ---       0 0 0 0 0 0 0 0 0 0 0 0 0 0 0 0 0 0;
  INPUT ---        1 1 0 0 0 0 0 0 0 0 1 diff 1 0 1 0 0 0 0 0 0 0 0 diff 0 0 
  INPUT ---       0 0 0 0 0 0 diff 1 0 0 0 0 0 0 0 0 0 0 0 0 0 0 0 0 0 1 0 
  INPUT ---       diff 0 diff 0 0 0 0 0 0 0 0 1 0 0 0 0 0 0 0 0 0 0 0 0 0 0 0 
  INPUT ---       0 0 diff 0 0 0 0 0 0 0 0 0 0 0 0 0 0 0 0 0 diff 0 diff 0 0 
  INPUT ---       0 0 0 0 0 0 0 0 0 0 0 0 0 0 0 0 0 0 0 0 0 0 0 0 0 0;
  INPUT ---        1 0 1 0 0 0 0 0 0 0 1 diff 1 0 0 1 0 0 0 0 0 0 0 0 diff 0 
  INPUT ---       0 0 0 0 0 0 diff 0 1 0 0 0 0 0 0 0 0 0 0 0 0 0 0 0 0 1 0 
  INPUT ---       diff 0 0 diff 0 0 0 0 0 0 0 0 1 0 0 0 0 0 0 0 0 0 0 0 0 0 0 
  INPUT ---       0 0 0 diff 0 0 0 0 0 0 0 0 0 0 0 0 0 0 0 0 diff 0 0 diff 0 
  INPUT ---       0 0 0 0 0 0 0 0 0 0 0 0 0 0 0 0 0 0 0 0 0 0 0 0 0 0;
  INPUT ---        1 0 0 1 0 0 0 0 0 0 1 diff 1 0 0 0 1 0 0 0 0 0 0 0 0 diff 
  INPUT ---       0 0 0 0 0 0 diff 0 0 1 0 0 0 0 0 0 0 0 0 0 0 0 0 0 0 1 0 

  Program  MARK  - Survival Rate Estimation with Capture-Recapture Data
   gfortran(dble/PIM2) Vers. 10.1 March 2023  17-Jun-2024 12:33:04    Page  009
 - - - - - - - - - - - - - - - - - - - - - - - - - - - - - - - - - - - - - -
 
  INPUT ---       diff 0 0 0 diff 0 0 0 0 0 0 0 0 1 0 0 0 0 0 0 0 0 0 0 0 0 0 
  INPUT ---       0 0 0 0 diff 0 0 0 0 0 0 0 0 0 0 0 0 0 0 0 diff 0 0 0 diff 
  INPUT ---       0 0 0 0 0 0 0 0 0 0 0 0 0 0 0 0 0 0 0 0 0 0 0 0 0 0;
  INPUT ---        1 0 0 0 1 0 0 0 0 0 1 diff 1 0 0 0 0 1 0 0 0 0 0 0 0 0 
  INPUT ---       diff 0 0 0 0 0 diff 0 0 0 1 0 0 0 0 0 0 0 0 0 0 0 0 0 0 1 0 
  INPUT ---       diff 0 0 0 0 diff 0 0 0 0 0 0 0 0 1 0 0 0 0 0 0 0 0 0 0 0 0 
  INPUT ---       0 0 0 0 0 diff 0 0 0 0 0 0 0 0 0 0 0 0 0 0 diff 0 0 0 0 
  INPUT ---       diff 0 0 0 0 0 0 0 0 0 0 0 0 0 0 0 0 0 0 0 0 0 0 0 0 0;
  INPUT ---        1 0 0 0 0 1 0 0 0 0 1 diff 1 0 0 0 0 0 1 0 0 0 0 0 0 0 0 
  INPUT ---       diff 0 0 0 0 diff 0 0 0 0 1 0 0 0 0 0 0 0 0 0 0 0 0 0 1 0 
  INPUT ---       diff 0 0 0 0 0 diff 0 0 0 0 0 0 0 0 1 0 0 0 0 0 0 0 0 0 0 0 
  INPUT ---       0 0 0 0 0 0 diff 0 0 0 0 0 0 0 0 0 0 0 0 0 diff 0 0 0 0 0 
  INPUT ---       diff 0 0 0 0 0 0 0 0 0 0 0 0 0 0 0 0 0 0 0 0 0 0 0 0;
  INPUT ---        1 0 0 0 0 0 1 0 0 0 1 diff 1 0 0 0 0 0 0 1 0 0 0 0 0 0 0 0 
  INPUT ---       diff 0 0 0 diff 0 0 0 0 0 1 0 0 0 0 0 0 0 0 0 0 0 0 1 0 
  INPUT ---       diff 0 0 0 0 0 0 diff 0 0 0 0 0 0 0 0 1 0 0 0 0 0 0 0 0 0 0 
  INPUT ---       0 0 0 0 0 0 0 diff 0 0 0 0 0 0 0 0 0 0 0 0 diff 0 0 0 0 0 0 
  INPUT ---       diff 0 0 0 0 0 0 0 0 0 0 0 0 0 0 0 0 0 0 0 0 0 0 0;
  INPUT ---        1 0 0 0 0 0 0 1 0 0 1 diff 1 0 0 0 0 0 0 0 1 0 0 0 0 0 0 0 
  INPUT ---       0 diff 0 0 diff 0 0 0 0 0 0 1 0 0 0 0 0 0 0 0 0 0 0 1 0 
  INPUT ---       diff 0 0 0 0 0 0 0 diff 0 0 0 0 0 0 0 0 1 0 0 0 0 0 0 0 0 0 
  INPUT ---       0 0 0 0 0 0 0 0 diff 0 0 0 0 0 0 0 0 0 0 0 diff 0 0 0 0 0 0 
  INPUT ---       0 diff 0 0 0 0 0 0 0 0 0 0 0 0 0 0 0 0 0 0 0 0 0 0;
  INPUT ---        1 0 0 0 0 0 0 0 1 0 1 diff 1 0 0 0 0 0 0 0 0 1 0 0 0 0 0 0 
  INPUT ---       0 0 diff 0 diff 0 0 0 0 0 0 0 1 0 0 0 0 0 0 0 0 0 0 1 0 
  INPUT ---       diff 0 0 0 0 0 0 0 0 diff 0 0 0 0 0 0 0 0 1 0 0 0 0 0 0 0 0 
  INPUT ---       0 0 0 0 0 0 0 0 0 diff 0 0 0 0 0 0 0 0 0 0 diff 0 0 0 0 0 0 
  INPUT ---       0 0 diff 0 0 0 0 0 0 0 0 0 0 0 0 0 0 0 0 0 0 0 0 0;
  INPUT ---        1 0 0 0 0 0 0 0 0 1 1 diff 1 0 0 0 0 0 0 0 0 0 1 0 0 0 0 0 
  INPUT ---       0 0 0 diff diff 0 0 0 0 0 0 0 0 1 0 0 0 0 0 0 0 0 0 1 0 
  INPUT ---       diff 0 0 0 0 0 0 0 0 0 diff 0 0 0 0 0 0 0 0 1 0 0 0 0 0 0 0 
  INPUT ---       0 0 0 0 0 0 0 0 0 0 diff 0 0 0 0 0 0 0 0 0 diff 0 0 0 0 0 0 
  INPUT ---       0 0 0 diff 0 0 0 0 0 0 0 0 0 0 0 0 0 0 0 0 0 0 0 0;
  INPUT ---        1 0 0 0 0 0 0 0 0 0 0 diff 0 1 0 0 0 0 0 0 0 0 0 0 0 0 0 0 
  INPUT ---       0 0 0 0 0 0 0 0 0 0 0 0 0 0 0 0 0 0 0 0 0 0 0 0 0 0 diff 0 
  INPUT ---       0 0 0 0 0 0 0 0 0 0 0 0 0 0 0 0 0 0 0 0 0 0 0 0 0 0 0 0 0 0 
  INPUT ---       0 0 0 0 0 0 0 0 0 0 0 0 0 0 0 0 0 0 0 0 0 0 0 0 0 0 0 0 0 0 
  INPUT ---       0 0 0 0 0 0 0 0 0 0 0 0 0 0 0;
  INPUT ---        1 1 0 0 0 0 0 0 0 0 0 diff 0 1 0 0 0 0 0 0 0 0 0 diff 0 0 
  INPUT ---       0 0 0 0 0 0 0 0 0 0 0 0 0 0 0 0 1 0 0 0 0 0 0 0 0 0 0 0 
  INPUT ---       diff 0 0 0 0 0 0 0 0 0 0 0 0 0 0 0 0 0 0 0 0 0 0 0 0 0 0 0 
  INPUT ---       0 0 0 0 0 0 0 0 0 diff 0 0 0 0 0 0 0 0 0 0 0 0 0 0 0 0 0 0 
  INPUT ---       0 0 0 0 0 0 0 0 0 0 0 0 0 0 0 0 0 0 0 0 0;
  INPUT ---        1 0 1 0 0 0 0 0 0 0 0 diff 0 1 0 0 0 0 0 0 0 0 0 0 diff 0 
  INPUT ---       0 0 0 0 0 0 0 0 0 0 0 0 0 0 0 0 0 1 0 0 0 0 0 0 0 0 0 0 
  INPUT ---       diff 0 0 0 0 0 0 0 0 0 0 0 0 0 0 0 0 0 0 0 0 0 0 0 0 0 0 0 

  Program  MARK  - Survival Rate Estimation with Capture-Recapture Data
   gfortran(dble/PIM2) Vers. 10.1 March 2023  17-Jun-2024 12:33:04    Page  010
 - - - - - - - - - - - - - - - - - - - - - - - - - - - - - - - - - - - - - -
 
  INPUT ---       0 0 0 0 0 0 0 0 0 0 diff 0 0 0 0 0 0 0 0 0 0 0 0 0 0 0 0 0 
  INPUT ---       0 0 0 0 0 0 0 0 0 0 0 0 0 0 0 0 0 0 0 0 0;
  INPUT ---        1 0 0 1 0 0 0 0 0 0 0 diff 0 1 0 0 0 0 0 0 0 0 0 0 0 diff 
  INPUT ---       0 0 0 0 0 0 0 0 0 0 0 0 0 0 0 0 0 0 1 0 0 0 0 0 0 0 0 0 
  INPUT ---       diff 0 0 0 0 0 0 0 0 0 0 0 0 0 0 0 0 0 0 0 0 0 0 0 0 0 0 0 
  INPUT ---       0 0 0 0 0 0 0 0 0 0 0 diff 0 0 0 0 0 0 0 0 0 0 0 0 0 0 0 0 
  INPUT ---       0 0 0 0 0 0 0 0 0 0 0 0 0 0 0 0 0 0 0 0 0;
  INPUT ---        1 0 0 0 1 0 0 0 0 0 0 diff 0 1 0 0 0 0 0 0 0 0 0 0 0 0 
  INPUT ---       diff 0 0 0 0 0 0 0 0 0 0 0 0 0 0 0 0 0 0 1 0 0 0 0 0 0 0 0 
  INPUT ---       diff 0 0 0 0 0 0 0 0 0 0 0 0 0 0 0 0 0 0 0 0 0 0 0 0 0 0 0 
  INPUT ---       0 0 0 0 0 0 0 0 0 0 0 0 diff 0 0 0 0 0 0 0 0 0 0 0 0 0 0 0 
  INPUT ---       0 0 0 0 0 0 0 0 0 0 0 0 0 0 0 0 0 0 0 0 0;
  INPUT ---        1 0 0 0 0 1 0 0 0 0 0 diff 0 1 0 0 0 0 0 0 0 0 0 0 0 0 0 
  INPUT ---       diff 0 0 0 0 0 0 0 0 0 0 0 0 0 0 0 0 0 0 1 0 0 0 0 0 0 0 
  INPUT ---       diff 0 0 0 0 0 0 0 0 0 0 0 0 0 0 0 0 0 0 0 0 0 0 0 0 0 0 0 
  INPUT ---       0 0 0 0 0 0 0 0 0 0 0 0 0 diff 0 0 0 0 0 0 0 0 0 0 0 0 0 0 
  INPUT ---       0 0 0 0 0 0 0 0 0 0 0 0 0 0 0 0 0 0 0 0 0;
  INPUT ---        1 0 0 0 0 0 1 0 0 0 0 diff 0 1 0 0 0 0 0 0 0 0 0 0 0 0 0 0 
  INPUT ---       diff 0 0 0 0 0 0 0 0 0 0 0 0 0 0 0 0 0 0 1 0 0 0 0 0 0 diff 
  INPUT ---       0 0 0 0 0 0 0 0 0 0 0 0 0 0 0 0 0 0 0 0 0 0 0 0 0 0 0 0 0 0 
  INPUT ---       0 0 0 0 0 0 0 0 0 0 0 diff 0 0 0 0 0 0 0 0 0 0 0 0 0 0 0 0 
  INPUT ---       0 0 0 0 0 0 0 0 0 0 0 0 0 0 0 0 0 0;
  INPUT ---        1 0 0 0 0 0 0 1 0 0 0 diff 0 1 0 0 0 0 0 0 0 0 0 0 0 0 0 0 
  INPUT ---       0 diff 0 0 0 0 0 0 0 0 0 0 0 0 0 0 0 0 0 0 1 0 0 0 0 0 diff 
  INPUT ---       0 0 0 0 0 0 0 0 0 0 0 0 0 0 0 0 0 0 0 0 0 0 0 0 0 0 0 0 0 0 
  INPUT ---       0 0 0 0 0 0 0 0 0 0 0 0 diff 0 0 0 0 0 0 0 0 0 0 0 0 0 0 0 
  INPUT ---       0 0 0 0 0 0 0 0 0 0 0 0 0 0 0 0 0 0;
  INPUT ---        1 0 0 0 0 0 0 0 1 0 0 diff 0 1 0 0 0 0 0 0 0 0 0 0 0 0 0 0 
  INPUT ---       0 0 diff 0 0 0 0 0 0 0 0 0 0 0 0 0 0 0 0 0 0 1 0 0 0 0 diff 
  INPUT ---       0 0 0 0 0 0 0 0 0 0 0 0 0 0 0 0 0 0 0 0 0 0 0 0 0 0 0 0 0 0 
  INPUT ---       0 0 0 0 0 0 0 0 0 0 0 0 0 diff 0 0 0 0 0 0 0 0 0 0 0 0 0 0 
  INPUT ---       0 0 0 0 0 0 0 0 0 0 0 0 0 0 0 0 0 0;
  INPUT ---        1 0 0 0 0 0 0 0 0 1 0 diff 0 1 0 0 0 0 0 0 0 0 0 0 0 0 0 0 
  INPUT ---       0 0 0 diff 0 0 0 0 0 0 0 0 0 0 0 0 0 0 0 0 0 0 1 0 0 0 diff 
  INPUT ---       0 0 0 0 0 0 0 0 0 0 0 0 0 0 0 0 0 0 0 0 0 0 0 0 0 0 0 0 0 0 
  INPUT ---       0 0 0 0 0 0 0 0 0 0 0 0 0 0 diff 0 0 0 0 0 0 0 0 0 0 0 0 0 
  INPUT ---       0 0 0 0 0 0 0 0 0 0 0 0 0 0 0 0 0 0;
  INPUT ---        1 0 0 0 0 0 0 0 0 0 1 diff 0 1 0 0 0 0 0 0 0 0 0 0 0 0 0 0 
  INPUT ---       0 0 0 0 diff 0 0 0 0 0 0 0 0 0 0 0 0 0 0 0 0 0 0 0 1 0 diff 
  INPUT ---       0 0 0 0 0 0 0 0 0 0 0 0 0 0 0 0 0 0 0 0 0 0 0 0 0 0 0 0 0 0 
  INPUT ---       0 0 0 0 0 0 0 0 0 0 0 0 0 0 0 0 diff 0 0 0 0 0 0 0 0 0 0 0 
  INPUT ---       0 0 0 0 0 0 0 0 0 0 0 0 0 0 0 0 0 0;
  INPUT ---        1 1 0 0 0 0 0 0 0 0 1 diff 0 1 1 0 0 0 0 0 0 0 0 diff 0 0 
  INPUT ---       0 0 0 0 0 0 diff 0 0 0 0 0 0 0 0 0 1 0 0 0 0 0 0 0 0 0 1 0 
  INPUT ---       diff diff 0 0 0 0 0 0 0 0 0 0 0 0 0 0 0 0 0 1 0 0 0 0 0 0 0 
  INPUT ---       0 0 0 0 0 0 0 0 0 0 diff 0 0 0 0 0 0 0 0 0 diff 0 0 0 0 0 0 

  Program  MARK  - Survival Rate Estimation with Capture-Recapture Data
   gfortran(dble/PIM2) Vers. 10.1 March 2023  17-Jun-2024 12:33:04    Page  011
 - - - - - - - - - - - - - - - - - - - - - - - - - - - - - - - - - - - - - -
 
  INPUT ---       0 0 0 diff 0 0 0 0 0 0 0 0 0 0 0 0 0 0 0 0 0 0 0;
  INPUT ---        1 0 1 0 0 0 0 0 0 0 1 diff 0 1 0 1 0 0 0 0 0 0 0 0 diff 0 
  INPUT ---       0 0 0 0 0 0 diff 0 0 0 0 0 0 0 0 0 0 1 0 0 0 0 0 0 0 0 1 0 
  INPUT ---       diff 0 diff 0 0 0 0 0 0 0 0 0 0 0 0 0 0 0 0 0 1 0 0 0 0 0 0 
  INPUT ---       0 0 0 0 0 0 0 0 0 0 0 diff 0 0 0 0 0 0 0 0 diff 0 0 0 0 0 0 
  INPUT ---       0 0 0 0 diff 0 0 0 0 0 0 0 0 0 0 0 0 0 0 0 0 0 0;
  INPUT ---        1 0 0 1 0 0 0 0 0 0 1 diff 0 1 0 0 1 0 0 0 0 0 0 0 0 diff 
  INPUT ---       0 0 0 0 0 0 diff 0 0 0 0 0 0 0 0 0 0 0 1 0 0 0 0 0 0 0 1 0 
  INPUT ---       diff 0 0 diff 0 0 0 0 0 0 0 0 0 0 0 0 0 0 0 0 0 1 0 0 0 0 0 
  INPUT ---       0 0 0 0 0 0 0 0 0 0 0 0 diff 0 0 0 0 0 0 0 diff 0 0 0 0 0 0 
  INPUT ---       0 0 0 0 0 diff 0 0 0 0 0 0 0 0 0 0 0 0 0 0 0 0 0;
  INPUT ---        1 0 0 0 1 0 0 0 0 0 1 diff 0 1 0 0 0 1 0 0 0 0 0 0 0 0 
  INPUT ---       diff 0 0 0 0 0 diff 0 0 0 0 0 0 0 0 0 0 0 0 1 0 0 0 0 0 0 1 
  INPUT ---       0 diff 0 0 0 diff 0 0 0 0 0 0 0 0 0 0 0 0 0 0 0 0 0 1 0 0 0 
  INPUT ---       0 0 0 0 0 0 0 0 0 0 0 0 0 0 diff 0 0 0 0 0 0 diff 0 0 0 0 0 
  INPUT ---       0 0 0 0 0 0 0 diff 0 0 0 0 0 0 0 0 0 0 0 0 0 0 0 0;
  INPUT ---        1 0 0 0 0 1 0 0 0 0 1 diff 0 1 0 0 0 0 1 0 0 0 0 0 0 0 0 
  INPUT ---       diff 0 0 0 0 diff 0 0 0 0 0 0 0 0 0 0 0 0 0 1 0 0 0 0 0 1 0 
  INPUT ---       diff 0 0 0 0 diff 0 0 0 0 0 0 0 0 0 0 0 0 0 0 0 0 0 1 0 0 0 
  INPUT ---       0 0 0 0 0 0 0 0 0 0 0 0 0 0 diff 0 0 0 0 0 diff 0 0 0 0 0 0 
  INPUT ---       0 0 0 0 0 0 0 diff 0 0 0 0 0 0 0 0 0 0 0 0 0 0 0;
  INPUT ---        1 0 0 0 0 0 1 0 0 0 1 diff 0 1 0 0 0 0 0 1 0 0 0 0 0 0 0 0 
  INPUT ---       diff 0 0 0 diff 0 0 0 0 0 0 0 0 0 0 0 0 0 0 1 0 0 0 0 1 0 
  INPUT ---       diff 0 0 0 0 0 diff 0 0 0 0 0 0 0 0 0 0 0 0 0 0 0 0 0 1 0 0 
  INPUT ---       0 0 0 0 0 0 0 0 0 0 0 0 0 0 0 diff 0 0 0 0 diff 0 0 0 0 0 0 
  INPUT ---       0 0 0 0 0 0 0 0 diff 0 0 0 0 0 0 0 0 0 0 0 0 0 0;
  INPUT ---        1 0 0 0 0 0 0 1 0 0 1 diff 0 1 0 0 0 0 0 0 1 0 0 0 0 0 0 0 
  INPUT ---       0 diff 0 0 diff 0 0 0 0 0 0 0 0 0 0 0 0 0 0 0 1 0 0 0 1 0 
  INPUT ---       diff 0 0 0 0 0 0 diff 0 0 0 0 0 0 0 0 0 0 0 0 0 0 0 0 0 1 0 
  INPUT ---       0 0 0 0 0 0 0 0 0 0 0 0 0 0 0 0 diff 0 0 0 diff 0 0 0 0 0 0 
  INPUT ---       0 0 0 0 0 0 0 0 0 diff 0 0 0 0 0 0 0 0 0 0 0 0 0;
  INPUT ---        1 0 0 0 0 0 0 0 1 0 1 diff 0 1 0 0 0 0 0 0 0 1 0 0 0 0 0 0 
  INPUT ---       0 0 diff 0 diff 0 0 0 0 0 0 0 0 0 0 0 0 0 0 0 0 1 0 0 1 0 
  INPUT ---       diff 0 0 0 0 0 0 0 diff 0 0 0 0 0 0 0 0 0 0 0 0 0 0 0 0 0 1 
  INPUT ---       0 0 0 0 0 0 0 0 0 0 0 0 0 0 0 0 0 diff 0 0 diff 0 0 0 0 0 0 
  INPUT ---       0 0 0 0 0 0 0 0 0 0 diff 0 0 0 0 0 0 0 0 0 0 0 0;
  INPUT ---        1 0 0 0 0 0 0 0 0 1 1 diff 0 1 0 0 0 0 0 0 0 0 1 0 0 0 0 0 
  INPUT ---       0 0 0 diff diff 0 0 0 0 0 0 0 0 0 0 0 0 0 0 0 0 0 1 0 1 0 
  INPUT ---       diff 0 0 0 0 0 0 0 0 diff 0 0 0 0 0 0 0 0 0 0 0 0 0 0 0 0 0 
  INPUT ---       1 0 0 0 0 0 0 0 0 0 0 0 0 0 0 0 0 0 diff 0 diff 0 0 0 0 0 0 
  INPUT ---       0 0 0 0 0 0 0 0 0 0 0 diff 0 0 0 0 0 0 0 0 0 0 0;
  INPUT ---        0 0 0 0 0 0 0 0 0 0 0 0 0 0 0 0 0 0 0 0 0 0 0 0 0 0 0 0 0 
  INPUT ---       0 0 0 0 0 0 0 0 0 0 0 0 0 0 0 0 0 0 0 0 0 0 0 0 0 0 0 0 0 0 
  INPUT ---       0 0 0 0 0 0 0 0 0 0 0 0 0 0 0 0 0 0 0 0 0 0 0 0 0 0 0 0 0 0 
  INPUT ---       0 0 0 0 0 0 0 0 0 0 0 0 0 0 0 0 0 0 0 0 0 0 0 0 0 0 0 0 0 0 
  INPUT ---       0 1 0 0 0 0 0 0 0 0 0 0;

  Program  MARK  - Survival Rate Estimation with Capture-Recapture Data
   gfortran(dble/PIM2) Vers. 10.1 March 2023  17-Jun-2024 12:33:04    Page  012
 - - - - - - - - - - - - - - - - - - - - - - - - - - - - - - - - - - - - - -
 
  INPUT ---        0 0 0 0 0 0 0 0 0 0 0 0 0 0 0 0 0 0 0 0 0 0 0 0 0 0 0 0 0 
  INPUT ---       0 0 0 0 0 0 0 0 0 0 0 0 0 0 0 0 0 0 0 0 0 0 0 0 0 0 0 0 0 0 
  INPUT ---       0 0 0 0 0 0 0 0 0 0 0 0 0 0 0 0 0 0 0 0 0 0 0 0 0 0 0 0 0 0 
  INPUT ---       0 0 0 0 0 0 0 0 0 0 0 0 0 0 0 0 0 0 0 0 0 0 0 0 0 0 0 0 0 0 
  INPUT ---       0 1 1 0 0 0 0 0 0 0 0 0;
  INPUT ---        0 0 0 0 0 0 0 0 0 0 0 0 0 0 0 0 0 0 0 0 0 0 0 0 0 0 0 0 0 
  INPUT ---       0 0 0 0 0 0 0 0 0 0 0 0 0 0 0 0 0 0 0 0 0 0 0 0 0 0 0 0 0 0 
  INPUT ---       0 0 0 0 0 0 0 0 0 0 0 0 0 0 0 0 0 0 0 0 0 0 0 0 0 0 0 0 0 0 
  INPUT ---       0 0 0 0 0 0 0 0 0 0 0 0 0 0 0 0 0 0 0 0 0 0 0 0 0 0 0 0 0 0 
  INPUT ---       0 1 0 1 0 0 0 0 0 0 0 0;
  INPUT ---        0 0 0 0 0 0 0 0 0 0 0 0 0 0 0 0 0 0 0 0 0 0 0 0 0 0 0 0 0 
  INPUT ---       0 0 0 0 0 0 0 0 0 0 0 0 0 0 0 0 0 0 0 0 0 0 0 0 0 0 0 0 0 0 
  INPUT ---       0 0 0 0 0 0 0 0 0 0 0 0 0 0 0 0 0 0 0 0 0 0 0 0 0 0 0 0 0 0 
  INPUT ---       0 0 0 0 0 0 0 0 0 0 0 0 0 0 0 0 0 0 0 0 0 0 0 0 0 0 0 0 0 0 
  INPUT ---       0 1 0 0 1 0 0 0 0 0 0 0;
  INPUT ---        0 0 0 0 0 0 0 0 0 0 0 0 0 0 0 0 0 0 0 0 0 0 0 0 0 0 0 0 0 
  INPUT ---       0 0 0 0 0 0 0 0 0 0 0 0 0 0 0 0 0 0 0 0 0 0 0 0 0 0 0 0 0 0 
  INPUT ---       0 0 0 0 0 0 0 0 0 0 0 0 0 0 0 0 0 0 0 0 0 0 0 0 0 0 0 0 0 0 
  INPUT ---       0 0 0 0 0 0 0 0 0 0 0 0 0 0 0 0 0 0 0 0 0 0 0 0 0 0 0 0 0 0 
  INPUT ---       0 1 0 0 0 1 0 0 0 0 0 0;
  INPUT ---        0 0 0 0 0 0 0 0 0 0 0 0 0 0 0 0 0 0 0 0 0 0 0 0 0 0 0 0 0 
  INPUT ---       0 0 0 0 0 0 0 0 0 0 0 0 0 0 0 0 0 0 0 0 0 0 0 0 0 0 0 0 0 0 
  INPUT ---       0 0 0 0 0 0 0 0 0 0 0 0 0 0 0 0 0 0 0 0 0 0 0 0 0 0 0 0 0 0 
  INPUT ---       0 0 0 0 0 0 0 0 0 0 0 0 0 0 0 0 0 0 0 0 0 0 0 0 0 0 0 0 0 0 
  INPUT ---       0 1 0 0 0 0 1 0 0 0 0 0;
  INPUT ---        0 0 0 0 0 0 0 0 0 0 0 0 0 0 0 0 0 0 0 0 0 0 0 0 0 0 0 0 0 
  INPUT ---       0 0 0 0 0 0 0 0 0 0 0 0 0 0 0 0 0 0 0 0 0 0 0 0 0 0 0 0 0 0 
  INPUT ---       0 0 0 0 0 0 0 0 0 0 0 0 0 0 0 0 0 0 0 0 0 0 0 0 0 0 0 0 0 0 
  INPUT ---       0 0 0 0 0 0 0 0 0 0 0 0 0 0 0 0 0 0 0 0 0 0 0 0 0 0 0 0 0 0 
  INPUT ---       0 1 0 0 0 0 0 1 0 0 0 0;
  INPUT ---        0 0 0 0 0 0 0 0 0 0 0 0 0 0 0 0 0 0 0 0 0 0 0 0 0 0 0 0 0 
  INPUT ---       0 0 0 0 0 0 0 0 0 0 0 0 0 0 0 0 0 0 0 0 0 0 0 0 0 0 0 0 0 0 
  INPUT ---       0 0 0 0 0 0 0 0 0 0 0 0 0 0 0 0 0 0 0 0 0 0 0 0 0 0 0 0 0 0 
  INPUT ---       0 0 0 0 0 0 0 0 0 0 0 0 0 0 0 0 0 0 0 0 0 0 0 0 0 0 0 0 0 0 
  INPUT ---       0 1 0 0 0 0 0 0 1 0 0 0;
  INPUT ---        0 0 0 0 0 0 0 0 0 0 0 0 0 0 0 0 0 0 0 0 0 0 0 0 0 0 0 0 0 
  INPUT ---       0 0 0 0 0 0 0 0 0 0 0 0 0 0 0 0 0 0 0 0 0 0 0 0 0 0 0 0 0 0 
  INPUT ---       0 0 0 0 0 0 0 0 0 0 0 0 0 0 0 0 0 0 0 0 0 0 0 0 0 0 0 0 0 0 
  INPUT ---       0 0 0 0 0 0 0 0 0 0 0 0 0 0 0 0 0 0 0 0 0 0 0 0 0 0 0 0 0 0 
  INPUT ---       0 1 0 0 0 0 0 0 0 1 0 0;
  INPUT ---        0 0 0 0 0 0 0 0 0 0 0 0 0 0 0 0 0 0 0 0 0 0 0 0 0 0 0 0 0 
  INPUT ---       0 0 0 0 0 0 0 0 0 0 0 0 0 0 0 0 0 0 0 0 0 0 0 0 0 0 0 0 0 0 
  INPUT ---       0 0 0 0 0 0 0 0 0 0 0 0 0 0 0 0 0 0 0 0 0 0 0 0 0 0 0 0 0 0 
  INPUT ---       0 0 0 0 0 0 0 0 0 0 0 0 0 0 0 0 0 0 0 0 0 0 0 0 0 0 0 0 0 0 
  INPUT ---       0 1 0 0 0 0 0 0 0 0 1 0;
  INPUT ---        0 0 0 0 0 0 0 0 0 0 0 0 0 0 0 0 0 0 0 0 0 0 0 0 0 0 0 0 0 

  Program  MARK  - Survival Rate Estimation with Capture-Recapture Data
   gfortran(dble/PIM2) Vers. 10.1 March 2023  17-Jun-2024 12:33:04    Page  013
 - - - - - - - - - - - - - - - - - - - - - - - - - - - - - - - - - - - - - -
 
  INPUT ---       0 0 0 0 0 0 0 0 0 0 0 0 0 0 0 0 0 0 0 0 0 0 0 0 0 0 0 0 0 0 
  INPUT ---       0 0 0 0 0 0 0 0 0 0 0 0 0 0 0 0 0 0 0 0 0 0 0 0 0 0 0 0 0 0 
  INPUT ---       0 0 0 0 0 0 0 0 0 0 0 0 0 0 0 0 0 0 0 0 0 0 0 0 0 0 0 0 0 0 
  INPUT ---       0 1 1 0 0 0 0 0 0 0 1 0;
  INPUT ---        0 0 0 0 0 0 0 0 0 0 0 0 0 0 0 0 0 0 0 0 0 0 0 0 0 0 0 0 0 
  INPUT ---       0 0 0 0 0 0 0 0 0 0 0 0 0 0 0 0 0 0 0 0 0 0 0 0 0 0 0 0 0 0 
  INPUT ---       0 0 0 0 0 0 0 0 0 0 0 0 0 0 0 0 0 0 0 0 0 0 0 0 0 0 0 0 0 0 
  INPUT ---       0 0 0 0 0 0 0 0 0 0 0 0 0 0 0 0 0 0 0 0 0 0 0 0 0 0 0 0 0 0 
  INPUT ---       0 1 0 1 0 0 0 0 0 0 1 0;
  INPUT ---        0 0 0 0 0 0 0 0 0 0 0 0 0 0 0 0 0 0 0 0 0 0 0 0 0 0 0 0 0 
  INPUT ---       0 0 0 0 0 0 0 0 0 0 0 0 0 0 0 0 0 0 0 0 0 0 0 0 0 0 0 0 0 0 
  INPUT ---       0 0 0 0 0 0 0 0 0 0 0 0 0 0 0 0 0 0 0 0 0 0 0 0 0 0 0 0 0 0 
  INPUT ---       0 0 0 0 0 0 0 0 0 0 0 0 0 0 0 0 0 0 0 0 0 0 0 0 0 0 0 0 0 0 
  INPUT ---       0 1 0 0 1 0 0 0 0 0 1 0;
  INPUT ---        0 0 0 0 0 0 0 0 0 0 0 0 0 0 0 0 0 0 0 0 0 0 0 0 0 0 0 0 0 
  INPUT ---       0 0 0 0 0 0 0 0 0 0 0 0 0 0 0 0 0 0 0 0 0 0 0 0 0 0 0 0 0 0 
  INPUT ---       0 0 0 0 0 0 0 0 0 0 0 0 0 0 0 0 0 0 0 0 0 0 0 0 0 0 0 0 0 0 
  INPUT ---       0 0 0 0 0 0 0 0 0 0 0 0 0 0 0 0 0 0 0 0 0 0 0 0 0 0 0 0 0 0 
  INPUT ---       0 1 0 0 0 1 0 0 0 0 1 0;
  INPUT ---        0 0 0 0 0 0 0 0 0 0 0 0 0 0 0 0 0 0 0 0 0 0 0 0 0 0 0 0 0 
  INPUT ---       0 0 0 0 0 0 0 0 0 0 0 0 0 0 0 0 0 0 0 0 0 0 0 0 0 0 0 0 0 0 
  INPUT ---       0 0 0 0 0 0 0 0 0 0 0 0 0 0 0 0 0 0 0 0 0 0 0 0 0 0 0 0 0 0 
  INPUT ---       0 0 0 0 0 0 0 0 0 0 0 0 0 0 0 0 0 0 0 0 0 0 0 0 0 0 0 0 0 0 
  INPUT ---       0 1 0 0 0 0 1 0 0 0 1 0;
  INPUT ---        0 0 0 0 0 0 0 0 0 0 0 0 0 0 0 0 0 0 0 0 0 0 0 0 0 0 0 0 0 
  INPUT ---       0 0 0 0 0 0 0 0 0 0 0 0 0 0 0 0 0 0 0 0 0 0 0 0 0 0 0 0 0 0 
  INPUT ---       0 0 0 0 0 0 0 0 0 0 0 0 0 0 0 0 0 0 0 0 0 0 0 0 0 0 0 0 0 0 
  INPUT ---       0 0 0 0 0 0 0 0 0 0 0 0 0 0 0 0 0 0 0 0 0 0 0 0 0 0 0 0 0 0 
  INPUT ---       0 1 0 0 0 0 0 1 0 0 1 0;
  INPUT ---        0 0 0 0 0 0 0 0 0 0 0 0 0 0 0 0 0 0 0 0 0 0 0 0 0 0 0 0 0 
  INPUT ---       0 0 0 0 0 0 0 0 0 0 0 0 0 0 0 0 0 0 0 0 0 0 0 0 0 0 0 0 0 0 
  INPUT ---       0 0 0 0 0 0 0 0 0 0 0 0 0 0 0 0 0 0 0 0 0 0 0 0 0 0 0 0 0 0 
  INPUT ---       0 0 0 0 0 0 0 0 0 0 0 0 0 0 0 0 0 0 0 0 0 0 0 0 0 0 0 0 0 0 
  INPUT ---       0 1 0 0 0 0 0 0 1 0 1 0;
  INPUT ---        0 0 0 0 0 0 0 0 0 0 0 0 0 0 0 0 0 0 0 0 0 0 0 0 0 0 0 0 0 
  INPUT ---       0 0 0 0 0 0 0 0 0 0 0 0 0 0 0 0 0 0 0 0 0 0 0 0 0 0 0 0 0 0 
  INPUT ---       0 0 0 0 0 0 0 0 0 0 0 0 0 0 0 0 0 0 0 0 0 0 0 0 0 0 0 0 0 0 
  INPUT ---       0 0 0 0 0 0 0 0 0 0 0 0 0 0 0 0 0 0 0 0 0 0 0 0 0 0 0 0 0 0 
  INPUT ---       0 1 0 0 0 0 0 0 0 1 1 0;
  INPUT ---        0 0 0 0 0 0 0 0 0 0 0 0 0 0 0 0 0 0 0 0 0 0 0 0 0 0 0 0 0 
  INPUT ---       0 0 0 0 0 0 0 0 0 0 0 0 0 0 0 0 0 0 0 0 0 0 0 0 0 0 0 0 0 0 
  INPUT ---       0 0 0 0 0 0 0 0 0 0 0 0 0 0 0 0 0 0 0 0 0 0 0 0 0 0 0 0 0 0 
  INPUT ---       0 0 0 0 0 0 0 0 0 0 0 0 0 0 0 0 0 0 0 0 0 0 0 0 0 0 0 0 0 0 
  INPUT ---       0 1 0 0 0 0 0 0 0 0 0 1;
  INPUT ---        0 0 0 0 0 0 0 0 0 0 0 0 0 0 0 0 0 0 0 0 0 0 0 0 0 0 0 0 0 
  INPUT ---       0 0 0 0 0 0 0 0 0 0 0 0 0 0 0 0 0 0 0 0 0 0 0 0 0 0 0 0 0 0 

  Program  MARK  - Survival Rate Estimation with Capture-Recapture Data
   gfortran(dble/PIM2) Vers. 10.1 March 2023  17-Jun-2024 12:33:04    Page  014
 - - - - - - - - - - - - - - - - - - - - - - - - - - - - - - - - - - - - - -
 
  INPUT ---       0 0 0 0 0 0 0 0 0 0 0 0 0 0 0 0 0 0 0 0 0 0 0 0 0 0 0 0 0 0 
  INPUT ---       0 0 0 0 0 0 0 0 0 0 0 0 0 0 0 0 0 0 0 0 0 0 0 0 0 0 0 0 0 0 
  INPUT ---       0 1 1 0 0 0 0 0 0 0 0 1;
  INPUT ---        0 0 0 0 0 0 0 0 0 0 0 0 0 0 0 0 0 0 0 0 0 0 0 0 0 0 0 0 0 
  INPUT ---       0 0 0 0 0 0 0 0 0 0 0 0 0 0 0 0 0 0 0 0 0 0 0 0 0 0 0 0 0 0 
  INPUT ---       0 0 0 0 0 0 0 0 0 0 0 0 0 0 0 0 0 0 0 0 0 0 0 0 0 0 0 0 0 0 
  INPUT ---       0 0 0 0 0 0 0 0 0 0 0 0 0 0 0 0 0 0 0 0 0 0 0 0 0 0 0 0 0 0 
  INPUT ---       0 1 0 1 0 0 0 0 0 0 0 1;
  INPUT ---        0 0 0 0 0 0 0 0 0 0 0 0 0 0 0 0 0 0 0 0 0 0 0 0 0 0 0 0 0 
  INPUT ---       0 0 0 0 0 0 0 0 0 0 0 0 0 0 0 0 0 0 0 0 0 0 0 0 0 0 0 0 0 0 
  INPUT ---       0 0 0 0 0 0 0 0 0 0 0 0 0 0 0 0 0 0 0 0 0 0 0 0 0 0 0 0 0 0 
  INPUT ---       0 0 0 0 0 0 0 0 0 0 0 0 0 0 0 0 0 0 0 0 0 0 0 0 0 0 0 0 0 0 
  INPUT ---       0 1 0 0 1 0 0 0 0 0 0 1;
  INPUT ---        0 0 0 0 0 0 0 0 0 0 0 0 0 0 0 0 0 0 0 0 0 0 0 0 0 0 0 0 0 
  INPUT ---       0 0 0 0 0 0 0 0 0 0 0 0 0 0 0 0 0 0 0 0 0 0 0 0 0 0 0 0 0 0 
  INPUT ---       0 0 0 0 0 0 0 0 0 0 0 0 0 0 0 0 0 0 0 0 0 0 0 0 0 0 0 0 0 0 
  INPUT ---       0 0 0 0 0 0 0 0 0 0 0 0 0 0 0 0 0 0 0 0 0 0 0 0 0 0 0 0 0 0 
  INPUT ---       0 1 0 0 0 1 0 0 0 0 0 1;
  INPUT ---        0 0 0 0 0 0 0 0 0 0 0 0 0 0 0 0 0 0 0 0 0 0 0 0 0 0 0 0 0 
  INPUT ---       0 0 0 0 0 0 0 0 0 0 0 0 0 0 0 0 0 0 0 0 0 0 0 0 0 0 0 0 0 0 
  INPUT ---       0 0 0 0 0 0 0 0 0 0 0 0 0 0 0 0 0 0 0 0 0 0 0 0 0 0 0 0 0 0 
  INPUT ---       0 0 0 0 0 0 0 0 0 0 0 0 0 0 0 0 0 0 0 0 0 0 0 0 0 0 0 0 0 0 
  INPUT ---       0 1 0 0 0 0 1 0 0 0 0 1;
  INPUT ---        0 0 0 0 0 0 0 0 0 0 0 0 0 0 0 0 0 0 0 0 0 0 0 0 0 0 0 0 0 
  INPUT ---       0 0 0 0 0 0 0 0 0 0 0 0 0 0 0 0 0 0 0 0 0 0 0 0 0 0 0 0 0 0 
  INPUT ---       0 0 0 0 0 0 0 0 0 0 0 0 0 0 0 0 0 0 0 0 0 0 0 0 0 0 0 0 0 0 
  INPUT ---       0 0 0 0 0 0 0 0 0 0 0 0 0 0 0 0 0 0 0 0 0 0 0 0 0 0 0 0 0 0 
  INPUT ---       0 1 0 0 0 0 0 1 0 0 0 1;
  INPUT ---        0 0 0 0 0 0 0 0 0 0 0 0 0 0 0 0 0 0 0 0 0 0 0 0 0 0 0 0 0 
  INPUT ---       0 0 0 0 0 0 0 0 0 0 0 0 0 0 0 0 0 0 0 0 0 0 0 0 0 0 0 0 0 0 
  INPUT ---       0 0 0 0 0 0 0 0 0 0 0 0 0 0 0 0 0 0 0 0 0 0 0 0 0 0 0 0 0 0 
  INPUT ---       0 0 0 0 0 0 0 0 0 0 0 0 0 0 0 0 0 0 0 0 0 0 0 0 0 0 0 0 0 0 
  INPUT ---       0 1 0 0 0 0 0 0 1 0 0 1;
  INPUT ---        0 0 0 0 0 0 0 0 0 0 0 0 0 0 0 0 0 0 0 0 0 0 0 0 0 0 0 0 0 
  INPUT ---       0 0 0 0 0 0 0 0 0 0 0 0 0 0 0 0 0 0 0 0 0 0 0 0 0 0 0 0 0 0 
  INPUT ---       0 0 0 0 0 0 0 0 0 0 0 0 0 0 0 0 0 0 0 0 0 0 0 0 0 0 0 0 0 0 
  INPUT ---       0 0 0 0 0 0 0 0 0 0 0 0 0 0 0 0 0 0 0 0 0 0 0 0 0 0 0 0 0 0 
  INPUT ---       0 1 0 0 0 0 0 0 0 1 0 1;
  INPUT ---        0 0 0 0 0 0 0 0 0 0 0 0 0 0 0 0 0 0 0 0 0 0 0 0 0 0 0 0 0 
  INPUT ---       0 0 0 0 0 0 0 0 0 0 0 0 0 0 0 0 0 0 0 0 0 0 0 0 0 0 0 0 0 0 
  INPUT ---       0 0 0 0 0 0 0 0 0 0 0 0 0 0 0 0 0 0 0 0 0 0 0 0 0 0 0 0 0 0 
  INPUT ---       0 0 0 0 0 0 0 0 0 0 0 0 0 0 0 0 0 0 0 0 0 0 0 0 0 0 0 0 0 0 
  INPUT ---       0 0 0 0 0 0 0 0 0 0 0 0;
  INPUT ---       blabel(1)=Phi:(Intercept);
  INPUT ---       blabel(2)=Phi:time2.9;
  INPUT ---       blabel(3)=Phi:time9.81;

  Program  MARK  - Survival Rate Estimation with Capture-Recapture Data
   gfortran(dble/PIM2) Vers. 10.1 March 2023  17-Jun-2024 12:33:04    Page  015
 - - - - - - - - - - - - - - - - - - - - - - - - - - - - - - - - - - - - - -
 
  INPUT ---       blabel(4)=Phi:time18.14;
  INPUT ---       blabel(5)=Phi:time25.84;
  INPUT ---       blabel(6)=Phi:time31.63;
  INPUT ---       blabel(7)=Phi:time35.5;
  INPUT ---       blabel(8)=Phi:time41.93;
  INPUT ---       blabel(9)=Phi:time45.63;
  INPUT ---       blabel(10)=Phi:time61.63;
  INPUT ---       blabel(11)=Phi:originwild;
  INPUT ---       blabel(12)=Phi:diff;
  INPUT ---       blabel(13)=Phi:year2011;
  INPUT ---       blabel(14)=Phi:year2012;
  INPUT ---       blabel(15)=Phi:time2.9:originwild;
  INPUT ---       blabel(16)=Phi:time9.81:originwild;
  INPUT ---       blabel(17)=Phi:time18.14:originwild;
  INPUT ---       blabel(18)=Phi:time25.84:originwild;
  INPUT ---       blabel(19)=Phi:time31.63:originwild;
  INPUT ---       blabel(20)=Phi:time35.5:originwild;
  INPUT ---       blabel(21)=Phi:time41.93:originwild;
  INPUT ---       blabel(22)=Phi:time45.63:originwild;
  INPUT ---       blabel(23)=Phi:time61.63:originwild;
  INPUT ---       blabel(24)=Phi:time2.9:diff;
  INPUT ---       blabel(25)=Phi:time9.81:diff;
  INPUT ---       blabel(26)=Phi:time18.14:diff;
  INPUT ---       blabel(27)=Phi:time25.84:diff;
  INPUT ---       blabel(28)=Phi:time31.63:diff;
  INPUT ---       blabel(29)=Phi:time35.5:diff;
  INPUT ---       blabel(30)=Phi:time41.93:diff;
  INPUT ---       blabel(31)=Phi:time45.63:diff;
  INPUT ---       blabel(32)=Phi:time61.63:diff;
  INPUT ---       blabel(33)=Phi:originwild:diff;
  INPUT ---       blabel(34)=Phi:time2.9:year2011;
  INPUT ---       blabel(35)=Phi:time9.81:year2011;
  INPUT ---       blabel(36)=Phi:time18.14:year2011;
  INPUT ---       blabel(37)=Phi:time25.84:year2011;
  INPUT ---       blabel(38)=Phi:time31.63:year2011;
  INPUT ---       blabel(39)=Phi:time35.5:year2011;
  INPUT ---       blabel(40)=Phi:time41.93:year2011;
  INPUT ---       blabel(41)=Phi:time45.63:year2011;
  INPUT ---       blabel(42)=Phi:time61.63:year2011;
  INPUT ---       blabel(43)=Phi:time2.9:year2012;
  INPUT ---       blabel(44)=Phi:time9.81:year2012;
  INPUT ---       blabel(45)=Phi:time18.14:year2012;
  INPUT ---       blabel(46)=Phi:time25.84:year2012;
  INPUT ---       blabel(47)=Phi:time31.63:year2012;
  INPUT ---       blabel(48)=Phi:time35.5:year2012;
  INPUT ---       blabel(49)=Phi:time41.93:year2012;

  Program  MARK  - Survival Rate Estimation with Capture-Recapture Data
   gfortran(dble/PIM2) Vers. 10.1 March 2023  17-Jun-2024 12:33:04    Page  016
 - - - - - - - - - - - - - - - - - - - - - - - - - - - - - - - - - - - - - -
 
  INPUT ---       blabel(50)=Phi:time45.63:year2012;
  INPUT ---       blabel(51)=Phi:time61.63:year2012;
  INPUT ---       blabel(52)=Phi:originwild:year2011;
  INPUT ---       blabel(53)=Phi:originwild:year2012;
  INPUT ---       blabel(54)=Phi:diff:year2011;
  INPUT ---       blabel(55)=Phi:diff:year2012;
  INPUT ---       blabel(56)=Phi:time2.9:originwild:diff;
  INPUT ---       blabel(57)=Phi:time9.81:originwild:diff;
  INPUT ---       blabel(58)=Phi:time18.14:originwild:diff;
  INPUT ---       blabel(59)=Phi:time25.84:originwild:diff;
  INPUT ---       blabel(60)=Phi:time31.63:originwild:diff;
  INPUT ---       blabel(61)=Phi:time35.5:originwild:diff;
  INPUT ---       blabel(62)=Phi:time41.93:originwild:diff;
  INPUT ---       blabel(63)=Phi:time45.63:originwild:diff;
  INPUT ---       blabel(64)=Phi:time61.63:originwild:diff;
  INPUT ---       blabel(65)=Phi:time2.9:originwild:year2011;
  INPUT ---       blabel(66)=Phi:time9.81:originwild:year2011;
  INPUT ---       blabel(67)=Phi:time18.14:originwild:year2011;
  INPUT ---       blabel(68)=Phi:time25.84:originwild:year2011;
  INPUT ---       blabel(69)=Phi:time31.63:originwild:year2011;
  INPUT ---       blabel(70)=Phi:time35.5:originwild:year2011;
  INPUT ---       blabel(71)=Phi:time41.93:originwild:year2011;
  INPUT ---       blabel(72)=Phi:time45.63:originwild:year2011;
  INPUT ---       blabel(73)=Phi:time61.63:originwild:year2011;
  INPUT ---       blabel(74)=Phi:time2.9:originwild:year2012;
  INPUT ---       blabel(75)=Phi:time9.81:originwild:year2012;
  INPUT ---       blabel(76)=Phi:time18.14:originwild:year2012;
  INPUT ---       blabel(77)=Phi:time25.84:originwild:year2012;
  INPUT ---       blabel(78)=Phi:time31.63:originwild:year2012;
  INPUT ---       blabel(79)=Phi:time35.5:originwild:year2012;
  INPUT ---       blabel(80)=Phi:time41.93:originwild:year2012;
  INPUT ---       blabel(81)=Phi:time45.63:originwild:year2012;
  INPUT ---       blabel(82)=Phi:time61.63:originwild:year2012;
  INPUT ---       blabel(83)=Phi:time2.9:diff:year2011;
  INPUT ---       blabel(84)=Phi:time9.81:diff:year2011;
  INPUT ---       blabel(85)=Phi:time18.14:diff:year2011;
  INPUT ---       blabel(86)=Phi:time25.84:diff:year2011;
  INPUT ---       blabel(87)=Phi:time31.63:diff:year2011;
  INPUT ---       blabel(88)=Phi:time35.5:diff:year2011;
  INPUT ---       blabel(89)=Phi:time41.93:diff:year2011;
  INPUT ---       blabel(90)=Phi:time45.63:diff:year2011;
  INPUT ---       blabel(91)=Phi:time61.63:diff:year2011;
  INPUT ---       blabel(92)=Phi:time2.9:diff:year2012;
  INPUT ---       blabel(93)=Phi:time9.81:diff:year2012;
  INPUT ---       blabel(94)=Phi:time18.14:diff:year2012;
  INPUT ---       blabel(95)=Phi:time25.84:diff:year2012;

  Program  MARK  - Survival Rate Estimation with Capture-Recapture Data
   gfortran(dble/PIM2) Vers. 10.1 March 2023  17-Jun-2024 12:33:04    Page  017
 - - - - - - - - - - - - - - - - - - - - - - - - - - - - - - - - - - - - - -
 
  INPUT ---       blabel(96)=Phi:time31.63:diff:year2012;
  INPUT ---       blabel(97)=Phi:time35.5:diff:year2012;
  INPUT ---       blabel(98)=Phi:time41.93:diff:year2012;
  INPUT ---       blabel(99)=Phi:time45.63:diff:year2012;
  INPUT ---       blabel(100)=Phi:time61.63:diff:year2012;
  INPUT ---       blabel(101)=Phi:originwild:diff:year2011;
  INPUT ---       blabel(102)=Phi:originwild:diff:year2012;
  INPUT ---       blabel(103)=Phi:time2.9:originwild:diff:year2011;
  INPUT ---       blabel(104)=Phi:time9.81:originwild:diff:year2011;
  INPUT ---       blabel(105)=Phi:time18.14:originwild:diff:year2011;
  INPUT ---       blabel(106)=Phi:time25.84:originwild:diff:year2011;
  INPUT ---       blabel(107)=Phi:time31.63:originwild:diff:year2011;
  INPUT ---       blabel(108)=Phi:time35.5:originwild:diff:year2011;
  INPUT ---       blabel(109)=Phi:time41.93:originwild:diff:year2011;
  INPUT ---       blabel(110)=Phi:time45.63:originwild:diff:year2011;
  INPUT ---       blabel(111)=Phi:time61.63:originwild:diff:year2011;
  INPUT ---       blabel(112)=Phi:time2.9:originwild:diff:year2012;
  INPUT ---       blabel(113)=Phi:time9.81:originwild:diff:year2012;
  INPUT ---       blabel(114)=Phi:time18.14:originwild:diff:year2012;
  INPUT ---       blabel(115)=Phi:time25.84:originwild:diff:year2012;
  INPUT ---       blabel(116)=Phi:time31.63:originwild:diff:year2012;
  INPUT ---       blabel(117)=Phi:time35.5:originwild:diff:year2012;
  INPUT ---       blabel(118)=Phi:time41.93:originwild:diff:year2012;
  INPUT ---       blabel(119)=Phi:time45.63:originwild:diff:year2012;
  INPUT ---       blabel(120)=Phi:time61.63:originwild:diff:year2012;
  INPUT ---       blabel(121)=p:(Intercept);
  INPUT ---       blabel(122)=p:time9.81;
  INPUT ---       blabel(123)=p:time18.14;
  INPUT ---       blabel(124)=p:time25.84;
  INPUT ---       blabel(125)=p:time31.63;
  INPUT ---       blabel(126)=p:time35.5;
  INPUT ---       blabel(127)=p:time41.93;
  INPUT ---       blabel(128)=p:time45.63;
  INPUT ---       blabel(129)=p:time61.63;
  INPUT ---       blabel(130)=p:year2011;
  INPUT ---       blabel(131)=p:year2012;
  INPUT ---       rlabel(1)=Phi ghatchery2010 c1 a0 t1;
  INPUT ---       rlabel(2)=Phi ghatchery2010 c1 a1.9 t2.9;
  INPUT ---       rlabel(3)=Phi ghatchery2010 c1 a8.81 t9.81;
  INPUT ---       rlabel(4)=Phi ghatchery2010 c1 a17.14 t18.14;
  INPUT ---       rlabel(5)=Phi ghatchery2010 c1 a24.84 t25.84;
  INPUT ---       rlabel(6)=Phi ghatchery2010 c1 a30.63 t31.63;
  INPUT ---       rlabel(7)=Phi ghatchery2010 c1 a34.5 t35.5;
  INPUT ---       rlabel(8)=Phi ghatchery2010 c1 a40.93 t41.93;
  INPUT ---       rlabel(9)=Phi ghatchery2010 c1 a44.63 t45.63;
  INPUT ---       rlabel(10)=Phi ghatchery2010 c1 a60.63 t61.63;

  Program  MARK  - Survival Rate Estimation with Capture-Recapture Data
   gfortran(dble/PIM2) Vers. 10.1 March 2023  17-Jun-2024 12:33:04    Page  018
 - - - - - - - - - - - - - - - - - - - - - - - - - - - - - - - - - - - - - -
 
  INPUT ---       rlabel(11)=Phi gwild2010 c1 a0 t1;
  INPUT ---       rlabel(12)=Phi gwild2010 c1 a1.9 t2.9;
  INPUT ---       rlabel(13)=Phi gwild2010 c1 a8.81 t9.81;
  INPUT ---       rlabel(14)=Phi gwild2010 c1 a17.14 t18.14;
  INPUT ---       rlabel(15)=Phi gwild2010 c1 a24.84 t25.84;
  INPUT ---       rlabel(16)=Phi gwild2010 c1 a30.63 t31.63;
  INPUT ---       rlabel(17)=Phi gwild2010 c1 a34.5 t35.5;
  INPUT ---       rlabel(18)=Phi gwild2010 c1 a40.93 t41.93;
  INPUT ---       rlabel(19)=Phi gwild2010 c1 a44.63 t45.63;
  INPUT ---       rlabel(20)=Phi gwild2010 c1 a60.63 t61.63;
  INPUT ---       rlabel(21)=Phi ghatchery2011 c1 a0 t1;
  INPUT ---       rlabel(22)=Phi ghatchery2011 c1 a1.9 t2.9;
  INPUT ---       rlabel(23)=Phi ghatchery2011 c1 a8.81 t9.81;
  INPUT ---       rlabel(24)=Phi ghatchery2011 c1 a17.14 t18.14;
  INPUT ---       rlabel(25)=Phi ghatchery2011 c1 a24.84 t25.84;
  INPUT ---       rlabel(26)=Phi ghatchery2011 c1 a30.63 t31.63;
  INPUT ---       rlabel(27)=Phi ghatchery2011 c1 a34.5 t35.5;
  INPUT ---       rlabel(28)=Phi ghatchery2011 c1 a40.93 t41.93;
  INPUT ---       rlabel(29)=Phi ghatchery2011 c1 a44.63 t45.63;
  INPUT ---       rlabel(30)=Phi ghatchery2011 c1 a60.63 t61.63;
  INPUT ---       rlabel(31)=Phi gwild2011 c1 a0 t1;
  INPUT ---       rlabel(32)=Phi gwild2011 c1 a1.9 t2.9;
  INPUT ---       rlabel(33)=Phi gwild2011 c1 a8.81 t9.81;
  INPUT ---       rlabel(34)=Phi gwild2011 c1 a17.14 t18.14;
  INPUT ---       rlabel(35)=Phi gwild2011 c1 a24.84 t25.84;
  INPUT ---       rlabel(36)=Phi gwild2011 c1 a30.63 t31.63;
  INPUT ---       rlabel(37)=Phi gwild2011 c1 a34.5 t35.5;
  INPUT ---       rlabel(38)=Phi gwild2011 c1 a40.93 t41.93;
  INPUT ---       rlabel(39)=Phi gwild2011 c1 a44.63 t45.63;
  INPUT ---       rlabel(40)=Phi gwild2011 c1 a60.63 t61.63;
  INPUT ---       rlabel(41)=Phi ghatchery2012 c1 a0 t1;
  INPUT ---       rlabel(42)=Phi ghatchery2012 c1 a1.9 t2.9;
  INPUT ---       rlabel(43)=Phi ghatchery2012 c1 a8.81 t9.81;
  INPUT ---       rlabel(44)=Phi ghatchery2012 c1 a17.14 t18.14;
  INPUT ---       rlabel(45)=Phi ghatchery2012 c1 a24.84 t25.84;
  INPUT ---       rlabel(46)=Phi ghatchery2012 c1 a30.63 t31.63;
  INPUT ---       rlabel(47)=Phi ghatchery2012 c1 a34.5 t35.5;
  INPUT ---       rlabel(48)=Phi ghatchery2012 c1 a40.93 t41.93;
  INPUT ---       rlabel(49)=Phi ghatchery2012 c1 a44.63 t45.63;
  INPUT ---       rlabel(50)=Phi ghatchery2012 c1 a60.63 t61.63;
  INPUT ---       rlabel(51)=Phi gwild2012 c1 a0 t1;
  INPUT ---       rlabel(52)=Phi gwild2012 c1 a1.9 t2.9;
  INPUT ---       rlabel(53)=Phi gwild2012 c1 a8.81 t9.81;
  INPUT ---       rlabel(54)=Phi gwild2012 c1 a17.14 t18.14;
  INPUT ---       rlabel(55)=Phi gwild2012 c1 a24.84 t25.84;
  INPUT ---       rlabel(56)=Phi gwild2012 c1 a30.63 t31.63;

  Program  MARK  - Survival Rate Estimation with Capture-Recapture Data
   gfortran(dble/PIM2) Vers. 10.1 March 2023  17-Jun-2024 12:33:04    Page  019
 - - - - - - - - - - - - - - - - - - - - - - - - - - - - - - - - - - - - - -
 
  INPUT ---       rlabel(57)=Phi gwild2012 c1 a34.5 t35.5;
  INPUT ---       rlabel(58)=Phi gwild2012 c1 a40.93 t41.93;
  INPUT ---       rlabel(59)=Phi gwild2012 c1 a44.63 t45.63;
  INPUT ---       rlabel(60)=Phi gwild2012 c1 a60.63 t61.63;
  INPUT ---       rlabel(61)=p ghatchery2010 c1 a1.9 t2.9;
  INPUT ---       rlabel(62)=p ghatchery2010 c1 a8.81 t9.81;
  INPUT ---       rlabel(63)=p ghatchery2010 c1 a17.14 t18.14;
  INPUT ---       rlabel(64)=p ghatchery2010 c1 a24.84 t25.84;
  INPUT ---       rlabel(65)=p ghatchery2010 c1 a30.63 t31.63;
  INPUT ---       rlabel(66)=p ghatchery2010 c1 a34.5 t35.5;
  INPUT ---       rlabel(67)=p ghatchery2010 c1 a40.93 t41.93;
  INPUT ---       rlabel(68)=p ghatchery2010 c1 a44.63 t45.63;
  INPUT ---       rlabel(69)=p ghatchery2010 c1 a60.63 t61.63;
  INPUT ---       rlabel(70)=p ghatchery2011 c1 a1.9 t2.9;
  INPUT ---       rlabel(71)=p ghatchery2011 c1 a8.81 t9.81;
  INPUT ---       rlabel(72)=p ghatchery2011 c1 a17.14 t18.14;
  INPUT ---       rlabel(73)=p ghatchery2011 c1 a24.84 t25.84;
  INPUT ---       rlabel(74)=p ghatchery2011 c1 a30.63 t31.63;
  INPUT ---       rlabel(75)=p ghatchery2011 c1 a34.5 t35.5;
  INPUT ---       rlabel(76)=p ghatchery2011 c1 a40.93 t41.93;
  INPUT ---       rlabel(77)=p ghatchery2011 c1 a44.63 t45.63;
  INPUT ---       rlabel(78)=p ghatchery2011 c1 a60.63 t61.63;
  INPUT ---       rlabel(79)=p ghatchery2012 c1 a1.9 t2.9;
  INPUT ---       rlabel(80)=p ghatchery2012 c1 a8.81 t9.81;
  INPUT ---       rlabel(81)=p ghatchery2012 c1 a17.14 t18.14;
  INPUT ---       rlabel(82)=p ghatchery2012 c1 a24.84 t25.84;
  INPUT ---       rlabel(83)=p ghatchery2012 c1 a30.63 t31.63;
  INPUT ---       rlabel(84)=p ghatchery2012 c1 a34.5 t35.5;
  INPUT ---       rlabel(85)=p ghatchery2012 c1 a40.93 t41.93;
  INPUT ---       rlabel(86)=p ghatchery2012 c1 a44.63 t45.63;
  INPUT ---       rlabel(87)=p ghatchery2012 c1 a60.63 t61.63;
  INPUT ---       rlabel(88)=p ghatchery2010 c1 a83.62 t84.62;
   Model is { Phi(~time * origin * diff * year)p(~time + year) }

 Link Function Used is LOGIT        

 Variance Estimation Procedure Used is 2ndPart 
 -2logL(saturated) = 0.0000000     
 Effective Sample Size = 18772

 Number of function evaluations was 360 for 131 parameters.
 For numerical optimization, CPU Time was 20.097 minutes and System Time was 183.500 seconds.
 -2logL { Phi(~time * origin * diff * year)p(~time + year) } = 13095.858     
 Penalty { Phi(~time * origin * diff * year)p(~time + year) } = 0.0000000     

  Program  MARK  - Survival Rate Estimation with Capture-Recapture Data
   gfortran(dble/PIM2) Vers. 10.1 March 2023  17-Jun-2024 12:36:07    Page  020
 - - - - - - - - - - - - - - - - - - - - - - - - - - - - - - - - - - - - - -
 
 Gradient { Phi(~time * origin * diff * year)p(~time + year) }:
 -0.16203759E-01  0.14264216E-01  0.37275744E-02 -0.19179895E-01  0.91854729E-02
 -0.34095988E-02 -0.74257314E-02 -0.69671936E-02  0.23208786E-01 -0.29646283E-01
  0.19671276E-01  0.28069768E-02 -0.35768037E-02 -0.45127259E-01  0.12676288E-01
  0.30692910E-03  0.92393089E-02  0.62854596E-02 -0.45422162E-02  0.45887045E-02
  0.47930797E-02 -0.11562128E-01 -0.21449500E-02  0.30504064E-02  0.23777211E-02
 -0.60621743E-02  0.13455541E-03 -0.18461917E-02 -0.41685749E-02  0.61216857E-02
  0.25521949E-02  0.56575172E-03 -0.25386674E-02  0.36519545E-02  0.10601289E-02
  0.37699329E-02 -0.96056055E-03  0.11275244E-02  0.24109140E-02 -0.12675233E-01
 -0.17323393E-03 -0.18242369E-02 -0.30082584E-02  0.69435942E-02 -0.35019951E-01
   0.0000000     -0.45245307E-02 -0.11230233E-01  0.23380390E-02  0.23140947E-01
 -0.23741364E-01  0.61883503E-02 -0.22065215E-01 -0.74343976E-02  0.10207053E-01
 -0.14968750E-03  0.68605116E-03 -0.96060566E-03  0.84810299E-03 -0.13415321E-02
 -0.99690524E-03  0.17188818E-02 -0.18807242E-02 -0.49548247E-03  0.28235552E-02
   0.0000000      0.37678251E-02 -0.96420790E-03 -0.11449124E-04  0.30766007E-02
   0.0000000     -0.53975380E-05 -0.25613282E-02 -0.17318240E-02  0.14458234E-02
 -0.86032848E-02   0.0000000     -0.45263627E-02 -0.29160599E-02  0.15817852E-02
 -0.45873105E-02 -0.26955989E-02 -0.51316904E-03 -0.32192495E-02 -0.62410706E-03
 -0.66837514E-04 -0.53424474E-03 -0.13970850E-02  0.44838947E-02 -0.65609558E-03
 -0.49770074E-02  0.21677501E-02  0.57352422E-02 -0.76333349E-02   0.0000000    
 -0.13388652E-02 -0.13584996E-02  0.12359526E-02  0.65473583E-02  0.47402162E-02
 -0.28797381E-02 -0.51120328E-02 -0.71275805E-03   0.0000000     -0.62549503E-03
 -0.85089694E-04 -0.13815269E-04 -0.11762403E-02   0.0000000       0.0000000    
 -0.32356449E-03 -0.32654364E-03  0.10913093E-03 -0.17957411E-02   0.0000000    
 -0.13438570E-02 -0.94978291E-03  0.70995241E-03 -0.12845938E-02 -0.26784726E-03
  0.39190858E-01 -0.11158037E-02  0.33513449E-02  0.48160282E-02  0.25275196E-01
  0.86878627E-02 -0.47216850E-03  0.15668067E-02  0.30550763E-02  0.10329067E-01
  0.76237772E-02
 Maximum ABS(G) { Phi(~time * origin * diff * year)p(~time + year) } = 0.0451273     
 To compute VC matrix, CPU Time was 8.988 minutes and System Time was 76.187 seconds.

  Program  MARK  - Survival Rate Estimation with Capture-Recapture Data
   gfortran(dble/PIM2) Vers. 10.1 March 2023  17-Jun-2024 12:37:24    Page  021
 - - - - - - - - - - - - - - - - - - - - - - - - - - - - - - - - - - - - - -
 
 S Vector { Phi(~time * origin * diff * year)p(~time + year) }:
   1666.198      1279.251      552.7968      358.1997      287.8709    
   284.7606      214.7768      150.7356      145.6179      139.1559    
   128.8871      127.8563      104.0002      101.4673      98.17801    
   90.26620      85.12966      82.76271      77.83890      74.82288    
   64.85244      59.20557      47.20308      46.37586      42.20038    
   37.82748      34.11029      32.79457      30.91631      30.10918    
   25.43723      21.57504      19.89525      19.10228      18.67624    
   16.27159      15.07023      14.16856      11.75035      11.20941    
   10.35005      9.791920      8.672621      8.564987      7.650946    
   7.496235      7.297617      6.164583      5.678229      5.544986    
   5.230113      4.695793      4.514772      4.363067      4.109684    
   3.758775      3.355460      3.090191      2.613768      2.466043    
   2.174084      2.088258      1.842276      1.805051      1.588956    
   1.487955      1.461717      1.287843      1.246519      1.142014    
   1.059181     0.9483570     0.9241457     0.9053755     0.8101901    
  0.6559213     0.5729558     0.5101165     0.4975014     0.4659229    
  0.4320180     0.4022489     0.3552316     0.3390058     0.2516362    
  0.2413731     0.1927475     0.1812362     0.1639835     0.1476249    
  0.1177217     0.8110867E-01 0.5062637E-01 0.4539025E-01 0.3941831E-01
  0.3101251E-01 0.2396346E-01 0.6911679E-03 0.4041621E-04 0.3652113E-04
  0.3417387E-04 0.3133661E-04 0.2193148E-04 0.2008017E-04 0.1874334E-04
  0.1633839E-04 0.1538319E-04 0.1514056E-04 0.1162460E-04 0.1123127E-04
  0.1004801E-04 0.9571254E-05 0.8073055E-05 0.7107497E-05 0.5382656E-05
  0.5094454E-05 0.4140889E-05 0.3429031E-05 0.3281020E-05 0.3038769E-05
  0.2678016E-05 0.1995353E-05 0.9213716E-06 0.7688995E-06 0.3637979E-06
  0.2016737E-06 0.1632264E-06 0.1619468E-06 0.2121065E-07 0.3452140E-16
  0.5219568E-21
 To invert VC matrix, CPU Time was 0.001 seconds and System Time was 0.001 seconds.
 Ratio Threshold = 50.000000       Max Gap (129/130) = 0.6144202E+09   Next Max Gap (130/131) = 66138.415     
 Gap Method for Num. of Estimated Parameters { Phi(~time * origin * diff * year)p(~time + year) } = 129          
 Threshold { Phi(~time * origin * diff * year)p(~time + year) } = 0.0902545               
 Numerical Threshold Method for Num. of Estimated Parameters { Phi(~time * origin * diff * year)p(~time + year) } = 91          
 Number of Estimated Parameters { Phi(~time * origin * diff * year)p(~time + year) } = 129          

   * *  WARNING  * *   Number of parameters estimated from gap method (=129) and threshold method (=91) differ.  Inspect full output. 

  Program  MARK  - Survival Rate Estimation with Capture-Recapture Data
   gfortran(dble/PIM2) Vers. 10.1 March 2023  17-Jun-2024 12:37:24    Page  022
 - - - - - - - - - - - - - - - - - - - - - - - - - - - - - - - - - - - - - -
 
 Ratios of S Vector { Phi(~time * origin * diff * year)p(~time + year) }:
   1/2    1.302479       2/3    2.314143       3/4    1.543264       4/5    1.244307       5/6    1.010922    
   6/7    1.325844       7/8    1.424858       8/9    1.035145       9/10    1.046438       10/11    1.079673    
   11/12    1.008062       12/13    1.229385       13/14    1.024963       14/15    1.033503       15/16    1.087650    
   16/17    1.060338       17/18    1.028599       18/19    1.063256       19/20    1.040309       20/21    1.153740    
   21/22    1.095377       22/23    1.254274       23/24    1.017837       24/25    1.098944       25/26    1.115601    
   26/27    1.108975       27/28    1.040120       28/29    1.060753       29/30    1.026807       30/31    1.183666    
   31/32    1.179012       32/33    1.084432       33/34    1.041512       34/35    1.022812       35/36    1.147783    
   36/37    1.079718       37/38    1.063639       38/39    1.205798       39/40    1.048258       40/41    1.083030    
   41/42    1.056999       42/43    1.129061       43/44    1.012567       44/45    1.119468       45/46    1.020638    
   46/47    1.027217       47/48    1.183797       48/49    1.085652       49/50    1.024029       50/51    1.060204    
   51/52    1.113787       52/53    1.040095       53/54    1.034770       54/55    1.061655       55/56    1.093357    
   56/57    1.120196       57/58    1.085842       58/59    1.182274       59/60    1.059904       60/61    1.134290    
   61/62    1.041099       62/63    1.133521       63/64    1.020623       64/65    1.135998       65/66    1.067879    
   66/67    1.017950       67/68    1.135011       68/69    1.033152       69/70    1.091510       70/71    1.078205    
   71/72    1.116859       72/73    1.026199       73/74    1.020732       74/75    1.117485       75/76    1.235194    
   76/77    1.144803       77/78    1.123186       78/79    1.025357       79/80    1.067776       80/81    1.078480    
   81/82    1.074007       82/83    1.132357       83/84    1.047863       84/85    1.347206       85/86    1.042520    
   86/87    1.252276       87/88    1.063516       88/89    1.105210       89/90    1.110812       90/91    1.254016    
   91/92    1.451407       92/93    1.602103       93/94    1.115358       94/95    1.151502       95/96    1.271045    
   96/97    1.294159       97/98    34.67096       98/99    17.10126       99/100    1.106653       100/101    1.068686    
   101/102    1.090541       102/103    1.428842       103/104    1.092196       104/105    1.071323       105/106    1.147196    
   106/107    1.062094       107/108    1.016025       108/109    1.302458       109/110    1.035021       110/111    1.117761    
   111/112    1.049811       112/113    1.185580       113/114    1.135851       114/115    1.320444       115/116    1.056572    
   116/117    1.230280       117/118    1.207598       118/119    1.045111       119/120    1.079720       120/121    1.134709    
   121/122    1.342126       122/123    2.165634       123/124    1.198299       124/125    2.113535       125/126    1.803894    
   126/127    1.235546       127/128    1.007901       128/129    7.635166       129/130   0.6144202E+09   130/131    66138.42    
 DEVIANCE { Phi(~time * origin * diff * year)p(~time + year) } = 13095.858               
 DEVIANCE Degrees of Freedom { Phi(~time * origin * diff * year)p(~time + year) } = 315          
 c-hat { Phi(~time * origin * diff * year)p(~time + year) } = 41.574152               
 AIC { Phi(~time * origin * diff * year)p(~time + year) } = 13277.858               
 AICc { Phi(~time * origin * diff * year)p(~time + year) } = 13278.754               
 BIC { Phi(~time * origin * diff * year)p(~time + year) } = 13991.309               
 Pearson Chisquare { Phi(~time * origin * diff * year)p(~time + year) } = 0.1246623E+11           
 Possible Encounter Histories { Phi(~time * origin * diff * year)p(~time + year) } = 6144          
 Pearson Chisquare df { Phi(~time * origin * diff * year)p(~time + year) } = 6047          
 Pearson chat { Phi(~time * origin * diff * year)p(~time + year) } = 2061555.4               
 Sum(Observed/Expected) { Phi(~time * origin * diff * year)p(~time + year) } = 0.3116553E+10           
 s-bar { Phi(~time * origin * diff * year)p(~time + year) } = 507746.29               
 Fletcher chat { Phi(~time * origin * diff * year)p(~time + year) } = 4.0601997               


  LOGIT Link Function Parameters of { Phi(~time * origin * diff * year)p(~time + year) }
                                                              95% Confidence Interval
    Parameter                  Beta         Standard Error     Lower           Upper
 -------------------------  --------------  --------------  --------------  --------------
    1:Phi:(Intercept)        29.952769       0.0000000       29.952769       29.952769    
    2:Phi:time2.9           -25.091862       0.0000000      -25.091862      -25.091862    
    3:Phi:time9.81          -23.188094       0.0000000      -23.188094      -23.188094    
    4:Phi:time18.14         -24.174304       0.0000000      -24.174304      -24.174304    
    5:Phi:time25.84         -23.804301       0.0000000      -23.804301      -23.804301    
    6:Phi:time31.63         -5.9312450       0.0000000      -5.9312450      -5.9312450    
    7:Phi:time35.5          -24.405513       0.0000000      -24.405513      -24.405513    
    8:Phi:time41.93         -26.570210       0.0000000      -26.570210      -26.570210    
    9:Phi:time45.63         -25.997995       0.0000000      -25.997995      -25.997995    
   10:Phi:time61.63         -25.126835       0.0000000      -25.126835      -25.126835    
   11:Phi:originwild        -3.5079685       38.116667      -78.216637       71.200700    
   12:Phi:diff               0.4023479       0.0000000       0.4023479       0.4023479    

  Program  MARK  - Survival Rate Estimation with Capture-Recapture Data
   gfortran(dble/PIM2) Vers. 10.1 March 2023  17-Jun-2024 12:37:24    Page  023
 - - - - - - - - - - - - - - - - - - - - - - - - - - - - - - - - - - - - - -
 
   13:Phi:year2011          -5.7633297       0.0000000      -5.7633297      -5.7633297    
   14:Phi:year2012           4.1949013       0.0000000       4.1949013       4.1949013    
   15:Phi:time2.9:originwi   4.2334673       38.119141      -70.480051       78.946985    
   16:Phi:time9.81:originw   2.4390379       38.124392      -72.284772       77.162848    
   17:Phi:time18.14:origin   4.0122132       38.121992      -70.706893       78.731319    
   18:Phi:time25.84:origin   3.2876166       38.120138      -71.427855       78.003089    
   19:Phi:time31.63:origin   11.845041       0.0000000       11.845041       11.845041    
   20:Phi:time35.5:originw   2.2384223       38.120589      -72.477933       76.954777    
   21:Phi:time41.93:origin   5.3036059       38.122721      -69.416929       80.024141    
   22:Phi:time45.63:origin   3.6005498       38.117322      -71.109403       78.310502    
   23:Phi:time61.63:origin   3.4129583       38.115936      -71.294277       78.120193    
   24:Phi:time2.9:diff      -0.5270625       0.0000000      -0.5270625      -0.5270625    
   25:Phi:time9.81:diff     -0.5277116       0.0000000      -0.5277116      -0.5277116    
   26:Phi:time18.14:diff    -0.5264221       0.0000000      -0.5264221      -0.5264221    
   27:Phi:time25.84:diff    -0.5267504       0.0000000      -0.5267504      -0.5267504    
   28:Phi:time31.63:diff    -0.1680093       0.0000000      -0.1680093      -0.1680093    
   29:Phi:time35.5:diff     -0.5286114       0.0000000      -0.5286114      -0.5286114    
   30:Phi:time41.93:diff    -0.5306789       0.0000000      -0.5306789      -0.5306789    
   31:Phi:time45.63:diff    -0.5288534       0.0000000      -0.5288534      -0.5288534    
   32:Phi:time61.63:diff    -1.0608147       0.0000000      -1.0608147      -1.0608147    
   33:Phi:originwild:diff   -2.3864181       0.0000000      -2.3864181      -2.3864181    
   34:Phi:time2.9:year2011   7.8595566       0.0000000       7.8595566       7.8595566    
   35:Phi:time9.81:year201   4.9034603       0.0000000       4.9034603       4.9034603    
   36:Phi:time18.14:year20   29.416158       0.0000000       29.416158       29.416158    
   37:Phi:time25.84:year20   26.172087       0.0000000       26.172087       26.172087    
   38:Phi:time31.63:year20  -12.670739       0.0000000      -12.670739      -12.670739    
   39:Phi:time35.5:year201   5.6364860       0.0000000       5.6364860       5.6364860    
   40:Phi:time41.93:year20   6.7850923       0.0000000       6.7850923       6.7850923    
   41:Phi:time45.63:year20   6.5523355       0.0000000       6.5523355       6.5523355    
   42:Phi:time61.63:year20   5.2251437       0.0000000       5.2251437       5.2251437    
   43:Phi:time2.9:year2012  -2.1989548       0.0000000      -2.1989548      -2.1989548    
   44:Phi:time9.81:year201  -4.6856601       0.0000000      -4.6856601      -4.6856601    
   45:Phi:time18.14:year20  -3.9512317       0.0000000      -3.9512317      -3.9512317    
   46:Phi:time25.84:year20   17.226171       2131.9007      -4161.2993       4195.7516    
   47:Phi:time31.63:year20   7.3827455       0.0000000       7.3827455       7.3827455    
   48:Phi:time35.5:year201  -5.2223351       0.0000000      -5.2223351      -5.2223351    
   49:Phi:time41.93:year20  -0.8666771       0.0000000      -0.8666771      -0.8666771    
   50:Phi:time45.63:year20  -2.8346187       0.0000000      -2.8346187      -2.8346187    
   51:Phi:time61.63:year20  -4.0340907       0.0000000      -4.0340907      -4.0340907    
   52:Phi:originwild:year2  -1.0290057       0.0000000      -1.0290057      -1.0290057    
   53:Phi:originwild:year2  -11.780694       0.0000000      -11.780694      -11.780694    
   54:Phi:diff:year2011      1.0614390       0.0000000       1.0614390       1.0614390    
   55:Phi:diff:year2012      0.6715065       0.0000000       0.6715065       0.6715065    
   56:Phi:time2.9:originwi   2.7810821       0.0000000       2.7810821       2.7810821    
   57:Phi:time9.81:originw   2.7816832       0.0000000       2.7816832       2.7816832    
   58:Phi:time18.14:origin   2.7808972       0.0000000       2.7808972       2.7808972    

  Program  MARK  - Survival Rate Estimation with Capture-Recapture Data
   gfortran(dble/PIM2) Vers. 10.1 March 2023  17-Jun-2024 12:37:24    Page  024
 - - - - - - - - - - - - - - - - - - - - - - - - - - - - - - - - - - - - - -
 
   59:Phi:time25.84:origin   2.7807452       0.0000000       2.7807452       2.7807452    
   60:Phi:time31.63:origin  -1.5257436       0.0000000      -1.5257436      -1.5257436    
   61:Phi:time35.5:originw   2.7854081       0.0000000       2.7854081       2.7854081    
   62:Phi:time41.93:origin   2.7857891       0.0000000       2.7857891       2.7857891    
   63:Phi:time45.63:origin   2.7859809       0.0000000       2.7859809       2.7859809    
   64:Phi:time61.63:origin   1.3193446       0.0000000       1.3193446       1.3193446    
   65:Phi:time2.9:originwi  -2.6973470       0.0000000      -2.6973470      -2.6973470    
   66:Phi:time9.81:originw   37.460388       0.1701987E+09  -0.3335894E+09   0.3335894E+09
   67:Phi:time18.14:origin  -24.471036       0.0000000      -24.471036      -24.471036    
   68:Phi:time25.84:origin  -20.210247       0.0000000      -20.210247      -20.210247    
   69:Phi:time31.63:origin   9.4964303       0.0000000       9.4964303       9.4964303    
   70:Phi:time35.5:originw   1.3581324       0.0000000       1.3581324       1.3581324    
   71:Phi:time41.93:origin   28.793594       0.0000000       28.793594       28.793594    
   72:Phi:time45.63:origin   21.220005       654.94979      -1262.4816       1304.9216    
   73:Phi:time61.63:origin   0.2165985       0.0000000       0.2165985       0.2165985    
   74:Phi:time2.9:originwi   8.8702355       0.0000000       8.8702355       8.8702355    
   75:Phi:time9.81:originw   12.664814       0.0000000       12.664814       12.664814    
   76:Phi:time18.14:origin   10.273489       0.0000000       10.273489       10.273489    
   77:Phi:time25.84:origin   6.7305272       0.0000000       6.7305272       6.7305272    
   78:Phi:time31.63:origin  -26.911839       0.0000000      -26.911839      -26.911839    
   79:Phi:time35.5:originw   12.459750       0.0000000       12.459750       12.459750    
   80:Phi:time41.93:origin   8.3358490       0.0000000       8.3358490       8.3358490    
   81:Phi:time45.63:origin   11.904915       0.0000000       11.904915       11.904915    
   82:Phi:time61.63:origin   11.631059       0.0000000       11.631059       11.631059    
   83:Phi:time2.9:diff:yea  -1.0162487       0.0000000      -1.0162487      -1.0162487    
   84:Phi:time9.81:diff:ye  -1.0167224       0.0000000      -1.0167224      -1.0167224    
   85:Phi:time18.14:diff:y  -2.0448962       0.0000000      -2.0448962      -2.0448962    
   86:Phi:time25.84:diff:y  -1.3837715       0.0000000      -1.3837715      -1.3837715    
   87:Phi:time31.63:diff:y  -1.3761223       0.0000000      -1.3761223      -1.3761223    
   88:Phi:time35.5:diff:ye  -1.0152625       0.0000000      -1.0152625      -1.0152625    
   89:Phi:time41.93:diff:y  -1.0137368       0.0000000      -1.0137368      -1.0137368    
   90:Phi:time45.63:diff:y  -1.0153778       0.0000000      -1.0153778      -1.0153778    
   91:Phi:time61.63:diff:y  -0.4449374       0.0000000      -0.4449374      -0.4449374    
   92:Phi:time2.9:diff:yea  -0.6202489       0.0000000      -0.6202489      -0.6202489    
   93:Phi:time9.81:diff:ye  -0.6199180       0.0000000      -0.6199180      -0.6199180    
   94:Phi:time18.14:diff:y  -0.6221212       0.0000000      -0.6221212      -0.6221212    
   95:Phi:time25.84:diff:y  -0.4160568       0.0000000      -0.4160568      -0.4160568    
   96:Phi:time31.63:diff:y   2.0630967       0.0000000       2.0630967       2.0630967    
   97:Phi:time35.5:diff:ye  -0.6204184       0.0000000      -0.6204184      -0.6204184    
   98:Phi:time41.93:diff:y  -0.6181152       0.0000000      -0.6181152      -0.6181152    
   99:Phi:time45.63:diff:y  -0.6197885       0.0000000      -0.6197885      -0.6197885    
  100:Phi:time61.63:diff:y  -0.2879550       0.0000000      -0.2879550      -0.2879550    
  101:Phi:originwild:diff:   1.4638874       0.0000000       1.4638874       1.4638874    
  102:Phi:originwild:diff:  -0.7283775       0.0000000      -0.7283775      -0.7283775    
  103:Phi:time2.9:originwi  -1.3828653       0.0000000      -1.3828653      -1.3828653    
  104:Phi:time9.81:originw  -2.3440016       0.1465390E+11  -0.2872164E+11   0.2872164E+11

  Program  MARK  - Survival Rate Estimation with Capture-Recapture Data
   gfortran(dble/PIM2) Vers. 10.1 March 2023  17-Jun-2024 12:37:24    Page  025
 - - - - - - - - - - - - - - - - - - - - - - - - - - - - - - - - - - - - - -
 
  105:Phi:time18.14:origin  -0.3581853       0.0000000      -0.3581853      -0.3581853    
  106:Phi:time25.84:origin  -1.0218338       0.0000000      -1.0218338      -1.0218338    
  107:Phi:time31.63:origin  -2.4666868       0.0000000      -2.4666868      -2.4666868    
  108:Phi:time35.5:originw  -1.3906757       0.0000000      -1.3906757      -1.3906757    
  109:Phi:time41.93:origin   4.0176558       2269.7962      -4444.7831       4452.8184    
  110:Phi:time45.63:origin  -5.9516110       0.0000000      -5.9516110      -5.9516110    
  111:Phi:time61.63:origin  -0.3057804       0.0000000      -0.3057804      -0.3057804    
  112:Phi:time2.9:originwi   0.9670279       0.0000000       0.9670279       0.9670279    
  113:Phi:time9.81:originw   0.9626658       0.0000000       0.9626658       0.9626658    
  114:Phi:time18.14:origin   0.9670900       0.0000000       0.9670900       0.9670900    
  115:Phi:time25.84:origin   1.3535375       0.0000000       1.3535375       1.3535375    
  116:Phi:time31.63:origin   2.2289396       15.230060      -27.621978       32.079857    
  117:Phi:time35.5:originw   0.9701589       0.0000000       0.9701589       0.9701589    
  118:Phi:time41.93:origin   0.9629020       0.0000000       0.9629020       0.9629020    
  119:Phi:time45.63:origin   0.9601630       0.0000000       0.9601630       0.9601630    
  120:Phi:time61.63:origin   2.0591115       0.0000000       2.0591115       2.0591115    
  121:p:(Intercept)          3.2453746       0.1259511       2.9985105       3.4922388    
  122:p:time9.81            -0.2033522       0.1598804      -0.5167179       0.1100135    
  123:p:time18.14           -0.8576126       0.1430963      -1.1380814      -0.5771439    
  124:p:time25.84           -0.7235470       0.1461854      -1.0100704      -0.4370237    
  125:p:time31.63           -0.9222257       0.1420854      -1.2007130      -0.6437384    
  126:p:time35.5             0.4612802       0.1922057       0.0845569       0.8380034    
  127:p:time41.93           -0.8096838       0.1471388      -1.0980758      -0.5212918    
  128:p:time45.63           -0.4023491       0.1640119      -0.7238123      -0.0808858    
  129:p:time61.63           -0.6781349       0.1628248      -0.9972716      -0.3589983    
  130:p:year2011             0.4536705       0.0894921       0.2782659       0.6290751    
  131:p:year2012            -0.1528188       0.0770339      -0.3038052      -0.0018323    


     Real Function Parameters of { Phi(~time * origin * diff * year)p(~time + year) }

      Following estimates based on unstandardized individual covariate values:
          Variable                 Value        
          ----------------------  ------------- 
          DIFF                    -0.1256931E-09
                                                               95% Confidence Interval
     Parameter                Estimate       Standard Error     Lower           Upper
 --------------------------  --------------  --------------  --------------  --------------
     1:Phi ghatchery2010 c1   1.0000000       0.0000000       1.0000000       1.0000000       
     2:Phi ghatchery2010 c1   0.9923160       0.0017790       0.9879149       0.9951223       
     3:Phi ghatchery2010 c1   0.9988475       0.7198974E-03   0.9960848       0.9996614       
     4:Phi ghatchery2010 c1   0.9969161       0.0011589       0.9935656       0.9985245       
     5:Phi ghatchery2010 c1   0.9978678       0.0010982       0.9941579       0.9992236       
     6:Phi ghatchery2010 c1   1.0000000       0.0000000       1.0000000       1.0000000       
     7:Phi ghatchery2010 c1   0.9961170       0.0016420       0.9911214       0.9983066       
     8:Phi ghatchery2010 c1   0.9671550       0.0058546       0.9535283       0.9768828       

  Program  MARK  - Survival Rate Estimation with Capture-Recapture Data
   gfortran(dble/PIM2) Vers. 10.1 March 2023  17-Jun-2024 12:37:24    Page  026
 - - - - - - - - - - - - - - - - - - - - - - - - - - - - - - - - - - - - - -
 
     9:Phi ghatchery2010 c1   0.9811973       0.0022719       0.9761867       0.9851696       
    10:Phi ghatchery2010 c1   0.9920447       0.0014852       0.9885367       0.9944852       
    11:Phi gwild2010 c1 a0    1.0000000       0.1255676E-09   1.0000000       1.0000000       
    12:Phi gwild2010 c1 a1.   0.9962655       0.0014534       0.9920037       0.9982599       
    13:Phi gwild2010 c1 a8.   0.9966510       0.0012938       0.9928678       0.9984306       
    14:Phi gwild2010 c1 a17   0.9981352       0.0010500       0.9943869       0.9993820       
    15:Phi gwild2010 c1 a24   0.9973436       0.0014005       0.9925495       0.9990558       
    16:Phi gwild2010 c1 a30   1.0000000       0.0000000       1.0000000       1.0000000       
    17:Phi gwild2010 c1 a34   0.9863155       0.0029915       0.9790266       0.9910943       
    18:Phi gwild2010 c1 a40   0.9943934       0.0034615       0.9813166       0.9983331       
    19:Phi gwild2010 c1 a44   0.9828314       0.0024184       0.9773889       0.9869813       
    20:Phi gwild2010 c1 a60   0.9912588       0.0019085       0.9866027       0.9943060       
    21:Phi ghatchery2011 c1   1.0000000       0.0000000       1.0000000       1.0000000       
    22:Phi ghatchery2011 c1   0.9990491       0.7595817E-03   0.9954588       0.9998014       
    23:Phi ghatchery2011 c1   0.9972811       0.0011533       0.9937638       0.9988170       
    24:Phi ghatchery2011 c1   1.0000000       0.0000000       1.0000000       1.0000000       
    25:Phi ghatchery2011 c1   1.0000000       0.0000000       1.0000000       1.0000000       
    26:Phi ghatchery2011 c1   0.9962694       0.0019903       0.9894167       0.9986909       
    27:Phi ghatchery2011 c1   0.9955942       0.0017162       0.9905622       0.9979488       
    28:Phi ghatchery2011 c1   0.9879232       0.0038165       0.9776286       0.9935120       
    29:Phi ghatchery2011 c1   0.9913695       0.0015795       0.9876533       0.9939739       
    30:Phi ghatchery2011 c1   0.9864503       0.0017944       0.9824435       0.9895524       
    31:Phi gwild2011 c1 a0    1.0000000       0.0000000       1.0000000       1.0000000       
    32:Phi gwild2011 c1 a1.   0.9812251       0.0063602       0.9637225       0.9903677       
    33:Phi gwild2011 c1 a8.   1.0000000       0.0000000       1.0000000       1.0000000       
    34:Phi gwild2011 c1 a17   0.9882896       0.0049738       0.9732254       0.9949224       
    35:Phi gwild2011 c1 a24   0.9939258       0.0042650       0.9761766       0.9984720       
    36:Phi gwild2011 c1 a30   1.0000000       0.0000000       1.0000000       1.0000000       
    37:Phi gwild2011 c1 a34   0.9887935       0.0055171       0.9708047       0.9957470       
    38:Phi gwild2011 c1 a40   1.0000000       0.0000000       1.0000000       1.0000000       
    39:Phi gwild2011 c1 a44   1.0000000       0.8560754E-08   1.0000000       1.0000000       
    40:Phi gwild2011 c1 a60   0.9670841       0.0056776       0.9539441       0.9765673       
    41:Phi ghatchery2012 c1   1.0000000       0.0000000       1.0000000       1.0000000       
    42:Phi ghatchery2012 c1   0.9989489       0.7132728E-03   0.9960316       0.9997222       
    43:Phi ghatchery2012 c1   0.9981187       0.8869429E-03   0.9952654       0.9992538       
    44:Phi ghatchery2012 c1   0.9975814       0.0010265       0.9944495       0.9989480       
    45:Phi ghatchery2012 c1   1.0000000       0.2220618E-08   1.0000000       1.0000000       
    46:Phi ghatchery2012 c1   1.0000000       0.0000000       1.0000000       1.0000000       
    47:Phi ghatchery2012 c1   0.9892264       0.0023252       0.9835721       0.9929485       
    48:Phi ghatchery2012 c1   0.9987838       0.0015168       0.9861212       0.9998947       
    49:Phi ghatchery2012 c1   0.9951071       0.0011207       0.9923390       0.9968781       
    50:Phi ghatchery2012 c1   0.9932184       0.0011967       0.9904207       0.9952030       
    51:Phi gwild2012 c1 a0    1.0000000       0.5756196E-06   0.9999989       1.0000011       
    52:Phi gwild2012 c1 a1.   0.9907322       0.0042395       0.9773997       0.9962298       
    53:Phi gwild2012 c1 a8.   0.9977377       0.0020507       0.9867236       0.9996180       
    54:Phi gwild2012 c1 a17   0.9934334       0.0034816       0.9815328       0.9976832       

  Program  MARK  - Survival Rate Estimation with Capture-Recapture Data
   gfortran(dble/PIM2) Vers. 10.1 March 2023  17-Jun-2024 12:37:24    Page  027
 - - - - - - - - - - - - - - - - - - - - - - - - - - - - - - - - - - - - - -
 
    55:Phi gwild2012 c1 a24   1.0000000       0.5222277E-06   0.9999990       1.0000010       
    56:Phi gwild2012 c1 a30   0.9947471       0.0044862       0.9723729       0.9990195       
    57:Phi gwild2012 c1 a34   0.9807222       0.0065371       0.9627316       0.9901173       
    58:Phi gwild2012 c1 a40   0.9937043       0.0053381       0.9673641       0.9988116       
    59:Phi gwild2012 c1 a44   0.9960570       0.0021054       0.9888066       0.9986176       
    60:Phi gwild2012 c1 a60   0.9913551       0.0028273       0.9836252       0.9954529       
    61:p ghatchery2010 c1 a   0.9625065       0.0045453       0.9525068       0.9704661       
    62:p ghatchery2010 c1 a   0.9544369       0.0051686       0.9431640       0.9635602       
    63:p ghatchery2010 c1 a   0.9158893       0.0073288       0.9003661       0.9291842       
    64:p ghatchery2010 c1 a   0.9256579       0.0068639       0.9110343       0.9380413       
    65:p ghatchery2010 c1 a   0.9107762       0.0076109       0.8946909       0.9246115       
    66:p ghatchery2010 c1 a   0.9760292       0.0037346       0.9675099       0.9823553       
    67:p ghatchery2010 c1 a   0.9195087       0.0075136       0.9034984       0.9330597       
    68:p ghatchery2010 c1 a   0.9449570       0.0065441       0.9306312       0.9564628       
    69:p ghatchery2010 c1 a   0.9287232       0.0082327       0.9108030       0.9432674       
    70:p ghatchery2011 c1 a   0.9758505       0.0030935       0.9689845       0.9812260       
    71:p ghatchery2011 c1 a   0.9705650       0.0035527       0.9627434       0.9767841       
    72:p ghatchery2011 c1 a   0.9448741       0.0052819       0.9335582       0.9543570       
    73:p ghatchery2011 c1 a   0.9514549       0.0048924       0.9409158       0.9601936       
    74:p ghatchery2011 c1 a   0.9414103       0.0055194       0.9296084       0.9513370       
    75:p ghatchery2011 c1 a   0.9846372       0.0024807       0.9789359       0.9888130       
    76:p ghatchery2011 c1 a   0.9473180       0.0053385       0.9358182       0.9568523       
    77:p ghatchery2011 c1 a   0.9643153       0.0044407       0.9545124       0.9720674       
    78:p ghatchery2011 c1 a   0.9535099       0.0056635       0.9410605       0.9634318       
    79:p ghatchery2012 c1 a   0.9565846       0.0051075       0.9453968       0.9655636       
    80:p ghatchery2012 c1 a   0.9473101       0.0057656       0.9347957       0.9575318       
    81:p ghatchery2012 c1 a   0.9033438       0.0079555       0.8865888       0.9178529       
    82:p ghatchery2012 c1 a   0.9144333       0.0074921       0.8985608       0.9280212       
    83:p ghatchery2012 c1 a   0.8975533       0.0082222       0.8802783       0.9125832       
    84:p ghatchery2012 c1 a   0.9721814       0.0042521       0.9625175       0.9794070       
    85:p ghatchery2012 c1 a   0.9074485       0.0081503       0.8901883       0.9222328       
    86:p ghatchery2012 c1 a   0.9364463       0.0071597       0.9208839       0.9491167       
    87:p ghatchery2012 c1 a   0.9179204       0.0089252       0.8986430       0.9338014       
    88:p ghatchery2010 c1 a   0.9900000       0.0000000       0.9900000       0.9900000      Fixed

 To compute parameter estimates, CPU Time was 0.031 seconds and System Time was 0.031 seconds.

 Attempted ordering of parameters by estimatibility:
    1 121  13  10  11 131  14   9 125 123 124 130 127   7  12 122  42   2 128  52  23 129   8  53   4
   51  41  48  54  22 126   3  32  20  34  50  33  40  31  15   6  82  39  55  45  29  17  35  43  91
   73 101  21  24  67  79  30  64  81  99  49  26  75  97  90 102  70  18  25  61  74 100  63  83  89
   27  93  76 120  56  88 114  44  92 111  57  98 117  62  86 119  84 108  59 112 118  60   5  65  28
   80 103  36  16  37 105 113  95  94  68  78  87  38  69  58  19 106 115  96 116  47  77  85  72 107
  110  46  71 109  66 104
 Beta number 104 is a singular value.

   For procedure estimate CPU Time was 29.089 minutes and System Time was 260.343 seconds       .

  Program  MARK  - Survival Rate Estimation with Capture-Recapture Data
   gfortran(dble/PIM2) Vers. 10.1 March 2023  17-Jun-2024 12:37:24    Page  028
 - - - - - - - - - - - - - - - - - - - - - - - - - - - - - - - - - - - - - -
 


  INPUT --- proc stop;

     For this job, CPU Time in minutes was 29.090 and System Time in minutes was 4.340.

     Time Start = 12:33:03.805   Time End = 12:37:24.212

     Wall Clock Time in minutes for this job was 4.340.

     Maximum of 131 words used of 4096 words allocated.


          E X E C U T I O N   S U C C E S S F U L 
