
   Program  MARK  - Survival Rate Estimation with Capture-Recapture Data
   gfortran(dble/PIM2) Vers. 10.1 March 2023  17-Jun-2024 12:32:11    Page  001
    
 - - - - - - - - - - - - - - - - - - - - - - - - - - - - - - - - - - - - - -
 
   Welcome to MARK amolina6 on machine 6ZB4TV3 in subdirectory 
   "C:\Users\amolina6\OneDrive - University of Tennessee\Documents\projects\Hawkes" running file "mark049.inp".
   This version was compiled by GCC version 12.2.0 using the options: 
     -cpp -iprefix c:\tdm-gcc-64\mingw64\bin\../lib/gcc/x86_64-w64-mingw32/12.2.0/
     -D_MT -D_REENTRANT -U_REENTRANT -D ieee -D dbleprecision -m64 -mtune=generic
     -march=x86-64 -mthreads -O3 -std=f2018 -fsignaling-nans
     -ffpe-summary=invalid,zero,overflow,underflow -funroll-loops -ffast-math
     -fall-intrinsics -fopenmp.

   This problem will use 19 of 20 possible threads.
   Static thread allocation is used.
   Schedule kind is omp_sched_dynamic with chunk size 1


  INPUT --- proc title ;

   For procedure title CPU Time was 0.001 seconds and System Time was 0.001 seconds       .


  INPUT --- proc chmatrix occasions= 11 groups= 6 etype= Live Nodes= 
  INPUT --- 101 icovar = 1 ICMeans  NoHist hist= 251 ;

  INPUT ---    time interval 1.9 6.91 8.33 7.7 5.79 3.87 6.43 3.7 16 22.99 
  INPUT ---    ;

  INPUT ---     icovariates dis ;

  INPUT ---    glabel(1)=originhatchery.year2010;

  INPUT ---    glabel(2)=originwild.year2010;

  INPUT ---    glabel(3)=originhatchery.year2011;

  INPUT ---    glabel(4)=originwild.year2011;

  INPUT ---    glabel(5)=originhatchery.year2012;

  INPUT ---    glabel(6)=originwild.year2012;

      Number of unique encounter histories read was 251.

      Number of individual covariates read was 1.
      Time interval lengths vary and/or not equal to 1.

      Data type number is 1
      Data type is Live Recaptures (CJS)

   For procedure chmatrix CPU Time was 0.016 seconds and System Time was 0.015 seconds       .

  Program  MARK  - Survival Rate Estimation with Capture-Recapture Data
   gfortran(dble/PIM2) Vers. 10.1 March 2023  17-Jun-2024 12:32:11    Page  002
 - - - - - - - - - - - - - - - - - - - - - - - - - - - - - - - - - - - - - -
 


  INPUT --- proc estimate link=Logit NOLOOP varest=2ndPart    ;


  INPUT --- model={ Phi(~time * dis + I(dis^2) + origin)p(~time + year) 
  INPUT --- };

  INPUT ---    fixed=1;
  INPUT ---        parm(48)=0.99 ;

  INPUT ---    group=1 Phi    rows=10 cols=10 Triang ;
  INPUT ---        1 2 3 4 5 6 7 8 9 10 ;
  INPUT ---        2 3 4 5 6 7 8 9 10 ;
  INPUT ---        3 4 5 6 7 8 9 10 ;
  INPUT ---        4 5 6 7 8 9 10 ;
  INPUT ---        5 6 7 8 9 10 ;
  INPUT ---        6 7 8 9 10 ;
  INPUT ---        7 8 9 10 ;
  INPUT ---        8 9 10 ;
  INPUT ---        9 10 ;
  INPUT ---        10 ;

  INPUT ---    group=2 Phi    rows=10 cols=10 Triang ;
  INPUT ---        11 12 13 14 15 16 17 18 19 20 ;
  INPUT ---        12 13 14 15 16 17 18 19 20 ;
  INPUT ---        13 14 15 16 17 18 19 20 ;
  INPUT ---        14 15 16 17 18 19 20 ;
  INPUT ---        15 16 17 18 19 20 ;
  INPUT ---        16 17 18 19 20 ;
  INPUT ---        17 18 19 20 ;
  INPUT ---        18 19 20 ;
  INPUT ---        19 20 ;
  INPUT ---        20 ;

  INPUT ---    group=3 Phi    rows=10 cols=10 Triang ;
  INPUT ---        1 2 3 4 5 6 7 8 9 10 ;
  INPUT ---        2 3 4 5 6 7 8 9 10 ;
  INPUT ---        3 4 5 6 7 8 9 10 ;
  INPUT ---        4 5 6 7 8 9 10 ;
  INPUT ---        5 6 7 8 9 10 ;
  INPUT ---        6 7 8 9 10 ;
  INPUT ---        7 8 9 10 ;
  INPUT ---        8 9 10 ;
  INPUT ---        9 10 ;
  INPUT ---        10 ;

  Program  MARK  - Survival Rate Estimation with Capture-Recapture Data
   gfortran(dble/PIM2) Vers. 10.1 March 2023  17-Jun-2024 12:32:11    Page  003
 - - - - - - - - - - - - - - - - - - - - - - - - - - - - - - - - - - - - - -
 

  INPUT ---    group=4 Phi    rows=10 cols=10 Triang ;
  INPUT ---        11 12 13 14 15 16 17 18 19 20 ;
  INPUT ---        12 13 14 15 16 17 18 19 20 ;
  INPUT ---        13 14 15 16 17 18 19 20 ;
  INPUT ---        14 15 16 17 18 19 20 ;
  INPUT ---        15 16 17 18 19 20 ;
  INPUT ---        16 17 18 19 20 ;
  INPUT ---        17 18 19 20 ;
  INPUT ---        18 19 20 ;
  INPUT ---        19 20 ;
  INPUT ---        20 ;

  INPUT ---    group=5 Phi    rows=10 cols=10 Triang ;
  INPUT ---        1 2 3 4 5 6 7 8 9 10 ;
  INPUT ---        2 3 4 5 6 7 8 9 10 ;
  INPUT ---        3 4 5 6 7 8 9 10 ;
  INPUT ---        4 5 6 7 8 9 10 ;
  INPUT ---        5 6 7 8 9 10 ;
  INPUT ---        6 7 8 9 10 ;
  INPUT ---        7 8 9 10 ;
  INPUT ---        8 9 10 ;
  INPUT ---        9 10 ;
  INPUT ---        10 ;

  INPUT ---    group=6 Phi    rows=10 cols=10 Triang ;
  INPUT ---        11 12 13 14 15 16 17 18 19 20 ;
  INPUT ---        12 13 14 15 16 17 18 19 20 ;
  INPUT ---        13 14 15 16 17 18 19 20 ;
  INPUT ---        14 15 16 17 18 19 20 ;
  INPUT ---        15 16 17 18 19 20 ;
  INPUT ---        16 17 18 19 20 ;
  INPUT ---        17 18 19 20 ;
  INPUT ---        18 19 20 ;
  INPUT ---        19 20 ;
  INPUT ---        20 ;

  INPUT ---    group=1 p    rows=10 cols=10 Triang ;
  INPUT ---        21 22 23 24 25 26 27 28 29 48 ;
  INPUT ---        22 23 24 25 26 27 28 29 48 ;
  INPUT ---        23 24 25 26 27 28 29 48 ;
  INPUT ---        24 25 26 27 28 29 48 ;
  INPUT ---        25 26 27 28 29 48 ;
  INPUT ---        26 27 28 29 48 ;
  INPUT ---        27 28 29 48 ;
  INPUT ---        28 29 48 ;

  Program  MARK  - Survival Rate Estimation with Capture-Recapture Data
   gfortran(dble/PIM2) Vers. 10.1 March 2023  17-Jun-2024 12:32:11    Page  004
 - - - - - - - - - - - - - - - - - - - - - - - - - - - - - - - - - - - - - -
 
  INPUT ---        29 48 ;
  INPUT ---        48 ;

  INPUT ---    group=2 p    rows=10 cols=10 Triang ;
  INPUT ---        21 22 23 24 25 26 27 28 29 48 ;
  INPUT ---        22 23 24 25 26 27 28 29 48 ;
  INPUT ---        23 24 25 26 27 28 29 48 ;
  INPUT ---        24 25 26 27 28 29 48 ;
  INPUT ---        25 26 27 28 29 48 ;
  INPUT ---        26 27 28 29 48 ;
  INPUT ---        27 28 29 48 ;
  INPUT ---        28 29 48 ;
  INPUT ---        29 48 ;
  INPUT ---        48 ;

  INPUT ---    group=3 p    rows=10 cols=10 Triang ;
  INPUT ---        30 31 32 33 34 35 36 37 38 48 ;
  INPUT ---        31 32 33 34 35 36 37 38 48 ;
  INPUT ---        32 33 34 35 36 37 38 48 ;
  INPUT ---        33 34 35 36 37 38 48 ;
  INPUT ---        34 35 36 37 38 48 ;
  INPUT ---        35 36 37 38 48 ;
  INPUT ---        36 37 38 48 ;
  INPUT ---        37 38 48 ;
  INPUT ---        38 48 ;
  INPUT ---        48 ;

  INPUT ---    group=4 p    rows=10 cols=10 Triang ;
  INPUT ---        30 31 32 33 34 35 36 37 38 48 ;
  INPUT ---        31 32 33 34 35 36 37 38 48 ;
  INPUT ---        32 33 34 35 36 37 38 48 ;
  INPUT ---        33 34 35 36 37 38 48 ;
  INPUT ---        34 35 36 37 38 48 ;
  INPUT ---        35 36 37 38 48 ;
  INPUT ---        36 37 38 48 ;
  INPUT ---        37 38 48 ;
  INPUT ---        38 48 ;
  INPUT ---        48 ;

  INPUT ---    group=5 p    rows=10 cols=10 Triang ;
  INPUT ---        39 40 41 42 43 44 45 46 47 48 ;
  INPUT ---        40 41 42 43 44 45 46 47 48 ;
  INPUT ---        41 42 43 44 45 46 47 48 ;
  INPUT ---        42 43 44 45 46 47 48 ;
  INPUT ---        43 44 45 46 47 48 ;
  INPUT ---        44 45 46 47 48 ;

  Program  MARK  - Survival Rate Estimation with Capture-Recapture Data
   gfortran(dble/PIM2) Vers. 10.1 March 2023  17-Jun-2024 12:32:11    Page  005
 - - - - - - - - - - - - - - - - - - - - - - - - - - - - - - - - - - - - - -
 
  INPUT ---        45 46 47 48 ;
  INPUT ---        46 47 48 ;
  INPUT ---        47 48 ;
  INPUT ---        48 ;

  INPUT ---    group=6 p    rows=10 cols=10 Triang ;
  INPUT ---        39 40 41 42 43 44 45 46 47 48 ;
  INPUT ---        40 41 42 43 44 45 46 47 48 ;
  INPUT ---        41 42 43 44 45 46 47 48 ;
  INPUT ---        42 43 44 45 46 47 48 ;
  INPUT ---        43 44 45 46 47 48 ;
  INPUT ---        44 45 46 47 48 ;
  INPUT ---        45 46 47 48 ;
  INPUT ---        46 47 48 ;
  INPUT ---        47 48 ;
  INPUT ---        48 ;

  INPUT ---    design matrix constraints=48 covariates=33;
  INPUT ---        1 0 0 0 0 0 0 0 0 0 dis 1 0 0 0 0 0 0 0 0 0 0 0 0 0 0 0 0 
  INPUT ---       0 0 0 0 0;
  INPUT ---        1 1 0 0 0 0 0 0 0 0 dis 1 0 dis 0 0 0 0 0 0 0 0 0 0 0 0 0 
  INPUT ---       0 0 0 0 0 0;
  INPUT ---        1 0 1 0 0 0 0 0 0 0 dis 1 0 0 dis 0 0 0 0 0 0 0 0 0 0 0 0 
  INPUT ---       0 0 0 0 0 0;
  INPUT ---        1 0 0 1 0 0 0 0 0 0 dis 1 0 0 0 dis 0 0 0 0 0 0 0 0 0 0 0 
  INPUT ---       0 0 0 0 0 0;
  INPUT ---        1 0 0 0 1 0 0 0 0 0 dis 1 0 0 0 0 dis 0 0 0 0 0 0 0 0 0 0 
  INPUT ---       0 0 0 0 0 0;
  INPUT ---        1 0 0 0 0 1 0 0 0 0 dis 1 0 0 0 0 0 dis 0 0 0 0 0 0 0 0 0 
  INPUT ---       0 0 0 0 0 0;
  INPUT ---        1 0 0 0 0 0 1 0 0 0 dis 1 0 0 0 0 0 0 dis 0 0 0 0 0 0 0 0 
  INPUT ---       0 0 0 0 0 0;
  INPUT ---        1 0 0 0 0 0 0 1 0 0 dis 1 0 0 0 0 0 0 0 dis 0 0 0 0 0 0 0 
  INPUT ---       0 0 0 0 0 0;
  INPUT ---        1 0 0 0 0 0 0 0 1 0 dis 1 0 0 0 0 0 0 0 0 dis 0 0 0 0 0 0 
  INPUT ---       0 0 0 0 0 0;
  INPUT ---        1 0 0 0 0 0 0 0 0 1 dis 1 0 0 0 0 0 0 0 0 0 dis 0 0 0 0 0 
  INPUT ---       0 0 0 0 0 0;
  INPUT ---        1 0 0 0 0 0 0 0 0 0 dis 1 1 0 0 0 0 0 0 0 0 0 0 0 0 0 0 0 
  INPUT ---       0 0 0 0 0;
  INPUT ---        1 1 0 0 0 0 0 0 0 0 dis 1 1 dis 0 0 0 0 0 0 0 0 0 0 0 0 0 
  INPUT ---       0 0 0 0 0 0;
  INPUT ---        1 0 1 0 0 0 0 0 0 0 dis 1 1 0 dis 0 0 0 0 0 0 0 0 0 0 0 0 
  INPUT ---       0 0 0 0 0 0;
  INPUT ---        1 0 0 1 0 0 0 0 0 0 dis 1 1 0 0 dis 0 0 0 0 0 0 0 0 0 0 0 
  INPUT ---       0 0 0 0 0 0;

  Program  MARK  - Survival Rate Estimation with Capture-Recapture Data
   gfortran(dble/PIM2) Vers. 10.1 March 2023  17-Jun-2024 12:32:11    Page  006
 - - - - - - - - - - - - - - - - - - - - - - - - - - - - - - - - - - - - - -
 
  INPUT ---        1 0 0 0 1 0 0 0 0 0 dis 1 1 0 0 0 dis 0 0 0 0 0 0 0 0 0 0 
  INPUT ---       0 0 0 0 0 0;
  INPUT ---        1 0 0 0 0 1 0 0 0 0 dis 1 1 0 0 0 0 dis 0 0 0 0 0 0 0 0 0 
  INPUT ---       0 0 0 0 0 0;
  INPUT ---        1 0 0 0 0 0 1 0 0 0 dis 1 1 0 0 0 0 0 dis 0 0 0 0 0 0 0 0 
  INPUT ---       0 0 0 0 0 0;
  INPUT ---        1 0 0 0 0 0 0 1 0 0 dis 1 1 0 0 0 0 0 0 dis 0 0 0 0 0 0 0 
  INPUT ---       0 0 0 0 0 0;
  INPUT ---        1 0 0 0 0 0 0 0 1 0 dis 1 1 0 0 0 0 0 0 0 dis 0 0 0 0 0 0 
  INPUT ---       0 0 0 0 0 0;
  INPUT ---        1 0 0 0 0 0 0 0 0 1 dis 1 1 0 0 0 0 0 0 0 0 dis 0 0 0 0 0 
  INPUT ---       0 0 0 0 0 0;
  INPUT ---        0 0 0 0 0 0 0 0 0 0 0 0 0 0 0 0 0 0 0 0 0 0 1 0 0 0 0 0 0 
  INPUT ---       0 0 0 0;
  INPUT ---        0 0 0 0 0 0 0 0 0 0 0 0 0 0 0 0 0 0 0 0 0 0 1 1 0 0 0 0 0 
  INPUT ---       0 0 0 0;
  INPUT ---        0 0 0 0 0 0 0 0 0 0 0 0 0 0 0 0 0 0 0 0 0 0 1 0 1 0 0 0 0 
  INPUT ---       0 0 0 0;
  INPUT ---        0 0 0 0 0 0 0 0 0 0 0 0 0 0 0 0 0 0 0 0 0 0 1 0 0 1 0 0 0 
  INPUT ---       0 0 0 0;
  INPUT ---        0 0 0 0 0 0 0 0 0 0 0 0 0 0 0 0 0 0 0 0 0 0 1 0 0 0 1 0 0 
  INPUT ---       0 0 0 0;
  INPUT ---        0 0 0 0 0 0 0 0 0 0 0 0 0 0 0 0 0 0 0 0 0 0 1 0 0 0 0 1 0 
  INPUT ---       0 0 0 0;
  INPUT ---        0 0 0 0 0 0 0 0 0 0 0 0 0 0 0 0 0 0 0 0 0 0 1 0 0 0 0 0 1 
  INPUT ---       0 0 0 0;
  INPUT ---        0 0 0 0 0 0 0 0 0 0 0 0 0 0 0 0 0 0 0 0 0 0 1 0 0 0 0 0 0 
  INPUT ---       1 0 0 0;
  INPUT ---        0 0 0 0 0 0 0 0 0 0 0 0 0 0 0 0 0 0 0 0 0 0 1 0 0 0 0 0 0 
  INPUT ---       0 1 0 0;
  INPUT ---        0 0 0 0 0 0 0 0 0 0 0 0 0 0 0 0 0 0 0 0 0 0 1 0 0 0 0 0 0 
  INPUT ---       0 0 1 0;
  INPUT ---        0 0 0 0 0 0 0 0 0 0 0 0 0 0 0 0 0 0 0 0 0 0 1 1 0 0 0 0 0 
  INPUT ---       0 0 1 0;
  INPUT ---        0 0 0 0 0 0 0 0 0 0 0 0 0 0 0 0 0 0 0 0 0 0 1 0 1 0 0 0 0 
  INPUT ---       0 0 1 0;
  INPUT ---        0 0 0 0 0 0 0 0 0 0 0 0 0 0 0 0 0 0 0 0 0 0 1 0 0 1 0 0 0 
  INPUT ---       0 0 1 0;
  INPUT ---        0 0 0 0 0 0 0 0 0 0 0 0 0 0 0 0 0 0 0 0 0 0 1 0 0 0 1 0 0 
  INPUT ---       0 0 1 0;
  INPUT ---        0 0 0 0 0 0 0 0 0 0 0 0 0 0 0 0 0 0 0 0 0 0 1 0 0 0 0 1 0 
  INPUT ---       0 0 1 0;
  INPUT ---        0 0 0 0 0 0 0 0 0 0 0 0 0 0 0 0 0 0 0 0 0 0 1 0 0 0 0 0 1 
  INPUT ---       0 0 1 0;
  INPUT ---        0 0 0 0 0 0 0 0 0 0 0 0 0 0 0 0 0 0 0 0 0 0 1 0 0 0 0 0 0 
  INPUT ---       1 0 1 0;

  Program  MARK  - Survival Rate Estimation with Capture-Recapture Data
   gfortran(dble/PIM2) Vers. 10.1 March 2023  17-Jun-2024 12:32:11    Page  007
 - - - - - - - - - - - - - - - - - - - - - - - - - - - - - - - - - - - - - -
 
  INPUT ---        0 0 0 0 0 0 0 0 0 0 0 0 0 0 0 0 0 0 0 0 0 0 1 0 0 0 0 0 0 
  INPUT ---       0 1 1 0;
  INPUT ---        0 0 0 0 0 0 0 0 0 0 0 0 0 0 0 0 0 0 0 0 0 0 1 0 0 0 0 0 0 
  INPUT ---       0 0 0 1;
  INPUT ---        0 0 0 0 0 0 0 0 0 0 0 0 0 0 0 0 0 0 0 0 0 0 1 1 0 0 0 0 0 
  INPUT ---       0 0 0 1;
  INPUT ---        0 0 0 0 0 0 0 0 0 0 0 0 0 0 0 0 0 0 0 0 0 0 1 0 1 0 0 0 0 
  INPUT ---       0 0 0 1;
  INPUT ---        0 0 0 0 0 0 0 0 0 0 0 0 0 0 0 0 0 0 0 0 0 0 1 0 0 1 0 0 0 
  INPUT ---       0 0 0 1;
  INPUT ---        0 0 0 0 0 0 0 0 0 0 0 0 0 0 0 0 0 0 0 0 0 0 1 0 0 0 1 0 0 
  INPUT ---       0 0 0 1;
  INPUT ---        0 0 0 0 0 0 0 0 0 0 0 0 0 0 0 0 0 0 0 0 0 0 1 0 0 0 0 1 0 
  INPUT ---       0 0 0 1;
  INPUT ---        0 0 0 0 0 0 0 0 0 0 0 0 0 0 0 0 0 0 0 0 0 0 1 0 0 0 0 0 1 
  INPUT ---       0 0 0 1;
  INPUT ---        0 0 0 0 0 0 0 0 0 0 0 0 0 0 0 0 0 0 0 0 0 0 1 0 0 0 0 0 0 
  INPUT ---       1 0 0 1;
  INPUT ---        0 0 0 0 0 0 0 0 0 0 0 0 0 0 0 0 0 0 0 0 0 0 1 0 0 0 0 0 0 
  INPUT ---       0 1 0 1;
  INPUT ---        0 0 0 0 0 0 0 0 0 0 0 0 0 0 0 0 0 0 0 0 0 0 0 0 0 0 0 0 0 
  INPUT ---       0 0 0 0;
  INPUT ---       blabel(1)=Phi:(Intercept);
  INPUT ---       blabel(2)=Phi:time2.9;
  INPUT ---       blabel(3)=Phi:time9.81;
  INPUT ---       blabel(4)=Phi:time18.14;
  INPUT ---       blabel(5)=Phi:time25.84;
  INPUT ---       blabel(6)=Phi:time31.63;
  INPUT ---       blabel(7)=Phi:time35.5;
  INPUT ---       blabel(8)=Phi:time41.93;
  INPUT ---       blabel(9)=Phi:time45.63;
  INPUT ---       blabel(10)=Phi:time61.63;
  INPUT ---       blabel(11)=Phi:dis;
  INPUT ---       blabel(12)=Phi:I(dis^2);
  INPUT ---       blabel(13)=Phi:originwild;
  INPUT ---       blabel(14)=Phi:time2.9:dis;
  INPUT ---       blabel(15)=Phi:time9.81:dis;
  INPUT ---       blabel(16)=Phi:time18.14:dis;
  INPUT ---       blabel(17)=Phi:time25.84:dis;
  INPUT ---       blabel(18)=Phi:time31.63:dis;
  INPUT ---       blabel(19)=Phi:time35.5:dis;
  INPUT ---       blabel(20)=Phi:time41.93:dis;
  INPUT ---       blabel(21)=Phi:time45.63:dis;
  INPUT ---       blabel(22)=Phi:time61.63:dis;
  INPUT ---       blabel(23)=p:(Intercept);
  INPUT ---       blabel(24)=p:time9.81;

  Program  MARK  - Survival Rate Estimation with Capture-Recapture Data
   gfortran(dble/PIM2) Vers. 10.1 March 2023  17-Jun-2024 12:32:11    Page  008
 - - - - - - - - - - - - - - - - - - - - - - - - - - - - - - - - - - - - - -
 
  INPUT ---       blabel(25)=p:time18.14;
  INPUT ---       blabel(26)=p:time25.84;
  INPUT ---       blabel(27)=p:time31.63;
  INPUT ---       blabel(28)=p:time35.5;
  INPUT ---       blabel(29)=p:time41.93;
  INPUT ---       blabel(30)=p:time45.63;
  INPUT ---       blabel(31)=p:time61.63;
  INPUT ---       blabel(32)=p:year2011;
  INPUT ---       blabel(33)=p:year2012;
  INPUT ---       rlabel(1)=Phi ghatchery2010 c1 a0 t1;
  INPUT ---       rlabel(2)=Phi ghatchery2010 c1 a1.9 t2.9;
  INPUT ---       rlabel(3)=Phi ghatchery2010 c1 a8.81 t9.81;
  INPUT ---       rlabel(4)=Phi ghatchery2010 c1 a17.14 t18.14;
  INPUT ---       rlabel(5)=Phi ghatchery2010 c1 a24.84 t25.84;
  INPUT ---       rlabel(6)=Phi ghatchery2010 c1 a30.63 t31.63;
  INPUT ---       rlabel(7)=Phi ghatchery2010 c1 a34.5 t35.5;
  INPUT ---       rlabel(8)=Phi ghatchery2010 c1 a40.93 t41.93;
  INPUT ---       rlabel(9)=Phi ghatchery2010 c1 a44.63 t45.63;
  INPUT ---       rlabel(10)=Phi ghatchery2010 c1 a60.63 t61.63;
  INPUT ---       rlabel(11)=Phi gwild2010 c1 a0 t1;
  INPUT ---       rlabel(12)=Phi gwild2010 c1 a1.9 t2.9;
  INPUT ---       rlabel(13)=Phi gwild2010 c1 a8.81 t9.81;
  INPUT ---       rlabel(14)=Phi gwild2010 c1 a17.14 t18.14;
  INPUT ---       rlabel(15)=Phi gwild2010 c1 a24.84 t25.84;
  INPUT ---       rlabel(16)=Phi gwild2010 c1 a30.63 t31.63;
  INPUT ---       rlabel(17)=Phi gwild2010 c1 a34.5 t35.5;
  INPUT ---       rlabel(18)=Phi gwild2010 c1 a40.93 t41.93;
  INPUT ---       rlabel(19)=Phi gwild2010 c1 a44.63 t45.63;
  INPUT ---       rlabel(20)=Phi gwild2010 c1 a60.63 t61.63;
  INPUT ---       rlabel(21)=p ghatchery2010 c1 a1.9 t2.9;
  INPUT ---       rlabel(22)=p ghatchery2010 c1 a8.81 t9.81;
  INPUT ---       rlabel(23)=p ghatchery2010 c1 a17.14 t18.14;
  INPUT ---       rlabel(24)=p ghatchery2010 c1 a24.84 t25.84;
  INPUT ---       rlabel(25)=p ghatchery2010 c1 a30.63 t31.63;
  INPUT ---       rlabel(26)=p ghatchery2010 c1 a34.5 t35.5;
  INPUT ---       rlabel(27)=p ghatchery2010 c1 a40.93 t41.93;
  INPUT ---       rlabel(28)=p ghatchery2010 c1 a44.63 t45.63;
  INPUT ---       rlabel(29)=p ghatchery2010 c1 a60.63 t61.63;
  INPUT ---       rlabel(30)=p ghatchery2011 c1 a1.9 t2.9;
  INPUT ---       rlabel(31)=p ghatchery2011 c1 a8.81 t9.81;
  INPUT ---       rlabel(32)=p ghatchery2011 c1 a17.14 t18.14;
  INPUT ---       rlabel(33)=p ghatchery2011 c1 a24.84 t25.84;
  INPUT ---       rlabel(34)=p ghatchery2011 c1 a30.63 t31.63;
  INPUT ---       rlabel(35)=p ghatchery2011 c1 a34.5 t35.5;
  INPUT ---       rlabel(36)=p ghatchery2011 c1 a40.93 t41.93;
  INPUT ---       rlabel(37)=p ghatchery2011 c1 a44.63 t45.63;

  Program  MARK  - Survival Rate Estimation with Capture-Recapture Data
   gfortran(dble/PIM2) Vers. 10.1 March 2023  17-Jun-2024 12:32:11    Page  009
 - - - - - - - - - - - - - - - - - - - - - - - - - - - - - - - - - - - - - -
 
  INPUT ---       rlabel(38)=p ghatchery2011 c1 a60.63 t61.63;
  INPUT ---       rlabel(39)=p ghatchery2012 c1 a1.9 t2.9;
  INPUT ---       rlabel(40)=p ghatchery2012 c1 a8.81 t9.81;
  INPUT ---       rlabel(41)=p ghatchery2012 c1 a17.14 t18.14;
  INPUT ---       rlabel(42)=p ghatchery2012 c1 a24.84 t25.84;
  INPUT ---       rlabel(43)=p ghatchery2012 c1 a30.63 t31.63;
  INPUT ---       rlabel(44)=p ghatchery2012 c1 a34.5 t35.5;
  INPUT ---       rlabel(45)=p ghatchery2012 c1 a40.93 t41.93;
  INPUT ---       rlabel(46)=p ghatchery2012 c1 a44.63 t45.63;
  INPUT ---       rlabel(47)=p ghatchery2012 c1 a60.63 t61.63;
  INPUT ---       rlabel(48)=p ghatchery2010 c1 a83.62 t84.62;
   Model is { Phi(~time * dis + I(dis^2) + origin)p(~time + year) }

 Link Function Used is LOGIT        

 Variance Estimation Procedure Used is 2ndPart 
 -2logL(saturated) = 0.0000000     
 Effective Sample Size = 18772

 Number of function evaluations was 203 for 33 parameters.
 For numerical optimization, CPU Time was 30.234 seconds and System Time was 4.063 seconds.
 -2logL { Phi(~time * dis + I(dis^2) + origin)p(~time + year) } = 13400.790     
 Penalty { Phi(~time * dis + I(dis^2) + origin)p(~time + year) } = 0.0000000     
 Gradient { Phi(~time * dis + I(dis^2) + origin)p(~time + year) }:
  0.44876429E-03  0.12102362E-02 -0.97613373E-04 -0.40627415E-03  0.59845697E-03
 -0.78100517E-03 -0.36277806E-03 -0.25109288E-03  0.56492731E-03  0.21844146E-04
  0.10043532E-02  0.44729503E-03  0.30683980E-02  0.54407084E-04  0.98590827E-04
 -0.64529378E-04  0.55314163E-03  0.20533451E-03  0.20210083E-03   0.0000000    
 -0.31857329E-03  0.21414905E-03 -0.98168416E-03 -0.20275045E-03  0.13112017E-03
  0.70793030E-04 -0.37996538E-03 -0.17010153E-03 -0.26862048E-03 -0.87410281E-04
 -0.17035438E-03 -0.55793361E-03   0.0000000    
 Maximum ABS(G) { Phi(~time * dis + I(dis^2) + origin)p(~time + year) } = 0.0030684     
 To compute VC matrix, CPU Time was 8.016 seconds and System Time was 0.843 seconds.
 S Vector { Phi(~time * dis + I(dis^2) + origin)p(~time + year) }:
   2251.784      1252.355      272.4282      265.9176      212.0297    
   150.5740      148.0148      140.0938      137.1256      127.7539    
   98.61741      82.86111      78.37742      76.24292      62.50325    
   55.94674      46.85020      44.91243      29.63631      28.87047    
   18.38713      14.01605      11.25969      10.25404      7.468885    
   5.476756      3.646562      3.264074      1.244965     0.7742426    
  0.5409981E-03 0.1495968E-03 0.1107193E-04
 To invert VC matrix, CPU Time was 0.001 seconds and System Time was 0.001 seconds.
 Ratio Threshold = 50.000000       Max Gap (30/31) = 1431.1375       Next Max Gap (32/33) = 13.511363     
 Gap Method for Num. of Estimated Parameters { Phi(~time * dis + I(dis^2) + origin)p(~time + year) } = 30          
 Threshold { Phi(~time * dis + I(dis^2) + origin)p(~time + year) } = 0.0061368               
 Numerical Threshold Method for Num. of Estimated Parameters { Phi(~time * dis + I(dis^2) + origin)p(~time + year) } = 30          
 Number of Estimated Parameters { Phi(~time * dis + I(dis^2) + origin)p(~time + year) } = 30          
 DEVIANCE { Phi(~time * dis + I(dis^2) + origin)p(~time + year) } = 13400.790               
 DEVIANCE Degrees of Freedom { Phi(~time * dis + I(dis^2) + origin)p(~time + year) } = 215          
 c-hat { Phi(~time * dis + I(dis^2) + origin)p(~time + year) } = 62.329256               
 AIC { Phi(~time * dis + I(dis^2) + origin)p(~time + year) } = 13460.790               
 AICc { Phi(~time * dis + I(dis^2) + origin)p(~time + year) } = 13460.889               
 BIC { Phi(~time * dis + I(dis^2) + origin)p(~time + year) } = 13695.994               
 Pearson Chisquare { Phi(~time * dis + I(dis^2) + origin)p(~time + year) } = 0.1592169E+11           
 Possible Encounter Histories { Phi(~time * dis + I(dis^2) + origin)p(~time + year) } = 6144          
 Pearson Chisquare df { Phi(~time * dis + I(dis^2) + origin)p(~time + year) } = 6108          
 Pearson chat { Phi(~time * dis + I(dis^2) + origin)p(~time + year) } = 2606693.8               
 Sum(Observed/Expected) { Phi(~time * dis + I(dis^2) + origin)p(~time + year) } = 0.3980417E+10           
 s-bar { Phi(~time * dis + I(dis^2) + origin)p(~time + year) } = 648486.62               
 Fletcher chat { Phi(~time * dis + I(dis^2) + origin)p(~time + year) } = 4.0196508               


 LOGIT Link Function Parameters of { Phi(~time * dis + I(dis^2) + origin)p(~time + year) }
                                                              95% Confidence Interval
    Parameter                  Beta         Standard Error     Lower           Upper
 -------------------------  --------------  --------------  --------------  --------------
    1:Phi:(Intercept)        10.190603       0.0000000       10.190603       10.190603    
    2:Phi:time2.9           -14.912179       0.0000000      -14.912179      -14.912179    

  Program  MARK  - Survival Rate Estimation with Capture-Recapture Data
   gfortran(dble/PIM2) Vers. 10.1 March 2023  17-Jun-2024 12:32:16    Page  010
 - - - - - - - - - - - - - - - - - - - - - - - - - - - - - - - - - - - - - -
 
    3:Phi:time9.81          -14.082965       0.0000000      -14.082965      -14.082965    
    4:Phi:time18.14         -14.399976       0.0000000      -14.399976      -14.399976    
    5:Phi:time25.84         -13.354869       0.0000000      -13.354869      -13.354869    
    6:Phi:time31.63         -12.986576       0.0000000      -12.986576      -12.986576    
    7:Phi:time35.5          -15.564272       0.0000000      -15.564272      -15.564272    
    8:Phi:time41.93         -15.605676       0.0000000      -15.605676      -15.605676    
    9:Phi:time45.63         -15.714650       0.0000000      -15.714650      -15.714650    
   10:Phi:time61.63         -15.841094       0.0000000      -15.841094      -15.841094    
   11:Phi:dis                1.1287434       0.0000000       1.1287434       1.1287434    
   12:Phi:I(dis^2)           10.227582       0.0000000       10.227582       10.227582    
   13:Phi:originwild        -0.2730631       0.0677914      -0.4059344      -0.1401919    
   14:Phi:time2.9:dis       -1.2550948       0.0000000      -1.2550948      -1.2550948    
   15:Phi:time9.81:dis      -0.9799558       0.0000000      -0.9799558      -0.9799558    
   16:Phi:time18.14:dis     -1.0044845       0.0000000      -1.0044845      -1.0044845    
   17:Phi:time25.84:dis     -0.6792971       0.0000000      -0.6792971      -0.6792971    
   18:Phi:time31.63:dis     -2.1975301       0.0000000      -2.1975301      -2.1975301    
   19:Phi:time35.5:dis      -1.1627995       0.0000000      -1.1627995      -1.1627995    
   20:Phi:time41.93:dis     -0.4303252       0.0000000      -0.4303252      -0.4303252    
   21:Phi:time45.63:dis     -1.1581311       0.0000000      -1.1581311      -1.1581311    
   22:Phi:time61.63:dis     -1.2810518       0.0000000      -1.2810518      -1.2810518    
   23:p:(Intercept)          3.2278117       0.1259312       2.9809866       3.4746369    
   24:p:time9.81            -0.2041250       0.1599287      -0.5175853       0.1093352    
   25:p:time18.14           -0.8619489       0.1431536      -1.1425299      -0.5813679    
   26:p:time25.84           -0.7243130       0.1462344      -1.0109325      -0.4376935    
   27:p:time31.63           -0.9275861       0.1421607      -1.2062211      -0.6489511    
   28:p:time35.5             0.4352696       0.1918453       0.0592528       0.8112864    
   29:p:time41.93           -0.8177228       0.1471844      -1.1062043      -0.5292413    
   30:p:time45.63           -0.3965083       0.1640272      -0.7180016      -0.0750150    
   31:p:time61.63           -0.4331204       0.1741333      -0.7744216      -0.0918191    
   32:p:year2011             0.5315377       0.0919287       0.3513574       0.7117180    
   33:p:year2012            -0.1526520       0.0771217      -0.3038104      -0.0014935    


   Real Function Parameters of { Phi(~time * dis + I(dis^2) + origin)p(~time + year) }

      Following estimates based on unstandardized individual covariate values:
          Variable                 Value        
          ----------------------  ------------- 
          DIS                     -0.1109058E-09
                                                               95% Confidence Interval
     Parameter                Estimate       Standard Error     Lower           Upper
 --------------------------  --------------  --------------  --------------  --------------
     1:Phi ghatchery2010 c1   1.0000000       0.0000000       1.0000000       1.0000000       
     2:Phi ghatchery2010 c1   0.9959541       0.5181303E-03   0.9948005       0.9968526       
     3:Phi ghatchery2010 c1   0.9982304       0.3320087E-03   0.9974442       0.9987750       
     4:Phi ghatchery2010 c1   0.9975719       0.4000074E-03   0.9966470       0.9982421       

  Program  MARK  - Survival Rate Estimation with Capture-Recapture Data
   gfortran(dble/PIM2) Vers. 10.1 March 2023  17-Jun-2024 12:32:16    Page  011
 - - - - - - - - - - - - - - - - - - - - - - - - - - - - - - - - - - - - - -
 
     5:Phi ghatchery2010 c1   0.9991448       0.3114781E-03   0.9982543       0.9995812       
     6:Phi ghatchery2010 c1   0.9994081       0.3522940E-03   0.9981006       0.9998157       
     7:Phi ghatchery2010 c1   0.9922625       0.8077638E-03   0.9905074       0.9936952       
     8:Phi ghatchery2010 c1   0.9919381       0.0013844       0.9887179       0.9942445       
     9:Phi ghatchery2010 c1   0.9910182       0.6341070E-03   0.9896862       0.9921796       
    10:Phi ghatchery2010 c1   0.9898199       0.6235208E-03   0.9885223       0.9909722       
    11:Phi gwild2010 c1 a0    1.0000000       0.0000000       1.0000000       1.0000000       
    12:Phi gwild2010 c1 a1.   0.9946905       0.6992549E-03   0.9931282       0.9958992       
    13:Phi gwild2010 c1 a8.   0.9976760       0.4421268E-03   0.9966264       0.9983996       
    14:Phi gwild2010 c1 a17   0.9968119       0.5349445E-03   0.9955713       0.9977058       
    15:Phi gwild2010 c1 a24   0.9988766       0.4111712E-03   0.9976990       0.9994519       
    16:Phi gwild2010 c1 a30   0.9992224       0.4640251E-03   0.9974976       0.9997587       
    17:Phi gwild2010 c1 a34   0.9898577       0.0011103       0.9874337       0.9918181       
    18:Phi gwild2010 c1 a40   0.9894335       0.0018533       0.9851090       0.9925117       
    19:Phi gwild2010 c1 a44   0.9882313       0.9173276E-03   0.9862907       0.9899000       
    20:Phi gwild2010 c1 a60   0.9866662       0.9363374E-03   0.9847007       0.9883821       
    21:p ghatchery2010 c1 a   0.9618676       0.0046189       0.9517077       0.9699574       
    22:p ghatchery2010 c1 a   0.9536328       0.0052600       0.9421618       0.9629183       
    23:p ghatchery2010 c1 a   0.9141869       0.0074618       0.8983876       0.9277272       
    24:p ghatchery2010 c1 a   0.9243867       0.0069660       0.9095506       0.9369580       
    25:p ghatchery2010 c1 a   0.9088957       0.0077558       0.8925103       0.9229989       
    26:p ghatchery2010 c1 a   0.9749883       0.0038777       0.9661512       0.9815623       
    27:p ghatchery2010 c1 a   0.9175934       0.0076565       0.9012890       0.9314097       
    28:p ghatchery2010 c1 a   0.9443441       0.0065673       0.9299810       0.9559007       
    29:p ghatchery2010 c1 a   0.9423883       0.0076050       0.9255422       0.9556058       
    30:p ghatchery2011 c1 a   0.9772316       0.0029542       0.9706627       0.9823564       
    31:p ghatchery2011 c1 a   0.9722189       0.0033995       0.9647203       0.9781598       
    32:p ghatchery2011 c1 a   0.9477178       0.0051269       0.9367070       0.9569012       
    33:p ghatchery2011 c1 a   0.9541321       0.0047137       0.9439553       0.9625343       
    34:p ghatchery2011 c1 a   0.9443683       0.0053674       0.9328628       0.9539993       
    35:p ghatchery2011 c1 a   0.9851474       0.0024091       0.9796060       0.9891998       
    36:p ghatchery2011 c1 a   0.9498662       0.0051562       0.9387396       0.9590601       
    37:p ghatchery2011 c1 a   0.9665228       0.0042652       0.9570770       0.9739466       
    38:p ghatchery2011 c1 a   0.9653177       0.0048083       0.9545546       0.9736023       
    39:p ghatchery2012 c1 a   0.9558564       0.0051889       0.9444925       0.9649800       
    40:p ghatchery2012 c1 a   0.9463959       0.0058568       0.9336869       0.9567819       
    41:p ghatchery2012 c1 a   0.9014296       0.0080881       0.8844025       0.9161863       
    42:p ghatchery2012 c1 a   0.9130015       0.0076106       0.8968818       0.9268070       
    43:p ghatchery2012 c1 a   0.8954418       0.0083678       0.8778685       0.9107437       
    44:p ghatchery2012 c1 a   0.9709831       0.0044200       0.9609452       0.9784987       
    45:p ghatchery2012 c1 a   0.9052901       0.0083592       0.8875891       0.9204536       
    46:p ghatchery2012 c1 a   0.9357551       0.0072257       0.9200533       0.9485454       
    47:p ghatchery2012 c1 a   0.9335186       0.0082055       0.9155138       0.9479048       
    48:p ghatchery2010 c1 a   0.9900000       0.0000000       0.9900000       0.9900000      Fixed

 To compute parameter estimates, CPU Time was 0.016 seconds and System Time was 0.016 seconds.

 Attempted ordering of parameters by estimatibility:
  12 23 33 10 13  9 27 11 25 26 32 29  7 24 30  2  8 31 22  4 28 21  3 19 14
   5 16 20 15 18  1  6 17
 Beta number 17 is a singular value.

   For procedure estimate CPU Time was 38.312 seconds and System Time was 5.344 seconds       .

  Program  MARK  - Survival Rate Estimation with Capture-Recapture Data
   gfortran(dble/PIM2) Vers. 10.1 March 2023  17-Jun-2024 12:32:16    Page  012
 - - - - - - - - - - - - - - - - - - - - - - - - - - - - - - - - - - - - - -
 


  INPUT --- proc stop;

     For this job, CPU Time in minutes was 0.639 and System Time in minutes was 0.090.

     Time Start = 12:32:11.239   Time End = 12:32:16.596

     Wall Clock Time in minutes for this job was 0.089.

     Maximum of 33 words used of 4096 words allocated.


          E X E C U T I O N   S U C C E S S F U L 
