
   Program  MARK  - Survival Rate Estimation with Capture-Recapture Data
   gfortran(dble/PIM2) Vers. 10.1 March 2023   4-May-2023 16:07:01    Page  001
    
 - - - - - - - - - - - - - - - - - - - - - - - - - - - - - - - - - - - - - -
 
   Welcome to MARK Alejandro on machine DESKTOP-NQSKU6F in subdirectory 
   "C:\Users\Alejandro\OneDrive - Michigan State University\Documents\RProjects\Hawkes" running file "mark037.inp".
   This version was compiled by GCC version 12.2.0 using the options: 
     -cpp -iprefix c:\tdm-gcc-64\mingw64\bin\../lib/gcc/x86_64-w64-mingw32/12.2.0/
     -D_MT -D_REENTRANT -U_REENTRANT -D ieee -D dbleprecision -m64 -mtune=generic
     -march=x86-64 -mthreads -O3 -std=f2018 -fsignaling-nans
     -ffpe-summary=invalid,zero,overflow,underflow -funroll-loops -ffast-math
     -fall-intrinsics -fopenmp.

   This problem will use 7 of 8 possible threads.
   Static thread allocation is used.
   Schedule kind is omp_sched_dynamic with chunk size 1


  INPUT --- proc title ;

   For procedure title CPU Time was 0.001 seconds and System Time was 0.001 seconds       .


  INPUT --- proc chmatrix occasions= 11 groups= 6 etype= Live Nodes= 
  INPUT --- 101 icovar = 1 ICMeans  NoHist hist= 200 ;

  INPUT ---    time interval 1.9 6.91 8.33 7.7 5.79 3.87 6.43 3.7 16 22.99 
  INPUT ---    ;

  INPUT ---     icovariates ss ;

  INPUT ---    glabel(1)=originhatchery.year2010;

  INPUT ---    glabel(2)=originwild.year2010;

  INPUT ---    glabel(3)=originhatchery.year2011;

  INPUT ---    glabel(4)=originwild.year2011;

  INPUT ---    glabel(5)=originhatchery.year2012;

  INPUT ---    glabel(6)=originwild.year2012;

      Number of unique encounter histories read was 200.

      Number of individual covariates read was 1.
      Time interval lengths vary and/or not equal to 1.

      Data type number is 1
      Data type is Live Recaptures (CJS)

   For procedure chmatrix CPU Time was 0.001 seconds and System Time was 0.015 seconds       .

  Program  MARK  - Survival Rate Estimation with Capture-Recapture Data
   gfortran(dble/PIM2) Vers. 10.1 March 2023   4-May-2023 16:07:01    Page  002
 - - - - - - - - - - - - - - - - - - - - - - - - - - - - - - - - - - - - - -
 


  INPUT --- proc estimate link=Logit NOLOOP varest=2ndPart    ;


  INPUT --- model={ Phi(~time + origin * ss + year)p(~time + year) };

  INPUT ---    fixed=1;
  INPUT ---        parm(88)=0.99 ;

  INPUT ---    group=1 Phi    rows=10 cols=10 Triang ;
  INPUT ---        1 2 3 4 5 6 7 8 9 10 ;
  INPUT ---        2 3 4 5 6 7 8 9 10 ;
  INPUT ---        3 4 5 6 7 8 9 10 ;
  INPUT ---        4 5 6 7 8 9 10 ;
  INPUT ---        5 6 7 8 9 10 ;
  INPUT ---        6 7 8 9 10 ;
  INPUT ---        7 8 9 10 ;
  INPUT ---        8 9 10 ;
  INPUT ---        9 10 ;
  INPUT ---        10 ;

  INPUT ---    group=2 Phi    rows=10 cols=10 Triang ;
  INPUT ---        11 12 13 14 15 16 17 18 19 20 ;
  INPUT ---        12 13 14 15 16 17 18 19 20 ;
  INPUT ---        13 14 15 16 17 18 19 20 ;
  INPUT ---        14 15 16 17 18 19 20 ;
  INPUT ---        15 16 17 18 19 20 ;
  INPUT ---        16 17 18 19 20 ;
  INPUT ---        17 18 19 20 ;
  INPUT ---        18 19 20 ;
  INPUT ---        19 20 ;
  INPUT ---        20 ;

  INPUT ---    group=3 Phi    rows=10 cols=10 Triang ;
  INPUT ---        21 22 23 24 25 26 27 28 29 30 ;
  INPUT ---        22 23 24 25 26 27 28 29 30 ;
  INPUT ---        23 24 25 26 27 28 29 30 ;
  INPUT ---        24 25 26 27 28 29 30 ;
  INPUT ---        25 26 27 28 29 30 ;
  INPUT ---        26 27 28 29 30 ;
  INPUT ---        27 28 29 30 ;
  INPUT ---        28 29 30 ;
  INPUT ---        29 30 ;
  INPUT ---        30 ;


  Program  MARK  - Survival Rate Estimation with Capture-Recapture Data
   gfortran(dble/PIM2) Vers. 10.1 March 2023   4-May-2023 16:07:01    Page  003
 - - - - - - - - - - - - - - - - - - - - - - - - - - - - - - - - - - - - - -
 
  INPUT ---    group=4 Phi    rows=10 cols=10 Triang ;
  INPUT ---        31 32 33 34 35 36 37 38 39 40 ;
  INPUT ---        32 33 34 35 36 37 38 39 40 ;
  INPUT ---        33 34 35 36 37 38 39 40 ;
  INPUT ---        34 35 36 37 38 39 40 ;
  INPUT ---        35 36 37 38 39 40 ;
  INPUT ---        36 37 38 39 40 ;
  INPUT ---        37 38 39 40 ;
  INPUT ---        38 39 40 ;
  INPUT ---        39 40 ;
  INPUT ---        40 ;

  INPUT ---    group=5 Phi    rows=10 cols=10 Triang ;
  INPUT ---        41 42 43 44 45 46 47 48 49 50 ;
  INPUT ---        42 43 44 45 46 47 48 49 50 ;
  INPUT ---        43 44 45 46 47 48 49 50 ;
  INPUT ---        44 45 46 47 48 49 50 ;
  INPUT ---        45 46 47 48 49 50 ;
  INPUT ---        46 47 48 49 50 ;
  INPUT ---        47 48 49 50 ;
  INPUT ---        48 49 50 ;
  INPUT ---        49 50 ;
  INPUT ---        50 ;

  INPUT ---    group=6 Phi    rows=10 cols=10 Triang ;
  INPUT ---        51 52 53 54 55 56 57 58 59 60 ;
  INPUT ---        52 53 54 55 56 57 58 59 60 ;
  INPUT ---        53 54 55 56 57 58 59 60 ;
  INPUT ---        54 55 56 57 58 59 60 ;
  INPUT ---        55 56 57 58 59 60 ;
  INPUT ---        56 57 58 59 60 ;
  INPUT ---        57 58 59 60 ;
  INPUT ---        58 59 60 ;
  INPUT ---        59 60 ;
  INPUT ---        60 ;

  INPUT ---    group=1 p    rows=10 cols=10 Triang ;
  INPUT ---        61 62 63 64 65 66 67 68 69 88 ;
  INPUT ---        62 63 64 65 66 67 68 69 88 ;
  INPUT ---        63 64 65 66 67 68 69 88 ;
  INPUT ---        64 65 66 67 68 69 88 ;
  INPUT ---        65 66 67 68 69 88 ;
  INPUT ---        66 67 68 69 88 ;
  INPUT ---        67 68 69 88 ;
  INPUT ---        68 69 88 ;
  INPUT ---        69 88 ;

  Program  MARK  - Survival Rate Estimation with Capture-Recapture Data
   gfortran(dble/PIM2) Vers. 10.1 March 2023   4-May-2023 16:07:02    Page  004
 - - - - - - - - - - - - - - - - - - - - - - - - - - - - - - - - - - - - - -
 
  INPUT ---        88 ;

  INPUT ---    group=2 p    rows=10 cols=10 Triang ;
  INPUT ---        61 62 63 64 65 66 67 68 69 88 ;
  INPUT ---        62 63 64 65 66 67 68 69 88 ;
  INPUT ---        63 64 65 66 67 68 69 88 ;
  INPUT ---        64 65 66 67 68 69 88 ;
  INPUT ---        65 66 67 68 69 88 ;
  INPUT ---        66 67 68 69 88 ;
  INPUT ---        67 68 69 88 ;
  INPUT ---        68 69 88 ;
  INPUT ---        69 88 ;
  INPUT ---        88 ;

  INPUT ---    group=3 p    rows=10 cols=10 Triang ;
  INPUT ---        70 71 72 73 74 75 76 77 78 88 ;
  INPUT ---        71 72 73 74 75 76 77 78 88 ;
  INPUT ---        72 73 74 75 76 77 78 88 ;
  INPUT ---        73 74 75 76 77 78 88 ;
  INPUT ---        74 75 76 77 78 88 ;
  INPUT ---        75 76 77 78 88 ;
  INPUT ---        76 77 78 88 ;
  INPUT ---        77 78 88 ;
  INPUT ---        78 88 ;
  INPUT ---        88 ;

  INPUT ---    group=4 p    rows=10 cols=10 Triang ;
  INPUT ---        70 71 72 73 74 75 76 77 78 88 ;
  INPUT ---        71 72 73 74 75 76 77 78 88 ;
  INPUT ---        72 73 74 75 76 77 78 88 ;
  INPUT ---        73 74 75 76 77 78 88 ;
  INPUT ---        74 75 76 77 78 88 ;
  INPUT ---        75 76 77 78 88 ;
  INPUT ---        76 77 78 88 ;
  INPUT ---        77 78 88 ;
  INPUT ---        78 88 ;
  INPUT ---        88 ;

  INPUT ---    group=5 p    rows=10 cols=10 Triang ;
  INPUT ---        79 80 81 82 83 84 85 86 87 88 ;
  INPUT ---        80 81 82 83 84 85 86 87 88 ;
  INPUT ---        81 82 83 84 85 86 87 88 ;
  INPUT ---        82 83 84 85 86 87 88 ;
  INPUT ---        83 84 85 86 87 88 ;
  INPUT ---        84 85 86 87 88 ;
  INPUT ---        85 86 87 88 ;

  Program  MARK  - Survival Rate Estimation with Capture-Recapture Data
   gfortran(dble/PIM2) Vers. 10.1 March 2023   4-May-2023 16:07:02    Page  005
 - - - - - - - - - - - - - - - - - - - - - - - - - - - - - - - - - - - - - -
 
  INPUT ---        86 87 88 ;
  INPUT ---        87 88 ;
  INPUT ---        88 ;

  INPUT ---    group=6 p    rows=10 cols=10 Triang ;
  INPUT ---        79 80 81 82 83 84 85 86 87 88 ;
  INPUT ---        80 81 82 83 84 85 86 87 88 ;
  INPUT ---        81 82 83 84 85 86 87 88 ;
  INPUT ---        82 83 84 85 86 87 88 ;
  INPUT ---        83 84 85 86 87 88 ;
  INPUT ---        84 85 86 87 88 ;
  INPUT ---        85 86 87 88 ;
  INPUT ---        86 87 88 ;
  INPUT ---        87 88 ;
  INPUT ---        88 ;

  INPUT ---    design matrix constraints=88 covariates=26;
  INPUT ---        1 0 0 0 0 0 0 0 0 0 0 ss 0 0 0 0 0 0 0 0 0 0 0 0 0 0;
  INPUT ---        1 1 0 0 0 0 0 0 0 0 0 ss 0 0 0 0 0 0 0 0 0 0 0 0 0 0;
  INPUT ---        1 0 1 0 0 0 0 0 0 0 0 ss 0 0 0 0 0 0 0 0 0 0 0 0 0 0;
  INPUT ---        1 0 0 1 0 0 0 0 0 0 0 ss 0 0 0 0 0 0 0 0 0 0 0 0 0 0;
  INPUT ---        1 0 0 0 1 0 0 0 0 0 0 ss 0 0 0 0 0 0 0 0 0 0 0 0 0 0;
  INPUT ---        1 0 0 0 0 1 0 0 0 0 0 ss 0 0 0 0 0 0 0 0 0 0 0 0 0 0;
  INPUT ---        1 0 0 0 0 0 1 0 0 0 0 ss 0 0 0 0 0 0 0 0 0 0 0 0 0 0;
  INPUT ---        1 0 0 0 0 0 0 1 0 0 0 ss 0 0 0 0 0 0 0 0 0 0 0 0 0 0;
  INPUT ---        1 0 0 0 0 0 0 0 1 0 0 ss 0 0 0 0 0 0 0 0 0 0 0 0 0 0;
  INPUT ---        1 0 0 0 0 0 0 0 0 1 0 ss 0 0 0 0 0 0 0 0 0 0 0 0 0 0;
  INPUT ---        1 0 0 0 0 0 0 0 0 0 1 ss 0 0 ss 0 0 0 0 0 0 0 0 0 0 0;
  INPUT ---        1 1 0 0 0 0 0 0 0 0 1 ss 0 0 ss 0 0 0 0 0 0 0 0 0 0 0;
  INPUT ---        1 0 1 0 0 0 0 0 0 0 1 ss 0 0 ss 0 0 0 0 0 0 0 0 0 0 0;
  INPUT ---        1 0 0 1 0 0 0 0 0 0 1 ss 0 0 ss 0 0 0 0 0 0 0 0 0 0 0;
  INPUT ---        1 0 0 0 1 0 0 0 0 0 1 ss 0 0 ss 0 0 0 0 0 0 0 0 0 0 0;
  INPUT ---        1 0 0 0 0 1 0 0 0 0 1 ss 0 0 ss 0 0 0 0 0 0 0 0 0 0 0;
  INPUT ---        1 0 0 0 0 0 1 0 0 0 1 ss 0 0 ss 0 0 0 0 0 0 0 0 0 0 0;
  INPUT ---        1 0 0 0 0 0 0 1 0 0 1 ss 0 0 ss 0 0 0 0 0 0 0 0 0 0 0;
  INPUT ---        1 0 0 0 0 0 0 0 1 0 1 ss 0 0 ss 0 0 0 0 0 0 0 0 0 0 0;
  INPUT ---        1 0 0 0 0 0 0 0 0 1 1 ss 0 0 ss 0 0 0 0 0 0 0 0 0 0 0;
  INPUT ---        1 0 0 0 0 0 0 0 0 0 0 ss 1 0 0 0 0 0 0 0 0 0 0 0 0 0;
  INPUT ---        1 1 0 0 0 0 0 0 0 0 0 ss 1 0 0 0 0 0 0 0 0 0 0 0 0 0;
  INPUT ---        1 0 1 0 0 0 0 0 0 0 0 ss 1 0 0 0 0 0 0 0 0 0 0 0 0 0;
  INPUT ---        1 0 0 1 0 0 0 0 0 0 0 ss 1 0 0 0 0 0 0 0 0 0 0 0 0 0;
  INPUT ---        1 0 0 0 1 0 0 0 0 0 0 ss 1 0 0 0 0 0 0 0 0 0 0 0 0 0;
  INPUT ---        1 0 0 0 0 1 0 0 0 0 0 ss 1 0 0 0 0 0 0 0 0 0 0 0 0 0;
  INPUT ---        1 0 0 0 0 0 1 0 0 0 0 ss 1 0 0 0 0 0 0 0 0 0 0 0 0 0;
  INPUT ---        1 0 0 0 0 0 0 1 0 0 0 ss 1 0 0 0 0 0 0 0 0 0 0 0 0 0;
  INPUT ---        1 0 0 0 0 0 0 0 1 0 0 ss 1 0 0 0 0 0 0 0 0 0 0 0 0 0;

  Program  MARK  - Survival Rate Estimation with Capture-Recapture Data
   gfortran(dble/PIM2) Vers. 10.1 March 2023   4-May-2023 16:07:02    Page  006
 - - - - - - - - - - - - - - - - - - - - - - - - - - - - - - - - - - - - - -
 
  INPUT ---        1 0 0 0 0 0 0 0 0 1 0 ss 1 0 0 0 0 0 0 0 0 0 0 0 0 0;
  INPUT ---        1 0 0 0 0 0 0 0 0 0 1 ss 1 0 ss 0 0 0 0 0 0 0 0 0 0 0;
  INPUT ---        1 1 0 0 0 0 0 0 0 0 1 ss 1 0 ss 0 0 0 0 0 0 0 0 0 0 0;
  INPUT ---        1 0 1 0 0 0 0 0 0 0 1 ss 1 0 ss 0 0 0 0 0 0 0 0 0 0 0;
  INPUT ---        1 0 0 1 0 0 0 0 0 0 1 ss 1 0 ss 0 0 0 0 0 0 0 0 0 0 0;
  INPUT ---        1 0 0 0 1 0 0 0 0 0 1 ss 1 0 ss 0 0 0 0 0 0 0 0 0 0 0;
  INPUT ---        1 0 0 0 0 1 0 0 0 0 1 ss 1 0 ss 0 0 0 0 0 0 0 0 0 0 0;
  INPUT ---        1 0 0 0 0 0 1 0 0 0 1 ss 1 0 ss 0 0 0 0 0 0 0 0 0 0 0;
  INPUT ---        1 0 0 0 0 0 0 1 0 0 1 ss 1 0 ss 0 0 0 0 0 0 0 0 0 0 0;
  INPUT ---        1 0 0 0 0 0 0 0 1 0 1 ss 1 0 ss 0 0 0 0 0 0 0 0 0 0 0;
  INPUT ---        1 0 0 0 0 0 0 0 0 1 1 ss 1 0 ss 0 0 0 0 0 0 0 0 0 0 0;
  INPUT ---        1 0 0 0 0 0 0 0 0 0 0 ss 0 1 0 0 0 0 0 0 0 0 0 0 0 0;
  INPUT ---        1 1 0 0 0 0 0 0 0 0 0 ss 0 1 0 0 0 0 0 0 0 0 0 0 0 0;
  INPUT ---        1 0 1 0 0 0 0 0 0 0 0 ss 0 1 0 0 0 0 0 0 0 0 0 0 0 0;
  INPUT ---        1 0 0 1 0 0 0 0 0 0 0 ss 0 1 0 0 0 0 0 0 0 0 0 0 0 0;
  INPUT ---        1 0 0 0 1 0 0 0 0 0 0 ss 0 1 0 0 0 0 0 0 0 0 0 0 0 0;
  INPUT ---        1 0 0 0 0 1 0 0 0 0 0 ss 0 1 0 0 0 0 0 0 0 0 0 0 0 0;
  INPUT ---        1 0 0 0 0 0 1 0 0 0 0 ss 0 1 0 0 0 0 0 0 0 0 0 0 0 0;
  INPUT ---        1 0 0 0 0 0 0 1 0 0 0 ss 0 1 0 0 0 0 0 0 0 0 0 0 0 0;
  INPUT ---        1 0 0 0 0 0 0 0 1 0 0 ss 0 1 0 0 0 0 0 0 0 0 0 0 0 0;
  INPUT ---        1 0 0 0 0 0 0 0 0 1 0 ss 0 1 0 0 0 0 0 0 0 0 0 0 0 0;
  INPUT ---        1 0 0 0 0 0 0 0 0 0 1 ss 0 1 ss 0 0 0 0 0 0 0 0 0 0 0;
  INPUT ---        1 1 0 0 0 0 0 0 0 0 1 ss 0 1 ss 0 0 0 0 0 0 0 0 0 0 0;
  INPUT ---        1 0 1 0 0 0 0 0 0 0 1 ss 0 1 ss 0 0 0 0 0 0 0 0 0 0 0;
  INPUT ---        1 0 0 1 0 0 0 0 0 0 1 ss 0 1 ss 0 0 0 0 0 0 0 0 0 0 0;
  INPUT ---        1 0 0 0 1 0 0 0 0 0 1 ss 0 1 ss 0 0 0 0 0 0 0 0 0 0 0;
  INPUT ---        1 0 0 0 0 1 0 0 0 0 1 ss 0 1 ss 0 0 0 0 0 0 0 0 0 0 0;
  INPUT ---        1 0 0 0 0 0 1 0 0 0 1 ss 0 1 ss 0 0 0 0 0 0 0 0 0 0 0;
  INPUT ---        1 0 0 0 0 0 0 1 0 0 1 ss 0 1 ss 0 0 0 0 0 0 0 0 0 0 0;
  INPUT ---        1 0 0 0 0 0 0 0 1 0 1 ss 0 1 ss 0 0 0 0 0 0 0 0 0 0 0;
  INPUT ---        1 0 0 0 0 0 0 0 0 1 1 ss 0 1 ss 0 0 0 0 0 0 0 0 0 0 0;
  INPUT ---        0 0 0 0 0 0 0 0 0 0 0 0 0 0 0 1 0 0 0 0 0 0 0 0 0 0;
  INPUT ---        0 0 0 0 0 0 0 0 0 0 0 0 0 0 0 1 1 0 0 0 0 0 0 0 0 0;
  INPUT ---        0 0 0 0 0 0 0 0 0 0 0 0 0 0 0 1 0 1 0 0 0 0 0 0 0 0;
  INPUT ---        0 0 0 0 0 0 0 0 0 0 0 0 0 0 0 1 0 0 1 0 0 0 0 0 0 0;
  INPUT ---        0 0 0 0 0 0 0 0 0 0 0 0 0 0 0 1 0 0 0 1 0 0 0 0 0 0;
  INPUT ---        0 0 0 0 0 0 0 0 0 0 0 0 0 0 0 1 0 0 0 0 1 0 0 0 0 0;
  INPUT ---        0 0 0 0 0 0 0 0 0 0 0 0 0 0 0 1 0 0 0 0 0 1 0 0 0 0;
  INPUT ---        0 0 0 0 0 0 0 0 0 0 0 0 0 0 0 1 0 0 0 0 0 0 1 0 0 0;
  INPUT ---        0 0 0 0 0 0 0 0 0 0 0 0 0 0 0 1 0 0 0 0 0 0 0 1 0 0;
  INPUT ---        0 0 0 0 0 0 0 0 0 0 0 0 0 0 0 1 0 0 0 0 0 0 0 0 1 0;
  INPUT ---        0 0 0 0 0 0 0 0 0 0 0 0 0 0 0 1 1 0 0 0 0 0 0 0 1 0;
  INPUT ---        0 0 0 0 0 0 0 0 0 0 0 0 0 0 0 1 0 1 0 0 0 0 0 0 1 0;
  INPUT ---        0 0 0 0 0 0 0 0 0 0 0 0 0 0 0 1 0 0 1 0 0 0 0 0 1 0;
  INPUT ---        0 0 0 0 0 0 0 0 0 0 0 0 0 0 0 1 0 0 0 1 0 0 0 0 1 0;
  INPUT ---        0 0 0 0 0 0 0 0 0 0 0 0 0 0 0 1 0 0 0 0 1 0 0 0 1 0;

  Program  MARK  - Survival Rate Estimation with Capture-Recapture Data
   gfortran(dble/PIM2) Vers. 10.1 March 2023   4-May-2023 16:07:02    Page  007
 - - - - - - - - - - - - - - - - - - - - - - - - - - - - - - - - - - - - - -
 
  INPUT ---        0 0 0 0 0 0 0 0 0 0 0 0 0 0 0 1 0 0 0 0 0 1 0 0 1 0;
  INPUT ---        0 0 0 0 0 0 0 0 0 0 0 0 0 0 0 1 0 0 0 0 0 0 1 0 1 0;
  INPUT ---        0 0 0 0 0 0 0 0 0 0 0 0 0 0 0 1 0 0 0 0 0 0 0 1 1 0;
  INPUT ---        0 0 0 0 0 0 0 0 0 0 0 0 0 0 0 1 0 0 0 0 0 0 0 0 0 1;
  INPUT ---        0 0 0 0 0 0 0 0 0 0 0 0 0 0 0 1 1 0 0 0 0 0 0 0 0 1;
  INPUT ---        0 0 0 0 0 0 0 0 0 0 0 0 0 0 0 1 0 1 0 0 0 0 0 0 0 1;
  INPUT ---        0 0 0 0 0 0 0 0 0 0 0 0 0 0 0 1 0 0 1 0 0 0 0 0 0 1;
  INPUT ---        0 0 0 0 0 0 0 0 0 0 0 0 0 0 0 1 0 0 0 1 0 0 0 0 0 1;
  INPUT ---        0 0 0 0 0 0 0 0 0 0 0 0 0 0 0 1 0 0 0 0 1 0 0 0 0 1;
  INPUT ---        0 0 0 0 0 0 0 0 0 0 0 0 0 0 0 1 0 0 0 0 0 1 0 0 0 1;
  INPUT ---        0 0 0 0 0 0 0 0 0 0 0 0 0 0 0 1 0 0 0 0 0 0 1 0 0 1;
  INPUT ---        0 0 0 0 0 0 0 0 0 0 0 0 0 0 0 1 0 0 0 0 0 0 0 1 0 1;
  INPUT ---        0 0 0 0 0 0 0 0 0 0 0 0 0 0 0 0 0 0 0 0 0 0 0 0 0 0;
  INPUT ---       blabel(1)=Phi:(Intercept);
  INPUT ---       blabel(2)=Phi:time2.9;
  INPUT ---       blabel(3)=Phi:time9.81;
  INPUT ---       blabel(4)=Phi:time18.14;
  INPUT ---       blabel(5)=Phi:time25.84;
  INPUT ---       blabel(6)=Phi:time31.63;
  INPUT ---       blabel(7)=Phi:time35.5;
  INPUT ---       blabel(8)=Phi:time41.93;
  INPUT ---       blabel(9)=Phi:time45.63;
  INPUT ---       blabel(10)=Phi:time61.63;
  INPUT ---       blabel(11)=Phi:originwild;
  INPUT ---       blabel(12)=Phi:ss;
  INPUT ---       blabel(13)=Phi:year2011;
  INPUT ---       blabel(14)=Phi:year2012;
  INPUT ---       blabel(15)=Phi:originwild:ss;
  INPUT ---       blabel(16)=p:(Intercept);
  INPUT ---       blabel(17)=p:time9.81;
  INPUT ---       blabel(18)=p:time18.14;
  INPUT ---       blabel(19)=p:time25.84;
  INPUT ---       blabel(20)=p:time31.63;
  INPUT ---       blabel(21)=p:time35.5;
  INPUT ---       blabel(22)=p:time41.93;
  INPUT ---       blabel(23)=p:time45.63;
  INPUT ---       blabel(24)=p:time61.63;
  INPUT ---       blabel(25)=p:year2011;
  INPUT ---       blabel(26)=p:year2012;
  INPUT ---       rlabel(1)=Phi ghatchery2010 c1 a0 t1;
  INPUT ---       rlabel(2)=Phi ghatchery2010 c1 a1.9 t2.9;
  INPUT ---       rlabel(3)=Phi ghatchery2010 c1 a8.81 t9.81;
  INPUT ---       rlabel(4)=Phi ghatchery2010 c1 a17.14 t18.14;
  INPUT ---       rlabel(5)=Phi ghatchery2010 c1 a24.84 t25.84;
  INPUT ---       rlabel(6)=Phi ghatchery2010 c1 a30.63 t31.63;
  INPUT ---       rlabel(7)=Phi ghatchery2010 c1 a34.5 t35.5;

  Program  MARK  - Survival Rate Estimation with Capture-Recapture Data
   gfortran(dble/PIM2) Vers. 10.1 March 2023   4-May-2023 16:07:02    Page  008
 - - - - - - - - - - - - - - - - - - - - - - - - - - - - - - - - - - - - - -
 
  INPUT ---       rlabel(8)=Phi ghatchery2010 c1 a40.93 t41.93;
  INPUT ---       rlabel(9)=Phi ghatchery2010 c1 a44.63 t45.63;
  INPUT ---       rlabel(10)=Phi ghatchery2010 c1 a60.63 t61.63;
  INPUT ---       rlabel(11)=Phi gwild2010 c1 a0 t1;
  INPUT ---       rlabel(12)=Phi gwild2010 c1 a1.9 t2.9;
  INPUT ---       rlabel(13)=Phi gwild2010 c1 a8.81 t9.81;
  INPUT ---       rlabel(14)=Phi gwild2010 c1 a17.14 t18.14;
  INPUT ---       rlabel(15)=Phi gwild2010 c1 a24.84 t25.84;
  INPUT ---       rlabel(16)=Phi gwild2010 c1 a30.63 t31.63;
  INPUT ---       rlabel(17)=Phi gwild2010 c1 a34.5 t35.5;
  INPUT ---       rlabel(18)=Phi gwild2010 c1 a40.93 t41.93;
  INPUT ---       rlabel(19)=Phi gwild2010 c1 a44.63 t45.63;
  INPUT ---       rlabel(20)=Phi gwild2010 c1 a60.63 t61.63;
  INPUT ---       rlabel(21)=Phi ghatchery2011 c1 a0 t1;
  INPUT ---       rlabel(22)=Phi ghatchery2011 c1 a1.9 t2.9;
  INPUT ---       rlabel(23)=Phi ghatchery2011 c1 a8.81 t9.81;
  INPUT ---       rlabel(24)=Phi ghatchery2011 c1 a17.14 t18.14;
  INPUT ---       rlabel(25)=Phi ghatchery2011 c1 a24.84 t25.84;
  INPUT ---       rlabel(26)=Phi ghatchery2011 c1 a30.63 t31.63;
  INPUT ---       rlabel(27)=Phi ghatchery2011 c1 a34.5 t35.5;
  INPUT ---       rlabel(28)=Phi ghatchery2011 c1 a40.93 t41.93;
  INPUT ---       rlabel(29)=Phi ghatchery2011 c1 a44.63 t45.63;
  INPUT ---       rlabel(30)=Phi ghatchery2011 c1 a60.63 t61.63;
  INPUT ---       rlabel(31)=Phi gwild2011 c1 a0 t1;
  INPUT ---       rlabel(32)=Phi gwild2011 c1 a1.9 t2.9;
  INPUT ---       rlabel(33)=Phi gwild2011 c1 a8.81 t9.81;
  INPUT ---       rlabel(34)=Phi gwild2011 c1 a17.14 t18.14;
  INPUT ---       rlabel(35)=Phi gwild2011 c1 a24.84 t25.84;
  INPUT ---       rlabel(36)=Phi gwild2011 c1 a30.63 t31.63;
  INPUT ---       rlabel(37)=Phi gwild2011 c1 a34.5 t35.5;
  INPUT ---       rlabel(38)=Phi gwild2011 c1 a40.93 t41.93;
  INPUT ---       rlabel(39)=Phi gwild2011 c1 a44.63 t45.63;
  INPUT ---       rlabel(40)=Phi gwild2011 c1 a60.63 t61.63;
  INPUT ---       rlabel(41)=Phi ghatchery2012 c1 a0 t1;
  INPUT ---       rlabel(42)=Phi ghatchery2012 c1 a1.9 t2.9;
  INPUT ---       rlabel(43)=Phi ghatchery2012 c1 a8.81 t9.81;
  INPUT ---       rlabel(44)=Phi ghatchery2012 c1 a17.14 t18.14;
  INPUT ---       rlabel(45)=Phi ghatchery2012 c1 a24.84 t25.84;
  INPUT ---       rlabel(46)=Phi ghatchery2012 c1 a30.63 t31.63;
  INPUT ---       rlabel(47)=Phi ghatchery2012 c1 a34.5 t35.5;
  INPUT ---       rlabel(48)=Phi ghatchery2012 c1 a40.93 t41.93;
  INPUT ---       rlabel(49)=Phi ghatchery2012 c1 a44.63 t45.63;
  INPUT ---       rlabel(50)=Phi ghatchery2012 c1 a60.63 t61.63;
  INPUT ---       rlabel(51)=Phi gwild2012 c1 a0 t1;
  INPUT ---       rlabel(52)=Phi gwild2012 c1 a1.9 t2.9;
  INPUT ---       rlabel(53)=Phi gwild2012 c1 a8.81 t9.81;

  Program  MARK  - Survival Rate Estimation with Capture-Recapture Data
   gfortran(dble/PIM2) Vers. 10.1 March 2023   4-May-2023 16:07:02    Page  009
 - - - - - - - - - - - - - - - - - - - - - - - - - - - - - - - - - - - - - -
 
  INPUT ---       rlabel(54)=Phi gwild2012 c1 a17.14 t18.14;
  INPUT ---       rlabel(55)=Phi gwild2012 c1 a24.84 t25.84;
  INPUT ---       rlabel(56)=Phi gwild2012 c1 a30.63 t31.63;
  INPUT ---       rlabel(57)=Phi gwild2012 c1 a34.5 t35.5;
  INPUT ---       rlabel(58)=Phi gwild2012 c1 a40.93 t41.93;
  INPUT ---       rlabel(59)=Phi gwild2012 c1 a44.63 t45.63;
  INPUT ---       rlabel(60)=Phi gwild2012 c1 a60.63 t61.63;
  INPUT ---       rlabel(61)=p ghatchery2010 c1 a1.9 t2.9;
  INPUT ---       rlabel(62)=p ghatchery2010 c1 a8.81 t9.81;
  INPUT ---       rlabel(63)=p ghatchery2010 c1 a17.14 t18.14;
  INPUT ---       rlabel(64)=p ghatchery2010 c1 a24.84 t25.84;
  INPUT ---       rlabel(65)=p ghatchery2010 c1 a30.63 t31.63;
  INPUT ---       rlabel(66)=p ghatchery2010 c1 a34.5 t35.5;
  INPUT ---       rlabel(67)=p ghatchery2010 c1 a40.93 t41.93;
  INPUT ---       rlabel(68)=p ghatchery2010 c1 a44.63 t45.63;
  INPUT ---       rlabel(69)=p ghatchery2010 c1 a60.63 t61.63;
  INPUT ---       rlabel(70)=p ghatchery2011 c1 a1.9 t2.9;
  INPUT ---       rlabel(71)=p ghatchery2011 c1 a8.81 t9.81;
  INPUT ---       rlabel(72)=p ghatchery2011 c1 a17.14 t18.14;
  INPUT ---       rlabel(73)=p ghatchery2011 c1 a24.84 t25.84;
  INPUT ---       rlabel(74)=p ghatchery2011 c1 a30.63 t31.63;
  INPUT ---       rlabel(75)=p ghatchery2011 c1 a34.5 t35.5;
  INPUT ---       rlabel(76)=p ghatchery2011 c1 a40.93 t41.93;
  INPUT ---       rlabel(77)=p ghatchery2011 c1 a44.63 t45.63;
  INPUT ---       rlabel(78)=p ghatchery2011 c1 a60.63 t61.63;
  INPUT ---       rlabel(79)=p ghatchery2012 c1 a1.9 t2.9;
  INPUT ---       rlabel(80)=p ghatchery2012 c1 a8.81 t9.81;
  INPUT ---       rlabel(81)=p ghatchery2012 c1 a17.14 t18.14;
  INPUT ---       rlabel(82)=p ghatchery2012 c1 a24.84 t25.84;
  INPUT ---       rlabel(83)=p ghatchery2012 c1 a30.63 t31.63;
  INPUT ---       rlabel(84)=p ghatchery2012 c1 a34.5 t35.5;
  INPUT ---       rlabel(85)=p ghatchery2012 c1 a40.93 t41.93;
  INPUT ---       rlabel(86)=p ghatchery2012 c1 a44.63 t45.63;
  INPUT ---       rlabel(87)=p ghatchery2012 c1 a60.63 t61.63;
  INPUT ---       rlabel(88)=p ghatchery2010 c1 a83.62 t84.62;
   Model is { Phi(~time + origin * ss + year)p(~time + year) }

 Link Function Used is LOGIT        

 Variance Estimation Procedure Used is 2ndPart 
 -2logL(saturated) = 0.0000000     
 Effective Sample Size = 18772

 Number of function evaluations was 152 for 26 parameters.
 For numerical optimization, CPU Time was 1.922 seconds and System Time was 2.156 seconds.
 -2logL { Phi(~time + origin * ss + year)p(~time + year) } = 13370.188     
 Penalty { Phi(~time + origin * ss + year)p(~time + year) } = 0.0000000     

  Program  MARK  - Survival Rate Estimation with Capture-Recapture Data
   gfortran(dble/PIM2) Vers. 10.1 March 2023   4-May-2023 16:07:04    Page  010
 - - - - - - - - - - - - - - - - - - - - - - - - - - - - - - - - - - - - - -
 
 Gradient { Phi(~time + origin * ss + year)p(~time + year) }:
 -0.31534828E-02 -0.20962669E-01  0.77180786E-02  0.37016008E-02 -0.12193092E-02
 -0.81108512E-02  0.12404053E-01 -0.11944861E-01  0.41542180E-02  0.11116427E-01
 -0.15908998E-01  0.48038173E-02  0.38785278E-01  0.44899057E-02 -0.63698822E-02
  0.69431634E-02  0.11163201E-02 -0.85221680E-03  0.36808915E-02 -0.35440702E-02
  0.85188968E-04  0.65847248E-02  0.17264168E-03 -0.59396862E-03 -0.32290856E-02
  0.49135088E-02
 Maximum ABS(G) { Phi(~time + origin * ss + year)p(~time + year) } = 0.0387853     
 To compute VC matrix, CPU Time was 0.500 seconds and System Time was 0.656 seconds.
 S Vector { Phi(~time + origin * ss + year)p(~time + year) }:
   1526.793      1251.330      413.4007      270.9598      264.2954    
   200.8796      150.5461      142.1213      138.0979      135.0439    
   127.6285      99.01582      83.31395      78.91491      75.62284    
   62.24607      54.57786      51.48764      46.48769      43.62696    
   29.46777      12.11511      10.87920      8.223739      7.458798    
  0.2357711E-03
 To invert VC matrix, CPU Time was 0.001 seconds and System Time was 0.001 seconds.
 Ratio Threshold = 50.000000       Max Gap (25/26) = 31635.757       Next Max Gap (2/3) = 3.0269185     
 Gap Method for Num. of Estimated Parameters { Phi(~time + origin * ss + year)p(~time + year) } = 25          
 Threshold { Phi(~time + origin * ss + year)p(~time + year) } = 0.0775706               
 Numerical Threshold Method for Num. of Estimated Parameters { Phi(~time + origin * ss + year)p(~time + year) } = 25          
 Number of Estimated Parameters { Phi(~time + origin * ss + year)p(~time + year) } = 25          
 DEVIANCE { Phi(~time + origin * ss + year)p(~time + year) } = 13370.188               
 DEVIANCE Degrees of Freedom { Phi(~time + origin * ss + year)p(~time + year) } = 169          
 c-hat { Phi(~time + origin * ss + year)p(~time + year) } = 79.113540               
 AIC { Phi(~time + origin * ss + year)p(~time + year) } = 13420.188               
 AICc { Phi(~time + origin * ss + year)p(~time + year) } = 13420.258               
 BIC { Phi(~time + origin * ss + year)p(~time + year) } = 13616.191               
 Pearson Chisquare { Phi(~time + origin * ss + year)p(~time + year) } = 0.1150995E+11           
 Possible Encounter Histories { Phi(~time + origin * ss + year)p(~time + year) } = 6144          
 Pearson Chisquare df { Phi(~time + origin * ss + year)p(~time + year) } = 6113          
 Pearson chat { Phi(~time + origin * ss + year)p(~time + year) } = 1882864.9               
 Sum(Observed/Expected) { Phi(~time + origin * ss + year)p(~time + year) } = 0.2877482E+10           
 s-bar { Phi(~time + origin * ss + year)p(~time + year) } = 468797.01               
 Fletcher chat { Phi(~time + origin * ss + year)p(~time + year) } = 4.0163672               


   LOGIT Link Function Parameters of { Phi(~time + origin * ss + year)p(~time + year) }
                                                              95% Confidence Interval
    Parameter                  Beta         Standard Error     Lower           Upper
 -------------------------  --------------  --------------  --------------  --------------
    1:Phi:(Intercept)        18.006453       0.0000000       18.006453       18.006453    
    2:Phi:time2.9           -12.702046       0.0000000      -12.702046      -12.702046    
    3:Phi:time9.81          -11.874349       0.0000000      -11.874349      -11.874349    
    4:Phi:time18.14         -12.191084       0.0000000      -12.191084      -12.191084    
    5:Phi:time25.84         -11.213947       0.0000000      -11.213947      -11.213947    
    6:Phi:time31.63         -11.536856       0.0000000      -11.536856      -11.536856    
    7:Phi:time35.5          -13.348416       0.0000000      -13.348416      -13.348416    
    8:Phi:time41.93         -13.562764       0.0000000      -13.562764      -13.562764    
    9:Phi:time45.63         -13.516025       0.0000000      -13.516025      -13.516025    
   10:Phi:time61.63         -13.670716       0.0000000      -13.670716      -13.670716    
   11:Phi:originwild        -0.2583779       0.0920186      -0.4387343      -0.0780215    
   12:Phi:ss                -0.1520759       0.0780477      -0.3050494       0.8976904E-03
   13:Phi:year2011           0.1959878       0.0815688       0.0361129       0.3558627    
   14:Phi:year2012           0.6856388       0.0889457       0.5113052       0.8599725    
   15:Phi:originwild:ss      0.2698609       0.0905743       0.0923354       0.4473865    
   16:p:(Intercept)          3.2195284       0.1258642       2.9728345       3.4662223    
   17:p:time9.81            -0.2028570       0.1599268      -0.5163135       0.1105996    
   18:p:time18.14           -0.8621014       0.1431587      -1.1426924      -0.5815103    
   19:p:time25.84           -0.7244888       0.1462408      -1.0111208      -0.4378568    
   20:p:time31.63           -0.9288381       0.1421563      -1.2074645      -0.6502116    
   21:p:time35.5             0.4329357       0.1922387       0.0561478       0.8097235    
   22:p:time41.93           -0.8167640       0.1471886      -1.1052536      -0.5282743    
   23:p:time45.63           -0.4141465       0.1640332      -0.7356516      -0.0926414    

  Program  MARK  - Survival Rate Estimation with Capture-Recapture Data
   gfortran(dble/PIM2) Vers. 10.1 March 2023   4-May-2023 16:07:04    Page  011
 - - - - - - - - - - - - - - - - - - - - - - - - - - - - - - - - - - - - - -
 
   24:p:time61.63           -0.4386150       0.1740762      -0.7798045      -0.0974256    
   25:p:year2011             0.5499381       0.0917646       0.3700796       0.7297966    
   26:p:year2012            -0.1428156       0.0771635      -0.2940561       0.0084249    


      Real Function Parameters of { Phi(~time + origin * ss + year)p(~time + year) }

      Following estimates based on unstandardized individual covariate values:
          Variable                 Value        
          ----------------------  ------------- 
          SS                       0.3696858E-09
                                                               95% Confidence Interval
     Parameter                Estimate       Standard Error     Lower           Upper
 --------------------------  --------------  --------------  --------------  --------------
     1:Phi ghatchery2010 c1   1.0000000       0.0000000       1.0000000       1.0000000       
     2:Phi ghatchery2010 c1   0.9950549       0.7030798E-03   0.9934671       0.9962583       
     3:Phi ghatchery2010 c1   0.9978327       0.4266055E-03   0.9968129       0.9985267       
     4:Phi ghatchery2010 c1   0.9970275       0.5226461E-03   0.9958053       0.9978943       
     5:Phi ghatchery2010 c1   0.9988791       0.3621379E-03   0.9978892       0.9994051       
     6:Phi ghatchery2010 c1   0.9984525       0.5481094E-03   0.9969032       0.9992273       
     7:Phi ghatchery2010 c1   0.9906041       0.0011488       0.9880631       0.9926082       
     8:Phi ghatchery2010 c1   0.9883840       0.0017772       0.9843311       0.9913978       
     9:Phi ghatchery2010 c1   0.9889086       0.0010670       0.9866098       0.9908163       
    10:Phi ghatchery2010 c1   0.9870770       0.0011512       0.9846150       0.9891493       
    11:Phi gwild2010 c1 a0    1.0000000       0.0000000       1.0000000       1.0000000       
    12:Phi gwild2010 c1 a1.   0.9936063       0.8767751E-03   0.9916369       0.9951143       
    13:Phi gwild2010 c1 a8.   0.9971955       0.5421175E-03   0.9959046       0.9980803       
    14:Phi gwild2010 c1 a17   0.9961545       0.6613179E-03   0.9946144       0.9972554       
    15:Phi gwild2010 c1 a24   0.9985491       0.4657865E-03   0.9972789       0.9992269       
    16:Phi gwild2010 c1 a30   0.9979972       0.7055372E-03   0.9960076       0.9989963       
    17:Phi gwild2010 c1 a34   0.9878675       0.0014214       0.9847411       0.9903596       
    18:Phi gwild2010 c1 a40   0.9850106       0.0022253       0.9799623       0.9888016       
    19:Phi gwild2010 c1 a44   0.9856853       0.0012790       0.9829495       0.9879875       
    20:Phi gwild2010 c1 a60   0.9833304       0.0013714       0.9804183       0.9858157       
    21:Phi ghatchery2011 c1   1.0000000       0.0000000       1.0000000       1.0000000       
    22:Phi ghatchery2011 c1   0.9959315       0.5624333E-03   0.9946662       0.9968975       
    23:Phi ghatchery2011 c1   0.9982177       0.3458111E-03   0.9973934       0.9987817       
    24:Phi ghatchery2011 c1   0.9975552       0.4223139E-03   0.9965707       0.9982576       
    25:Phi ghatchery2011 c1   0.9990784       0.2962243E-03   0.9982700       0.9995092       
    26:Phi ghatchery2011 c1   0.9987276       0.4489206E-03   0.9974603       0.9993629       
    27:Phi ghatchery2011 c1   0.9922634       0.9131096E-03   0.9902520       0.9938624       
    28:Phi ghatchery2011 c1   0.9904316       0.0014295       0.9871822       0.9928633       
    29:Phi ghatchery2011 c1   0.9908646       0.8136304E-03   0.9891238       0.9923289       
    30:Phi ghatchery2011 c1   0.9893525       0.8647703E-03   0.9875170       0.9909206       
    31:Phi gwild2011 c1 a0    1.0000000       0.0000000       1.0000000       1.0000000       
    32:Phi gwild2011 c1 a1.   0.9947383       0.7929197E-03   0.9929321       0.9960847       

  Program  MARK  - Survival Rate Estimation with Capture-Recapture Data
   gfortran(dble/PIM2) Vers. 10.1 March 2023   4-May-2023 16:07:04    Page  012
 - - - - - - - - - - - - - - - - - - - - - - - - - - - - - - - - - - - - - -
 
    33:Phi gwild2011 c1 a8.   0.9976935       0.4687694E-03   0.9965655       0.9984516       
    34:Phi gwild2011 c1 a17   0.9968367       0.5792143E-03   0.9954721       0.9977910       
    35:Phi gwild2011 c1 a24   0.9988070       0.3903257E-03   0.9977353       0.9993719       
    36:Phi gwild2011 c1 a30   0.9983531       0.5896251E-03   0.9966796       0.9991838       
    37:Phi gwild2011 c1 a34   0.9900052       0.0013286       0.9870353       0.9923001       
    38:Phi gwild2011 c1 a40   0.9876455       0.0019886       0.9830746       0.9909932       
    39:Phi gwild2011 c1 a44   0.9882029       0.0012708       0.9854337       0.9904508       
    40:Phi gwild2011 c1 a60   0.9862565       0.0013985       0.9832278       0.9887445       
    41:Phi ghatchery2012 c1   1.0000000       0.0000000       1.0000000       1.0000000       
    42:Phi ghatchery2012 c1   0.9975027       0.3618896E-03   0.9966828       0.9981203       
    43:Phi ghatchery2012 c1   0.9989070       0.2172123E-03   0.9983866       0.9992597       
    44:Phi ghatchery2012 c1   0.9985003       0.2669095E-03   0.9978746       0.9989421       
    45:Phi ghatchery2012 c1   0.9994350       0.1832144E-03   0.9989334       0.9997008       
    46:Phi ghatchery2012 c1   0.9992198       0.2773105E-03   0.9984345       0.9996114       
    47:Phi ghatchery2012 c1   0.9952445       0.5972975E-03   0.9939180       0.9962827       
    48:Phi ghatchery2012 c1   0.9941143       0.9171660E-03   0.9920144       0.9956645       
    49:Phi ghatchery2012 c1   0.9943816       0.5524923E-03   0.9931880       0.9953669       
    50:Phi ghatchery2012 c1   0.9934478       0.5866666E-03   0.9921917       0.9945029       
    51:Phi gwild2012 c1 a0    1.0000000       0.0000000       1.0000000       1.0000000       
    52:Phi gwild2012 c1 a1.   0.9967688       0.4966860E-03   0.9956335       0.9976097       
    53:Phi gwild2012 c1 a8.   0.9985852       0.2905296E-03   0.9978844       0.9990541       
    54:Phi gwild2012 c1 a17   0.9980590       0.3599227E-03   0.9972087       0.9986507       
    55:Phi gwild2012 c1 a24   0.9992686       0.2402790E-03   0.9986077       0.9996159       
    56:Phi gwild2012 c1 a30   0.9989901       0.3628501E-03   0.9979584       0.9995007       
    57:Phi gwild2012 c1 a34   0.9938510       0.8379493E-03   0.9919703       0.9952933       
    58:Phi gwild2012 c1 a40   0.9923922       0.0012491       0.9895089       0.9944875       
    59:Phi gwild2012 c1 a44   0.9927371       0.8086218E-03   0.9909677       0.9941620       
    60:Phi gwild2012 c1 a60   0.9915323       0.8815149E-03   0.9896177       0.9930964       
    61:p ghatchery2010 c1 a   0.9615626       0.0046519       0.9513317       0.9697113       
    62:p ghatchery2010 c1 a   0.9533216       0.0052870       0.9417942       0.9626566       
    63:p ghatchery2010 c1 a   0.9135228       0.0075071       0.8976307       0.9271479       
    64:p ghatchery2010 c1 a   0.9237933       0.0070090       0.9088688       0.9364446       
    65:p ghatchery2010 c1 a   0.9081031       0.0078177       0.8915894       0.9223205       
    66:p ghatchery2010 c1 a   0.9747281       0.0039256       0.9657796       0.9813817       
    67:p ghatchery2010 c1 a   0.9170379       0.0076702       0.9007120       0.9308852       
    68:p ghatchery2010 c1 a   0.9429660       0.0067717       0.9281487       0.9548761       
    69:p ghatchery2010 c1 a   0.9416357       0.0077001       0.9245824       0.9550205       
    70:p ghatchery2011 c1 a   0.9774556       0.0029261       0.9709484       0.9825315       
    71:p ghatchery2011 c1 a   0.9725247       0.0033652       0.9651007       0.9784048       
    72:p ghatchery2011 c1 a   0.9482093       0.0050821       0.9372935       0.9573115       
    73:p ghatchery2011 c1 a   0.9545652       0.0046727       0.9444756       0.9628934       
    74:p ghatchery2011 c1 a   0.9448322       0.0053156       0.9334386       0.9543709       
    75:p ghatchery2011 c1 a   0.9852609       0.0024057       0.9797214       0.9893037       
    76:p ghatchery2011 c1 a   0.9503911       0.0051176       0.9393437       0.9595131       
    77:p ghatchery2011 c1 a   0.9662786       0.0042590       0.9568570       0.9736993       
    78:p ghatchery2011 c1 a   0.9654722       0.0047728       0.9547924       0.9736984       

  Program  MARK  - Survival Rate Estimation with Capture-Recapture Data
   gfortran(dble/PIM2) Vers. 10.1 March 2023   4-May-2023 16:07:04    Page  013
 - - - - - - - - - - - - - - - - - - - - - - - - - - - - - - - - - - - - - -
 
    79:p ghatchery2012 c1 a   0.9559219       0.0051824       0.9445719       0.9650338       
    80:p ghatchery2012 c1 a   0.9465388       0.0058433       0.9338584       0.9569004       
    81:p ghatchery2012 c1 a   0.9015540       0.0080808       0.8845416       0.9162968       
    82:p ghatchery2012 c1 a   0.9131108       0.0076043       0.8970037       0.9269043       
    83:p ghatchery2012 c1 a   0.8954700       0.0083671       0.8778979       0.9107703       
    84:p ghatchery2012 c1 a   0.9709611       0.0044304       0.9608971       0.9784928       
    85:p ghatchery2012 c1 a   0.9055053       0.0083562       0.8878074       0.9206609       
    86:p ghatchery2012 c1 a   0.9347813       0.0073140       0.9188950       0.9477329       
    87:p ghatchery2012 c1 a   0.9332736       0.0082322       0.9152119       0.9477076       
    88:p ghatchery2010 c1 a   0.9900000       0.0000000       0.9900000       0.9900000      Fixed

 To compute parameter estimates, CPU Time was 0.016 seconds and System Time was 0.016 seconds.

 Attempted ordering of parameters by estimatibility:
   1 16 11 26 10 14  9 13 20 18 19 25 22 12  7 17 23  2 24  8  4 21 15  3  6
   5
 Beta number 5 is a singular value.

   For procedure estimate CPU Time was 2.438 seconds and System Time was 3.016 seconds       .


  INPUT --- proc stop;

     For this job, CPU Time in minutes was 0.041 and System Time in minutes was 0.051.

     Time Start = 16:07:01.939   Time End = 16:07:04.986

     Wall Clock Time in minutes for this job was 0.051.

     Maximum of 26 words used of 4096 words allocated.


          E X E C U T I O N   S U C C E S S F U L 
