
   Program  MARK  - Survival Rate Estimation with Capture-Recapture Data
   gfortran(dble/PIM2) Vers. 10.1 March 2023  17-Jun-2024 12:40:50    Page  001
    
 - - - - - - - - - - - - - - - - - - - - - - - - - - - - - - - - - - - - - -
 
   Welcome to MARK amolina6 on machine 6ZB4TV3 in subdirectory 
   "C:\Users\amolina6\OneDrive - University of Tennessee\Documents\projects\Hawkes" running file "mark067.inp".
   This version was compiled by GCC version 12.2.0 using the options: 
     -cpp -iprefix c:\tdm-gcc-64\mingw64\bin\../lib/gcc/x86_64-w64-mingw32/12.2.0/
     -D_MT -D_REENTRANT -U_REENTRANT -D ieee -D dbleprecision -m64 -mtune=generic
     -march=x86-64 -mthreads -O3 -std=f2018 -fsignaling-nans
     -ffpe-summary=invalid,zero,overflow,underflow -funroll-loops -ffast-math
     -fall-intrinsics -fopenmp.

   This problem will use 19 of 20 possible threads.
   Static thread allocation is used.
   Schedule kind is omp_sched_dynamic with chunk size 1


  INPUT --- proc title ;

   For procedure title CPU Time was 0.001 seconds and System Time was 0.001 seconds       .


  INPUT --- proc chmatrix occasions= 11 groups= 6 etype= Live Nodes= 
  INPUT --- 101 icovar = 1 ICMeans  NoHist hist= 200 ;

  INPUT ---    time interval 1.9 6.91 8.33 7.7 5.79 3.87 6.43 3.7 16 22.99 
  INPUT ---    ;

  INPUT ---     icovariates ss ;

  INPUT ---    glabel(1)=originhatchery.year2010;

  INPUT ---    glabel(2)=originwild.year2010;

  INPUT ---    glabel(3)=originhatchery.year2011;

  INPUT ---    glabel(4)=originwild.year2011;

  INPUT ---    glabel(5)=originhatchery.year2012;

  INPUT ---    glabel(6)=originwild.year2012;

      Number of unique encounter histories read was 200.

      Number of individual covariates read was 1.
      Time interval lengths vary and/or not equal to 1.

      Data type number is 1
      Data type is Live Recaptures (CJS)

   For procedure chmatrix CPU Time was 0.001 seconds and System Time was 0.001 seconds       .

  Program  MARK  - Survival Rate Estimation with Capture-Recapture Data
   gfortran(dble/PIM2) Vers. 10.1 March 2023  17-Jun-2024 12:40:50    Page  002
 - - - - - - - - - - - - - - - - - - - - - - - - - - - - - - - - - - - - - -
 


  INPUT --- proc estimate link=Logit NOLOOP varest=2ndPart    ;


  INPUT --- model={ Phi(~time * origin * ss * year)p(~time + year) };

  INPUT ---    fixed=1;
  INPUT ---        parm(88)=0.99 ;

  INPUT ---    group=1 Phi    rows=10 cols=10 Triang ;
  INPUT ---        1 2 3 4 5 6 7 8 9 10 ;
  INPUT ---        2 3 4 5 6 7 8 9 10 ;
  INPUT ---        3 4 5 6 7 8 9 10 ;
  INPUT ---        4 5 6 7 8 9 10 ;
  INPUT ---        5 6 7 8 9 10 ;
  INPUT ---        6 7 8 9 10 ;
  INPUT ---        7 8 9 10 ;
  INPUT ---        8 9 10 ;
  INPUT ---        9 10 ;
  INPUT ---        10 ;

  INPUT ---    group=2 Phi    rows=10 cols=10 Triang ;
  INPUT ---        11 12 13 14 15 16 17 18 19 20 ;
  INPUT ---        12 13 14 15 16 17 18 19 20 ;
  INPUT ---        13 14 15 16 17 18 19 20 ;
  INPUT ---        14 15 16 17 18 19 20 ;
  INPUT ---        15 16 17 18 19 20 ;
  INPUT ---        16 17 18 19 20 ;
  INPUT ---        17 18 19 20 ;
  INPUT ---        18 19 20 ;
  INPUT ---        19 20 ;
  INPUT ---        20 ;

  INPUT ---    group=3 Phi    rows=10 cols=10 Triang ;
  INPUT ---        21 22 23 24 25 26 27 28 29 30 ;
  INPUT ---        22 23 24 25 26 27 28 29 30 ;
  INPUT ---        23 24 25 26 27 28 29 30 ;
  INPUT ---        24 25 26 27 28 29 30 ;
  INPUT ---        25 26 27 28 29 30 ;
  INPUT ---        26 27 28 29 30 ;
  INPUT ---        27 28 29 30 ;
  INPUT ---        28 29 30 ;
  INPUT ---        29 30 ;
  INPUT ---        30 ;


  Program  MARK  - Survival Rate Estimation with Capture-Recapture Data
   gfortran(dble/PIM2) Vers. 10.1 March 2023  17-Jun-2024 12:40:50    Page  003
 - - - - - - - - - - - - - - - - - - - - - - - - - - - - - - - - - - - - - -
 
  INPUT ---    group=4 Phi    rows=10 cols=10 Triang ;
  INPUT ---        31 32 33 34 35 36 37 38 39 40 ;
  INPUT ---        32 33 34 35 36 37 38 39 40 ;
  INPUT ---        33 34 35 36 37 38 39 40 ;
  INPUT ---        34 35 36 37 38 39 40 ;
  INPUT ---        35 36 37 38 39 40 ;
  INPUT ---        36 37 38 39 40 ;
  INPUT ---        37 38 39 40 ;
  INPUT ---        38 39 40 ;
  INPUT ---        39 40 ;
  INPUT ---        40 ;

  INPUT ---    group=5 Phi    rows=10 cols=10 Triang ;
  INPUT ---        41 42 43 44 45 46 47 48 49 50 ;
  INPUT ---        42 43 44 45 46 47 48 49 50 ;
  INPUT ---        43 44 45 46 47 48 49 50 ;
  INPUT ---        44 45 46 47 48 49 50 ;
  INPUT ---        45 46 47 48 49 50 ;
  INPUT ---        46 47 48 49 50 ;
  INPUT ---        47 48 49 50 ;
  INPUT ---        48 49 50 ;
  INPUT ---        49 50 ;
  INPUT ---        50 ;

  INPUT ---    group=6 Phi    rows=10 cols=10 Triang ;
  INPUT ---        51 52 53 54 55 56 57 58 59 60 ;
  INPUT ---        52 53 54 55 56 57 58 59 60 ;
  INPUT ---        53 54 55 56 57 58 59 60 ;
  INPUT ---        54 55 56 57 58 59 60 ;
  INPUT ---        55 56 57 58 59 60 ;
  INPUT ---        56 57 58 59 60 ;
  INPUT ---        57 58 59 60 ;
  INPUT ---        58 59 60 ;
  INPUT ---        59 60 ;
  INPUT ---        60 ;

  INPUT ---    group=1 p    rows=10 cols=10 Triang ;
  INPUT ---        61 62 63 64 65 66 67 68 69 88 ;
  INPUT ---        62 63 64 65 66 67 68 69 88 ;
  INPUT ---        63 64 65 66 67 68 69 88 ;
  INPUT ---        64 65 66 67 68 69 88 ;
  INPUT ---        65 66 67 68 69 88 ;
  INPUT ---        66 67 68 69 88 ;
  INPUT ---        67 68 69 88 ;
  INPUT ---        68 69 88 ;
  INPUT ---        69 88 ;

  Program  MARK  - Survival Rate Estimation with Capture-Recapture Data
   gfortran(dble/PIM2) Vers. 10.1 March 2023  17-Jun-2024 12:40:51    Page  004
 - - - - - - - - - - - - - - - - - - - - - - - - - - - - - - - - - - - - - -
 
  INPUT ---        88 ;

  INPUT ---    group=2 p    rows=10 cols=10 Triang ;
  INPUT ---        61 62 63 64 65 66 67 68 69 88 ;
  INPUT ---        62 63 64 65 66 67 68 69 88 ;
  INPUT ---        63 64 65 66 67 68 69 88 ;
  INPUT ---        64 65 66 67 68 69 88 ;
  INPUT ---        65 66 67 68 69 88 ;
  INPUT ---        66 67 68 69 88 ;
  INPUT ---        67 68 69 88 ;
  INPUT ---        68 69 88 ;
  INPUT ---        69 88 ;
  INPUT ---        88 ;

  INPUT ---    group=3 p    rows=10 cols=10 Triang ;
  INPUT ---        70 71 72 73 74 75 76 77 78 88 ;
  INPUT ---        71 72 73 74 75 76 77 78 88 ;
  INPUT ---        72 73 74 75 76 77 78 88 ;
  INPUT ---        73 74 75 76 77 78 88 ;
  INPUT ---        74 75 76 77 78 88 ;
  INPUT ---        75 76 77 78 88 ;
  INPUT ---        76 77 78 88 ;
  INPUT ---        77 78 88 ;
  INPUT ---        78 88 ;
  INPUT ---        88 ;

  INPUT ---    group=4 p    rows=10 cols=10 Triang ;
  INPUT ---        70 71 72 73 74 75 76 77 78 88 ;
  INPUT ---        71 72 73 74 75 76 77 78 88 ;
  INPUT ---        72 73 74 75 76 77 78 88 ;
  INPUT ---        73 74 75 76 77 78 88 ;
  INPUT ---        74 75 76 77 78 88 ;
  INPUT ---        75 76 77 78 88 ;
  INPUT ---        76 77 78 88 ;
  INPUT ---        77 78 88 ;
  INPUT ---        78 88 ;
  INPUT ---        88 ;

  INPUT ---    group=5 p    rows=10 cols=10 Triang ;
  INPUT ---        79 80 81 82 83 84 85 86 87 88 ;
  INPUT ---        80 81 82 83 84 85 86 87 88 ;
  INPUT ---        81 82 83 84 85 86 87 88 ;
  INPUT ---        82 83 84 85 86 87 88 ;
  INPUT ---        83 84 85 86 87 88 ;
  INPUT ---        84 85 86 87 88 ;
  INPUT ---        85 86 87 88 ;

  Program  MARK  - Survival Rate Estimation with Capture-Recapture Data
   gfortran(dble/PIM2) Vers. 10.1 March 2023  17-Jun-2024 12:40:51    Page  005
 - - - - - - - - - - - - - - - - - - - - - - - - - - - - - - - - - - - - - -
 
  INPUT ---        86 87 88 ;
  INPUT ---        87 88 ;
  INPUT ---        88 ;

  INPUT ---    group=6 p    rows=10 cols=10 Triang ;
  INPUT ---        79 80 81 82 83 84 85 86 87 88 ;
  INPUT ---        80 81 82 83 84 85 86 87 88 ;
  INPUT ---        81 82 83 84 85 86 87 88 ;
  INPUT ---        82 83 84 85 86 87 88 ;
  INPUT ---        83 84 85 86 87 88 ;
  INPUT ---        84 85 86 87 88 ;
  INPUT ---        85 86 87 88 ;
  INPUT ---        86 87 88 ;
  INPUT ---        87 88 ;
  INPUT ---        88 ;

  INPUT ---    design matrix constraints=88 covariates=131;
  INPUT ---        1 0 0 0 0 0 0 0 0 0 0 ss 0 0 0 0 0 0 0 0 0 0 0 0 0 0 0 0 0 
  INPUT ---       0 0 0 0 0 0 0 0 0 0 0 0 0 0 0 0 0 0 0 0 0 0 0 0 0 0 0 0 0 0 
  INPUT ---       0 0 0 0 0 0 0 0 0 0 0 0 0 0 0 0 0 0 0 0 0 0 0 0 0 0 0 0 0 0 
  INPUT ---       0 0 0 0 0 0 0 0 0 0 0 0 0 0 0 0 0 0 0 0 0 0 0 0 0 0 0 0 0 0 
  INPUT ---       0 0 0 0 0 0 0 0 0 0 0 0;
  INPUT ---        1 1 0 0 0 0 0 0 0 0 0 ss 0 0 0 0 0 0 0 0 0 0 0 ss 0 0 0 0 
  INPUT ---       0 0 0 0 0 0 0 0 0 0 0 0 0 0 0 0 0 0 0 0 0 0 0 0 0 0 0 0 0 0 
  INPUT ---       0 0 0 0 0 0 0 0 0 0 0 0 0 0 0 0 0 0 0 0 0 0 0 0 0 0 0 0 0 0 
  INPUT ---       0 0 0 0 0 0 0 0 0 0 0 0 0 0 0 0 0 0 0 0 0 0 0 0 0 0 0 0 0 0 
  INPUT ---       0 0 0 0 0 0 0 0 0 0 0 0 0;
  INPUT ---        1 0 1 0 0 0 0 0 0 0 0 ss 0 0 0 0 0 0 0 0 0 0 0 0 ss 0 0 0 
  INPUT ---       0 0 0 0 0 0 0 0 0 0 0 0 0 0 0 0 0 0 0 0 0 0 0 0 0 0 0 0 0 0 
  INPUT ---       0 0 0 0 0 0 0 0 0 0 0 0 0 0 0 0 0 0 0 0 0 0 0 0 0 0 0 0 0 0 
  INPUT ---       0 0 0 0 0 0 0 0 0 0 0 0 0 0 0 0 0 0 0 0 0 0 0 0 0 0 0 0 0 0 
  INPUT ---       0 0 0 0 0 0 0 0 0 0 0 0 0;
  INPUT ---        1 0 0 1 0 0 0 0 0 0 0 ss 0 0 0 0 0 0 0 0 0 0 0 0 0 ss 0 0 
  INPUT ---       0 0 0 0 0 0 0 0 0 0 0 0 0 0 0 0 0 0 0 0 0 0 0 0 0 0 0 0 0 0 
  INPUT ---       0 0 0 0 0 0 0 0 0 0 0 0 0 0 0 0 0 0 0 0 0 0 0 0 0 0 0 0 0 0 
  INPUT ---       0 0 0 0 0 0 0 0 0 0 0 0 0 0 0 0 0 0 0 0 0 0 0 0 0 0 0 0 0 0 
  INPUT ---       0 0 0 0 0 0 0 0 0 0 0 0 0;
  INPUT ---        1 0 0 0 1 0 0 0 0 0 0 ss 0 0 0 0 0 0 0 0 0 0 0 0 0 0 ss 0 
  INPUT ---       0 0 0 0 0 0 0 0 0 0 0 0 0 0 0 0 0 0 0 0 0 0 0 0 0 0 0 0 0 0 
  INPUT ---       0 0 0 0 0 0 0 0 0 0 0 0 0 0 0 0 0 0 0 0 0 0 0 0 0 0 0 0 0 0 
  INPUT ---       0 0 0 0 0 0 0 0 0 0 0 0 0 0 0 0 0 0 0 0 0 0 0 0 0 0 0 0 0 0 
  INPUT ---       0 0 0 0 0 0 0 0 0 0 0 0 0;
  INPUT ---        1 0 0 0 0 1 0 0 0 0 0 ss 0 0 0 0 0 0 0 0 0 0 0 0 0 0 0 ss 
  INPUT ---       0 0 0 0 0 0 0 0 0 0 0 0 0 0 0 0 0 0 0 0 0 0 0 0 0 0 0 0 0 0 
  INPUT ---       0 0 0 0 0 0 0 0 0 0 0 0 0 0 0 0 0 0 0 0 0 0 0 0 0 0 0 0 0 0 
  INPUT ---       0 0 0 0 0 0 0 0 0 0 0 0 0 0 0 0 0 0 0 0 0 0 0 0 0 0 0 0 0 0 

  Program  MARK  - Survival Rate Estimation with Capture-Recapture Data
   gfortran(dble/PIM2) Vers. 10.1 March 2023  17-Jun-2024 12:40:51    Page  006
 - - - - - - - - - - - - - - - - - - - - - - - - - - - - - - - - - - - - - -
 
  INPUT ---       0 0 0 0 0 0 0 0 0 0 0 0 0;
  INPUT ---        1 0 0 0 0 0 1 0 0 0 0 ss 0 0 0 0 0 0 0 0 0 0 0 0 0 0 0 0 
  INPUT ---       ss 0 0 0 0 0 0 0 0 0 0 0 0 0 0 0 0 0 0 0 0 0 0 0 0 0 0 0 0 
  INPUT ---       0 0 0 0 0 0 0 0 0 0 0 0 0 0 0 0 0 0 0 0 0 0 0 0 0 0 0 0 0 0 
  INPUT ---       0 0 0 0 0 0 0 0 0 0 0 0 0 0 0 0 0 0 0 0 0 0 0 0 0 0 0 0 0 0 
  INPUT ---       0 0 0 0 0 0 0 0 0 0 0 0 0 0;
  INPUT ---        1 0 0 0 0 0 0 1 0 0 0 ss 0 0 0 0 0 0 0 0 0 0 0 0 0 0 0 0 0 
  INPUT ---       ss 0 0 0 0 0 0 0 0 0 0 0 0 0 0 0 0 0 0 0 0 0 0 0 0 0 0 0 0 
  INPUT ---       0 0 0 0 0 0 0 0 0 0 0 0 0 0 0 0 0 0 0 0 0 0 0 0 0 0 0 0 0 0 
  INPUT ---       0 0 0 0 0 0 0 0 0 0 0 0 0 0 0 0 0 0 0 0 0 0 0 0 0 0 0 0 0 0 
  INPUT ---       0 0 0 0 0 0 0 0 0 0 0 0 0;
  INPUT ---        1 0 0 0 0 0 0 0 1 0 0 ss 0 0 0 0 0 0 0 0 0 0 0 0 0 0 0 0 0 
  INPUT ---       0 ss 0 0 0 0 0 0 0 0 0 0 0 0 0 0 0 0 0 0 0 0 0 0 0 0 0 0 0 
  INPUT ---       0 0 0 0 0 0 0 0 0 0 0 0 0 0 0 0 0 0 0 0 0 0 0 0 0 0 0 0 0 0 
  INPUT ---       0 0 0 0 0 0 0 0 0 0 0 0 0 0 0 0 0 0 0 0 0 0 0 0 0 0 0 0 0 0 
  INPUT ---       0 0 0 0 0 0 0 0 0 0 0 0 0;
  INPUT ---        1 0 0 0 0 0 0 0 0 1 0 ss 0 0 0 0 0 0 0 0 0 0 0 0 0 0 0 0 0 
  INPUT ---       0 0 ss 0 0 0 0 0 0 0 0 0 0 0 0 0 0 0 0 0 0 0 0 0 0 0 0 0 0 
  INPUT ---       0 0 0 0 0 0 0 0 0 0 0 0 0 0 0 0 0 0 0 0 0 0 0 0 0 0 0 0 0 0 
  INPUT ---       0 0 0 0 0 0 0 0 0 0 0 0 0 0 0 0 0 0 0 0 0 0 0 0 0 0 0 0 0 0 
  INPUT ---       0 0 0 0 0 0 0 0 0 0 0 0 0;
  INPUT ---        1 0 0 0 0 0 0 0 0 0 1 ss 0 0 0 0 0 0 0 0 0 0 0 0 0 0 0 0 0 
  INPUT ---       0 0 0 ss 0 0 0 0 0 0 0 0 0 0 0 0 0 0 0 0 0 0 0 0 0 0 0 0 0 
  INPUT ---       0 0 0 0 0 0 0 0 0 0 0 0 0 0 0 0 0 0 0 0 0 0 0 0 0 0 0 0 0 0 
  INPUT ---       0 0 0 0 0 0 0 0 0 0 0 0 0 0 0 0 0 0 0 0 0 0 0 0 0 0 0 0 0 0 
  INPUT ---       0 0 0 0 0 0 0 0 0 0 0 0 0;
  INPUT ---        1 1 0 0 0 0 0 0 0 0 1 ss 0 0 1 0 0 0 0 0 0 0 0 ss 0 0 0 0 
  INPUT ---       0 0 0 0 ss 0 0 0 0 0 0 0 0 0 0 0 0 0 0 0 0 0 0 0 0 0 0 ss 0 
  INPUT ---       0 0 0 0 0 0 0 0 0 0 0 0 0 0 0 0 0 0 0 0 0 0 0 0 0 0 0 0 0 0 
  INPUT ---       0 0 0 0 0 0 0 0 0 0 0 0 0 0 0 0 0 0 0 0 0 0 0 0 0 0 0 0 0 0 
  INPUT ---       0 0 0 0 0 0 0 0 0 0 0 0 0 0;
  INPUT ---        1 0 1 0 0 0 0 0 0 0 1 ss 0 0 0 1 0 0 0 0 0 0 0 0 ss 0 0 0 
  INPUT ---       0 0 0 0 ss 0 0 0 0 0 0 0 0 0 0 0 0 0 0 0 0 0 0 0 0 0 0 0 ss 
  INPUT ---       0 0 0 0 0 0 0 0 0 0 0 0 0 0 0 0 0 0 0 0 0 0 0 0 0 0 0 0 0 0 
  INPUT ---       0 0 0 0 0 0 0 0 0 0 0 0 0 0 0 0 0 0 0 0 0 0 0 0 0 0 0 0 0 0 
  INPUT ---       0 0 0 0 0 0 0 0 0 0 0 0 0 0;
  INPUT ---        1 0 0 1 0 0 0 0 0 0 1 ss 0 0 0 0 1 0 0 0 0 0 0 0 0 ss 0 0 
  INPUT ---       0 0 0 0 ss 0 0 0 0 0 0 0 0 0 0 0 0 0 0 0 0 0 0 0 0 0 0 0 0 
  INPUT ---       ss 0 0 0 0 0 0 0 0 0 0 0 0 0 0 0 0 0 0 0 0 0 0 0 0 0 0 0 0 
  INPUT ---       0 0 0 0 0 0 0 0 0 0 0 0 0 0 0 0 0 0 0 0 0 0 0 0 0 0 0 0 0 0 
  INPUT ---       0 0 0 0 0 0 0 0 0 0 0 0 0 0 0;
  INPUT ---        1 0 0 0 1 0 0 0 0 0 1 ss 0 0 0 0 0 1 0 0 0 0 0 0 0 0 ss 0 
  INPUT ---       0 0 0 0 ss 0 0 0 0 0 0 0 0 0 0 0 0 0 0 0 0 0 0 0 0 0 0 0 0 
  INPUT ---       0 ss 0 0 0 0 0 0 0 0 0 0 0 0 0 0 0 0 0 0 0 0 0 0 0 0 0 0 0 
  INPUT ---       0 0 0 0 0 0 0 0 0 0 0 0 0 0 0 0 0 0 0 0 0 0 0 0 0 0 0 0 0 0 
  INPUT ---       0 0 0 0 0 0 0 0 0 0 0 0 0 0 0;

  Program  MARK  - Survival Rate Estimation with Capture-Recapture Data
   gfortran(dble/PIM2) Vers. 10.1 March 2023  17-Jun-2024 12:40:51    Page  007
 - - - - - - - - - - - - - - - - - - - - - - - - - - - - - - - - - - - - - -
 
  INPUT ---        1 0 0 0 0 1 0 0 0 0 1 ss 0 0 0 0 0 0 1 0 0 0 0 0 0 0 0 ss 
  INPUT ---       0 0 0 0 ss 0 0 0 0 0 0 0 0 0 0 0 0 0 0 0 0 0 0 0 0 0 0 0 0 
  INPUT ---       0 0 ss 0 0 0 0 0 0 0 0 0 0 0 0 0 0 0 0 0 0 0 0 0 0 0 0 0 0 
  INPUT ---       0 0 0 0 0 0 0 0 0 0 0 0 0 0 0 0 0 0 0 0 0 0 0 0 0 0 0 0 0 0 
  INPUT ---       0 0 0 0 0 0 0 0 0 0 0 0 0 0 0;
  INPUT ---        1 0 0 0 0 0 1 0 0 0 1 ss 0 0 0 0 0 0 0 1 0 0 0 0 0 0 0 0 
  INPUT ---       ss 0 0 0 ss 0 0 0 0 0 0 0 0 0 0 0 0 0 0 0 0 0 0 0 0 0 0 0 0 
  INPUT ---       0 0 0 ss 0 0 0 0 0 0 0 0 0 0 0 0 0 0 0 0 0 0 0 0 0 0 0 0 0 
  INPUT ---       0 0 0 0 0 0 0 0 0 0 0 0 0 0 0 0 0 0 0 0 0 0 0 0 0 0 0 0 0 0 
  INPUT ---       0 0 0 0 0 0 0 0 0 0 0 0 0 0 0;
  INPUT ---        1 0 0 0 0 0 0 1 0 0 1 ss 0 0 0 0 0 0 0 0 1 0 0 0 0 0 0 0 0 
  INPUT ---       ss 0 0 ss 0 0 0 0 0 0 0 0 0 0 0 0 0 0 0 0 0 0 0 0 0 0 0 0 0 
  INPUT ---       0 0 0 ss 0 0 0 0 0 0 0 0 0 0 0 0 0 0 0 0 0 0 0 0 0 0 0 0 0 
  INPUT ---       0 0 0 0 0 0 0 0 0 0 0 0 0 0 0 0 0 0 0 0 0 0 0 0 0 0 0 0 0 0 
  INPUT ---       0 0 0 0 0 0 0 0 0 0 0 0 0 0;
  INPUT ---        1 0 0 0 0 0 0 0 1 0 1 ss 0 0 0 0 0 0 0 0 0 1 0 0 0 0 0 0 0 
  INPUT ---       0 ss 0 ss 0 0 0 0 0 0 0 0 0 0 0 0 0 0 0 0 0 0 0 0 0 0 0 0 0 
  INPUT ---       0 0 0 0 ss 0 0 0 0 0 0 0 0 0 0 0 0 0 0 0 0 0 0 0 0 0 0 0 0 
  INPUT ---       0 0 0 0 0 0 0 0 0 0 0 0 0 0 0 0 0 0 0 0 0 0 0 0 0 0 0 0 0 0 
  INPUT ---       0 0 0 0 0 0 0 0 0 0 0 0 0 0;
  INPUT ---        1 0 0 0 0 0 0 0 0 1 1 ss 0 0 0 0 0 0 0 0 0 0 1 0 0 0 0 0 0 
  INPUT ---       0 0 ss ss 0 0 0 0 0 0 0 0 0 0 0 0 0 0 0 0 0 0 0 0 0 0 0 0 0 
  INPUT ---       0 0 0 0 0 ss 0 0 0 0 0 0 0 0 0 0 0 0 0 0 0 0 0 0 0 0 0 0 0 
  INPUT ---       0 0 0 0 0 0 0 0 0 0 0 0 0 0 0 0 0 0 0 0 0 0 0 0 0 0 0 0 0 0 
  INPUT ---       0 0 0 0 0 0 0 0 0 0 0 0 0 0;
  INPUT ---        1 0 0 0 0 0 0 0 0 0 0 ss 1 0 0 0 0 0 0 0 0 0 0 0 0 0 0 0 0 
  INPUT ---       0 0 0 0 0 0 0 0 0 0 0 0 0 0 0 0 0 0 0 0 0 0 0 0 ss 0 0 0 0 
  INPUT ---       0 0 0 0 0 0 0 0 0 0 0 0 0 0 0 0 0 0 0 0 0 0 0 0 0 0 0 0 0 0 
  INPUT ---       0 0 0 0 0 0 0 0 0 0 0 0 0 0 0 0 0 0 0 0 0 0 0 0 0 0 0 0 0 0 
  INPUT ---       0 0 0 0 0 0 0 0 0 0 0 0 0;
  INPUT ---        1 1 0 0 0 0 0 0 0 0 0 ss 1 0 0 0 0 0 0 0 0 0 0 ss 0 0 0 0 
  INPUT ---       0 0 0 0 0 1 0 0 0 0 0 0 0 0 0 0 0 0 0 0 0 0 0 0 0 ss 0 0 0 
  INPUT ---       0 0 0 0 0 0 0 0 0 0 0 0 0 0 0 0 0 0 0 0 0 0 0 0 0 ss 0 0 0 
  INPUT ---       0 0 0 0 0 0 0 0 0 0 0 0 0 0 0 0 0 0 0 0 0 0 0 0 0 0 0 0 0 0 
  INPUT ---       0 0 0 0 0 0 0 0 0 0 0 0 0 0 0;
  INPUT ---        1 0 1 0 0 0 0 0 0 0 0 ss 1 0 0 0 0 0 0 0 0 0 0 0 ss 0 0 0 
  INPUT ---       0 0 0 0 0 0 1 0 0 0 0 0 0 0 0 0 0 0 0 0 0 0 0 0 0 ss 0 0 0 
  INPUT ---       0 0 0 0 0 0 0 0 0 0 0 0 0 0 0 0 0 0 0 0 0 0 0 0 0 0 ss 0 0 
  INPUT ---       0 0 0 0 0 0 0 0 0 0 0 0 0 0 0 0 0 0 0 0 0 0 0 0 0 0 0 0 0 0 
  INPUT ---       0 0 0 0 0 0 0 0 0 0 0 0 0 0 0;
  INPUT ---        1 0 0 1 0 0 0 0 0 0 0 ss 1 0 0 0 0 0 0 0 0 0 0 0 0 ss 0 0 
  INPUT ---       0 0 0 0 0 0 0 1 0 0 0 0 0 0 0 0 0 0 0 0 0 0 0 0 0 ss 0 0 0 
  INPUT ---       0 0 0 0 0 0 0 0 0 0 0 0 0 0 0 0 0 0 0 0 0 0 0 0 0 0 0 ss 0 
  INPUT ---       0 0 0 0 0 0 0 0 0 0 0 0 0 0 0 0 0 0 0 0 0 0 0 0 0 0 0 0 0 0 
  INPUT ---       0 0 0 0 0 0 0 0 0 0 0 0 0 0 0;
  INPUT ---        1 0 0 0 1 0 0 0 0 0 0 ss 1 0 0 0 0 0 0 0 0 0 0 0 0 0 ss 0 

  Program  MARK  - Survival Rate Estimation with Capture-Recapture Data
   gfortran(dble/PIM2) Vers. 10.1 March 2023  17-Jun-2024 12:40:51    Page  008
 - - - - - - - - - - - - - - - - - - - - - - - - - - - - - - - - - - - - - -
 
  INPUT ---       0 0 0 0 0 0 0 0 1 0 0 0 0 0 0 0 0 0 0 0 0 0 0 0 0 ss 0 0 0 
  INPUT ---       0 0 0 0 0 0 0 0 0 0 0 0 0 0 0 0 0 0 0 0 0 0 0 0 0 0 0 0 ss 
  INPUT ---       0 0 0 0 0 0 0 0 0 0 0 0 0 0 0 0 0 0 0 0 0 0 0 0 0 0 0 0 0 0 
  INPUT ---       0 0 0 0 0 0 0 0 0 0 0 0 0 0 0;
  INPUT ---        1 0 0 0 0 1 0 0 0 0 0 ss 1 0 0 0 0 0 0 0 0 0 0 0 0 0 0 ss 
  INPUT ---       0 0 0 0 0 0 0 0 0 1 0 0 0 0 0 0 0 0 0 0 0 0 0 0 0 ss 0 0 0 
  INPUT ---       0 0 0 0 0 0 0 0 0 0 0 0 0 0 0 0 0 0 0 0 0 0 0 0 0 0 0 0 0 
  INPUT ---       ss 0 0 0 0 0 0 0 0 0 0 0 0 0 0 0 0 0 0 0 0 0 0 0 0 0 0 0 0 
  INPUT ---       0 0 0 0 0 0 0 0 0 0 0 0 0 0 0 0;
  INPUT ---        1 0 0 0 0 0 1 0 0 0 0 ss 1 0 0 0 0 0 0 0 0 0 0 0 0 0 0 0 
  INPUT ---       ss 0 0 0 0 0 0 0 0 0 1 0 0 0 0 0 0 0 0 0 0 0 0 0 0 ss 0 0 0 
  INPUT ---       0 0 0 0 0 0 0 0 0 0 0 0 0 0 0 0 0 0 0 0 0 0 0 0 0 0 0 0 0 0 
  INPUT ---       ss 0 0 0 0 0 0 0 0 0 0 0 0 0 0 0 0 0 0 0 0 0 0 0 0 0 0 0 0 
  INPUT ---       0 0 0 0 0 0 0 0 0 0 0 0 0 0 0;
  INPUT ---        1 0 0 0 0 0 0 1 0 0 0 ss 1 0 0 0 0 0 0 0 0 0 0 0 0 0 0 0 0 
  INPUT ---       ss 0 0 0 0 0 0 0 0 0 1 0 0 0 0 0 0 0 0 0 0 0 0 0 ss 0 0 0 0 
  INPUT ---       0 0 0 0 0 0 0 0 0 0 0 0 0 0 0 0 0 0 0 0 0 0 0 0 0 0 0 0 0 0 
  INPUT ---       ss 0 0 0 0 0 0 0 0 0 0 0 0 0 0 0 0 0 0 0 0 0 0 0 0 0 0 0 0 
  INPUT ---       0 0 0 0 0 0 0 0 0 0 0 0 0 0;
  INPUT ---        1 0 0 0 0 0 0 0 1 0 0 ss 1 0 0 0 0 0 0 0 0 0 0 0 0 0 0 0 0 
  INPUT ---       0 ss 0 0 0 0 0 0 0 0 0 1 0 0 0 0 0 0 0 0 0 0 0 0 ss 0 0 0 0 
  INPUT ---       0 0 0 0 0 0 0 0 0 0 0 0 0 0 0 0 0 0 0 0 0 0 0 0 0 0 0 0 0 0 
  INPUT ---       0 ss 0 0 0 0 0 0 0 0 0 0 0 0 0 0 0 0 0 0 0 0 0 0 0 0 0 0 0 
  INPUT ---       0 0 0 0 0 0 0 0 0 0 0 0 0 0;
  INPUT ---        1 0 0 0 0 0 0 0 0 1 0 ss 1 0 0 0 0 0 0 0 0 0 0 0 0 0 0 0 0 
  INPUT ---       0 0 ss 0 0 0 0 0 0 0 0 0 1 0 0 0 0 0 0 0 0 0 0 0 ss 0 0 0 0 
  INPUT ---       0 0 0 0 0 0 0 0 0 0 0 0 0 0 0 0 0 0 0 0 0 0 0 0 0 0 0 0 0 0 
  INPUT ---       0 0 ss 0 0 0 0 0 0 0 0 0 0 0 0 0 0 0 0 0 0 0 0 0 0 0 0 0 0 
  INPUT ---       0 0 0 0 0 0 0 0 0 0 0 0 0 0;
  INPUT ---        1 0 0 0 0 0 0 0 0 0 1 ss 1 0 0 0 0 0 0 0 0 0 0 0 0 0 0 0 0 
  INPUT ---       0 0 0 ss 0 0 0 0 0 0 0 0 0 0 0 0 0 0 0 0 0 0 1 0 ss 0 0 0 0 
  INPUT ---       0 0 0 0 0 0 0 0 0 0 0 0 0 0 0 0 0 0 0 0 0 0 0 0 0 0 0 0 0 0 
  INPUT ---       0 0 0 0 0 0 0 0 0 0 0 0 ss 0 0 0 0 0 0 0 0 0 0 0 0 0 0 0 0 
  INPUT ---       0 0 0 0 0 0 0 0 0 0 0 0 0 0;
  INPUT ---        1 1 0 0 0 0 0 0 0 0 1 ss 1 0 1 0 0 0 0 0 0 0 0 ss 0 0 0 0 
  INPUT ---       0 0 0 0 ss 1 0 0 0 0 0 0 0 0 0 0 0 0 0 0 0 0 0 1 0 ss 0 ss 
  INPUT ---       0 0 0 0 0 0 0 0 1 0 0 0 0 0 0 0 0 0 0 0 0 0 0 0 0 0 ss 0 0 
  INPUT ---       0 0 0 0 0 0 0 0 0 0 0 0 0 0 0 ss 0 ss 0 0 0 0 0 0 0 0 0 0 0 
  INPUT ---       0 0 0 0 0 0 0 0 0 0 0 0 0 0 0 0 0;
  INPUT ---        1 0 1 0 0 0 0 0 0 0 1 ss 1 0 0 1 0 0 0 0 0 0 0 0 ss 0 0 0 
  INPUT ---       0 0 0 0 ss 0 1 0 0 0 0 0 0 0 0 0 0 0 0 0 0 0 0 1 0 ss 0 0 
  INPUT ---       ss 0 0 0 0 0 0 0 0 1 0 0 0 0 0 0 0 0 0 0 0 0 0 0 0 0 0 ss 0 
  INPUT ---       0 0 0 0 0 0 0 0 0 0 0 0 0 0 0 ss 0 0 ss 0 0 0 0 0 0 0 0 0 0 
  INPUT ---       0 0 0 0 0 0 0 0 0 0 0 0 0 0 0 0 0;
  INPUT ---        1 0 0 1 0 0 0 0 0 0 1 ss 1 0 0 0 1 0 0 0 0 0 0 0 0 ss 0 0 
  INPUT ---       0 0 0 0 ss 0 0 1 0 0 0 0 0 0 0 0 0 0 0 0 0 0 0 1 0 ss 0 0 0 

  Program  MARK  - Survival Rate Estimation with Capture-Recapture Data
   gfortran(dble/PIM2) Vers. 10.1 March 2023  17-Jun-2024 12:40:51    Page  009
 - - - - - - - - - - - - - - - - - - - - - - - - - - - - - - - - - - - - - -
 
  INPUT ---       ss 0 0 0 0 0 0 0 0 1 0 0 0 0 0 0 0 0 0 0 0 0 0 0 0 0 0 ss 0 
  INPUT ---       0 0 0 0 0 0 0 0 0 0 0 0 0 0 ss 0 0 0 ss 0 0 0 0 0 0 0 0 0 0 
  INPUT ---       0 0 0 0 0 0 0 0 0 0 0 0 0 0 0 0;
  INPUT ---        1 0 0 0 1 0 0 0 0 0 1 ss 1 0 0 0 0 1 0 0 0 0 0 0 0 0 ss 0 
  INPUT ---       0 0 0 0 ss 0 0 0 1 0 0 0 0 0 0 0 0 0 0 0 0 0 0 1 0 ss 0 0 0 
  INPUT ---       0 ss 0 0 0 0 0 0 0 0 1 0 0 0 0 0 0 0 0 0 0 0 0 0 0 0 0 0 ss 
  INPUT ---       0 0 0 0 0 0 0 0 0 0 0 0 0 0 ss 0 0 0 0 ss 0 0 0 0 0 0 0 0 0 
  INPUT ---       0 0 0 0 0 0 0 0 0 0 0 0 0 0 0 0;
  INPUT ---        1 0 0 0 0 1 0 0 0 0 1 ss 1 0 0 0 0 0 1 0 0 0 0 0 0 0 0 ss 
  INPUT ---       0 0 0 0 ss 0 0 0 0 1 0 0 0 0 0 0 0 0 0 0 0 0 0 1 0 ss 0 0 0 
  INPUT ---       0 0 ss 0 0 0 0 0 0 0 0 1 0 0 0 0 0 0 0 0 0 0 0 0 0 0 0 0 0 
  INPUT ---       ss 0 0 0 0 0 0 0 0 0 0 0 0 0 ss 0 0 0 0 0 ss 0 0 0 0 0 0 0 
  INPUT ---       0 0 0 0 0 0 0 0 0 0 0 0 0 0 0 0 0;
  INPUT ---        1 0 0 0 0 0 1 0 0 0 1 ss 1 0 0 0 0 0 0 1 0 0 0 0 0 0 0 0 
  INPUT ---       ss 0 0 0 ss 0 0 0 0 0 1 0 0 0 0 0 0 0 0 0 0 0 0 1 0 ss 0 0 
  INPUT ---       0 0 0 0 ss 0 0 0 0 0 0 0 0 1 0 0 0 0 0 0 0 0 0 0 0 0 0 0 0 
  INPUT ---       0 0 ss 0 0 0 0 0 0 0 0 0 0 0 0 ss 0 0 0 0 0 0 ss 0 0 0 0 0 
  INPUT ---       0 0 0 0 0 0 0 0 0 0 0 0 0 0 0 0 0 0;
  INPUT ---        1 0 0 0 0 0 0 1 0 0 1 ss 1 0 0 0 0 0 0 0 1 0 0 0 0 0 0 0 0 
  INPUT ---       ss 0 0 ss 0 0 0 0 0 0 1 0 0 0 0 0 0 0 0 0 0 0 1 0 ss 0 0 0 
  INPUT ---       0 0 0 0 ss 0 0 0 0 0 0 0 0 1 0 0 0 0 0 0 0 0 0 0 0 0 0 0 0 
  INPUT ---       0 0 ss 0 0 0 0 0 0 0 0 0 0 0 ss 0 0 0 0 0 0 0 ss 0 0 0 0 0 
  INPUT ---       0 0 0 0 0 0 0 0 0 0 0 0 0 0 0 0 0;
  INPUT ---        1 0 0 0 0 0 0 0 1 0 1 ss 1 0 0 0 0 0 0 0 0 1 0 0 0 0 0 0 0 
  INPUT ---       0 ss 0 ss 0 0 0 0 0 0 0 1 0 0 0 0 0 0 0 0 0 0 1 0 ss 0 0 0 
  INPUT ---       0 0 0 0 0 ss 0 0 0 0 0 0 0 0 1 0 0 0 0 0 0 0 0 0 0 0 0 0 0 
  INPUT ---       0 0 0 ss 0 0 0 0 0 0 0 0 0 0 ss 0 0 0 0 0 0 0 0 ss 0 0 0 0 
  INPUT ---       0 0 0 0 0 0 0 0 0 0 0 0 0 0 0 0 0;
  INPUT ---        1 0 0 0 0 0 0 0 0 1 1 ss 1 0 0 0 0 0 0 0 0 0 1 0 0 0 0 0 0 
  INPUT ---       0 0 ss ss 0 0 0 0 0 0 0 0 1 0 0 0 0 0 0 0 0 0 1 0 ss 0 0 0 
  INPUT ---       0 0 0 0 0 0 ss 0 0 0 0 0 0 0 0 1 0 0 0 0 0 0 0 0 0 0 0 0 0 
  INPUT ---       0 0 0 0 ss 0 0 0 0 0 0 0 0 0 ss 0 0 0 0 0 0 0 0 0 ss 0 0 0 
  INPUT ---       0 0 0 0 0 0 0 0 0 0 0 0 0 0 0 0 0;
  INPUT ---        1 0 0 0 0 0 0 0 0 0 0 ss 0 1 0 0 0 0 0 0 0 0 0 0 0 0 0 0 0 
  INPUT ---       0 0 0 0 0 0 0 0 0 0 0 0 0 0 0 0 0 0 0 0 0 0 0 0 0 ss 0 0 0 
  INPUT ---       0 0 0 0 0 0 0 0 0 0 0 0 0 0 0 0 0 0 0 0 0 0 0 0 0 0 0 0 0 0 
  INPUT ---       0 0 0 0 0 0 0 0 0 0 0 0 0 0 0 0 0 0 0 0 0 0 0 0 0 0 0 0 0 0 
  INPUT ---       0 0 0 0 0 0 0 0 0 0 0 0 0;
  INPUT ---        1 1 0 0 0 0 0 0 0 0 0 ss 0 1 0 0 0 0 0 0 0 0 0 ss 0 0 0 0 
  INPUT ---       0 0 0 0 0 0 0 0 0 0 0 0 0 0 1 0 0 0 0 0 0 0 0 0 0 0 ss 0 0 
  INPUT ---       0 0 0 0 0 0 0 0 0 0 0 0 0 0 0 0 0 0 0 0 0 0 0 0 0 0 0 0 0 0 
  INPUT ---       0 0 0 0 ss 0 0 0 0 0 0 0 0 0 0 0 0 0 0 0 0 0 0 0 0 0 0 0 0 
  INPUT ---       0 0 0 0 0 0 0 0 0 0 0 0 0 0 0;
  INPUT ---        1 0 1 0 0 0 0 0 0 0 0 ss 0 1 0 0 0 0 0 0 0 0 0 0 ss 0 0 0 
  INPUT ---       0 0 0 0 0 0 0 0 0 0 0 0 0 0 0 1 0 0 0 0 0 0 0 0 0 0 ss 0 0 
  INPUT ---       0 0 0 0 0 0 0 0 0 0 0 0 0 0 0 0 0 0 0 0 0 0 0 0 0 0 0 0 0 0 

  Program  MARK  - Survival Rate Estimation with Capture-Recapture Data
   gfortran(dble/PIM2) Vers. 10.1 March 2023  17-Jun-2024 12:40:51    Page  010
 - - - - - - - - - - - - - - - - - - - - - - - - - - - - - - - - - - - - - -
 
  INPUT ---       0 0 0 0 0 ss 0 0 0 0 0 0 0 0 0 0 0 0 0 0 0 0 0 0 0 0 0 0 0 
  INPUT ---       0 0 0 0 0 0 0 0 0 0 0 0 0 0 0;
  INPUT ---        1 0 0 1 0 0 0 0 0 0 0 ss 0 1 0 0 0 0 0 0 0 0 0 0 0 ss 0 0 
  INPUT ---       0 0 0 0 0 0 0 0 0 0 0 0 0 0 0 0 1 0 0 0 0 0 0 0 0 0 ss 0 0 
  INPUT ---       0 0 0 0 0 0 0 0 0 0 0 0 0 0 0 0 0 0 0 0 0 0 0 0 0 0 0 0 0 0 
  INPUT ---       0 0 0 0 0 0 ss 0 0 0 0 0 0 0 0 0 0 0 0 0 0 0 0 0 0 0 0 0 0 
  INPUT ---       0 0 0 0 0 0 0 0 0 0 0 0 0 0 0;
  INPUT ---        1 0 0 0 1 0 0 0 0 0 0 ss 0 1 0 0 0 0 0 0 0 0 0 0 0 0 ss 0 
  INPUT ---       0 0 0 0 0 0 0 0 0 0 0 0 0 0 0 0 0 1 0 0 0 0 0 0 0 0 ss 0 0 
  INPUT ---       0 0 0 0 0 0 0 0 0 0 0 0 0 0 0 0 0 0 0 0 0 0 0 0 0 0 0 0 0 0 
  INPUT ---       0 0 0 0 0 0 0 ss 0 0 0 0 0 0 0 0 0 0 0 0 0 0 0 0 0 0 0 0 0 
  INPUT ---       0 0 0 0 0 0 0 0 0 0 0 0 0 0 0;
  INPUT ---        1 0 0 0 0 1 0 0 0 0 0 ss 0 1 0 0 0 0 0 0 0 0 0 0 0 0 0 ss 
  INPUT ---       0 0 0 0 0 0 0 0 0 0 0 0 0 0 0 0 0 0 1 0 0 0 0 0 0 0 ss 0 0 
  INPUT ---       0 0 0 0 0 0 0 0 0 0 0 0 0 0 0 0 0 0 0 0 0 0 0 0 0 0 0 0 0 0 
  INPUT ---       0 0 0 0 0 0 0 0 ss 0 0 0 0 0 0 0 0 0 0 0 0 0 0 0 0 0 0 0 0 
  INPUT ---       0 0 0 0 0 0 0 0 0 0 0 0 0 0 0;
  INPUT ---        1 0 0 0 0 0 1 0 0 0 0 ss 0 1 0 0 0 0 0 0 0 0 0 0 0 0 0 0 
  INPUT ---       ss 0 0 0 0 0 0 0 0 0 0 0 0 0 0 0 0 0 0 1 0 0 0 0 0 0 ss 0 0 
  INPUT ---       0 0 0 0 0 0 0 0 0 0 0 0 0 0 0 0 0 0 0 0 0 0 0 0 0 0 0 0 0 0 
  INPUT ---       0 0 0 0 0 0 0 0 0 ss 0 0 0 0 0 0 0 0 0 0 0 0 0 0 0 0 0 0 0 
  INPUT ---       0 0 0 0 0 0 0 0 0 0 0 0 0 0 0;
  INPUT ---        1 0 0 0 0 0 0 1 0 0 0 ss 0 1 0 0 0 0 0 0 0 0 0 0 0 0 0 0 0 
  INPUT ---       ss 0 0 0 0 0 0 0 0 0 0 0 0 0 0 0 0 0 0 1 0 0 0 0 0 ss 0 0 0 
  INPUT ---       0 0 0 0 0 0 0 0 0 0 0 0 0 0 0 0 0 0 0 0 0 0 0 0 0 0 0 0 0 0 
  INPUT ---       0 0 0 0 0 0 0 0 0 ss 0 0 0 0 0 0 0 0 0 0 0 0 0 0 0 0 0 0 0 
  INPUT ---       0 0 0 0 0 0 0 0 0 0 0 0 0 0;
  INPUT ---        1 0 0 0 0 0 0 0 1 0 0 ss 0 1 0 0 0 0 0 0 0 0 0 0 0 0 0 0 0 
  INPUT ---       0 ss 0 0 0 0 0 0 0 0 0 0 0 0 0 0 0 0 0 0 1 0 0 0 0 ss 0 0 0 
  INPUT ---       0 0 0 0 0 0 0 0 0 0 0 0 0 0 0 0 0 0 0 0 0 0 0 0 0 0 0 0 0 0 
  INPUT ---       0 0 0 0 0 0 0 0 0 0 ss 0 0 0 0 0 0 0 0 0 0 0 0 0 0 0 0 0 0 
  INPUT ---       0 0 0 0 0 0 0 0 0 0 0 0 0 0;
  INPUT ---        1 0 0 0 0 0 0 0 0 1 0 ss 0 1 0 0 0 0 0 0 0 0 0 0 0 0 0 0 0 
  INPUT ---       0 0 ss 0 0 0 0 0 0 0 0 0 0 0 0 0 0 0 0 0 0 1 0 0 0 ss 0 0 0 
  INPUT ---       0 0 0 0 0 0 0 0 0 0 0 0 0 0 0 0 0 0 0 0 0 0 0 0 0 0 0 0 0 0 
  INPUT ---       0 0 0 0 0 0 0 0 0 0 0 ss 0 0 0 0 0 0 0 0 0 0 0 0 0 0 0 0 0 
  INPUT ---       0 0 0 0 0 0 0 0 0 0 0 0 0 0;
  INPUT ---        1 0 0 0 0 0 0 0 0 0 1 ss 0 1 0 0 0 0 0 0 0 0 0 0 0 0 0 0 0 
  INPUT ---       0 0 0 ss 0 0 0 0 0 0 0 0 0 0 0 0 0 0 0 0 0 0 0 1 0 ss 0 0 0 
  INPUT ---       0 0 0 0 0 0 0 0 0 0 0 0 0 0 0 0 0 0 0 0 0 0 0 0 0 0 0 0 0 0 
  INPUT ---       0 0 0 0 0 0 0 0 0 0 0 0 0 ss 0 0 0 0 0 0 0 0 0 0 0 0 0 0 0 
  INPUT ---       0 0 0 0 0 0 0 0 0 0 0 0 0 0;
  INPUT ---        1 1 0 0 0 0 0 0 0 0 1 ss 0 1 1 0 0 0 0 0 0 0 0 ss 0 0 0 0 
  INPUT ---       0 0 0 0 ss 0 0 0 0 0 0 0 0 0 1 0 0 0 0 0 0 0 0 0 1 0 ss ss 
  INPUT ---       0 0 0 0 0 0 0 0 0 0 0 0 0 0 0 0 0 1 0 0 0 0 0 0 0 0 0 0 0 0 
  INPUT ---       0 0 0 0 0 ss 0 0 0 0 0 0 0 0 0 ss 0 0 0 0 0 0 0 0 0 ss 0 0 

  Program  MARK  - Survival Rate Estimation with Capture-Recapture Data
   gfortran(dble/PIM2) Vers. 10.1 March 2023  17-Jun-2024 12:40:51    Page  011
 - - - - - - - - - - - - - - - - - - - - - - - - - - - - - - - - - - - - - -
 
  INPUT ---       0 0 0 0 0 0 0 0 0 0 0 0 0 0 0 0 0;
  INPUT ---        1 0 1 0 0 0 0 0 0 0 1 ss 0 1 0 1 0 0 0 0 0 0 0 0 ss 0 0 0 
  INPUT ---       0 0 0 0 ss 0 0 0 0 0 0 0 0 0 0 1 0 0 0 0 0 0 0 0 1 0 ss 0 
  INPUT ---       ss 0 0 0 0 0 0 0 0 0 0 0 0 0 0 0 0 0 1 0 0 0 0 0 0 0 0 0 0 
  INPUT ---       0 0 0 0 0 0 0 ss 0 0 0 0 0 0 0 0 ss 0 0 0 0 0 0 0 0 0 0 ss 
  INPUT ---       0 0 0 0 0 0 0 0 0 0 0 0 0 0 0 0 0 0;
  INPUT ---        1 0 0 1 0 0 0 0 0 0 1 ss 0 1 0 0 1 0 0 0 0 0 0 0 0 ss 0 0 
  INPUT ---       0 0 0 0 ss 0 0 0 0 0 0 0 0 0 0 0 1 0 0 0 0 0 0 0 1 0 ss 0 0 
  INPUT ---       ss 0 0 0 0 0 0 0 0 0 0 0 0 0 0 0 0 0 1 0 0 0 0 0 0 0 0 0 0 
  INPUT ---       0 0 0 0 0 0 0 ss 0 0 0 0 0 0 0 ss 0 0 0 0 0 0 0 0 0 0 0 ss 
  INPUT ---       0 0 0 0 0 0 0 0 0 0 0 0 0 0 0 0 0;
  INPUT ---        1 0 0 0 1 0 0 0 0 0 1 ss 0 1 0 0 0 1 0 0 0 0 0 0 0 0 ss 0 
  INPUT ---       0 0 0 0 ss 0 0 0 0 0 0 0 0 0 0 0 0 1 0 0 0 0 0 0 1 0 ss 0 0 
  INPUT ---       0 ss 0 0 0 0 0 0 0 0 0 0 0 0 0 0 0 0 0 1 0 0 0 0 0 0 0 0 0 
  INPUT ---       0 0 0 0 0 0 0 0 ss 0 0 0 0 0 0 ss 0 0 0 0 0 0 0 0 0 0 0 0 
  INPUT ---       ss 0 0 0 0 0 0 0 0 0 0 0 0 0 0 0 0;
  INPUT ---        1 0 0 0 0 1 0 0 0 0 1 ss 0 1 0 0 0 0 1 0 0 0 0 0 0 0 0 ss 
  INPUT ---       0 0 0 0 ss 0 0 0 0 0 0 0 0 0 0 0 0 0 1 0 0 0 0 0 1 0 ss 0 0 
  INPUT ---       0 0 ss 0 0 0 0 0 0 0 0 0 0 0 0 0 0 0 0 0 1 0 0 0 0 0 0 0 0 
  INPUT ---       0 0 0 0 0 0 0 0 0 ss 0 0 0 0 0 ss 0 0 0 0 0 0 0 0 0 0 0 0 0 
  INPUT ---       ss 0 0 0 0 0 0 0 0 0 0 0 0 0 0 0;
  INPUT ---        1 0 0 0 0 0 1 0 0 0 1 ss 0 1 0 0 0 0 0 1 0 0 0 0 0 0 0 0 
  INPUT ---       ss 0 0 0 ss 0 0 0 0 0 0 0 0 0 0 0 0 0 0 1 0 0 0 0 1 0 ss 0 
  INPUT ---       0 0 0 0 ss 0 0 0 0 0 0 0 0 0 0 0 0 0 0 0 0 0 1 0 0 0 0 0 0 
  INPUT ---       0 0 0 0 0 0 0 0 0 0 0 ss 0 0 0 0 ss 0 0 0 0 0 0 0 0 0 0 0 0 
  INPUT ---       0 0 ss 0 0 0 0 0 0 0 0 0 0 0 0 0 0;
  INPUT ---        1 0 0 0 0 0 0 1 0 0 1 ss 0 1 0 0 0 0 0 0 1 0 0 0 0 0 0 0 0 
  INPUT ---       ss 0 0 ss 0 0 0 0 0 0 0 0 0 0 0 0 0 0 0 1 0 0 0 1 0 ss 0 0 
  INPUT ---       0 0 0 0 ss 0 0 0 0 0 0 0 0 0 0 0 0 0 0 0 0 0 1 0 0 0 0 0 0 
  INPUT ---       0 0 0 0 0 0 0 0 0 0 0 ss 0 0 0 ss 0 0 0 0 0 0 0 0 0 0 0 0 0 
  INPUT ---       0 0 ss 0 0 0 0 0 0 0 0 0 0 0 0 0;
  INPUT ---        1 0 0 0 0 0 0 0 1 0 1 ss 0 1 0 0 0 0 0 0 0 1 0 0 0 0 0 0 0 
  INPUT ---       0 ss 0 ss 0 0 0 0 0 0 0 0 0 0 0 0 0 0 0 0 1 0 0 1 0 ss 0 0 
  INPUT ---       0 0 0 0 0 ss 0 0 0 0 0 0 0 0 0 0 0 0 0 0 0 0 0 1 0 0 0 0 0 
  INPUT ---       0 0 0 0 0 0 0 0 0 0 0 0 ss 0 0 ss 0 0 0 0 0 0 0 0 0 0 0 0 0 
  INPUT ---       0 0 0 ss 0 0 0 0 0 0 0 0 0 0 0 0;
  INPUT ---        1 0 0 0 0 0 0 0 0 1 1 ss 0 1 0 0 0 0 0 0 0 0 1 0 0 0 0 0 0 
  INPUT ---       0 0 ss ss 0 0 0 0 0 0 0 0 0 0 0 0 0 0 0 0 0 1 0 1 0 ss 0 0 
  INPUT ---       0 0 0 0 0 0 ss 0 0 0 0 0 0 0 0 0 0 0 0 0 0 0 0 0 1 0 0 0 0 
  INPUT ---       0 0 0 0 0 0 0 0 0 0 0 0 0 ss 0 ss 0 0 0 0 0 0 0 0 0 0 0 0 0 
  INPUT ---       0 0 0 0 ss 0 0 0 0 0 0 0 0 0 0 0;
  INPUT ---        0 0 0 0 0 0 0 0 0 0 0 0 0 0 0 0 0 0 0 0 0 0 0 0 0 0 0 0 0 
  INPUT ---       0 0 0 0 0 0 0 0 0 0 0 0 0 0 0 0 0 0 0 0 0 0 0 0 0 0 0 0 0 0 
  INPUT ---       0 0 0 0 0 0 0 0 0 0 0 0 0 0 0 0 0 0 0 0 0 0 0 0 0 0 0 0 0 0 
  INPUT ---       0 0 0 0 0 0 0 0 0 0 0 0 0 0 0 0 0 0 0 0 0 0 0 0 0 0 0 0 0 0 
  INPUT ---       0 1 0 0 0 0 0 0 0 0 0 0;

  Program  MARK  - Survival Rate Estimation with Capture-Recapture Data
   gfortran(dble/PIM2) Vers. 10.1 March 2023  17-Jun-2024 12:40:51    Page  012
 - - - - - - - - - - - - - - - - - - - - - - - - - - - - - - - - - - - - - -
 
  INPUT ---        0 0 0 0 0 0 0 0 0 0 0 0 0 0 0 0 0 0 0 0 0 0 0 0 0 0 0 0 0 
  INPUT ---       0 0 0 0 0 0 0 0 0 0 0 0 0 0 0 0 0 0 0 0 0 0 0 0 0 0 0 0 0 0 
  INPUT ---       0 0 0 0 0 0 0 0 0 0 0 0 0 0 0 0 0 0 0 0 0 0 0 0 0 0 0 0 0 0 
  INPUT ---       0 0 0 0 0 0 0 0 0 0 0 0 0 0 0 0 0 0 0 0 0 0 0 0 0 0 0 0 0 0 
  INPUT ---       0 1 1 0 0 0 0 0 0 0 0 0;
  INPUT ---        0 0 0 0 0 0 0 0 0 0 0 0 0 0 0 0 0 0 0 0 0 0 0 0 0 0 0 0 0 
  INPUT ---       0 0 0 0 0 0 0 0 0 0 0 0 0 0 0 0 0 0 0 0 0 0 0 0 0 0 0 0 0 0 
  INPUT ---       0 0 0 0 0 0 0 0 0 0 0 0 0 0 0 0 0 0 0 0 0 0 0 0 0 0 0 0 0 0 
  INPUT ---       0 0 0 0 0 0 0 0 0 0 0 0 0 0 0 0 0 0 0 0 0 0 0 0 0 0 0 0 0 0 
  INPUT ---       0 1 0 1 0 0 0 0 0 0 0 0;
  INPUT ---        0 0 0 0 0 0 0 0 0 0 0 0 0 0 0 0 0 0 0 0 0 0 0 0 0 0 0 0 0 
  INPUT ---       0 0 0 0 0 0 0 0 0 0 0 0 0 0 0 0 0 0 0 0 0 0 0 0 0 0 0 0 0 0 
  INPUT ---       0 0 0 0 0 0 0 0 0 0 0 0 0 0 0 0 0 0 0 0 0 0 0 0 0 0 0 0 0 0 
  INPUT ---       0 0 0 0 0 0 0 0 0 0 0 0 0 0 0 0 0 0 0 0 0 0 0 0 0 0 0 0 0 0 
  INPUT ---       0 1 0 0 1 0 0 0 0 0 0 0;
  INPUT ---        0 0 0 0 0 0 0 0 0 0 0 0 0 0 0 0 0 0 0 0 0 0 0 0 0 0 0 0 0 
  INPUT ---       0 0 0 0 0 0 0 0 0 0 0 0 0 0 0 0 0 0 0 0 0 0 0 0 0 0 0 0 0 0 
  INPUT ---       0 0 0 0 0 0 0 0 0 0 0 0 0 0 0 0 0 0 0 0 0 0 0 0 0 0 0 0 0 0 
  INPUT ---       0 0 0 0 0 0 0 0 0 0 0 0 0 0 0 0 0 0 0 0 0 0 0 0 0 0 0 0 0 0 
  INPUT ---       0 1 0 0 0 1 0 0 0 0 0 0;
  INPUT ---        0 0 0 0 0 0 0 0 0 0 0 0 0 0 0 0 0 0 0 0 0 0 0 0 0 0 0 0 0 
  INPUT ---       0 0 0 0 0 0 0 0 0 0 0 0 0 0 0 0 0 0 0 0 0 0 0 0 0 0 0 0 0 0 
  INPUT ---       0 0 0 0 0 0 0 0 0 0 0 0 0 0 0 0 0 0 0 0 0 0 0 0 0 0 0 0 0 0 
  INPUT ---       0 0 0 0 0 0 0 0 0 0 0 0 0 0 0 0 0 0 0 0 0 0 0 0 0 0 0 0 0 0 
  INPUT ---       0 1 0 0 0 0 1 0 0 0 0 0;
  INPUT ---        0 0 0 0 0 0 0 0 0 0 0 0 0 0 0 0 0 0 0 0 0 0 0 0 0 0 0 0 0 
  INPUT ---       0 0 0 0 0 0 0 0 0 0 0 0 0 0 0 0 0 0 0 0 0 0 0 0 0 0 0 0 0 0 
  INPUT ---       0 0 0 0 0 0 0 0 0 0 0 0 0 0 0 0 0 0 0 0 0 0 0 0 0 0 0 0 0 0 
  INPUT ---       0 0 0 0 0 0 0 0 0 0 0 0 0 0 0 0 0 0 0 0 0 0 0 0 0 0 0 0 0 0 
  INPUT ---       0 1 0 0 0 0 0 1 0 0 0 0;
  INPUT ---        0 0 0 0 0 0 0 0 0 0 0 0 0 0 0 0 0 0 0 0 0 0 0 0 0 0 0 0 0 
  INPUT ---       0 0 0 0 0 0 0 0 0 0 0 0 0 0 0 0 0 0 0 0 0 0 0 0 0 0 0 0 0 0 
  INPUT ---       0 0 0 0 0 0 0 0 0 0 0 0 0 0 0 0 0 0 0 0 0 0 0 0 0 0 0 0 0 0 
  INPUT ---       0 0 0 0 0 0 0 0 0 0 0 0 0 0 0 0 0 0 0 0 0 0 0 0 0 0 0 0 0 0 
  INPUT ---       0 1 0 0 0 0 0 0 1 0 0 0;
  INPUT ---        0 0 0 0 0 0 0 0 0 0 0 0 0 0 0 0 0 0 0 0 0 0 0 0 0 0 0 0 0 
  INPUT ---       0 0 0 0 0 0 0 0 0 0 0 0 0 0 0 0 0 0 0 0 0 0 0 0 0 0 0 0 0 0 
  INPUT ---       0 0 0 0 0 0 0 0 0 0 0 0 0 0 0 0 0 0 0 0 0 0 0 0 0 0 0 0 0 0 
  INPUT ---       0 0 0 0 0 0 0 0 0 0 0 0 0 0 0 0 0 0 0 0 0 0 0 0 0 0 0 0 0 0 
  INPUT ---       0 1 0 0 0 0 0 0 0 1 0 0;
  INPUT ---        0 0 0 0 0 0 0 0 0 0 0 0 0 0 0 0 0 0 0 0 0 0 0 0 0 0 0 0 0 
  INPUT ---       0 0 0 0 0 0 0 0 0 0 0 0 0 0 0 0 0 0 0 0 0 0 0 0 0 0 0 0 0 0 
  INPUT ---       0 0 0 0 0 0 0 0 0 0 0 0 0 0 0 0 0 0 0 0 0 0 0 0 0 0 0 0 0 0 
  INPUT ---       0 0 0 0 0 0 0 0 0 0 0 0 0 0 0 0 0 0 0 0 0 0 0 0 0 0 0 0 0 0 
  INPUT ---       0 1 0 0 0 0 0 0 0 0 1 0;
  INPUT ---        0 0 0 0 0 0 0 0 0 0 0 0 0 0 0 0 0 0 0 0 0 0 0 0 0 0 0 0 0 

  Program  MARK  - Survival Rate Estimation with Capture-Recapture Data
   gfortran(dble/PIM2) Vers. 10.1 March 2023  17-Jun-2024 12:40:51    Page  013
 - - - - - - - - - - - - - - - - - - - - - - - - - - - - - - - - - - - - - -
 
  INPUT ---       0 0 0 0 0 0 0 0 0 0 0 0 0 0 0 0 0 0 0 0 0 0 0 0 0 0 0 0 0 0 
  INPUT ---       0 0 0 0 0 0 0 0 0 0 0 0 0 0 0 0 0 0 0 0 0 0 0 0 0 0 0 0 0 0 
  INPUT ---       0 0 0 0 0 0 0 0 0 0 0 0 0 0 0 0 0 0 0 0 0 0 0 0 0 0 0 0 0 0 
  INPUT ---       0 1 1 0 0 0 0 0 0 0 1 0;
  INPUT ---        0 0 0 0 0 0 0 0 0 0 0 0 0 0 0 0 0 0 0 0 0 0 0 0 0 0 0 0 0 
  INPUT ---       0 0 0 0 0 0 0 0 0 0 0 0 0 0 0 0 0 0 0 0 0 0 0 0 0 0 0 0 0 0 
  INPUT ---       0 0 0 0 0 0 0 0 0 0 0 0 0 0 0 0 0 0 0 0 0 0 0 0 0 0 0 0 0 0 
  INPUT ---       0 0 0 0 0 0 0 0 0 0 0 0 0 0 0 0 0 0 0 0 0 0 0 0 0 0 0 0 0 0 
  INPUT ---       0 1 0 1 0 0 0 0 0 0 1 0;
  INPUT ---        0 0 0 0 0 0 0 0 0 0 0 0 0 0 0 0 0 0 0 0 0 0 0 0 0 0 0 0 0 
  INPUT ---       0 0 0 0 0 0 0 0 0 0 0 0 0 0 0 0 0 0 0 0 0 0 0 0 0 0 0 0 0 0 
  INPUT ---       0 0 0 0 0 0 0 0 0 0 0 0 0 0 0 0 0 0 0 0 0 0 0 0 0 0 0 0 0 0 
  INPUT ---       0 0 0 0 0 0 0 0 0 0 0 0 0 0 0 0 0 0 0 0 0 0 0 0 0 0 0 0 0 0 
  INPUT ---       0 1 0 0 1 0 0 0 0 0 1 0;
  INPUT ---        0 0 0 0 0 0 0 0 0 0 0 0 0 0 0 0 0 0 0 0 0 0 0 0 0 0 0 0 0 
  INPUT ---       0 0 0 0 0 0 0 0 0 0 0 0 0 0 0 0 0 0 0 0 0 0 0 0 0 0 0 0 0 0 
  INPUT ---       0 0 0 0 0 0 0 0 0 0 0 0 0 0 0 0 0 0 0 0 0 0 0 0 0 0 0 0 0 0 
  INPUT ---       0 0 0 0 0 0 0 0 0 0 0 0 0 0 0 0 0 0 0 0 0 0 0 0 0 0 0 0 0 0 
  INPUT ---       0 1 0 0 0 1 0 0 0 0 1 0;
  INPUT ---        0 0 0 0 0 0 0 0 0 0 0 0 0 0 0 0 0 0 0 0 0 0 0 0 0 0 0 0 0 
  INPUT ---       0 0 0 0 0 0 0 0 0 0 0 0 0 0 0 0 0 0 0 0 0 0 0 0 0 0 0 0 0 0 
  INPUT ---       0 0 0 0 0 0 0 0 0 0 0 0 0 0 0 0 0 0 0 0 0 0 0 0 0 0 0 0 0 0 
  INPUT ---       0 0 0 0 0 0 0 0 0 0 0 0 0 0 0 0 0 0 0 0 0 0 0 0 0 0 0 0 0 0 
  INPUT ---       0 1 0 0 0 0 1 0 0 0 1 0;
  INPUT ---        0 0 0 0 0 0 0 0 0 0 0 0 0 0 0 0 0 0 0 0 0 0 0 0 0 0 0 0 0 
  INPUT ---       0 0 0 0 0 0 0 0 0 0 0 0 0 0 0 0 0 0 0 0 0 0 0 0 0 0 0 0 0 0 
  INPUT ---       0 0 0 0 0 0 0 0 0 0 0 0 0 0 0 0 0 0 0 0 0 0 0 0 0 0 0 0 0 0 
  INPUT ---       0 0 0 0 0 0 0 0 0 0 0 0 0 0 0 0 0 0 0 0 0 0 0 0 0 0 0 0 0 0 
  INPUT ---       0 1 0 0 0 0 0 1 0 0 1 0;
  INPUT ---        0 0 0 0 0 0 0 0 0 0 0 0 0 0 0 0 0 0 0 0 0 0 0 0 0 0 0 0 0 
  INPUT ---       0 0 0 0 0 0 0 0 0 0 0 0 0 0 0 0 0 0 0 0 0 0 0 0 0 0 0 0 0 0 
  INPUT ---       0 0 0 0 0 0 0 0 0 0 0 0 0 0 0 0 0 0 0 0 0 0 0 0 0 0 0 0 0 0 
  INPUT ---       0 0 0 0 0 0 0 0 0 0 0 0 0 0 0 0 0 0 0 0 0 0 0 0 0 0 0 0 0 0 
  INPUT ---       0 1 0 0 0 0 0 0 1 0 1 0;
  INPUT ---        0 0 0 0 0 0 0 0 0 0 0 0 0 0 0 0 0 0 0 0 0 0 0 0 0 0 0 0 0 
  INPUT ---       0 0 0 0 0 0 0 0 0 0 0 0 0 0 0 0 0 0 0 0 0 0 0 0 0 0 0 0 0 0 
  INPUT ---       0 0 0 0 0 0 0 0 0 0 0 0 0 0 0 0 0 0 0 0 0 0 0 0 0 0 0 0 0 0 
  INPUT ---       0 0 0 0 0 0 0 0 0 0 0 0 0 0 0 0 0 0 0 0 0 0 0 0 0 0 0 0 0 0 
  INPUT ---       0 1 0 0 0 0 0 0 0 1 1 0;
  INPUT ---        0 0 0 0 0 0 0 0 0 0 0 0 0 0 0 0 0 0 0 0 0 0 0 0 0 0 0 0 0 
  INPUT ---       0 0 0 0 0 0 0 0 0 0 0 0 0 0 0 0 0 0 0 0 0 0 0 0 0 0 0 0 0 0 
  INPUT ---       0 0 0 0 0 0 0 0 0 0 0 0 0 0 0 0 0 0 0 0 0 0 0 0 0 0 0 0 0 0 
  INPUT ---       0 0 0 0 0 0 0 0 0 0 0 0 0 0 0 0 0 0 0 0 0 0 0 0 0 0 0 0 0 0 
  INPUT ---       0 1 0 0 0 0 0 0 0 0 0 1;
  INPUT ---        0 0 0 0 0 0 0 0 0 0 0 0 0 0 0 0 0 0 0 0 0 0 0 0 0 0 0 0 0 
  INPUT ---       0 0 0 0 0 0 0 0 0 0 0 0 0 0 0 0 0 0 0 0 0 0 0 0 0 0 0 0 0 0 

  Program  MARK  - Survival Rate Estimation with Capture-Recapture Data
   gfortran(dble/PIM2) Vers. 10.1 March 2023  17-Jun-2024 12:40:51    Page  014
 - - - - - - - - - - - - - - - - - - - - - - - - - - - - - - - - - - - - - -
 
  INPUT ---       0 0 0 0 0 0 0 0 0 0 0 0 0 0 0 0 0 0 0 0 0 0 0 0 0 0 0 0 0 0 
  INPUT ---       0 0 0 0 0 0 0 0 0 0 0 0 0 0 0 0 0 0 0 0 0 0 0 0 0 0 0 0 0 0 
  INPUT ---       0 1 1 0 0 0 0 0 0 0 0 1;
  INPUT ---        0 0 0 0 0 0 0 0 0 0 0 0 0 0 0 0 0 0 0 0 0 0 0 0 0 0 0 0 0 
  INPUT ---       0 0 0 0 0 0 0 0 0 0 0 0 0 0 0 0 0 0 0 0 0 0 0 0 0 0 0 0 0 0 
  INPUT ---       0 0 0 0 0 0 0 0 0 0 0 0 0 0 0 0 0 0 0 0 0 0 0 0 0 0 0 0 0 0 
  INPUT ---       0 0 0 0 0 0 0 0 0 0 0 0 0 0 0 0 0 0 0 0 0 0 0 0 0 0 0 0 0 0 
  INPUT ---       0 1 0 1 0 0 0 0 0 0 0 1;
  INPUT ---        0 0 0 0 0 0 0 0 0 0 0 0 0 0 0 0 0 0 0 0 0 0 0 0 0 0 0 0 0 
  INPUT ---       0 0 0 0 0 0 0 0 0 0 0 0 0 0 0 0 0 0 0 0 0 0 0 0 0 0 0 0 0 0 
  INPUT ---       0 0 0 0 0 0 0 0 0 0 0 0 0 0 0 0 0 0 0 0 0 0 0 0 0 0 0 0 0 0 
  INPUT ---       0 0 0 0 0 0 0 0 0 0 0 0 0 0 0 0 0 0 0 0 0 0 0 0 0 0 0 0 0 0 
  INPUT ---       0 1 0 0 1 0 0 0 0 0 0 1;
  INPUT ---        0 0 0 0 0 0 0 0 0 0 0 0 0 0 0 0 0 0 0 0 0 0 0 0 0 0 0 0 0 
  INPUT ---       0 0 0 0 0 0 0 0 0 0 0 0 0 0 0 0 0 0 0 0 0 0 0 0 0 0 0 0 0 0 
  INPUT ---       0 0 0 0 0 0 0 0 0 0 0 0 0 0 0 0 0 0 0 0 0 0 0 0 0 0 0 0 0 0 
  INPUT ---       0 0 0 0 0 0 0 0 0 0 0 0 0 0 0 0 0 0 0 0 0 0 0 0 0 0 0 0 0 0 
  INPUT ---       0 1 0 0 0 1 0 0 0 0 0 1;
  INPUT ---        0 0 0 0 0 0 0 0 0 0 0 0 0 0 0 0 0 0 0 0 0 0 0 0 0 0 0 0 0 
  INPUT ---       0 0 0 0 0 0 0 0 0 0 0 0 0 0 0 0 0 0 0 0 0 0 0 0 0 0 0 0 0 0 
  INPUT ---       0 0 0 0 0 0 0 0 0 0 0 0 0 0 0 0 0 0 0 0 0 0 0 0 0 0 0 0 0 0 
  INPUT ---       0 0 0 0 0 0 0 0 0 0 0 0 0 0 0 0 0 0 0 0 0 0 0 0 0 0 0 0 0 0 
  INPUT ---       0 1 0 0 0 0 1 0 0 0 0 1;
  INPUT ---        0 0 0 0 0 0 0 0 0 0 0 0 0 0 0 0 0 0 0 0 0 0 0 0 0 0 0 0 0 
  INPUT ---       0 0 0 0 0 0 0 0 0 0 0 0 0 0 0 0 0 0 0 0 0 0 0 0 0 0 0 0 0 0 
  INPUT ---       0 0 0 0 0 0 0 0 0 0 0 0 0 0 0 0 0 0 0 0 0 0 0 0 0 0 0 0 0 0 
  INPUT ---       0 0 0 0 0 0 0 0 0 0 0 0 0 0 0 0 0 0 0 0 0 0 0 0 0 0 0 0 0 0 
  INPUT ---       0 1 0 0 0 0 0 1 0 0 0 1;
  INPUT ---        0 0 0 0 0 0 0 0 0 0 0 0 0 0 0 0 0 0 0 0 0 0 0 0 0 0 0 0 0 
  INPUT ---       0 0 0 0 0 0 0 0 0 0 0 0 0 0 0 0 0 0 0 0 0 0 0 0 0 0 0 0 0 0 
  INPUT ---       0 0 0 0 0 0 0 0 0 0 0 0 0 0 0 0 0 0 0 0 0 0 0 0 0 0 0 0 0 0 
  INPUT ---       0 0 0 0 0 0 0 0 0 0 0 0 0 0 0 0 0 0 0 0 0 0 0 0 0 0 0 0 0 0 
  INPUT ---       0 1 0 0 0 0 0 0 1 0 0 1;
  INPUT ---        0 0 0 0 0 0 0 0 0 0 0 0 0 0 0 0 0 0 0 0 0 0 0 0 0 0 0 0 0 
  INPUT ---       0 0 0 0 0 0 0 0 0 0 0 0 0 0 0 0 0 0 0 0 0 0 0 0 0 0 0 0 0 0 
  INPUT ---       0 0 0 0 0 0 0 0 0 0 0 0 0 0 0 0 0 0 0 0 0 0 0 0 0 0 0 0 0 0 
  INPUT ---       0 0 0 0 0 0 0 0 0 0 0 0 0 0 0 0 0 0 0 0 0 0 0 0 0 0 0 0 0 0 
  INPUT ---       0 1 0 0 0 0 0 0 0 1 0 1;
  INPUT ---        0 0 0 0 0 0 0 0 0 0 0 0 0 0 0 0 0 0 0 0 0 0 0 0 0 0 0 0 0 
  INPUT ---       0 0 0 0 0 0 0 0 0 0 0 0 0 0 0 0 0 0 0 0 0 0 0 0 0 0 0 0 0 0 
  INPUT ---       0 0 0 0 0 0 0 0 0 0 0 0 0 0 0 0 0 0 0 0 0 0 0 0 0 0 0 0 0 0 
  INPUT ---       0 0 0 0 0 0 0 0 0 0 0 0 0 0 0 0 0 0 0 0 0 0 0 0 0 0 0 0 0 0 
  INPUT ---       0 0 0 0 0 0 0 0 0 0 0 0;
  INPUT ---       blabel(1)=Phi:(Intercept);
  INPUT ---       blabel(2)=Phi:time2.9;
  INPUT ---       blabel(3)=Phi:time9.81;

  Program  MARK  - Survival Rate Estimation with Capture-Recapture Data
   gfortran(dble/PIM2) Vers. 10.1 March 2023  17-Jun-2024 12:40:51    Page  015
 - - - - - - - - - - - - - - - - - - - - - - - - - - - - - - - - - - - - - -
 
  INPUT ---       blabel(4)=Phi:time18.14;
  INPUT ---       blabel(5)=Phi:time25.84;
  INPUT ---       blabel(6)=Phi:time31.63;
  INPUT ---       blabel(7)=Phi:time35.5;
  INPUT ---       blabel(8)=Phi:time41.93;
  INPUT ---       blabel(9)=Phi:time45.63;
  INPUT ---       blabel(10)=Phi:time61.63;
  INPUT ---       blabel(11)=Phi:originwild;
  INPUT ---       blabel(12)=Phi:ss;
  INPUT ---       blabel(13)=Phi:year2011;
  INPUT ---       blabel(14)=Phi:year2012;
  INPUT ---       blabel(15)=Phi:time2.9:originwild;
  INPUT ---       blabel(16)=Phi:time9.81:originwild;
  INPUT ---       blabel(17)=Phi:time18.14:originwild;
  INPUT ---       blabel(18)=Phi:time25.84:originwild;
  INPUT ---       blabel(19)=Phi:time31.63:originwild;
  INPUT ---       blabel(20)=Phi:time35.5:originwild;
  INPUT ---       blabel(21)=Phi:time41.93:originwild;
  INPUT ---       blabel(22)=Phi:time45.63:originwild;
  INPUT ---       blabel(23)=Phi:time61.63:originwild;
  INPUT ---       blabel(24)=Phi:time2.9:ss;
  INPUT ---       blabel(25)=Phi:time9.81:ss;
  INPUT ---       blabel(26)=Phi:time18.14:ss;
  INPUT ---       blabel(27)=Phi:time25.84:ss;
  INPUT ---       blabel(28)=Phi:time31.63:ss;
  INPUT ---       blabel(29)=Phi:time35.5:ss;
  INPUT ---       blabel(30)=Phi:time41.93:ss;
  INPUT ---       blabel(31)=Phi:time45.63:ss;
  INPUT ---       blabel(32)=Phi:time61.63:ss;
  INPUT ---       blabel(33)=Phi:originwild:ss;
  INPUT ---       blabel(34)=Phi:time2.9:year2011;
  INPUT ---       blabel(35)=Phi:time9.81:year2011;
  INPUT ---       blabel(36)=Phi:time18.14:year2011;
  INPUT ---       blabel(37)=Phi:time25.84:year2011;
  INPUT ---       blabel(38)=Phi:time31.63:year2011;
  INPUT ---       blabel(39)=Phi:time35.5:year2011;
  INPUT ---       blabel(40)=Phi:time41.93:year2011;
  INPUT ---       blabel(41)=Phi:time45.63:year2011;
  INPUT ---       blabel(42)=Phi:time61.63:year2011;
  INPUT ---       blabel(43)=Phi:time2.9:year2012;
  INPUT ---       blabel(44)=Phi:time9.81:year2012;
  INPUT ---       blabel(45)=Phi:time18.14:year2012;
  INPUT ---       blabel(46)=Phi:time25.84:year2012;
  INPUT ---       blabel(47)=Phi:time31.63:year2012;
  INPUT ---       blabel(48)=Phi:time35.5:year2012;
  INPUT ---       blabel(49)=Phi:time41.93:year2012;

  Program  MARK  - Survival Rate Estimation with Capture-Recapture Data
   gfortran(dble/PIM2) Vers. 10.1 March 2023  17-Jun-2024 12:40:51    Page  016
 - - - - - - - - - - - - - - - - - - - - - - - - - - - - - - - - - - - - - -
 
  INPUT ---       blabel(50)=Phi:time45.63:year2012;
  INPUT ---       blabel(51)=Phi:time61.63:year2012;
  INPUT ---       blabel(52)=Phi:originwild:year2011;
  INPUT ---       blabel(53)=Phi:originwild:year2012;
  INPUT ---       blabel(54)=Phi:ss:year2011;
  INPUT ---       blabel(55)=Phi:ss:year2012;
  INPUT ---       blabel(56)=Phi:time2.9:originwild:ss;
  INPUT ---       blabel(57)=Phi:time9.81:originwild:ss;
  INPUT ---       blabel(58)=Phi:time18.14:originwild:ss;
  INPUT ---       blabel(59)=Phi:time25.84:originwild:ss;
  INPUT ---       blabel(60)=Phi:time31.63:originwild:ss;
  INPUT ---       blabel(61)=Phi:time35.5:originwild:ss;
  INPUT ---       blabel(62)=Phi:time41.93:originwild:ss;
  INPUT ---       blabel(63)=Phi:time45.63:originwild:ss;
  INPUT ---       blabel(64)=Phi:time61.63:originwild:ss;
  INPUT ---       blabel(65)=Phi:time2.9:originwild:year2011;
  INPUT ---       blabel(66)=Phi:time9.81:originwild:year2011;
  INPUT ---       blabel(67)=Phi:time18.14:originwild:year2011;
  INPUT ---       blabel(68)=Phi:time25.84:originwild:year2011;
  INPUT ---       blabel(69)=Phi:time31.63:originwild:year2011;
  INPUT ---       blabel(70)=Phi:time35.5:originwild:year2011;
  INPUT ---       blabel(71)=Phi:time41.93:originwild:year2011;
  INPUT ---       blabel(72)=Phi:time45.63:originwild:year2011;
  INPUT ---       blabel(73)=Phi:time61.63:originwild:year2011;
  INPUT ---       blabel(74)=Phi:time2.9:originwild:year2012;
  INPUT ---       blabel(75)=Phi:time9.81:originwild:year2012;
  INPUT ---       blabel(76)=Phi:time18.14:originwild:year2012;
  INPUT ---       blabel(77)=Phi:time25.84:originwild:year2012;
  INPUT ---       blabel(78)=Phi:time31.63:originwild:year2012;
  INPUT ---       blabel(79)=Phi:time35.5:originwild:year2012;
  INPUT ---       blabel(80)=Phi:time41.93:originwild:year2012;
  INPUT ---       blabel(81)=Phi:time45.63:originwild:year2012;
  INPUT ---       blabel(82)=Phi:time61.63:originwild:year2012;
  INPUT ---       blabel(83)=Phi:time2.9:ss:year2011;
  INPUT ---       blabel(84)=Phi:time9.81:ss:year2011;
  INPUT ---       blabel(85)=Phi:time18.14:ss:year2011;
  INPUT ---       blabel(86)=Phi:time25.84:ss:year2011;
  INPUT ---       blabel(87)=Phi:time31.63:ss:year2011;
  INPUT ---       blabel(88)=Phi:time35.5:ss:year2011;
  INPUT ---       blabel(89)=Phi:time41.93:ss:year2011;
  INPUT ---       blabel(90)=Phi:time45.63:ss:year2011;
  INPUT ---       blabel(91)=Phi:time61.63:ss:year2011;
  INPUT ---       blabel(92)=Phi:time2.9:ss:year2012;
  INPUT ---       blabel(93)=Phi:time9.81:ss:year2012;
  INPUT ---       blabel(94)=Phi:time18.14:ss:year2012;
  INPUT ---       blabel(95)=Phi:time25.84:ss:year2012;

  Program  MARK  - Survival Rate Estimation with Capture-Recapture Data
   gfortran(dble/PIM2) Vers. 10.1 March 2023  17-Jun-2024 12:40:51    Page  017
 - - - - - - - - - - - - - - - - - - - - - - - - - - - - - - - - - - - - - -
 
  INPUT ---       blabel(96)=Phi:time31.63:ss:year2012;
  INPUT ---       blabel(97)=Phi:time35.5:ss:year2012;
  INPUT ---       blabel(98)=Phi:time41.93:ss:year2012;
  INPUT ---       blabel(99)=Phi:time45.63:ss:year2012;
  INPUT ---       blabel(100)=Phi:time61.63:ss:year2012;
  INPUT ---       blabel(101)=Phi:originwild:ss:year2011;
  INPUT ---       blabel(102)=Phi:originwild:ss:year2012;
  INPUT ---       blabel(103)=Phi:time2.9:originwild:ss:year2011;
  INPUT ---       blabel(104)=Phi:time9.81:originwild:ss:year2011;
  INPUT ---       blabel(105)=Phi:time18.14:originwild:ss:year2011;
  INPUT ---       blabel(106)=Phi:time25.84:originwild:ss:year2011;
  INPUT ---       blabel(107)=Phi:time31.63:originwild:ss:year2011;
  INPUT ---       blabel(108)=Phi:time35.5:originwild:ss:year2011;
  INPUT ---       blabel(109)=Phi:time41.93:originwild:ss:year2011;
  INPUT ---       blabel(110)=Phi:time45.63:originwild:ss:year2011;
  INPUT ---       blabel(111)=Phi:time61.63:originwild:ss:year2011;
  INPUT ---       blabel(112)=Phi:time2.9:originwild:ss:year2012;
  INPUT ---       blabel(113)=Phi:time9.81:originwild:ss:year2012;
  INPUT ---       blabel(114)=Phi:time18.14:originwild:ss:year2012;
  INPUT ---       blabel(115)=Phi:time25.84:originwild:ss:year2012;
  INPUT ---       blabel(116)=Phi:time31.63:originwild:ss:year2012;
  INPUT ---       blabel(117)=Phi:time35.5:originwild:ss:year2012;
  INPUT ---       blabel(118)=Phi:time41.93:originwild:ss:year2012;
  INPUT ---       blabel(119)=Phi:time45.63:originwild:ss:year2012;
  INPUT ---       blabel(120)=Phi:time61.63:originwild:ss:year2012;
  INPUT ---       blabel(121)=p:(Intercept);
  INPUT ---       blabel(122)=p:time9.81;
  INPUT ---       blabel(123)=p:time18.14;
  INPUT ---       blabel(124)=p:time25.84;
  INPUT ---       blabel(125)=p:time31.63;
  INPUT ---       blabel(126)=p:time35.5;
  INPUT ---       blabel(127)=p:time41.93;
  INPUT ---       blabel(128)=p:time45.63;
  INPUT ---       blabel(129)=p:time61.63;
  INPUT ---       blabel(130)=p:year2011;
  INPUT ---       blabel(131)=p:year2012;
  INPUT ---       rlabel(1)=Phi ghatchery2010 c1 a0 t1;
  INPUT ---       rlabel(2)=Phi ghatchery2010 c1 a1.9 t2.9;
  INPUT ---       rlabel(3)=Phi ghatchery2010 c1 a8.81 t9.81;
  INPUT ---       rlabel(4)=Phi ghatchery2010 c1 a17.14 t18.14;
  INPUT ---       rlabel(5)=Phi ghatchery2010 c1 a24.84 t25.84;
  INPUT ---       rlabel(6)=Phi ghatchery2010 c1 a30.63 t31.63;
  INPUT ---       rlabel(7)=Phi ghatchery2010 c1 a34.5 t35.5;
  INPUT ---       rlabel(8)=Phi ghatchery2010 c1 a40.93 t41.93;
  INPUT ---       rlabel(9)=Phi ghatchery2010 c1 a44.63 t45.63;
  INPUT ---       rlabel(10)=Phi ghatchery2010 c1 a60.63 t61.63;

  Program  MARK  - Survival Rate Estimation with Capture-Recapture Data
   gfortran(dble/PIM2) Vers. 10.1 March 2023  17-Jun-2024 12:40:51    Page  018
 - - - - - - - - - - - - - - - - - - - - - - - - - - - - - - - - - - - - - -
 
  INPUT ---       rlabel(11)=Phi gwild2010 c1 a0 t1;
  INPUT ---       rlabel(12)=Phi gwild2010 c1 a1.9 t2.9;
  INPUT ---       rlabel(13)=Phi gwild2010 c1 a8.81 t9.81;
  INPUT ---       rlabel(14)=Phi gwild2010 c1 a17.14 t18.14;
  INPUT ---       rlabel(15)=Phi gwild2010 c1 a24.84 t25.84;
  INPUT ---       rlabel(16)=Phi gwild2010 c1 a30.63 t31.63;
  INPUT ---       rlabel(17)=Phi gwild2010 c1 a34.5 t35.5;
  INPUT ---       rlabel(18)=Phi gwild2010 c1 a40.93 t41.93;
  INPUT ---       rlabel(19)=Phi gwild2010 c1 a44.63 t45.63;
  INPUT ---       rlabel(20)=Phi gwild2010 c1 a60.63 t61.63;
  INPUT ---       rlabel(21)=Phi ghatchery2011 c1 a0 t1;
  INPUT ---       rlabel(22)=Phi ghatchery2011 c1 a1.9 t2.9;
  INPUT ---       rlabel(23)=Phi ghatchery2011 c1 a8.81 t9.81;
  INPUT ---       rlabel(24)=Phi ghatchery2011 c1 a17.14 t18.14;
  INPUT ---       rlabel(25)=Phi ghatchery2011 c1 a24.84 t25.84;
  INPUT ---       rlabel(26)=Phi ghatchery2011 c1 a30.63 t31.63;
  INPUT ---       rlabel(27)=Phi ghatchery2011 c1 a34.5 t35.5;
  INPUT ---       rlabel(28)=Phi ghatchery2011 c1 a40.93 t41.93;
  INPUT ---       rlabel(29)=Phi ghatchery2011 c1 a44.63 t45.63;
  INPUT ---       rlabel(30)=Phi ghatchery2011 c1 a60.63 t61.63;
  INPUT ---       rlabel(31)=Phi gwild2011 c1 a0 t1;
  INPUT ---       rlabel(32)=Phi gwild2011 c1 a1.9 t2.9;
  INPUT ---       rlabel(33)=Phi gwild2011 c1 a8.81 t9.81;
  INPUT ---       rlabel(34)=Phi gwild2011 c1 a17.14 t18.14;
  INPUT ---       rlabel(35)=Phi gwild2011 c1 a24.84 t25.84;
  INPUT ---       rlabel(36)=Phi gwild2011 c1 a30.63 t31.63;
  INPUT ---       rlabel(37)=Phi gwild2011 c1 a34.5 t35.5;
  INPUT ---       rlabel(38)=Phi gwild2011 c1 a40.93 t41.93;
  INPUT ---       rlabel(39)=Phi gwild2011 c1 a44.63 t45.63;
  INPUT ---       rlabel(40)=Phi gwild2011 c1 a60.63 t61.63;
  INPUT ---       rlabel(41)=Phi ghatchery2012 c1 a0 t1;
  INPUT ---       rlabel(42)=Phi ghatchery2012 c1 a1.9 t2.9;
  INPUT ---       rlabel(43)=Phi ghatchery2012 c1 a8.81 t9.81;
  INPUT ---       rlabel(44)=Phi ghatchery2012 c1 a17.14 t18.14;
  INPUT ---       rlabel(45)=Phi ghatchery2012 c1 a24.84 t25.84;
  INPUT ---       rlabel(46)=Phi ghatchery2012 c1 a30.63 t31.63;
  INPUT ---       rlabel(47)=Phi ghatchery2012 c1 a34.5 t35.5;
  INPUT ---       rlabel(48)=Phi ghatchery2012 c1 a40.93 t41.93;
  INPUT ---       rlabel(49)=Phi ghatchery2012 c1 a44.63 t45.63;
  INPUT ---       rlabel(50)=Phi ghatchery2012 c1 a60.63 t61.63;
  INPUT ---       rlabel(51)=Phi gwild2012 c1 a0 t1;
  INPUT ---       rlabel(52)=Phi gwild2012 c1 a1.9 t2.9;
  INPUT ---       rlabel(53)=Phi gwild2012 c1 a8.81 t9.81;
  INPUT ---       rlabel(54)=Phi gwild2012 c1 a17.14 t18.14;
  INPUT ---       rlabel(55)=Phi gwild2012 c1 a24.84 t25.84;
  INPUT ---       rlabel(56)=Phi gwild2012 c1 a30.63 t31.63;

  Program  MARK  - Survival Rate Estimation with Capture-Recapture Data
   gfortran(dble/PIM2) Vers. 10.1 March 2023  17-Jun-2024 12:40:51    Page  019
 - - - - - - - - - - - - - - - - - - - - - - - - - - - - - - - - - - - - - -
 
  INPUT ---       rlabel(57)=Phi gwild2012 c1 a34.5 t35.5;
  INPUT ---       rlabel(58)=Phi gwild2012 c1 a40.93 t41.93;
  INPUT ---       rlabel(59)=Phi gwild2012 c1 a44.63 t45.63;
  INPUT ---       rlabel(60)=Phi gwild2012 c1 a60.63 t61.63;
  INPUT ---       rlabel(61)=p ghatchery2010 c1 a1.9 t2.9;
  INPUT ---       rlabel(62)=p ghatchery2010 c1 a8.81 t9.81;
  INPUT ---       rlabel(63)=p ghatchery2010 c1 a17.14 t18.14;
  INPUT ---       rlabel(64)=p ghatchery2010 c1 a24.84 t25.84;
  INPUT ---       rlabel(65)=p ghatchery2010 c1 a30.63 t31.63;
  INPUT ---       rlabel(66)=p ghatchery2010 c1 a34.5 t35.5;
  INPUT ---       rlabel(67)=p ghatchery2010 c1 a40.93 t41.93;
  INPUT ---       rlabel(68)=p ghatchery2010 c1 a44.63 t45.63;
  INPUT ---       rlabel(69)=p ghatchery2010 c1 a60.63 t61.63;
  INPUT ---       rlabel(70)=p ghatchery2011 c1 a1.9 t2.9;
  INPUT ---       rlabel(71)=p ghatchery2011 c1 a8.81 t9.81;
  INPUT ---       rlabel(72)=p ghatchery2011 c1 a17.14 t18.14;
  INPUT ---       rlabel(73)=p ghatchery2011 c1 a24.84 t25.84;
  INPUT ---       rlabel(74)=p ghatchery2011 c1 a30.63 t31.63;
  INPUT ---       rlabel(75)=p ghatchery2011 c1 a34.5 t35.5;
  INPUT ---       rlabel(76)=p ghatchery2011 c1 a40.93 t41.93;
  INPUT ---       rlabel(77)=p ghatchery2011 c1 a44.63 t45.63;
  INPUT ---       rlabel(78)=p ghatchery2011 c1 a60.63 t61.63;
  INPUT ---       rlabel(79)=p ghatchery2012 c1 a1.9 t2.9;
  INPUT ---       rlabel(80)=p ghatchery2012 c1 a8.81 t9.81;
  INPUT ---       rlabel(81)=p ghatchery2012 c1 a17.14 t18.14;
  INPUT ---       rlabel(82)=p ghatchery2012 c1 a24.84 t25.84;
  INPUT ---       rlabel(83)=p ghatchery2012 c1 a30.63 t31.63;
  INPUT ---       rlabel(84)=p ghatchery2012 c1 a34.5 t35.5;
  INPUT ---       rlabel(85)=p ghatchery2012 c1 a40.93 t41.93;
  INPUT ---       rlabel(86)=p ghatchery2012 c1 a44.63 t45.63;
  INPUT ---       rlabel(87)=p ghatchery2012 c1 a60.63 t61.63;
  INPUT ---       rlabel(88)=p ghatchery2010 c1 a83.62 t84.62;
   Model is { Phi(~time * origin * ss * year)p(~time + year) }

 Link Function Used is LOGIT        

 Variance Estimation Procedure Used is 2ndPart 
 -2logL(saturated) = 0.0000000     
 Effective Sample Size = 18772

 Number of function evaluations was 329 for 131 parameters.
 For numerical optimization, CPU Time was 6.236 minutes and System Time was 57.218 seconds.
 -2logL { Phi(~time * origin * ss * year)p(~time + year) } = 12922.934     
 Penalty { Phi(~time * origin * ss * year)p(~time + year) } = 0.0000000     

  Program  MARK  - Survival Rate Estimation with Capture-Recapture Data
   gfortran(dble/PIM2) Vers. 10.1 March 2023  17-Jun-2024 12:41:48    Page  020
 - - - - - - - - - - - - - - - - - - - - - - - - - - - - - - - - - - - - - -
 
 Gradient { Phi(~time * origin * ss * year)p(~time + year) }:
  0.55514953E-02  0.44169709E-02 -0.41132783E-01 -0.30200352E-01  0.47274269E-02
  0.95448118E-02  0.88783472E-01 -0.17773715E-01 -0.24689062E-01  0.11805075E-01
  0.24045845E-02  0.72894075E-02  0.74194925E-01 -0.23670990E-01 -0.47287626E-02
 -0.20352145E-01 -0.77101846E-02  0.48068985E-02  0.74190429E-02  0.32279418E-01
 -0.37307126E-02 -0.53552720E-02 -0.15841494E-03  0.83816192E-02  0.33389529E-02
 -0.46551199E-02  0.34150604E-02 -0.62251245E-02  0.30723305E-02  0.16094770E-02
 -0.81243318E-02  0.67246165E-02  0.40563262E-02  0.22956688E-01  0.59124303E-03
  0.69597347E-03 -0.27299450E-03  0.21852386E-02  0.33462356E-01 -0.30311935E-02
 -0.15052356E-03  0.17791875E-01 -0.12402553E-01 -0.74027094E-02 -0.23156368E-01
 -0.35670134E-05  0.74218674E-02  0.29549634E-01  0.52651850E-03 -0.11009011E-01
 -0.71628733E-02  0.74796220E-02 -0.18882961E-01  0.75226841E-02 -0.65755310E-03
  0.20007047E-02  0.88099610E-02  0.33538714E-03  0.17363535E-02 -0.65121088E-02
 -0.56853072E-02  0.22292824E-02 -0.18944677E-02  0.30801218E-02  0.51675807E-02
 -0.21122734E-04  0.69598204E-03  0.81992197E-03   0.0000000      0.40267650E-02
   0.0000000     -0.96216724E-03 -0.22576399E-02 -0.93123336E-02 -0.92623200E-02
 -0.11482332E-01   0.0000000      0.74236964E-02  0.11995428E-01 -0.11078761E-02
 -0.33442911E-02 -0.37793110E-02  0.25622510E-02  0.16512881E-03 -0.24559945E-02
  0.64301905E-03  0.27618204E-03  0.46558945E-02 -0.13178888E-02 -0.21713663E-02
  0.51811883E-02  0.49128909E-02  0.43799012E-02  0.88718805E-03   0.0000000    
 -0.65273179E-02 -0.39920581E-02  0.48751757E-02 -0.41928902E-02 -0.96109050E-03
 -0.52578532E-02 -0.27437776E-02 -0.18233352E-02  0.16975132E-04 -0.24637467E-02
  0.22876598E-03  0.86851422E-05  0.18544491E-03   0.0000000     -0.20497300E-02
  0.66028043E-03  0.37022387E-02  0.39205802E-02  0.20304768E-02  0.48842331E-05
 -0.65265330E-02 -0.49358447E-02  0.11125524E-02 -0.27630778E-02  0.73181834E-03
 -0.31609989E-01 -0.11217433E-02 -0.10125677E-01 -0.57396386E-02  0.30470711E-02
 -0.39226114E-02 -0.17467484E-01  0.19352186E-02  0.35053805E-02  0.34075341E-02
 -0.22925664E-01
 Maximum ABS(G) { Phi(~time * origin * ss * year)p(~time + year) } = 0.0887835     
 To compute VC matrix, CPU Time was 5.336 minutes and System Time was 54.157 seconds.

  Program  MARK  - Survival Rate Estimation with Capture-Recapture Data
   gfortran(dble/PIM2) Vers. 10.1 March 2023  17-Jun-2024 12:42:42    Page  021
 - - - - - - - - - - - - - - - - - - - - - - - - - - - - - - - - - - - - - -
 
 S Vector { Phi(~time * origin * ss * year)p(~time + year) }:
   1674.140      1255.701      573.5833      381.9171      340.9920    
   269.9871      225.0824      173.0497      151.1663      150.4310    
   138.8696      128.5691      125.5495      105.9767      101.3180    
   98.54952      95.25252      82.65290      78.28147      69.54225    
   65.01372      59.87867      54.34077      49.93181      46.08422    
   45.29714      40.87371      35.03981      33.68521      32.40098    
   29.23806      26.39596      24.27776      23.94770      23.45526    
   20.25969      18.09986      17.02856      15.73774      15.22688    
   13.78061      13.39986      11.54963      10.83933      10.19665    
   9.632613      8.115115      7.604047      7.468349      7.421504    
   6.752538      5.727793      5.664628      5.309675      5.033567    
   4.811359      4.188470      4.008189      3.639155      3.340471    
   2.983673      2.951350      2.710184      2.636944      2.575744    
   2.228133      2.051388      1.815819      1.792559      1.699087    
   1.451695      1.419707      1.202912      1.100286      1.042999    
  0.8554535     0.7985425     0.7173669     0.6933004     0.6258519    
  0.5641429     0.5125024     0.4343731     0.3664240     0.3530180    
  0.3384432     0.1727392     0.1205491     0.1004673     0.9441765E-01
  0.6263850E-01 0.4632285E-01 0.4065381E-01 0.8034156E-03 0.4757602E-03
  0.1649033E-03 0.6131073E-04 0.4612615E-04 0.3432297E-04 0.3267872E-04
  0.3180969E-04 0.2999479E-04 0.2693475E-04 0.2188390E-04 0.1648786E-04
  0.1615013E-04 0.1396004E-04 0.1260067E-04 0.1156236E-04 0.1143897E-04
  0.1084390E-04 0.8084950E-05 0.7616052E-05 0.7150255E-05 0.6231945E-05
  0.5591095E-05 0.3331676E-05 0.3231818E-05 0.2712388E-05 0.1940292E-05
  0.1522843E-05 0.1160991E-05 0.1155450E-05 0.8607957E-06 0.7735660E-06
  0.5924549E-06 0.2659144E-06 0.1915758E-06 0.1142132E-06 0.6996662E-07
  0.3583182E-07
 To invert VC matrix, CPU Time was 0.001 seconds and System Time was 0.001 seconds.
 Ratio Threshold = 50.000000       Max Gap (93/94) = 50.601225       Next Max Gap (95/96) = 2.8850868     
 Gap Method for Num. of Estimated Parameters { Phi(~time * origin * ss * year)p(~time + year) } = 93          
 Threshold { Phi(~time * origin * ss * year)p(~time + year) } = 0.1775669               
 Numerical Threshold Method for Num. of Estimated Parameters { Phi(~time * origin * ss * year)p(~time + year) } = 86          
 Number of Estimated Parameters { Phi(~time * origin * ss * year)p(~time + year) } = 93          

   * *  WARNING  * *   Number of parameters estimated from gap method (=93) and threshold method (=86) differ.  Inspect full output. 

  Program  MARK  - Survival Rate Estimation with Capture-Recapture Data
   gfortran(dble/PIM2) Vers. 10.1 March 2023  17-Jun-2024 12:42:42    Page  022
 - - - - - - - - - - - - - - - - - - - - - - - - - - - - - - - - - - - - - -
 
 Ratios of S Vector { Phi(~time * origin * ss * year)p(~time + year) }:
   1/2    1.333232       2/3    2.189221       3/4    1.501853       4/5    1.120018       5/6    1.262994    
   6/7    1.199504       7/8    1.300680       8/9    1.144764       9/10    1.004888       10/11    1.083254    
   11/12    1.080116       12/13    1.024050       13/14    1.184690       14/15    1.045981       15/16    1.028092    
   16/17    1.034613       17/18    1.152440       18/19    1.055842       19/20    1.125668       20/21    1.069655    
   21/22    1.085758       22/23    1.101911       23/24    1.088300       24/25    1.083491       25/26    1.017376    
   26/27    1.108222       27/28    1.166494       28/29    1.040213       29/30    1.039636       30/31    1.108178    
   31/32    1.107672       32/33    1.087249       33/34    1.013782       34/35    1.020995       35/36    1.157730    
   36/37    1.119329       37/38    1.062912       38/39    1.082020       39/40    1.033550       40/41    1.104949    
   41/42    1.028415       42/43    1.160198       43/44    1.065530       44/45    1.063028       45/46    1.058555    
   46/47    1.186996       47/48    1.067210       48/49    1.018170       49/50    1.006312       50/51    1.099069    
   51/52    1.178908       52/53    1.011151       53/54    1.066850       54/55    1.054853       55/56    1.046184    
   56/57    1.148715       57/58    1.044978       58/59    1.101406       59/60    1.089414       60/61    1.119583    
   61/62    1.010952       62/63    1.088985       63/64    1.027775       64/65    1.023760       65/66    1.156010    
   66/67    1.086158       67/68    1.129732       68/69    1.012976       69/70    1.055013       70/71    1.170416    
   71/72    1.022532       72/73    1.180225       73/74    1.093272       74/75    1.054926       75/76    1.219235    
   76/77    1.071269       77/78    1.113158       78/79    1.034713       79/80    1.107771       80/81    1.109385    
   81/82    1.100761       82/83    1.179867       83/84    1.185438       84/85    1.037976       85/86    1.043064    
   86/87    1.959273       87/88    1.432937       88/89    1.199884       89/90    1.064073       90/91    1.507342    
   91/92    1.352216       92/93    1.139446       93/94    50.60123       94/95    1.688699       95/96    2.885087    
   96/97    2.689632       97/98    1.329197       98/99    1.343886       99/100    1.050316       100/101    1.027320    
   101/102    1.060507       102/103    1.113609       103/104    1.230802       104/105    1.327273       105/106    1.020912    
   106/107    1.156883       107/108    1.107881       108/109    1.089801       109/110    1.010787       110/111    1.054876    
   111/112    1.341245       112/113    1.061567       113/114    1.065144       114/115    1.147355       115/116    1.114620    
   116/117    1.678163       117/118    1.030898       118/119    1.191503       119/120    1.397928       120/121    1.274125    
   121/122    1.311674       122/123    1.004796       123/124    1.342305       124/125    1.112763       125/126    1.305696    
   126/127    2.227991       127/128    1.388037       128/129    1.677353       129/130    1.632396       130/131    1.952640    
 DEVIANCE { Phi(~time * origin * ss * year)p(~time + year) } = 12922.934               
 DEVIANCE Degrees of Freedom { Phi(~time * origin * ss * year)p(~time + year) } = 108          
 c-hat { Phi(~time * origin * ss * year)p(~time + year) } = 119.65680               
 AIC { Phi(~time * origin * ss * year)p(~time + year) } = 13094.934               
 AICc { Phi(~time * origin * ss * year)p(~time + year) } = 13095.735               
 BIC { Phi(~time * origin * ss * year)p(~time + year) } = 13769.185               
 Pearson Chisquare { Phi(~time * origin * ss * year)p(~time + year) } = 0.9474361E+10           
 Possible Encounter Histories { Phi(~time * origin * ss * year)p(~time + year) } = 6144          
 Pearson Chisquare df { Phi(~time * origin * ss * year)p(~time + year) } = 6052          
 Pearson chat { Phi(~time * origin * ss * year)p(~time + year) } = 1565492.6               
 Sum(Observed/Expected) { Phi(~time * origin * ss * year)p(~time + year) } = 0.2368585E+10           
 s-bar { Phi(~time * origin * ss * year)p(~time + year) } = 385887.72               
 Fletcher chat { Phi(~time * origin * ss * year)p(~time + year) } = 4.0568499               

   * *  WARNING  * *   Numerical underflow occurred during variance-covariance calculation of this model. 
     IEEE flag status at end of variance-covariance calculation:
     overflow       F
     divide by zero F
     invalid        F
     underflow      T
     inexact        T



   LOGIT Link Function Parameters of { Phi(~time * origin * ss * year)p(~time + year) }
                                                              95% Confidence Interval
    Parameter                  Beta         Standard Error     Lower           Upper
 -------------------------  --------------  --------------  --------------  --------------
    1:Phi:(Intercept)        32.159000       0.0000000       32.159000       32.159000    
    2:Phi:time2.9           -27.714488       0.0000000      -27.714488      -27.714488    
    3:Phi:time9.81          -25.243490       0.0000000      -25.243490      -25.243490    
    4:Phi:time18.14         -26.222979       0.0000000      -26.222979      -26.222979    

  Program  MARK  - Survival Rate Estimation with Capture-Recapture Data
   gfortran(dble/PIM2) Vers. 10.1 March 2023  17-Jun-2024 12:42:43    Page  023
 - - - - - - - - - - - - - - - - - - - - - - - - - - - - - - - - - - - - - -
 
    5:Phi:time25.84         -25.854593       0.0000000      -25.854593      -25.854593    
    6:Phi:time31.63         -14.756269       0.0000000      -14.756269      -14.756269    
    7:Phi:time35.5          -26.443435       0.0000000      -26.443435      -26.443435    
    8:Phi:time41.93         -28.614923       0.0000000      -28.614923      -28.614923    
    9:Phi:time45.63         -27.751148       0.0000000      -27.751148      -27.751148    
   10:Phi:time61.63         -26.940017       0.0000000      -26.940017      -26.940017    
   11:Phi:originwild        -5.0918789       0.0000000      -5.0918789      -5.0918789    
   12:Phi:ss                -0.4309623       0.0000000      -0.4309623      -0.4309623    
   13:Phi:year2011          -5.7390054       0.0000000      -5.7390054      -5.7390054    
   14:Phi:year2012          -9.0457549       0.0000000      -9.0457549      -9.0457549    
   15:Phi:time2.9:originwi   6.9766589       0.0000000       6.9766589       6.9766589    
   16:Phi:time9.81:originw   3.9122874       0.0000000       3.9122874       3.9122874    
   17:Phi:time18.14:origin   12.647482       0.0000000       12.647482       12.647482    
   18:Phi:time25.84:origin   5.5010734       0.0000000       5.5010734       5.5010734    
   19:Phi:time31.63:origin   20.735268       0.0000000       20.735268       20.735268    
   20:Phi:time35.5:originw   3.6552437       0.0000000       3.6552437       3.6552437    
   21:Phi:time41.93:origin   6.6892879       0.0000000       6.6892879       6.6892879    
   22:Phi:time45.63:origin   4.9265489       0.0000000       4.9265489       4.9265489    
   23:Phi:time61.63:origin   4.3940125       0.0000000       4.3940125       4.3940125    
   24:Phi:time2.9:ss         1.2886374       0.0000000       1.2886374       1.2886374    
   25:Phi:time9.81:ss        0.1628647       0.0000000       0.1628647       0.1628647    
   26:Phi:time18.14:ss       0.1490918       0.0000000       0.1490918       0.1490918    
   27:Phi:time25.84:ss       0.1507114       0.0000000       0.1507114       0.1507114    
   28:Phi:time31.63:ss       2.7900463       0.0000000       2.7900463       2.7900463    
   29:Phi:time35.5:ss        0.1494041       0.0000000       0.1494041       0.1494041    
   30:Phi:time41.93:ss       0.1396813       0.0000000       0.1396813       0.1396813    
   31:Phi:time45.63:ss      -0.3128861       0.0000000      -0.3128861      -0.3128861    
   32:Phi:time61.63:ss      -0.4506809       0.0000000      -0.4506809      -0.4506809    
   33:Phi:originwild:ss     -2.3339104       0.0000000      -2.3339104      -2.3339104    
   34:Phi:time2.9:year2011   35.307333       0.0000000       35.307333       35.307333    
   35:Phi:time9.81:year201   16.136499       0.0000000       16.136499       16.136499    
   36:Phi:time18.14:year20   24.432284       0.0000000       24.432284       24.432284    
   37:Phi:time25.84:year20   21.804804       0.0000000       21.804804       21.804804    
   38:Phi:time31.63:year20  -6.2619716       0.0000000      -6.2619716      -6.2619716    
   39:Phi:time35.5:year201   5.2635974       0.0000000       5.2635974       5.2635974    
   40:Phi:time41.93:year20   6.4904746       0.0000000       6.4904746       6.4904746    
   41:Phi:time45.63:year20   6.2987430       0.0000000       6.2987430       6.2987430    
   42:Phi:time61.63:year20   5.3258553       0.0000000       5.3258553       5.3258553    
   43:Phi:time2.9:year2012   11.657267       0.0000000       11.657267       11.657267    
   44:Phi:time9.81:year201   22.992878       0.0000000       22.992878       22.992878    
   45:Phi:time18.14:year20   9.0950480       0.0000000       9.0950480       9.0950480    
   46:Phi:time25.84:year20   33.221995       1009.1166      -1944.6466       2011.0906    
   47:Phi:time31.63:year20   21.664497       0.0000000       21.664497       21.664497    
   48:Phi:time35.5:year201   7.9849820       0.0000000       7.9849820       7.9849820    
   49:Phi:time41.93:year20   12.215125       0.0000000       12.215125       12.215125    
   50:Phi:time45.63:year20   9.8775418       0.0000000       9.8775418       9.8775418    

  Program  MARK  - Survival Rate Estimation with Capture-Recapture Data
   gfortran(dble/PIM2) Vers. 10.1 March 2023  17-Jun-2024 12:42:43    Page  024
 - - - - - - - - - - - - - - - - - - - - - - - - - - - - - - - - - - - - - -
 
   51:Phi:time61.63:year20   8.8162423       0.0000000       8.8162423       8.8162423    
   52:Phi:originwild:year2  -2.0029509       0.0000000      -2.0029509      -2.0029509    
   53:Phi:originwild:year2   20.527034       0.0000000       20.527034       20.527034    
   54:Phi:ss:year2011       -8.2630315       0.0000000      -8.2630315      -8.2630315    
   55:Phi:ss:year2012       -2.1026571       0.0000000      -2.1026571      -2.1026571    
   56:Phi:time2.9:originwi   2.5578802       0.0000000       2.5578802       2.5578802    
   57:Phi:time9.81:originw   2.5057748       0.0000000       2.5057748       2.5057748    
   58:Phi:time18.14:origin  -9.9189537       0.0000000      -9.9189537      -9.9189537    
   59:Phi:time25.84:origin   3.6508695       0.0000000       3.6508695       3.6508695    
   60:Phi:time31.63:origin  -1.0586007       122.95399      -242.04842       239.93122    
   61:Phi:time35.5:originw   2.4178774       0.0000000       2.4178774       2.4178774    
   62:Phi:time41.93:origin   2.1097895       0.0000000       2.1097895       2.1097895    
   63:Phi:time45.63:origin   3.4128216       0.0000000       3.4128216       3.4128216    
   64:Phi:time61.63:origin   4.0740016       0.0000000       4.0740016       4.0740016    
   65:Phi:time2.9:originwi  -30.086991       0.0000000      -30.086991      -30.086991    
   66:Phi:time9.81:originw   4.7790964       479.13924      -934.33384       943.89203    
   67:Phi:time18.14:origin  -25.835115       0.0000000      -25.835115      -25.835115    
   68:Phi:time25.84:origin  -12.101475       0.0000000      -12.101475      -12.101475    
   69:Phi:time31.63:origin   26.464159       0.0000000       26.464159       26.464159    
   70:Phi:time35.5:originw   2.1527324       0.0000000       2.1527324       2.1527324    
   71:Phi:time41.93:origin   24.920760       2230.3317      -4346.5295       4396.3710    
   72:Phi:time45.63:origin   1.7911436       0.0000000       1.7911436       1.7911436    
   73:Phi:time61.63:origin   1.5412843       0.0000000       1.5412843       1.5412843    
   74:Phi:time2.9:originwi  -24.797441       0.0000000      -24.797441      -24.797441    
   75:Phi:time9.81:originw  -34.122667       0.0000000      -34.122667      -34.122667    
   76:Phi:time18.14:origin  -29.054242       0.0000000      -29.054242      -29.054242    
   77:Phi:time25.84:origin  -28.578093       4500.4939      -8849.5463       8792.3902    
   78:Phi:time31.63:origin  -60.958479       0.0000000      -60.958479      -60.958479    
   79:Phi:time35.5:originw  -19.546158       0.0000000      -19.546158      -19.546158    
   80:Phi:time41.93:origin   29.961728       0.0000000       29.961728       29.961728    
   81:Phi:time45.63:origin  -20.462648       0.0000000      -20.462648      -20.462648    
   82:Phi:time61.63:origin  -19.865555       0.0000000      -19.865555      -19.865555    
   83:Phi:time2.9:ss:year2  -34.639757       0.0000000      -34.639757      -34.639757    
   84:Phi:time9.81:ss:year  -9.2307302       0.0000000      -9.2307302      -9.2307302    
   85:Phi:time18.14:ss:yea   12.677474       0.0000000       12.677474       12.677474    
   86:Phi:time25.84:ss:yea   17.624467       0.0000000       17.624467       17.624467    
   87:Phi:time31.63:ss:yea   7.2248023       0.0000000       7.2248023       7.2248023    
   88:Phi:time35.5:ss:year   9.2242315       0.0000000       9.2242315       9.2242315    
   89:Phi:time41.93:ss:yea   8.9702319       0.0000000       8.9702319       8.9702319    
   90:Phi:time45.63:ss:yea   8.6698710       0.0000000       8.6698710       8.6698710    
   91:Phi:time61.63:ss:yea   8.2772912       0.0000000       8.2772912       8.2772912    
   92:Phi:time2.9:ss:year2   2.4114996       0.0000000       2.4114996       2.4114996    
   93:Phi:time9.81:ss:year  -20.755848       0.0000000      -20.755848      -20.755848    
   94:Phi:time18.14:ss:yea   2.8276828       0.0000000       2.8276828       2.8276828    
   95:Phi:time25.84:ss:yea  -13.415787       1137.8273      -2243.5573       2216.7257    
   96:Phi:time31.63:ss:yea   4.0665804       0.0000000       4.0665804       4.0665804    

  Program  MARK  - Survival Rate Estimation with Capture-Recapture Data
   gfortran(dble/PIM2) Vers. 10.1 March 2023  17-Jun-2024 12:42:43    Page  025
 - - - - - - - - - - - - - - - - - - - - - - - - - - - - - - - - - - - - - -
 
   97:Phi:time35.5:ss:year   1.8513482       0.0000000       1.8513482       1.8513482    
   98:Phi:time41.93:ss:yea   3.4961426       0.0000000       3.4961426       3.4961426    
   99:Phi:time45.63:ss:yea   3.4034991       0.0000000       3.4034991       3.4034991    
  100:Phi:time61.63:ss:yea   2.4351030       0.0000000       2.4351030       2.4351030    
  101:Phi:originwild:ss:ye   7.6271141       0.0000000       7.6271141       7.6271141    
  102:Phi:originwild:ss:ye   5.5051396       0.0000000       5.5051396       5.5051396    
  103:Phi:time2.9:originwi   34.365175       0.0000000       34.365175       34.365175    
  104:Phi:time9.81:originw   10.619204       0.0000000       10.619204       10.619204    
  105:Phi:time18.14:origin   0.7166432       0.0000000       0.7166432       0.7166432    
  106:Phi:time25.84:origin  -25.740982       0.0000000      -25.740982      -25.740982    
  107:Phi:time31.63:origin   4.9932277       0.0000000       4.9932277       4.9932277    
  108:Phi:time35.5:originw  -8.9328702       0.0000000      -8.9328702      -8.9328702    
  109:Phi:time41.93:origin  -4.3004325       392.86776      -774.32126       765.72040    
  110:Phi:time45.63:origin  -7.8631594       0.0000000      -7.8631594      -7.8631594    
  111:Phi:time61.63:origin  -8.7391756       0.0000000      -8.7391756      -8.7391756    
  112:Phi:time2.9:originwi  -7.2597597       0.0000000      -7.2597597      -7.2597597    
  113:Phi:time9.81:originw   17.087485       0.0000000       17.087485       17.087485    
  114:Phi:time18.14:origin   5.9408692       0.0000000       5.9408692       5.9408692    
  115:Phi:time25.84:origin   9.1765977       991.98244      -1935.1090       1953.4622    
  116:Phi:time31.63:origin  -6.7998216       0.0000000      -6.7998216      -6.7998216    
  117:Phi:time35.5:originw  -5.1794870       0.0000000      -5.1794870      -5.1794870    
  118:Phi:time41.93:origin   14.389356       0.0000000       14.389356       14.389356    
  119:Phi:time45.63:origin  -7.9648244       0.0000000      -7.9648244      -7.9648244    
  120:Phi:time61.63:origin  -6.5715360       0.0000000      -6.5715360      -6.5715360    
  121:p:(Intercept)          3.2247696       0.1258928       2.9780196       3.4715196    
  122:p:time9.81            -0.1970416       0.1599181      -0.5104810       0.1163978    
  123:p:time18.14           -0.8565502       0.1431459      -1.1371162      -0.5759842    
  124:p:time25.84           -0.7227035       0.1462357      -1.0093254      -0.4360815    
  125:p:time31.63           -0.9229531       0.1421411      -1.2015496      -0.6443566    
  126:p:time35.5             0.4626238       0.1922377       0.0858379       0.8394096    
  127:p:time41.93           -0.8100037       0.1471875      -1.0984912      -0.5215162    
  128:p:time45.63           -0.3877228       0.1640359      -0.7092331      -0.0662124    
  129:p:time61.63           -0.4277716       0.1740394      -0.7688888      -0.0866545    
  130:p:year2011             0.5404170       0.0918256       0.3604388       0.7203952    
  131:p:year2012            -0.1501166       0.0770636      -0.3011612       0.9279616E-03


      Real Function Parameters of { Phi(~time * origin * ss * year)p(~time + year) }

      Following estimates based on unstandardized individual covariate values:
          Variable                 Value        
          ----------------------  ------------- 
          SS                       0.3696858E-09
                                                               95% Confidence Interval
     Parameter                Estimate       Standard Error     Lower           Upper
 --------------------------  --------------  --------------  --------------  --------------

  Program  MARK  - Survival Rate Estimation with Capture-Recapture Data
   gfortran(dble/PIM2) Vers. 10.1 March 2023  17-Jun-2024 12:42:43    Page  026
 - - - - - - - - - - - - - - - - - - - - - - - - - - - - - - - - - - - - - -
 
     1:Phi ghatchery2010 c1   1.0000000       0.0000000       1.0000000       1.0000000       
     2:Phi ghatchery2010 c1   0.9883935       0.0028867       0.9811333       0.9928801       
     3:Phi ghatchery2010 c1   0.9990087       0.0010010       0.9928558       0.9998632       
     4:Phi ghatchery2010 c1   0.9973644       0.0016443       0.9910754       0.9992251       
     5:Phi ghatchery2010 c1   0.9981751       0.0015700       0.9901962       0.9996625       
     6:Phi ghatchery2010 c1   1.0000000       0.0000000       1.0000000       1.0000000       
     7:Phi ghatchery2010 c1   0.9967165       0.0021282       0.9883528       0.9990799       
     8:Phi ghatchery2010 c1   0.9719162       0.0079093       0.9514838       0.9838893       
     9:Phi ghatchery2010 c1   0.9879653       0.0024850       0.9819823       0.9919778       
    10:Phi ghatchery2010 c1   0.9946163       0.0019847       0.9889313       0.9973892       
    11:Phi gwild2010 c1 a0    1.0000000       0.0000000       1.0000000       1.0000000       
    12:Phi gwild2010 c1 a1.   0.9982199       0.0010678       0.9942427       0.9994511       
    13:Phi gwild2010 c1 a8.   0.9967825       0.0012451       0.9931390       0.9984940       
    14:Phi gwild2010 c1 a17   0.9999986       0.0000000       0.9999986       0.9999986       
    15:Phi gwild2010 c1 a24   0.9987872       0.0010126       0.9937885       0.9997641       
    16:Phi gwild2010 c1 a30   1.0000000       0.0000000       1.0000000       1.0000000       
    17:Phi gwild2010 c1 a34   0.9863319       0.0029239       0.9792417       0.9910226       
    18:Phi gwild2010 c1 a40   0.9941850       0.0035088       0.9811440       0.9982231       
    19:Phi gwild2010 c1 a44   0.9858323       0.0022757       0.9806053       0.9896654       
    20:Phi gwild2010 c1 a60   0.9892402       0.0019141       0.9847628       0.9924120       
    21:Phi ghatchery2011 c1   1.0000000       0.0000000       1.0000000       1.0000000       
    22:Phi ghatchery2011 c1   1.0000000       0.0000000       1.0000000       1.0000000       
    23:Phi ghatchery2011 c1   1.0000000       0.0000000       1.0000000       1.0000000       
    24:Phi ghatchery2011 c1   1.0000000       0.0000000       1.0000000       1.0000000       
    25:Phi ghatchery2011 c1   1.0000000       0.0000000       1.0000000       1.0000000       
    26:Phi ghatchery2011 c1   0.9955116       0.0016792       0.9906701       0.9978462       
    27:Phi ghatchery2011 c1   0.9947285       0.0014931       0.9908251       0.9969763       
    28:Phi ghatchery2011 c1   0.9865541       0.0034052       0.9779557       0.9918267       
    29:Phi ghatchery2011 c1   0.9930882       0.0015183       0.9893770       0.9955088       
    30:Phi ghatchery2011 c1   0.9918845       0.0018542       0.9873125       0.9948176       
    31:Phi gwild2011 c1 a0    1.0000000       0.0000000       1.0000000       1.0000000       
    32:Phi gwild2011 c1 a1.   0.9782825       0.0062882       0.9618587       0.9877243       
    33:Phi gwild2011 c1 a8.   1.0000000       0.3069605E-05   0.9999940       1.0000060       
    34:Phi gwild2011 c1 a17   0.9872178       0.0050772       0.9723001       0.9941500       
    35:Phi gwild2011 c1 a24   0.9998292       0.0150771       0.4028831E-71   1.0000000       
    36:Phi gwild2011 c1 a30   1.0000000       0.0000000       1.0000000       1.0000000       
    37:Phi gwild2011 c1 a34   0.9811702       0.0067263       0.9623022       0.9906860       
    38:Phi gwild2011 c1 a40   1.0000000       0.6867811E-09   1.0000000       1.0000000       
    39:Phi gwild2011 c1 a44   0.9899537       0.0039278       0.9784666       0.9953421       
    40:Phi gwild2011 c1 a60   0.9745758       0.0056707       0.9607489       0.9836150       
    41:Phi ghatchery2012 c1   1.0000000       0.0000000       1.0000000       1.0000000       
    42:Phi ghatchery2012 c1   0.9991385       0.5705488E-03   0.9968487       0.9997649       
    43:Phi ghatchery2012 c1   1.0000000       0.0000000       1.0000000       1.0000000       
    44:Phi ghatchery2012 c1   0.9974909       0.8991005E-03   0.9949395       0.9987575       
    45:Phi ghatchery2012 c1   1.0000000       0.5875540E-10   1.0000000       1.0000000       
    46:Phi ghatchery2012 c1   1.0000000       0.0000000       1.0000000       1.0000000       

  Program  MARK  - Survival Rate Estimation with Capture-Recapture Data
   gfortran(dble/PIM2) Vers. 10.1 March 2023  17-Jun-2024 12:42:43    Page  027
 - - - - - - - - - - - - - - - - - - - - - - - - - - - - - - - - - - - - - -
 
    47:Phi ghatchery2012 c1   0.9905738       0.0022063       0.9851041       0.9940472       
    48:Phi ghatchery2012 c1   0.9987870       0.0012293       0.9912041       0.9998338       
    49:Phi ghatchery2012 c1   0.9947258       0.0010563       0.9921939       0.9964394       
    50:Phi ghatchery2012 c1   0.9932368       0.0011775       0.9904905       0.9951938       
    51:Phi gwild2012 c1 a0    1.0000000       0.0000000       1.0000000       1.0000000       
    52:Phi gwild2012 c1 a1.   0.9907184       0.0036650       0.9799487       0.9957288       
    53:Phi gwild2012 c1 a8.   0.9977339       0.0018185       0.9891322       0.9995307       
    54:Phi gwild2012 c1 a17   0.9933977       0.0030492       0.9837376       0.9973351       
    55:Phi gwild2012 c1 a24   1.0000000       0.4706988E-06   0.9999991       1.0000009       
    56:Phi gwild2012 c1 a30   0.9946930       0.0039578       0.9773325       0.9987742       
    57:Phi gwild2012 c1 a34   0.9852119       0.0050145       0.9713754       0.9924124       
    58:Phi gwild2012 c1 a40   1.0000000       0.0000000       1.0000000       1.0000000       
    59:Phi gwild2012 c1 a44   0.9941689       0.0020881       0.9882574       0.9971131       
    60:Phi gwild2012 c1 a60   0.9929879       0.0021247       0.9873203       0.9961321       
    61:p ghatchery2010 c1 a   0.9617558       0.0046305       0.9515712       0.9698665       
    62:p ghatchery2010 c1 a   0.9538112       0.0052333       0.9423996       0.9630506       
    63:p ghatchery2010 c1 a   0.9143715       0.0074448       0.8986079       0.9278811       
    64:p ghatchery2010 c1 a   0.9242865       0.0069726       0.9094371       0.9368702       
    65:p ghatchery2010 c1 a   0.9090274       0.0077398       0.8926764       0.9231018       
    66:p ghatchery2010 c1 a   0.9755744       0.0038023       0.9669027       0.9820163       
    67:p ghatchery2010 c1 a   0.9179464       0.0076419       0.9016690       0.9317333       
    68:p ghatchery2010 c1 a   0.9446452       0.0065787       0.9302449       0.9562127       
    69:p ghatchery2010 c1 a   0.9425134       0.0075190       0.9258762       0.9555954       
    70:p ghatchery2011 c1 a   0.9773611       0.0029380       0.9708278       0.9824577       
    71:p ghatchery2011 c1 a   0.9725657       0.0033614       0.9651496       0.9784390       
    72:p ghatchery2011 c1 a   0.9482717       0.0050670       0.9373899       0.9573483       
    73:p ghatchery2011 c1 a   0.9544569       0.0046848       0.9443411       0.9628066       
    74:p ghatchery2011 c1 a   0.9449158       0.0053076       0.9335391       0.9544401       
    75:p ghatchery2011 c1 a   0.9856254       0.0023408       0.9802370       0.9895602       
    76:p ghatchery2011 c1 a   0.9505079       0.0051164       0.9394606       0.9596259       
    77:p ghatchery2011 c1 a   0.9669928       0.0041704       0.9577657       0.9742581       
    78:p ghatchery2011 c1 a   0.9656903       0.0047634       0.9550250       0.9738956       
    79:p ghatchery2012 c1 a   0.9558350       0.0051908       0.9444672       0.9649621       
    80:p ghatchery2012 c1 a   0.9467285       0.0058220       0.9340941       0.9570522       
    81:p ghatchery2012 c1 a   0.9018634       0.0080592       0.8848954       0.9165660       
    82:p ghatchery2012 c1 a   0.9130891       0.0075980       0.8969967       0.9268723       
    83:p ghatchery2012 c1 a   0.8958275       0.0083437       0.8783032       0.9110838       
    84:p ghatchery2012 c1 a   0.9717300       0.0043183       0.9619174       0.9790693       
    85:p ghatchery2012 c1 a   0.9059067       0.0082686       0.8884020       0.9209101       
    86:p ghatchery2012 c1 a   0.9362510       0.0071679       0.9206742       0.9489387       
    87:p ghatchery2012 c1 a   0.9338185       0.0082128       0.9157856       0.9482084       
    88:p ghatchery2010 c1 a   0.9900000       0.0000000       0.9900000       0.9900000      Fixed

 To compute parameter estimates, CPU Time was 0.031 seconds and System Time was 0.031 seconds.

 Attempted ordering of parameters by estimatibility:
    1 121  11  10  13 131   9  14 125 123 124  12 130 127   7 122   2  23  53 128  51   8 129  41  52
   22   4  42  55  48  32 126  20   3  31  33  34  50  24  54  30  73  40  29   6  39  45  15 100  44
   16  90  17  81 102  79  26  63  83  82  43  97  37  64  72  91  21 112 101  36  25  99  61  70 114
   62  76  88  74 119  89  27 120  92  98 110  49  56 111  93  80  59  57   5  68 103  75  35  78  18
  117  67 108  85  65 118  47  87  58  66 113  60  19 106  94  38 105  96  46  28  84  69  86 116 109
  104  95  71 115 107  77
 Beta number 77 is a singular value.

   For procedure estimate CPU Time was 11.575 minutes and System Time was 112.156 seconds       .

  Program  MARK  - Survival Rate Estimation with Capture-Recapture Data
   gfortran(dble/PIM2) Vers. 10.1 March 2023  17-Jun-2024 12:42:43    Page  028
 - - - - - - - - - - - - - - - - - - - - - - - - - - - - - - - - - - - - - -
 


  INPUT --- proc stop;

     For this job, CPU Time in minutes was 11.575 and System Time in minutes was 1.870.

     Time Start = 12:40:50.830   Time End = 12:42:43.020

     Wall Clock Time in minutes for this job was 1.870.

     Maximum of 131 words used of 4096 words allocated.


          E X E C U T I O N   S U C C E S S F U L 
