
   Program  MARK  - Survival Rate Estimation with Capture-Recapture Data
   gfortran(dble/PIM2) Vers. 10.1 March 2023  17-Jun-2024 12:40:03    Page  001
    
 - - - - - - - - - - - - - - - - - - - - - - - - - - - - - - - - - - - - - -
 
   Welcome to MARK amolina6 on machine 6ZB4TV3 in subdirectory 
   "C:\Users\amolina6\OneDrive - University of Tennessee\Documents\projects\Hawkes" running file "mark060.inp".
   This version was compiled by GCC version 12.2.0 using the options: 
     -cpp -iprefix c:\tdm-gcc-64\mingw64\bin\../lib/gcc/x86_64-w64-mingw32/12.2.0/
     -D_MT -D_REENTRANT -U_REENTRANT -D ieee -D dbleprecision -m64 -mtune=generic
     -march=x86-64 -mthreads -O3 -std=f2018 -fsignaling-nans
     -ffpe-summary=invalid,zero,overflow,underflow -funroll-loops -ffast-math
     -fall-intrinsics -fopenmp.

   This problem will use 19 of 20 possible threads.
   Static thread allocation is used.
   Schedule kind is omp_sched_dynamic with chunk size 1


  INPUT --- proc title ;

   For procedure title CPU Time was 0.001 seconds and System Time was 0.001 seconds       .


  INPUT --- proc chmatrix occasions= 11 groups= 6 etype= Live Nodes= 
  INPUT --- 101 icovar = 1 ICMeans  NoHist hist= 251 ;

  INPUT ---    time interval 1.9 6.91 8.33 7.7 5.79 3.87 6.43 3.7 16 22.99 
  INPUT ---    ;

  INPUT ---     icovariates dis ;

  INPUT ---    glabel(1)=originhatchery.year2010;

  INPUT ---    glabel(2)=originwild.year2010;

  INPUT ---    glabel(3)=originhatchery.year2011;

  INPUT ---    glabel(4)=originwild.year2011;

  INPUT ---    glabel(5)=originhatchery.year2012;

  INPUT ---    glabel(6)=originwild.year2012;

      Number of unique encounter histories read was 251.

      Number of individual covariates read was 1.
      Time interval lengths vary and/or not equal to 1.

      Data type number is 1
      Data type is Live Recaptures (CJS)

   For procedure chmatrix CPU Time was 0.001 seconds and System Time was 0.001 seconds       .

  Program  MARK  - Survival Rate Estimation with Capture-Recapture Data
   gfortran(dble/PIM2) Vers. 10.1 March 2023  17-Jun-2024 12:40:03    Page  002
 - - - - - - - - - - - - - - - - - - - - - - - - - - - - - - - - - - - - - -
 


  INPUT --- proc estimate link=Logit NOLOOP varest=2ndPart    ;


  INPUT --- model={ Phi(~time * origin * dis + I(dis^2) * year)p(~time 
  INPUT --- + year) };

  INPUT ---    fixed=1;
  INPUT ---        parm(88)=0.99 ;

  INPUT ---    group=1 Phi    rows=10 cols=10 Triang ;
  INPUT ---        1 2 3 4 5 6 7 8 9 10 ;
  INPUT ---        2 3 4 5 6 7 8 9 10 ;
  INPUT ---        3 4 5 6 7 8 9 10 ;
  INPUT ---        4 5 6 7 8 9 10 ;
  INPUT ---        5 6 7 8 9 10 ;
  INPUT ---        6 7 8 9 10 ;
  INPUT ---        7 8 9 10 ;
  INPUT ---        8 9 10 ;
  INPUT ---        9 10 ;
  INPUT ---        10 ;

  INPUT ---    group=2 Phi    rows=10 cols=10 Triang ;
  INPUT ---        11 12 13 14 15 16 17 18 19 20 ;
  INPUT ---        12 13 14 15 16 17 18 19 20 ;
  INPUT ---        13 14 15 16 17 18 19 20 ;
  INPUT ---        14 15 16 17 18 19 20 ;
  INPUT ---        15 16 17 18 19 20 ;
  INPUT ---        16 17 18 19 20 ;
  INPUT ---        17 18 19 20 ;
  INPUT ---        18 19 20 ;
  INPUT ---        19 20 ;
  INPUT ---        20 ;

  INPUT ---    group=3 Phi    rows=10 cols=10 Triang ;
  INPUT ---        21 22 23 24 25 26 27 28 29 30 ;
  INPUT ---        22 23 24 25 26 27 28 29 30 ;
  INPUT ---        23 24 25 26 27 28 29 30 ;
  INPUT ---        24 25 26 27 28 29 30 ;
  INPUT ---        25 26 27 28 29 30 ;
  INPUT ---        26 27 28 29 30 ;
  INPUT ---        27 28 29 30 ;
  INPUT ---        28 29 30 ;
  INPUT ---        29 30 ;
  INPUT ---        30 ;

  Program  MARK  - Survival Rate Estimation with Capture-Recapture Data
   gfortran(dble/PIM2) Vers. 10.1 March 2023  17-Jun-2024 12:40:03    Page  003
 - - - - - - - - - - - - - - - - - - - - - - - - - - - - - - - - - - - - - -
 

  INPUT ---    group=4 Phi    rows=10 cols=10 Triang ;
  INPUT ---        31 32 33 34 35 36 37 38 39 40 ;
  INPUT ---        32 33 34 35 36 37 38 39 40 ;
  INPUT ---        33 34 35 36 37 38 39 40 ;
  INPUT ---        34 35 36 37 38 39 40 ;
  INPUT ---        35 36 37 38 39 40 ;
  INPUT ---        36 37 38 39 40 ;
  INPUT ---        37 38 39 40 ;
  INPUT ---        38 39 40 ;
  INPUT ---        39 40 ;
  INPUT ---        40 ;

  INPUT ---    group=5 Phi    rows=10 cols=10 Triang ;
  INPUT ---        41 42 43 44 45 46 47 48 49 50 ;
  INPUT ---        42 43 44 45 46 47 48 49 50 ;
  INPUT ---        43 44 45 46 47 48 49 50 ;
  INPUT ---        44 45 46 47 48 49 50 ;
  INPUT ---        45 46 47 48 49 50 ;
  INPUT ---        46 47 48 49 50 ;
  INPUT ---        47 48 49 50 ;
  INPUT ---        48 49 50 ;
  INPUT ---        49 50 ;
  INPUT ---        50 ;

  INPUT ---    group=6 Phi    rows=10 cols=10 Triang ;
  INPUT ---        51 52 53 54 55 56 57 58 59 60 ;
  INPUT ---        52 53 54 55 56 57 58 59 60 ;
  INPUT ---        53 54 55 56 57 58 59 60 ;
  INPUT ---        54 55 56 57 58 59 60 ;
  INPUT ---        55 56 57 58 59 60 ;
  INPUT ---        56 57 58 59 60 ;
  INPUT ---        57 58 59 60 ;
  INPUT ---        58 59 60 ;
  INPUT ---        59 60 ;
  INPUT ---        60 ;

  INPUT ---    group=1 p    rows=10 cols=10 Triang ;
  INPUT ---        61 62 63 64 65 66 67 68 69 88 ;
  INPUT ---        62 63 64 65 66 67 68 69 88 ;
  INPUT ---        63 64 65 66 67 68 69 88 ;
  INPUT ---        64 65 66 67 68 69 88 ;
  INPUT ---        65 66 67 68 69 88 ;
  INPUT ---        66 67 68 69 88 ;
  INPUT ---        67 68 69 88 ;
  INPUT ---        68 69 88 ;

  Program  MARK  - Survival Rate Estimation with Capture-Recapture Data
   gfortran(dble/PIM2) Vers. 10.1 March 2023  17-Jun-2024 12:40:03    Page  004
 - - - - - - - - - - - - - - - - - - - - - - - - - - - - - - - - - - - - - -
 
  INPUT ---        69 88 ;
  INPUT ---        88 ;

  INPUT ---    group=2 p    rows=10 cols=10 Triang ;
  INPUT ---        61 62 63 64 65 66 67 68 69 88 ;
  INPUT ---        62 63 64 65 66 67 68 69 88 ;
  INPUT ---        63 64 65 66 67 68 69 88 ;
  INPUT ---        64 65 66 67 68 69 88 ;
  INPUT ---        65 66 67 68 69 88 ;
  INPUT ---        66 67 68 69 88 ;
  INPUT ---        67 68 69 88 ;
  INPUT ---        68 69 88 ;
  INPUT ---        69 88 ;
  INPUT ---        88 ;

  INPUT ---    group=3 p    rows=10 cols=10 Triang ;
  INPUT ---        70 71 72 73 74 75 76 77 78 88 ;
  INPUT ---        71 72 73 74 75 76 77 78 88 ;
  INPUT ---        72 73 74 75 76 77 78 88 ;
  INPUT ---        73 74 75 76 77 78 88 ;
  INPUT ---        74 75 76 77 78 88 ;
  INPUT ---        75 76 77 78 88 ;
  INPUT ---        76 77 78 88 ;
  INPUT ---        77 78 88 ;
  INPUT ---        78 88 ;
  INPUT ---        88 ;

  INPUT ---    group=4 p    rows=10 cols=10 Triang ;
  INPUT ---        70 71 72 73 74 75 76 77 78 88 ;
  INPUT ---        71 72 73 74 75 76 77 78 88 ;
  INPUT ---        72 73 74 75 76 77 78 88 ;
  INPUT ---        73 74 75 76 77 78 88 ;
  INPUT ---        74 75 76 77 78 88 ;
  INPUT ---        75 76 77 78 88 ;
  INPUT ---        76 77 78 88 ;
  INPUT ---        77 78 88 ;
  INPUT ---        78 88 ;
  INPUT ---        88 ;

  INPUT ---    group=5 p    rows=10 cols=10 Triang ;
  INPUT ---        79 80 81 82 83 84 85 86 87 88 ;
  INPUT ---        80 81 82 83 84 85 86 87 88 ;
  INPUT ---        81 82 83 84 85 86 87 88 ;
  INPUT ---        82 83 84 85 86 87 88 ;
  INPUT ---        83 84 85 86 87 88 ;
  INPUT ---        84 85 86 87 88 ;

  Program  MARK  - Survival Rate Estimation with Capture-Recapture Data
   gfortran(dble/PIM2) Vers. 10.1 March 2023  17-Jun-2024 12:40:03    Page  005
 - - - - - - - - - - - - - - - - - - - - - - - - - - - - - - - - - - - - - -
 
  INPUT ---        85 86 87 88 ;
  INPUT ---        86 87 88 ;
  INPUT ---        87 88 ;
  INPUT ---        88 ;

  INPUT ---    group=6 p    rows=10 cols=10 Triang ;
  INPUT ---        79 80 81 82 83 84 85 86 87 88 ;
  INPUT ---        80 81 82 83 84 85 86 87 88 ;
  INPUT ---        81 82 83 84 85 86 87 88 ;
  INPUT ---        82 83 84 85 86 87 88 ;
  INPUT ---        83 84 85 86 87 88 ;
  INPUT ---        84 85 86 87 88 ;
  INPUT ---        85 86 87 88 ;
  INPUT ---        86 87 88 ;
  INPUT ---        87 88 ;
  INPUT ---        88 ;

  INPUT ---    design matrix constraints=88 covariates=56;
  INPUT ---        1 0 0 0 0 0 0 0 0 0 0 dis 1 0 0 0 0 0 0 0 0 0 0 0 0 0 0 0 
  INPUT ---       0 0 0 0 0 0 0 0 0 0 0 0 0 0 0 0 0 0 0 0 0 0 0 0 0 0 0 0;
  INPUT ---        1 1 0 0 0 0 0 0 0 0 0 dis 1 0 0 0 0 0 0 0 0 0 0 0 dis 0 0 
  INPUT ---       0 0 0 0 0 0 0 0 0 0 0 0 0 0 0 0 0 0 0 0 0 0 0 0 0 0 0 0 0;
  INPUT ---        1 0 1 0 0 0 0 0 0 0 0 dis 1 0 0 0 0 0 0 0 0 0 0 0 0 dis 0 
  INPUT ---       0 0 0 0 0 0 0 0 0 0 0 0 0 0 0 0 0 0 0 0 0 0 0 0 0 0 0 0 0;
  INPUT ---        1 0 0 1 0 0 0 0 0 0 0 dis 1 0 0 0 0 0 0 0 0 0 0 0 0 0 dis 
  INPUT ---       0 0 0 0 0 0 0 0 0 0 0 0 0 0 0 0 0 0 0 0 0 0 0 0 0 0 0 0 0;
  INPUT ---        1 0 0 0 1 0 0 0 0 0 0 dis 1 0 0 0 0 0 0 0 0 0 0 0 0 0 0 
  INPUT ---       dis 0 0 0 0 0 0 0 0 0 0 0 0 0 0 0 0 0 0 0 0 0 0 0 0 0 0 0 0;
  INPUT ---        1 0 0 0 0 1 0 0 0 0 0 dis 1 0 0 0 0 0 0 0 0 0 0 0 0 0 0 0 
  INPUT ---       dis 0 0 0 0 0 0 0 0 0 0 0 0 0 0 0 0 0 0 0 0 0 0 0 0 0 0 0;
  INPUT ---        1 0 0 0 0 0 1 0 0 0 0 dis 1 0 0 0 0 0 0 0 0 0 0 0 0 0 0 0 
  INPUT ---       0 dis 0 0 0 0 0 0 0 0 0 0 0 0 0 0 0 0 0 0 0 0 0 0 0 0 0 0;
  INPUT ---        1 0 0 0 0 0 0 1 0 0 0 dis 1 0 0 0 0 0 0 0 0 0 0 0 0 0 0 0 
  INPUT ---       0 0 dis 0 0 0 0 0 0 0 0 0 0 0 0 0 0 0 0 0 0 0 0 0 0 0 0 0;
  INPUT ---        1 0 0 0 0 0 0 0 1 0 0 dis 1 0 0 0 0 0 0 0 0 0 0 0 0 0 0 0 
  INPUT ---       0 0 0 dis 0 0 0 0 0 0 0 0 0 0 0 0 0 0 0 0 0 0 0 0 0 0 0 0;
  INPUT ---        1 0 0 0 0 0 0 0 0 1 0 dis 1 0 0 0 0 0 0 0 0 0 0 0 0 0 0 0 
  INPUT ---       0 0 0 0 dis 0 0 0 0 0 0 0 0 0 0 0 0 0 0 0 0 0 0 0 0 0 0 0;
  INPUT ---        1 0 0 0 0 0 0 0 0 0 1 dis 1 0 0 0 0 0 0 0 0 0 0 0 0 0 0 0 
  INPUT ---       0 0 0 0 0 dis 0 0 0 0 0 0 0 0 0 0 0 0 0 0 0 0 0 0 0 0 0 0;
  INPUT ---        1 1 0 0 0 0 0 0 0 0 1 dis 1 0 0 1 0 0 0 0 0 0 0 0 dis 0 0 
  INPUT ---       0 0 0 0 0 0 dis 0 0 dis 0 0 0 0 0 0 0 0 0 0 0 0 0 0 0 0 0 0 
  INPUT ---       0;
  INPUT ---        1 0 1 0 0 0 0 0 0 0 1 dis 1 0 0 0 1 0 0 0 0 0 0 0 0 dis 0 
  INPUT ---       0 0 0 0 0 0 dis 0 0 0 dis 0 0 0 0 0 0 0 0 0 0 0 0 0 0 0 0 0 
  INPUT ---       0;

  Program  MARK  - Survival Rate Estimation with Capture-Recapture Data
   gfortran(dble/PIM2) Vers. 10.1 March 2023  17-Jun-2024 12:40:03    Page  006
 - - - - - - - - - - - - - - - - - - - - - - - - - - - - - - - - - - - - - -
 
  INPUT ---        1 0 0 1 0 0 0 0 0 0 1 dis 1 0 0 0 0 1 0 0 0 0 0 0 0 0 dis 
  INPUT ---       0 0 0 0 0 0 dis 0 0 0 0 dis 0 0 0 0 0 0 0 0 0 0 0 0 0 0 0 0 
  INPUT ---       0;
  INPUT ---        1 0 0 0 1 0 0 0 0 0 1 dis 1 0 0 0 0 0 1 0 0 0 0 0 0 0 0 
  INPUT ---       dis 0 0 0 0 0 dis 0 0 0 0 0 dis 0 0 0 0 0 0 0 0 0 0 0 0 0 0 
  INPUT ---       0 0;
  INPUT ---        1 0 0 0 0 1 0 0 0 0 1 dis 1 0 0 0 0 0 0 1 0 0 0 0 0 0 0 0 
  INPUT ---       dis 0 0 0 0 dis 0 0 0 0 0 0 dis 0 0 0 0 0 0 0 0 0 0 0 0 0 0 
  INPUT ---       0;
  INPUT ---        1 0 0 0 0 0 1 0 0 0 1 dis 1 0 0 0 0 0 0 0 1 0 0 0 0 0 0 0 
  INPUT ---       0 dis 0 0 0 dis 0 0 0 0 0 0 0 dis 0 0 0 0 0 0 0 0 0 0 0 0 0 
  INPUT ---       0;
  INPUT ---        1 0 0 0 0 0 0 1 0 0 1 dis 1 0 0 0 0 0 0 0 0 1 0 0 0 0 0 0 
  INPUT ---       0 0 dis 0 0 dis 0 0 0 0 0 0 0 0 dis 0 0 0 0 0 0 0 0 0 0 0 0 
  INPUT ---       0;
  INPUT ---        1 0 0 0 0 0 0 0 1 0 1 dis 1 0 0 0 0 0 0 0 0 0 1 0 0 0 0 0 
  INPUT ---       0 0 0 dis 0 dis 0 0 0 0 0 0 0 0 0 dis 0 0 0 0 0 0 0 0 0 0 0 
  INPUT ---       0;
  INPUT ---        1 0 0 0 0 0 0 0 0 1 1 dis 1 0 0 0 0 0 0 0 0 0 0 1 0 0 0 0 
  INPUT ---       0 0 0 0 dis dis 0 0 0 0 0 0 0 0 0 0 dis 0 0 0 0 0 0 0 0 0 0 
  INPUT ---       0;
  INPUT ---        1 0 0 0 0 0 0 0 0 0 0 dis 1 1 0 0 0 0 0 0 0 0 0 0 0 0 0 0 
  INPUT ---       0 0 0 0 0 0 1 0 0 0 0 0 0 0 0 0 0 0 0 0 0 0 0 0 0 0 0 0;
  INPUT ---        1 1 0 0 0 0 0 0 0 0 0 dis 1 1 0 0 0 0 0 0 0 0 0 0 dis 0 0 
  INPUT ---       0 0 0 0 0 0 0 1 0 0 0 0 0 0 0 0 0 0 0 0 0 0 0 0 0 0 0 0 0;
  INPUT ---        1 0 1 0 0 0 0 0 0 0 0 dis 1 1 0 0 0 0 0 0 0 0 0 0 0 dis 0 
  INPUT ---       0 0 0 0 0 0 0 1 0 0 0 0 0 0 0 0 0 0 0 0 0 0 0 0 0 0 0 0 0;
  INPUT ---        1 0 0 1 0 0 0 0 0 0 0 dis 1 1 0 0 0 0 0 0 0 0 0 0 0 0 dis 
  INPUT ---       0 0 0 0 0 0 0 1 0 0 0 0 0 0 0 0 0 0 0 0 0 0 0 0 0 0 0 0 0;
  INPUT ---        1 0 0 0 1 0 0 0 0 0 0 dis 1 1 0 0 0 0 0 0 0 0 0 0 0 0 0 
  INPUT ---       dis 0 0 0 0 0 0 1 0 0 0 0 0 0 0 0 0 0 0 0 0 0 0 0 0 0 0 0 0;
  INPUT ---        1 0 0 0 0 1 0 0 0 0 0 dis 1 1 0 0 0 0 0 0 0 0 0 0 0 0 0 0 
  INPUT ---       dis 0 0 0 0 0 1 0 0 0 0 0 0 0 0 0 0 0 0 0 0 0 0 0 0 0 0 0;
  INPUT ---        1 0 0 0 0 0 1 0 0 0 0 dis 1 1 0 0 0 0 0 0 0 0 0 0 0 0 0 0 
  INPUT ---       0 dis 0 0 0 0 1 0 0 0 0 0 0 0 0 0 0 0 0 0 0 0 0 0 0 0 0 0;
  INPUT ---        1 0 0 0 0 0 0 1 0 0 0 dis 1 1 0 0 0 0 0 0 0 0 0 0 0 0 0 0 
  INPUT ---       0 0 dis 0 0 0 1 0 0 0 0 0 0 0 0 0 0 0 0 0 0 0 0 0 0 0 0 0;
  INPUT ---        1 0 0 0 0 0 0 0 1 0 0 dis 1 1 0 0 0 0 0 0 0 0 0 0 0 0 0 0 
  INPUT ---       0 0 0 dis 0 0 1 0 0 0 0 0 0 0 0 0 0 0 0 0 0 0 0 0 0 0 0 0;
  INPUT ---        1 0 0 0 0 0 0 0 0 1 0 dis 1 1 0 0 0 0 0 0 0 0 0 0 0 0 0 0 
  INPUT ---       0 0 0 0 dis 0 1 0 0 0 0 0 0 0 0 0 0 0 0 0 0 0 0 0 0 0 0 0;
  INPUT ---        1 0 0 0 0 0 0 0 0 0 1 dis 1 1 0 0 0 0 0 0 0 0 0 0 0 0 0 0 
  INPUT ---       0 0 0 0 0 dis 1 0 0 0 0 0 0 0 0 0 0 0 0 0 0 0 0 0 0 0 0 0;
  INPUT ---        1 1 0 0 0 0 0 0 0 0 1 dis 1 1 0 1 0 0 0 0 0 0 0 0 dis 0 0 
  INPUT ---       0 0 0 0 0 0 dis 1 0 dis 0 0 0 0 0 0 0 0 0 0 0 0 0 0 0 0 0 0 
  INPUT ---       0;

  Program  MARK  - Survival Rate Estimation with Capture-Recapture Data
   gfortran(dble/PIM2) Vers. 10.1 March 2023  17-Jun-2024 12:40:03    Page  007
 - - - - - - - - - - - - - - - - - - - - - - - - - - - - - - - - - - - - - -
 
  INPUT ---        1 0 1 0 0 0 0 0 0 0 1 dis 1 1 0 0 1 0 0 0 0 0 0 0 0 dis 0 
  INPUT ---       0 0 0 0 0 0 dis 1 0 0 dis 0 0 0 0 0 0 0 0 0 0 0 0 0 0 0 0 0 
  INPUT ---       0;
  INPUT ---        1 0 0 1 0 0 0 0 0 0 1 dis 1 1 0 0 0 1 0 0 0 0 0 0 0 0 dis 
  INPUT ---       0 0 0 0 0 0 dis 1 0 0 0 dis 0 0 0 0 0 0 0 0 0 0 0 0 0 0 0 0 
  INPUT ---       0;
  INPUT ---        1 0 0 0 1 0 0 0 0 0 1 dis 1 1 0 0 0 0 1 0 0 0 0 0 0 0 0 
  INPUT ---       dis 0 0 0 0 0 dis 1 0 0 0 0 dis 0 0 0 0 0 0 0 0 0 0 0 0 0 0 
  INPUT ---       0 0;
  INPUT ---        1 0 0 0 0 1 0 0 0 0 1 dis 1 1 0 0 0 0 0 1 0 0 0 0 0 0 0 0 
  INPUT ---       dis 0 0 0 0 dis 1 0 0 0 0 0 dis 0 0 0 0 0 0 0 0 0 0 0 0 0 0 
  INPUT ---       0;
  INPUT ---        1 0 0 0 0 0 1 0 0 0 1 dis 1 1 0 0 0 0 0 0 1 0 0 0 0 0 0 0 
  INPUT ---       0 dis 0 0 0 dis 1 0 0 0 0 0 0 dis 0 0 0 0 0 0 0 0 0 0 0 0 0 
  INPUT ---       0;
  INPUT ---        1 0 0 0 0 0 0 1 0 0 1 dis 1 1 0 0 0 0 0 0 0 1 0 0 0 0 0 0 
  INPUT ---       0 0 dis 0 0 dis 1 0 0 0 0 0 0 0 dis 0 0 0 0 0 0 0 0 0 0 0 0 
  INPUT ---       0;
  INPUT ---        1 0 0 0 0 0 0 0 1 0 1 dis 1 1 0 0 0 0 0 0 0 0 1 0 0 0 0 0 
  INPUT ---       0 0 0 dis 0 dis 1 0 0 0 0 0 0 0 0 dis 0 0 0 0 0 0 0 0 0 0 0 
  INPUT ---       0;
  INPUT ---        1 0 0 0 0 0 0 0 0 1 1 dis 1 1 0 0 0 0 0 0 0 0 0 1 0 0 0 0 
  INPUT ---       0 0 0 0 dis dis 1 0 0 0 0 0 0 0 0 0 dis 0 0 0 0 0 0 0 0 0 0 
  INPUT ---       0;
  INPUT ---        1 0 0 0 0 0 0 0 0 0 0 dis 1 0 1 0 0 0 0 0 0 0 0 0 0 0 0 0 
  INPUT ---       0 0 0 0 0 0 0 1 0 0 0 0 0 0 0 0 0 0 0 0 0 0 0 0 0 0 0 0;
  INPUT ---        1 1 0 0 0 0 0 0 0 0 0 dis 1 0 1 0 0 0 0 0 0 0 0 0 dis 0 0 
  INPUT ---       0 0 0 0 0 0 0 0 1 0 0 0 0 0 0 0 0 0 0 0 0 0 0 0 0 0 0 0 0;
  INPUT ---        1 0 1 0 0 0 0 0 0 0 0 dis 1 0 1 0 0 0 0 0 0 0 0 0 0 dis 0 
  INPUT ---       0 0 0 0 0 0 0 0 1 0 0 0 0 0 0 0 0 0 0 0 0 0 0 0 0 0 0 0 0;
  INPUT ---        1 0 0 1 0 0 0 0 0 0 0 dis 1 0 1 0 0 0 0 0 0 0 0 0 0 0 dis 
  INPUT ---       0 0 0 0 0 0 0 0 1 0 0 0 0 0 0 0 0 0 0 0 0 0 0 0 0 0 0 0 0;
  INPUT ---        1 0 0 0 1 0 0 0 0 0 0 dis 1 0 1 0 0 0 0 0 0 0 0 0 0 0 0 
  INPUT ---       dis 0 0 0 0 0 0 0 1 0 0 0 0 0 0 0 0 0 0 0 0 0 0 0 0 0 0 0 0;
  INPUT ---        1 0 0 0 0 1 0 0 0 0 0 dis 1 0 1 0 0 0 0 0 0 0 0 0 0 0 0 0 
  INPUT ---       dis 0 0 0 0 0 0 1 0 0 0 0 0 0 0 0 0 0 0 0 0 0 0 0 0 0 0 0;
  INPUT ---        1 0 0 0 0 0 1 0 0 0 0 dis 1 0 1 0 0 0 0 0 0 0 0 0 0 0 0 0 
  INPUT ---       0 dis 0 0 0 0 0 1 0 0 0 0 0 0 0 0 0 0 0 0 0 0 0 0 0 0 0 0;
  INPUT ---        1 0 0 0 0 0 0 1 0 0 0 dis 1 0 1 0 0 0 0 0 0 0 0 0 0 0 0 0 
  INPUT ---       0 0 dis 0 0 0 0 1 0 0 0 0 0 0 0 0 0 0 0 0 0 0 0 0 0 0 0 0;
  INPUT ---        1 0 0 0 0 0 0 0 1 0 0 dis 1 0 1 0 0 0 0 0 0 0 0 0 0 0 0 0 
  INPUT ---       0 0 0 dis 0 0 0 1 0 0 0 0 0 0 0 0 0 0 0 0 0 0 0 0 0 0 0 0;
  INPUT ---        1 0 0 0 0 0 0 0 0 1 0 dis 1 0 1 0 0 0 0 0 0 0 0 0 0 0 0 0 
  INPUT ---       0 0 0 0 dis 0 0 1 0 0 0 0 0 0 0 0 0 0 0 0 0 0 0 0 0 0 0 0;
  INPUT ---        1 0 0 0 0 0 0 0 0 0 1 dis 1 0 1 0 0 0 0 0 0 0 0 0 0 0 0 0 
  INPUT ---       0 0 0 0 0 dis 0 1 0 0 0 0 0 0 0 0 0 0 0 0 0 0 0 0 0 0 0 0;

  Program  MARK  - Survival Rate Estimation with Capture-Recapture Data
   gfortran(dble/PIM2) Vers. 10.1 March 2023  17-Jun-2024 12:40:03    Page  008
 - - - - - - - - - - - - - - - - - - - - - - - - - - - - - - - - - - - - - -
 
  INPUT ---        1 1 0 0 0 0 0 0 0 0 1 dis 1 0 1 1 0 0 0 0 0 0 0 0 dis 0 0 
  INPUT ---       0 0 0 0 0 0 dis 0 1 dis 0 0 0 0 0 0 0 0 0 0 0 0 0 0 0 0 0 0 
  INPUT ---       0;
  INPUT ---        1 0 1 0 0 0 0 0 0 0 1 dis 1 0 1 0 1 0 0 0 0 0 0 0 0 dis 0 
  INPUT ---       0 0 0 0 0 0 dis 0 1 0 dis 0 0 0 0 0 0 0 0 0 0 0 0 0 0 0 0 0 
  INPUT ---       0;
  INPUT ---        1 0 0 1 0 0 0 0 0 0 1 dis 1 0 1 0 0 1 0 0 0 0 0 0 0 0 dis 
  INPUT ---       0 0 0 0 0 0 dis 0 1 0 0 dis 0 0 0 0 0 0 0 0 0 0 0 0 0 0 0 0 
  INPUT ---       0;
  INPUT ---        1 0 0 0 1 0 0 0 0 0 1 dis 1 0 1 0 0 0 1 0 0 0 0 0 0 0 0 
  INPUT ---       dis 0 0 0 0 0 dis 0 1 0 0 0 dis 0 0 0 0 0 0 0 0 0 0 0 0 0 0 
  INPUT ---       0 0;
  INPUT ---        1 0 0 0 0 1 0 0 0 0 1 dis 1 0 1 0 0 0 0 1 0 0 0 0 0 0 0 0 
  INPUT ---       dis 0 0 0 0 dis 0 1 0 0 0 0 dis 0 0 0 0 0 0 0 0 0 0 0 0 0 0 
  INPUT ---       0;
  INPUT ---        1 0 0 0 0 0 1 0 0 0 1 dis 1 0 1 0 0 0 0 0 1 0 0 0 0 0 0 0 
  INPUT ---       0 dis 0 0 0 dis 0 1 0 0 0 0 0 dis 0 0 0 0 0 0 0 0 0 0 0 0 0 
  INPUT ---       0;
  INPUT ---        1 0 0 0 0 0 0 1 0 0 1 dis 1 0 1 0 0 0 0 0 0 1 0 0 0 0 0 0 
  INPUT ---       0 0 dis 0 0 dis 0 1 0 0 0 0 0 0 dis 0 0 0 0 0 0 0 0 0 0 0 0 
  INPUT ---       0;
  INPUT ---        1 0 0 0 0 0 0 0 1 0 1 dis 1 0 1 0 0 0 0 0 0 0 1 0 0 0 0 0 
  INPUT ---       0 0 0 dis 0 dis 0 1 0 0 0 0 0 0 0 dis 0 0 0 0 0 0 0 0 0 0 0 
  INPUT ---       0;
  INPUT ---        1 0 0 0 0 0 0 0 0 1 1 dis 1 0 1 0 0 0 0 0 0 0 0 1 0 0 0 0 
  INPUT ---       0 0 0 0 dis dis 0 1 0 0 0 0 0 0 0 0 dis 0 0 0 0 0 0 0 0 0 0 
  INPUT ---       0;
  INPUT ---        0 0 0 0 0 0 0 0 0 0 0 0 0 0 0 0 0 0 0 0 0 0 0 0 0 0 0 0 0 
  INPUT ---       0 0 0 0 0 0 0 0 0 0 0 0 0 0 0 0 1 0 0 0 0 0 0 0 0 0 0;
  INPUT ---        0 0 0 0 0 0 0 0 0 0 0 0 0 0 0 0 0 0 0 0 0 0 0 0 0 0 0 0 0 
  INPUT ---       0 0 0 0 0 0 0 0 0 0 0 0 0 0 0 0 1 1 0 0 0 0 0 0 0 0 0;
  INPUT ---        0 0 0 0 0 0 0 0 0 0 0 0 0 0 0 0 0 0 0 0 0 0 0 0 0 0 0 0 0 
  INPUT ---       0 0 0 0 0 0 0 0 0 0 0 0 0 0 0 0 1 0 1 0 0 0 0 0 0 0 0;
  INPUT ---        0 0 0 0 0 0 0 0 0 0 0 0 0 0 0 0 0 0 0 0 0 0 0 0 0 0 0 0 0 
  INPUT ---       0 0 0 0 0 0 0 0 0 0 0 0 0 0 0 0 1 0 0 1 0 0 0 0 0 0 0;
  INPUT ---        0 0 0 0 0 0 0 0 0 0 0 0 0 0 0 0 0 0 0 0 0 0 0 0 0 0 0 0 0 
  INPUT ---       0 0 0 0 0 0 0 0 0 0 0 0 0 0 0 0 1 0 0 0 1 0 0 0 0 0 0;
  INPUT ---        0 0 0 0 0 0 0 0 0 0 0 0 0 0 0 0 0 0 0 0 0 0 0 0 0 0 0 0 0 
  INPUT ---       0 0 0 0 0 0 0 0 0 0 0 0 0 0 0 0 1 0 0 0 0 1 0 0 0 0 0;
  INPUT ---        0 0 0 0 0 0 0 0 0 0 0 0 0 0 0 0 0 0 0 0 0 0 0 0 0 0 0 0 0 
  INPUT ---       0 0 0 0 0 0 0 0 0 0 0 0 0 0 0 0 1 0 0 0 0 0 1 0 0 0 0;
  INPUT ---        0 0 0 0 0 0 0 0 0 0 0 0 0 0 0 0 0 0 0 0 0 0 0 0 0 0 0 0 0 
  INPUT ---       0 0 0 0 0 0 0 0 0 0 0 0 0 0 0 0 1 0 0 0 0 0 0 1 0 0 0;
  INPUT ---        0 0 0 0 0 0 0 0 0 0 0 0 0 0 0 0 0 0 0 0 0 0 0 0 0 0 0 0 0 
  INPUT ---       0 0 0 0 0 0 0 0 0 0 0 0 0 0 0 0 1 0 0 0 0 0 0 0 1 0 0;
  INPUT ---        0 0 0 0 0 0 0 0 0 0 0 0 0 0 0 0 0 0 0 0 0 0 0 0 0 0 0 0 0 

  Program  MARK  - Survival Rate Estimation with Capture-Recapture Data
   gfortran(dble/PIM2) Vers. 10.1 March 2023  17-Jun-2024 12:40:03    Page  009
 - - - - - - - - - - - - - - - - - - - - - - - - - - - - - - - - - - - - - -
 
  INPUT ---       0 0 0 0 0 0 0 0 0 0 0 0 0 0 0 0 1 0 0 0 0 0 0 0 0 1 0;
  INPUT ---        0 0 0 0 0 0 0 0 0 0 0 0 0 0 0 0 0 0 0 0 0 0 0 0 0 0 0 0 0 
  INPUT ---       0 0 0 0 0 0 0 0 0 0 0 0 0 0 0 0 1 1 0 0 0 0 0 0 0 1 0;
  INPUT ---        0 0 0 0 0 0 0 0 0 0 0 0 0 0 0 0 0 0 0 0 0 0 0 0 0 0 0 0 0 
  INPUT ---       0 0 0 0 0 0 0 0 0 0 0 0 0 0 0 0 1 0 1 0 0 0 0 0 0 1 0;
  INPUT ---        0 0 0 0 0 0 0 0 0 0 0 0 0 0 0 0 0 0 0 0 0 0 0 0 0 0 0 0 0 
  INPUT ---       0 0 0 0 0 0 0 0 0 0 0 0 0 0 0 0 1 0 0 1 0 0 0 0 0 1 0;
  INPUT ---        0 0 0 0 0 0 0 0 0 0 0 0 0 0 0 0 0 0 0 0 0 0 0 0 0 0 0 0 0 
  INPUT ---       0 0 0 0 0 0 0 0 0 0 0 0 0 0 0 0 1 0 0 0 1 0 0 0 0 1 0;
  INPUT ---        0 0 0 0 0 0 0 0 0 0 0 0 0 0 0 0 0 0 0 0 0 0 0 0 0 0 0 0 0 
  INPUT ---       0 0 0 0 0 0 0 0 0 0 0 0 0 0 0 0 1 0 0 0 0 1 0 0 0 1 0;
  INPUT ---        0 0 0 0 0 0 0 0 0 0 0 0 0 0 0 0 0 0 0 0 0 0 0 0 0 0 0 0 0 
  INPUT ---       0 0 0 0 0 0 0 0 0 0 0 0 0 0 0 0 1 0 0 0 0 0 1 0 0 1 0;
  INPUT ---        0 0 0 0 0 0 0 0 0 0 0 0 0 0 0 0 0 0 0 0 0 0 0 0 0 0 0 0 0 
  INPUT ---       0 0 0 0 0 0 0 0 0 0 0 0 0 0 0 0 1 0 0 0 0 0 0 1 0 1 0;
  INPUT ---        0 0 0 0 0 0 0 0 0 0 0 0 0 0 0 0 0 0 0 0 0 0 0 0 0 0 0 0 0 
  INPUT ---       0 0 0 0 0 0 0 0 0 0 0 0 0 0 0 0 1 0 0 0 0 0 0 0 1 1 0;
  INPUT ---        0 0 0 0 0 0 0 0 0 0 0 0 0 0 0 0 0 0 0 0 0 0 0 0 0 0 0 0 0 
  INPUT ---       0 0 0 0 0 0 0 0 0 0 0 0 0 0 0 0 1 0 0 0 0 0 0 0 0 0 1;
  INPUT ---        0 0 0 0 0 0 0 0 0 0 0 0 0 0 0 0 0 0 0 0 0 0 0 0 0 0 0 0 0 
  INPUT ---       0 0 0 0 0 0 0 0 0 0 0 0 0 0 0 0 1 1 0 0 0 0 0 0 0 0 1;
  INPUT ---        0 0 0 0 0 0 0 0 0 0 0 0 0 0 0 0 0 0 0 0 0 0 0 0 0 0 0 0 0 
  INPUT ---       0 0 0 0 0 0 0 0 0 0 0 0 0 0 0 0 1 0 1 0 0 0 0 0 0 0 1;
  INPUT ---        0 0 0 0 0 0 0 0 0 0 0 0 0 0 0 0 0 0 0 0 0 0 0 0 0 0 0 0 0 
  INPUT ---       0 0 0 0 0 0 0 0 0 0 0 0 0 0 0 0 1 0 0 1 0 0 0 0 0 0 1;
  INPUT ---        0 0 0 0 0 0 0 0 0 0 0 0 0 0 0 0 0 0 0 0 0 0 0 0 0 0 0 0 0 
  INPUT ---       0 0 0 0 0 0 0 0 0 0 0 0 0 0 0 0 1 0 0 0 1 0 0 0 0 0 1;
  INPUT ---        0 0 0 0 0 0 0 0 0 0 0 0 0 0 0 0 0 0 0 0 0 0 0 0 0 0 0 0 0 
  INPUT ---       0 0 0 0 0 0 0 0 0 0 0 0 0 0 0 0 1 0 0 0 0 1 0 0 0 0 1;
  INPUT ---        0 0 0 0 0 0 0 0 0 0 0 0 0 0 0 0 0 0 0 0 0 0 0 0 0 0 0 0 0 
  INPUT ---       0 0 0 0 0 0 0 0 0 0 0 0 0 0 0 0 1 0 0 0 0 0 1 0 0 0 1;
  INPUT ---        0 0 0 0 0 0 0 0 0 0 0 0 0 0 0 0 0 0 0 0 0 0 0 0 0 0 0 0 0 
  INPUT ---       0 0 0 0 0 0 0 0 0 0 0 0 0 0 0 0 1 0 0 0 0 0 0 1 0 0 1;
  INPUT ---        0 0 0 0 0 0 0 0 0 0 0 0 0 0 0 0 0 0 0 0 0 0 0 0 0 0 0 0 0 
  INPUT ---       0 0 0 0 0 0 0 0 0 0 0 0 0 0 0 0 1 0 0 0 0 0 0 0 1 0 1;
  INPUT ---        0 0 0 0 0 0 0 0 0 0 0 0 0 0 0 0 0 0 0 0 0 0 0 0 0 0 0 0 0 
  INPUT ---       0 0 0 0 0 0 0 0 0 0 0 0 0 0 0 0 0 0 0 0 0 0 0 0 0 0 0;
  INPUT ---       blabel(1)=Phi:(Intercept);
  INPUT ---       blabel(2)=Phi:time2.9;
  INPUT ---       blabel(3)=Phi:time9.81;
  INPUT ---       blabel(4)=Phi:time18.14;
  INPUT ---       blabel(5)=Phi:time25.84;
  INPUT ---       blabel(6)=Phi:time31.63;
  INPUT ---       blabel(7)=Phi:time35.5;
  INPUT ---       blabel(8)=Phi:time41.93;
  INPUT ---       blabel(9)=Phi:time45.63;

  Program  MARK  - Survival Rate Estimation with Capture-Recapture Data
   gfortran(dble/PIM2) Vers. 10.1 March 2023  17-Jun-2024 12:40:03    Page  010
 - - - - - - - - - - - - - - - - - - - - - - - - - - - - - - - - - - - - - -
 
  INPUT ---       blabel(10)=Phi:time61.63;
  INPUT ---       blabel(11)=Phi:originwild;
  INPUT ---       blabel(12)=Phi:dis;
  INPUT ---       blabel(13)=Phi:I(dis^2);
  INPUT ---       blabel(14)=Phi:year2011;
  INPUT ---       blabel(15)=Phi:year2012;
  INPUT ---       blabel(16)=Phi:time2.9:originwild;
  INPUT ---       blabel(17)=Phi:time9.81:originwild;
  INPUT ---       blabel(18)=Phi:time18.14:originwild;
  INPUT ---       blabel(19)=Phi:time25.84:originwild;
  INPUT ---       blabel(20)=Phi:time31.63:originwild;
  INPUT ---       blabel(21)=Phi:time35.5:originwild;
  INPUT ---       blabel(22)=Phi:time41.93:originwild;
  INPUT ---       blabel(23)=Phi:time45.63:originwild;
  INPUT ---       blabel(24)=Phi:time61.63:originwild;
  INPUT ---       blabel(25)=Phi:time2.9:dis;
  INPUT ---       blabel(26)=Phi:time9.81:dis;
  INPUT ---       blabel(27)=Phi:time18.14:dis;
  INPUT ---       blabel(28)=Phi:time25.84:dis;
  INPUT ---       blabel(29)=Phi:time31.63:dis;
  INPUT ---       blabel(30)=Phi:time35.5:dis;
  INPUT ---       blabel(31)=Phi:time41.93:dis;
  INPUT ---       blabel(32)=Phi:time45.63:dis;
  INPUT ---       blabel(33)=Phi:time61.63:dis;
  INPUT ---       blabel(34)=Phi:originwild:dis;
  INPUT ---       blabel(35)=Phi:I(dis^2):year2011;
  INPUT ---       blabel(36)=Phi:I(dis^2):year2012;
  INPUT ---       blabel(37)=Phi:time2.9:originwild:dis;
  INPUT ---       blabel(38)=Phi:time9.81:originwild:dis;
  INPUT ---       blabel(39)=Phi:time18.14:originwild:dis;
  INPUT ---       blabel(40)=Phi:time25.84:originwild:dis;
  INPUT ---       blabel(41)=Phi:time31.63:originwild:dis;
  INPUT ---       blabel(42)=Phi:time35.5:originwild:dis;
  INPUT ---       blabel(43)=Phi:time41.93:originwild:dis;
  INPUT ---       blabel(44)=Phi:time45.63:originwild:dis;
  INPUT ---       blabel(45)=Phi:time61.63:originwild:dis;
  INPUT ---       blabel(46)=p:(Intercept);
  INPUT ---       blabel(47)=p:time9.81;
  INPUT ---       blabel(48)=p:time18.14;
  INPUT ---       blabel(49)=p:time25.84;
  INPUT ---       blabel(50)=p:time31.63;
  INPUT ---       blabel(51)=p:time35.5;
  INPUT ---       blabel(52)=p:time41.93;
  INPUT ---       blabel(53)=p:time45.63;
  INPUT ---       blabel(54)=p:time61.63;
  INPUT ---       blabel(55)=p:year2011;

  Program  MARK  - Survival Rate Estimation with Capture-Recapture Data
   gfortran(dble/PIM2) Vers. 10.1 March 2023  17-Jun-2024 12:40:03    Page  011
 - - - - - - - - - - - - - - - - - - - - - - - - - - - - - - - - - - - - - -
 
  INPUT ---       blabel(56)=p:year2012;
  INPUT ---       rlabel(1)=Phi ghatchery2010 c1 a0 t1;
  INPUT ---       rlabel(2)=Phi ghatchery2010 c1 a1.9 t2.9;
  INPUT ---       rlabel(3)=Phi ghatchery2010 c1 a8.81 t9.81;
  INPUT ---       rlabel(4)=Phi ghatchery2010 c1 a17.14 t18.14;
  INPUT ---       rlabel(5)=Phi ghatchery2010 c1 a24.84 t25.84;
  INPUT ---       rlabel(6)=Phi ghatchery2010 c1 a30.63 t31.63;
  INPUT ---       rlabel(7)=Phi ghatchery2010 c1 a34.5 t35.5;
  INPUT ---       rlabel(8)=Phi ghatchery2010 c1 a40.93 t41.93;
  INPUT ---       rlabel(9)=Phi ghatchery2010 c1 a44.63 t45.63;
  INPUT ---       rlabel(10)=Phi ghatchery2010 c1 a60.63 t61.63;
  INPUT ---       rlabel(11)=Phi gwild2010 c1 a0 t1;
  INPUT ---       rlabel(12)=Phi gwild2010 c1 a1.9 t2.9;
  INPUT ---       rlabel(13)=Phi gwild2010 c1 a8.81 t9.81;
  INPUT ---       rlabel(14)=Phi gwild2010 c1 a17.14 t18.14;
  INPUT ---       rlabel(15)=Phi gwild2010 c1 a24.84 t25.84;
  INPUT ---       rlabel(16)=Phi gwild2010 c1 a30.63 t31.63;
  INPUT ---       rlabel(17)=Phi gwild2010 c1 a34.5 t35.5;
  INPUT ---       rlabel(18)=Phi gwild2010 c1 a40.93 t41.93;
  INPUT ---       rlabel(19)=Phi gwild2010 c1 a44.63 t45.63;
  INPUT ---       rlabel(20)=Phi gwild2010 c1 a60.63 t61.63;
  INPUT ---       rlabel(21)=Phi ghatchery2011 c1 a0 t1;
  INPUT ---       rlabel(22)=Phi ghatchery2011 c1 a1.9 t2.9;
  INPUT ---       rlabel(23)=Phi ghatchery2011 c1 a8.81 t9.81;
  INPUT ---       rlabel(24)=Phi ghatchery2011 c1 a17.14 t18.14;
  INPUT ---       rlabel(25)=Phi ghatchery2011 c1 a24.84 t25.84;
  INPUT ---       rlabel(26)=Phi ghatchery2011 c1 a30.63 t31.63;
  INPUT ---       rlabel(27)=Phi ghatchery2011 c1 a34.5 t35.5;
  INPUT ---       rlabel(28)=Phi ghatchery2011 c1 a40.93 t41.93;
  INPUT ---       rlabel(29)=Phi ghatchery2011 c1 a44.63 t45.63;
  INPUT ---       rlabel(30)=Phi ghatchery2011 c1 a60.63 t61.63;
  INPUT ---       rlabel(31)=Phi gwild2011 c1 a0 t1;
  INPUT ---       rlabel(32)=Phi gwild2011 c1 a1.9 t2.9;
  INPUT ---       rlabel(33)=Phi gwild2011 c1 a8.81 t9.81;
  INPUT ---       rlabel(34)=Phi gwild2011 c1 a17.14 t18.14;
  INPUT ---       rlabel(35)=Phi gwild2011 c1 a24.84 t25.84;
  INPUT ---       rlabel(36)=Phi gwild2011 c1 a30.63 t31.63;
  INPUT ---       rlabel(37)=Phi gwild2011 c1 a34.5 t35.5;
  INPUT ---       rlabel(38)=Phi gwild2011 c1 a40.93 t41.93;
  INPUT ---       rlabel(39)=Phi gwild2011 c1 a44.63 t45.63;
  INPUT ---       rlabel(40)=Phi gwild2011 c1 a60.63 t61.63;
  INPUT ---       rlabel(41)=Phi ghatchery2012 c1 a0 t1;
  INPUT ---       rlabel(42)=Phi ghatchery2012 c1 a1.9 t2.9;
  INPUT ---       rlabel(43)=Phi ghatchery2012 c1 a8.81 t9.81;
  INPUT ---       rlabel(44)=Phi ghatchery2012 c1 a17.14 t18.14;
  INPUT ---       rlabel(45)=Phi ghatchery2012 c1 a24.84 t25.84;

  Program  MARK  - Survival Rate Estimation with Capture-Recapture Data
   gfortran(dble/PIM2) Vers. 10.1 March 2023  17-Jun-2024 12:40:03    Page  012
 - - - - - - - - - - - - - - - - - - - - - - - - - - - - - - - - - - - - - -
 
  INPUT ---       rlabel(46)=Phi ghatchery2012 c1 a30.63 t31.63;
  INPUT ---       rlabel(47)=Phi ghatchery2012 c1 a34.5 t35.5;
  INPUT ---       rlabel(48)=Phi ghatchery2012 c1 a40.93 t41.93;
  INPUT ---       rlabel(49)=Phi ghatchery2012 c1 a44.63 t45.63;
  INPUT ---       rlabel(50)=Phi ghatchery2012 c1 a60.63 t61.63;
  INPUT ---       rlabel(51)=Phi gwild2012 c1 a0 t1;
  INPUT ---       rlabel(52)=Phi gwild2012 c1 a1.9 t2.9;
  INPUT ---       rlabel(53)=Phi gwild2012 c1 a8.81 t9.81;
  INPUT ---       rlabel(54)=Phi gwild2012 c1 a17.14 t18.14;
  INPUT ---       rlabel(55)=Phi gwild2012 c1 a24.84 t25.84;
  INPUT ---       rlabel(56)=Phi gwild2012 c1 a30.63 t31.63;
  INPUT ---       rlabel(57)=Phi gwild2012 c1 a34.5 t35.5;
  INPUT ---       rlabel(58)=Phi gwild2012 c1 a40.93 t41.93;
  INPUT ---       rlabel(59)=Phi gwild2012 c1 a44.63 t45.63;
  INPUT ---       rlabel(60)=Phi gwild2012 c1 a60.63 t61.63;
  INPUT ---       rlabel(61)=p ghatchery2010 c1 a1.9 t2.9;
  INPUT ---       rlabel(62)=p ghatchery2010 c1 a8.81 t9.81;
  INPUT ---       rlabel(63)=p ghatchery2010 c1 a17.14 t18.14;
  INPUT ---       rlabel(64)=p ghatchery2010 c1 a24.84 t25.84;
  INPUT ---       rlabel(65)=p ghatchery2010 c1 a30.63 t31.63;
  INPUT ---       rlabel(66)=p ghatchery2010 c1 a34.5 t35.5;
  INPUT ---       rlabel(67)=p ghatchery2010 c1 a40.93 t41.93;
  INPUT ---       rlabel(68)=p ghatchery2010 c1 a44.63 t45.63;
  INPUT ---       rlabel(69)=p ghatchery2010 c1 a60.63 t61.63;
  INPUT ---       rlabel(70)=p ghatchery2011 c1 a1.9 t2.9;
  INPUT ---       rlabel(71)=p ghatchery2011 c1 a8.81 t9.81;
  INPUT ---       rlabel(72)=p ghatchery2011 c1 a17.14 t18.14;
  INPUT ---       rlabel(73)=p ghatchery2011 c1 a24.84 t25.84;
  INPUT ---       rlabel(74)=p ghatchery2011 c1 a30.63 t31.63;
  INPUT ---       rlabel(75)=p ghatchery2011 c1 a34.5 t35.5;
  INPUT ---       rlabel(76)=p ghatchery2011 c1 a40.93 t41.93;
  INPUT ---       rlabel(77)=p ghatchery2011 c1 a44.63 t45.63;
  INPUT ---       rlabel(78)=p ghatchery2011 c1 a60.63 t61.63;
  INPUT ---       rlabel(79)=p ghatchery2012 c1 a1.9 t2.9;
  INPUT ---       rlabel(80)=p ghatchery2012 c1 a8.81 t9.81;
  INPUT ---       rlabel(81)=p ghatchery2012 c1 a17.14 t18.14;
  INPUT ---       rlabel(82)=p ghatchery2012 c1 a24.84 t25.84;
  INPUT ---       rlabel(83)=p ghatchery2012 c1 a30.63 t31.63;
  INPUT ---       rlabel(84)=p ghatchery2012 c1 a34.5 t35.5;
  INPUT ---       rlabel(85)=p ghatchery2012 c1 a40.93 t41.93;
  INPUT ---       rlabel(86)=p ghatchery2012 c1 a44.63 t45.63;
  INPUT ---       rlabel(87)=p ghatchery2012 c1 a60.63 t61.63;
  INPUT ---       rlabel(88)=p ghatchery2010 c1 a83.62 t84.62;
   Model is { Phi(~time * origin * dis + I(dis^2) * year)p(~time + year) }

 Link Function Used is LOGIT        

  Program  MARK  - Survival Rate Estimation with Capture-Recapture Data
   gfortran(dble/PIM2) Vers. 10.1 March 2023  17-Jun-2024 12:40:04    Page  013
 - - - - - - - - - - - - - - - - - - - - - - - - - - - - - - - - - - - - - -
 

 Variance Estimation Procedure Used is 2ndPart 
 -2logL(saturated) = 0.0000000     
 Effective Sample Size = 18772

 Number of function evaluations was 346 for 56 parameters.
 For numerical optimization, CPU Time was 112.594 seconds and System Time was 13.109 seconds.
 -2logL { Phi(~time * origin * dis + I(dis^2) * year)p(~time + year) } = 13221.208     
 Penalty { Phi(~time * origin * dis + I(dis^2) * year)p(~time + year) } = 0.0000000     
 Gradient { Phi(~time * origin * dis + I(dis^2) * year)p(~time + year) }:
 -0.43919938E-03  0.17944007E-04  0.27270977E-04 -0.93502530E-05 -0.13596768E-04
  0.21170488E-04 -0.41876802E-04 -0.32012755E-04 -0.13013279E-03 -0.16168269E-03
   0.0000000      0.18067465E-03 -0.46096212E-03 -0.18856222E-03  0.11191843E-03
  0.52558772E-04   0.0000000      0.50216325E-04  0.42898843E-04   0.0000000    
  0.64245101E-04   0.0000000     -0.97907596E-04 -0.85710219E-04  0.12975298E-03
   0.0000000      0.71681700E-04  0.52078170E-04  0.16454623E-04  0.75662483E-04
   0.0000000     -0.14033655E-03  0.65411045E-04  0.40174037E-04 -0.30340893E-03
   0.0000000      0.92861929E-04 -0.22927440E-04   0.0000000      0.24147835E-04
  0.17549771E-04  0.46752506E-04   0.0000000     -0.38372663E-04   0.0000000    
 -0.86603342E-04  0.10131804E-03  0.65591108E-04 -0.21245174E-03  0.12685279E-03
 -0.16926421E-03  0.67246718E-04  0.17413391E-03 -0.85397630E-04 -0.79220580E-04
  0.10531547E-03
 Maximum ABS(G) { Phi(~time * origin * dis + I(dis^2) * year)p(~time + year) } = 0.4609621E-03 
 To compute VC matrix, CPU Time was 53.922 seconds and System Time was 8.922 seconds.
 S Vector { Phi(~time * origin * dis + I(dis^2) * year)p(~time + year) }:
   2662.500      1253.983      655.2739      334.0697      303.1539    
   269.6546      245.6759      175.8205      150.5244      138.8452    
   128.2893      107.3036      97.95815      83.75034      79.06574    
   67.52236      63.13983      60.97238      58.53629      50.69626    
   46.49620      45.19144      37.13504      34.69872      26.84781    
   25.01909      23.16526      19.15181      15.85888      13.79355    
   11.99899      8.455847      8.217319      7.468642      6.735388    
   5.646846      4.986973      4.423820      3.582341      3.136496    
   2.728055      1.854907      1.048642     0.7986283     0.6460441    
  0.4194572     0.2917127     0.2439828     0.4995213E-02 0.4260959E-03
  0.1502822E-03 0.1126225E-03 0.6245481E-04 0.2945779E-04 0.1874290E-04
  0.1182615E-04
 To invert VC matrix, CPU Time was 0.001 seconds and System Time was 0.001 seconds.
 Ratio Threshold = 50.000000       Max Gap (48/49) = 48.843326       Next Max Gap (49/50) = 11.723211     
 Gap Method for Num. of Estimated Parameters { Phi(~time * origin * dis + I(dis^2) * year)p(~time + year) } = 56          
 Threshold { Phi(~time * origin * dis + I(dis^2) * year)p(~time + year) } = 0.9219242E-03           
 Numerical Threshold Method for Num. of Estimated Parameters { Phi(~time * origin * dis + I(dis^2) * year)p(~time + year) } = 49          
 Number of Estimated Parameters { Phi(~time * origin * dis + I(dis^2) * year)p(~time + year) } = 56          

   * *  WARNING  * *   Number of parameters estimated from gap method (=56) and threshold method (=49) differ.  Inspect full output. 

  Program  MARK  - Survival Rate Estimation with Capture-Recapture Data
   gfortran(dble/PIM2) Vers. 10.1 March 2023  17-Jun-2024 12:40:26    Page  014
 - - - - - - - - - - - - - - - - - - - - - - - - - - - - - - - - - - - - - -
 
 Ratios of S Vector { Phi(~time * origin * dis + I(dis^2) * year)p(~time + year) }:
   1/2    2.123235       2/3    1.913677       3/4    1.961488       4/5    1.101980       5/6    1.124230    
   6/7    1.097603       7/8    1.397311       8/9    1.168053       9/10    1.084117       10/11    1.082282    
   11/12    1.195573       12/13    1.095403       13/14    1.169645       14/15    1.059249       15/16    1.170956    
   16/17    1.069410       17/18    1.035548       18/19    1.041617       19/20    1.154647       20/21    1.090331    
   21/22    1.028872       22/23    1.216949       23/24    1.070213       24/25    1.292423       25/26    1.073093    
   26/27    1.080026       27/28    1.209560       28/29    1.207640       29/30    1.149732       30/31    1.149559    
   31/32    1.419017       32/33    1.029028       33/34    1.100243       34/35    1.108866       35/36    1.192770    
   36/37    1.132319       37/38    1.127300       38/39    1.234896       39/40    1.142148       40/41    1.149719    
   41/42    1.470723       42/43    1.768866       43/44    1.313054       44/45    1.236182       45/46    1.540191    
   46/47    1.437912       47/48    1.195628       48/49    48.84333       49/50    11.72321       50/51    2.835305    
   51/52    1.334389       52/53    1.803264       53/54    2.120146       54/55    1.571677       55/56    1.584869    
 DEVIANCE { Phi(~time * origin * dis + I(dis^2) * year)p(~time + year) } = 13221.208               
 DEVIANCE Degrees of Freedom { Phi(~time * origin * dis + I(dis^2) * year)p(~time + year) } = 196          
 c-hat { Phi(~time * origin * dis + I(dis^2) * year)p(~time + year) } = 67.455143               
 AIC { Phi(~time * origin * dis + I(dis^2) * year)p(~time + year) } = 13319.208               
 AICc { Phi(~time * origin * dis + I(dis^2) * year)p(~time + year) } = 13319.470               
 BIC { Phi(~time * origin * dis + I(dis^2) * year)p(~time + year) } = 13703.374               
 Pearson Chisquare { Phi(~time * origin * dis + I(dis^2) * year)p(~time + year) } = 0.1402986E+11           
 Possible Encounter Histories { Phi(~time * origin * dis + I(dis^2) * year)p(~time + year) } = 6144          
 Pearson Chisquare df { Phi(~time * origin * dis + I(dis^2) * year)p(~time + year) } = 6089          
 Pearson chat { Phi(~time * origin * dis + I(dis^2) * year)p(~time + year) } = 2304132.1               
 Sum(Observed/Expected) { Phi(~time * origin * dis + I(dis^2) * year)p(~time + year) } = 0.3507461E+10           
 s-bar { Phi(~time * origin * dis + I(dis^2) * year)p(~time + year) } = 571432.85               
 Fletcher chat { Phi(~time * origin * dis + I(dis^2) * year)p(~time + year) } = 4.0321939               


 LOGIT Link Function Parameters of { Phi(~time * origin * dis + I(dis^2) * year)p(~time + year) }
                                                              95% Confidence Interval
    Parameter                  Beta         Standard Error     Lower           Upper
 -------------------------  --------------  --------------  --------------  --------------
    1:Phi:(Intercept)        9.2837187       0.0000000       9.2837187       9.2837187    
    2:Phi:time2.9           -12.605704       0.0000000      -12.605704      -12.605704    
    3:Phi:time9.81          -12.428608       0.0000000      -12.428608      -12.428608    
    4:Phi:time18.14         -12.055308       0.0000000      -12.055308      -12.055308    
    5:Phi:time25.84         -7.9779035       0.0000000      -7.9779035      -7.9779035    
    6:Phi:time31.63         -10.532131       0.0000000      -10.532131      -10.532131    
    7:Phi:time35.5          -13.574944       0.0000000      -13.574944      -13.574944    
    8:Phi:time41.93         -14.252721       0.0000000      -14.252721      -14.252721    
    9:Phi:time45.63         -14.008719       0.0000000      -14.008719      -14.008719    
   10:Phi:time61.63         -14.099997       0.0000000      -14.099997      -14.099997    
   11:Phi:originwild         0.2316817       39.403233      -76.998657       77.462020    
   12:Phi:dis                0.6061519       30.799175      -59.760231       60.972535    
   13:Phi:I(dis^2)           8.7982146       0.0000000       8.7982146       8.7982146    
   14:Phi:year2011          -0.2947484       0.0000000      -0.2947484      -0.2947484    
   15:Phi:year2012           0.0907080       57.718673      -113.03789       113.21931    
   16:Phi:time2.9:originwi  -1.3225480       39.404518      -78.555405       75.910309    
   17:Phi:time9.81:originw   0.3106019       39.405221      -76.923633       77.544837    
   18:Phi:time18.14:origin  -1.4308874       39.404717      -78.664134       75.802359    
   19:Phi:time25.84:origin  -4.6910773       39.580765      -82.269379       72.887224    
   20:Phi:time31.63:origin  -1.4433723       39.420566      -78.707682       75.820938    
   21:Phi:time35.5:originw  -0.9000714       39.403703      -78.131332       76.331189    
   22:Phi:time41.93:origin   1.4662613       39.410448      -75.778217       78.710740    
   23:Phi:time45.63:origin  -0.2467912       39.403462      -77.477578       76.983995    
   24:Phi:time61.63:origin  -0.4242217       39.403348      -77.654786       76.806342    
   25:Phi:time2.9:dis       -0.3138658       30.800923      -60.683677       60.055945    
   26:Phi:time9.81:dis      -0.9717138       30.799556      -61.338845       59.395418    
   27:Phi:time18.14:dis     -0.2502694       30.799704      -60.617691       60.117153    

  Program  MARK  - Survival Rate Estimation with Capture-Recapture Data
   gfortran(dble/PIM2) Vers. 10.1 March 2023  17-Jun-2024 12:40:26    Page  015
 - - - - - - - - - - - - - - - - - - - - - - - - - - - - - - - - - - - - - -
 
   28:Phi:time25.84:dis      2.9820598       30.989265      -57.756901       63.721021    
   29:Phi:time31.63:dis     -2.2851975       30.801579      -62.656293       58.085898    
   30:Phi:time35.5:dis      -0.7927673       30.799356      -61.159507       59.573973    
   31:Phi:time41.93:dis     -0.2709209       30.799249      -60.637451       60.095609    
   32:Phi:time45.63:dis     -0.8827189       30.799212      -61.249176       59.483738    
   33:Phi:time61.63:dis     -0.9728107       30.799167      -61.339179       59.393558    
   34:Phi:originwild:dis    -0.7257752       20.921614      -41.732138       40.280588    
   35:Phi:I(dis^2):year201   1.0116461       0.0000000       1.0116461       1.0116461    
   36:Phi:I(dis^2):year201   0.8303075       57.718660      -112.29827       113.95888    
   37:Phi:time2.9:originwi  -0.1119829       20.922679      -41.120435       40.896469    
   38:Phi:time9.81:originw   1.5395360       20.928502      -39.480329       42.559401    
   39:Phi:time18.14:origin   0.0067240       20.922028      -41.000452       41.013900    
   40:Phi:time25.84:origin  -3.2434969       21.223601      -44.841755       38.354761    
   41:Phi:time31.63:origin   2.1203804       20.930852      -38.904091       43.144852    
   42:Phi:time35.5:originw   0.5735562       20.922103      -40.433767       41.580880    
   43:Phi:time41.93:origin   0.8296294       20.931012      -40.195155       41.854414    
   44:Phi:time45.63:origin   0.7765595       20.921919      -40.230402       41.783521    
   45:Phi:time61.63:origin   0.7415562       20.921823      -40.265217       41.748330    
   46:p:(Intercept)          3.2286003       0.1259340       2.9817696       3.4754310    
   47:p:time9.81            -0.2048228       0.1600242      -0.5184704       0.1088247    
   48:p:time18.14           -0.8610798       0.1431533      -1.1416602      -0.5804993    
   49:p:time25.84           -0.7237367       0.1462421      -1.0103713      -0.4371021    
   50:p:time31.63           -0.9245976       0.1421511      -1.2032137      -0.6459815    
   51:p:time35.5             0.4423643       0.1922697       0.0655156       0.8192130    
   52:p:time41.93           -0.8152601       0.1471790      -1.1037310      -0.5267892    
   53:p:time45.63           -0.4020275       0.1638962      -0.7232641      -0.0807908    
   54:p:time61.63           -0.4294342       0.1740834      -0.7706376      -0.0882308    
   55:p:year2011             0.5408911       0.0918899       0.3607869       0.7209954    
   56:p:year2012            -0.1590919       0.0770812      -0.3101711      -0.0080127    


 Real Function Parameters of { Phi(~time * origin * dis + I(dis^2) * year)p(~time + year) }

      Following estimates based on unstandardized individual covariate values:
          Variable                 Value        
          ----------------------  ------------- 
          DIS                     -0.1109058E-09
                                                               95% Confidence Interval
     Parameter                Estimate       Standard Error     Lower           Upper
 --------------------------  --------------  --------------  --------------  --------------
     1:Phi ghatchery2010 c1   1.0000000       0.0000000       1.0000000       1.0000000       
     2:Phi ghatchery2010 c1   0.9958324       0.0010892       0.9930485       0.9975042       
     3:Phi ghatchery2010 c1   0.9965064       0.8145440E-03   0.9944849       0.9977886       
     4:Phi ghatchery2010 c1   0.9975922       0.7340716E-03   0.9956258       0.9986758       
     5:Phi ghatchery2010 c1   0.9999591       0.1566357E-03   0.9308480       1.0000000       
     6:Phi ghatchery2010 c1   0.9994741       0.4606755E-03   0.9970767       0.9999056       

  Program  MARK  - Survival Rate Estimation with Capture-Recapture Data
   gfortran(dble/PIM2) Vers. 10.1 March 2023  17-Jun-2024 12:40:26    Page  016
 - - - - - - - - - - - - - - - - - - - - - - - - - - - - - - - - - - - - - -
 
     7:Phi ghatchery2010 c1   0.9890887       0.0017988       0.9849366       0.9921055       
     8:Phi ghatchery2010 c1   0.9787353       0.0038064       0.9698440       0.9850455       
     9:Phi ghatchery2010 c1   0.9832623       0.0019485       0.9789826       0.9866825       
    10:Phi ghatchery2010 c1   0.9816919       0.0020298       0.9772590       0.9852738       
    11:Phi gwild2010 c1 a0    1.0000000       0.2808714E-06   0.9999994       1.0000005       
    12:Phi gwild2010 c1 a1.   0.9876949       0.0021738       0.9826183       0.9913020       
    13:Phi gwild2010 c1 a8.   0.9979658       0.0011120       0.9940710       0.9993039       
    14:Phi gwild2010 c1 a17   0.9920564       0.0017176       0.9878742       0.9948038       
    15:Phi gwild2010 c1 a24   0.9964760       0.0013089       0.9927108       0.9982997       
    16:Phi gwild2010 c1 a30   0.9982355       0.0014131       0.9915551       0.9996333       
    17:Phi gwild2010 c1 a34   0.9789298       0.0031864       0.9716898       0.9843480       
    18:Phi gwild2010 c1 a40   0.9960385       0.0029296       0.9832415       0.9990727       
    19:Phi gwild2010 c1 a44   0.9830118       0.0021678       0.9781973       0.9867776       
    20:Phi gwild2010 c1 a60   0.9778906       0.0024359       0.9725772       0.9821934       
    21:Phi ghatchery2011 c1   1.0000000       0.0000000       1.0000000       1.0000000       
    22:Phi ghatchery2011 c1   0.9979607       0.5158269E-03   0.9966530       0.9987582       
    23:Phi ghatchery2011 c1   0.9982911       0.3934218E-03   0.9973172       0.9989119       
    24:Phi ghatchery2011 c1   0.9988229       0.3535544E-03   0.9978798       0.9993468       
    25:Phi ghatchery2011 c1   0.9999800       0.7646331E-04   0.9650617       1.0000000       
    26:Phi ghatchery2011 c1   0.9997431       0.2234992E-03   0.9985873       0.9999533       
    27:Phi ghatchery2011 c1   0.9946425       0.8604203E-03   0.9926626       0.9960902       
    28:Phi ghatchery2011 c1   0.9895030       0.0018021       0.9853139       0.9925062       
    29:Phi ghatchery2011 c1   0.9917570       0.8730279E-03   0.9898572       0.9933033       
    30:Phi ghatchery2011 c1   0.9909763       0.8805148E-03   0.9890763       0.9925483       
    31:Phi gwild2011 c1 a0    1.0000000       0.1371403E-06   0.9999997       1.0000003       
    32:Phi gwild2011 c1 a1.   0.9939538       0.0011620       0.9911924       0.9958530       
    33:Phi gwild2011 c1 a8.   0.9990057       0.5472242E-03   0.9970784       0.9996621       
    34:Phi gwild2011 c1 a17   0.9961056       0.8963220E-03   0.9938885       0.9975204       
    35:Phi gwild2011 c1 a24   0.9982763       0.6553969E-03   0.9963705       0.9991822       
    36:Phi gwild2011 c1 a30   0.9991377       0.6946711E-03   0.9958261       0.9998223       
    37:Phi gwild2011 c1 a34   0.9896000       0.0017817       0.9854596       0.9925703       
    38:Phi gwild2011 c1 a40   0.9980618       0.0014415       0.9917029       0.9995494       
    39:Phi gwild2011 c1 a44   0.9916325       0.0012482       0.9887953       0.9937559       
    40:Phi gwild2011 c1 a60   0.9890812       0.0014525       0.9858346       0.9915901       
    41:Phi ghatchery2012 c1   1.0000000       0.0000000       1.0000000       1.0000000       
    42:Phi ghatchery2012 c1   0.9983366       0.4170375E-03   0.9972817       0.9989826       
    43:Phi ghatchery2012 c1   0.9986062       0.3156361E-03   0.9978278       0.9991059       
    44:Phi ghatchery2012 c1   0.9990400       0.2859864E-03   0.9982791       0.9994647       
    45:Phi ghatchery2012 c1   0.9999837       0.6234150E-04   0.9713428       1.0000000       
    46:Phi ghatchery2012 c1   0.9997906       0.1824409E-03   0.9988458       0.9999620       
    47:Phi ghatchery2012 c1   0.9956274       0.6803734E-03   0.9940695       0.9967773       
    48:Phi ghatchery2012 c1   0.9914244       0.0014400       0.9880884       0.9938320       
    49:Phi ghatchery2012 c1   0.9932687       0.6661477E-03   0.9918289       0.9944562       
    50:Phi ghatchery2012 c1   0.9926301       0.6623336E-03   0.9912116       0.9938210       
    51:Phi gwild2012 c1 a0    1.0000000       0.1118190E-06   0.9999998       1.0000002       
    52:Phi gwild2012 c1 a1.   0.9950646       0.8742540E-03   0.9930183       0.9965133       

  Program  MARK  - Survival Rate Estimation with Capture-Recapture Data
   gfortran(dble/PIM2) Vers. 10.1 March 2023  17-Jun-2024 12:40:26    Page  017
 - - - - - - - - - - - - - - - - - - - - - - - - - - - - - - - - - - - - - -
 
    53:Phi gwild2012 c1 a8.   0.9991892       0.4413414E-03   0.9976452       0.9997211       
    54:Phi gwild2012 c1 a17   0.9968224       0.6906114E-03   0.9951364       0.9979251       
    55:Phi gwild2012 c1 a24   0.9985941       0.5236078E-03   0.9970841       0.9993226       
    56:Phi gwild2012 c1 a30   0.9992968       0.5640198E-03   0.9966184       0.9998541       
    57:Phi gwild2012 c1 a34   0.9915039       0.0013039       0.9885271       0.9937132       
    58:Phi gwild2012 c1 a40   0.9984191       0.0011687       0.9932865       0.9996292       
    59:Phi gwild2012 c1 a44   0.9931669       0.8703882E-03   0.9912311       0.9946776       
    60:Phi gwild2012 c1 a60   0.9910792       0.9502991E-03   0.9890102       0.9927615       
    61:p ghatchery2010 c1 a   0.9618965       0.0046157       0.9517437       0.9699806       
    62:p ghatchery2010 c1 a   0.9536368       0.0052596       0.9421668       0.9629215       
    63:p ghatchery2010 c1 a   0.9143168       0.0074541       0.8985328       0.9278427       
    64:p ghatchery2010 c1 a   0.9244821       0.0069579       0.9096629       0.9370385       
    65:p ghatchery2010 c1 a   0.9092080       0.0077334       0.8928688       0.9232694       
    66:p ghatchery2010 c1 a   0.9751798       0.0038606       0.9663770       0.9817215       
    67:p ghatchery2010 c1 a   0.9178389       0.0076127       0.9016309       0.9315791       
    68:p ghatchery2010 c1 a   0.9440950       0.0066013       0.9296569       0.9557108       
    69:p ghatchery2010 c1 a   0.9426307       0.0075700       0.9258621       0.9557877       
    70:p ghatchery2011 c1 a   0.9774562       0.0029273       0.9709462       0.9825337       
    71:p ghatchery2011 c1 a   0.9724728       0.0033817       0.9650096       0.9783799       
    72:p ghatchery2011 c1 a   0.9482607       0.0050737       0.9373634       0.9573484       
    73:p ghatchery2011 c1 a   0.9545989       0.0046728       0.9445085       0.9629265       
    74:p ghatchery2011 c1 a   0.9450541       0.0053000       0.9336925       0.9545637       
    75:p ghatchery2011 c1 a   0.9853975       0.0023761       0.9799290       0.9893923       
    76:p ghatchery2011 c1 a   0.9504631       0.0051095       0.9394333       0.9595707       
    77:p ghatchery2011 c1 a   0.9666721       0.0042182       0.9573376       0.9740196       
    78:p ghatchery2011 c1 a   0.9657777       0.0047394       0.9551696       0.9739441       
    79:p ghatchery2012 c1 a   0.9556173       0.0052137       0.9442005       0.9647854       
    80:p ghatchery2012 c1 a   0.9460728       0.0058910       0.9332906       0.9565200       
    81:p ghatchery2012 c1 a   0.9010039       0.0081154       0.8839213       0.9158119       
    82:p ghatchery2012 c1 a   0.9125975       0.0076364       0.8964257       0.9264516       
    83:p ghatchery2012 c1 a   0.8951922       0.0083816       0.8775913       0.9105205       
    84:p ghatchery2012 c1 a   0.9710237       0.0044286       0.9609611       0.9785505       
    85:p ghatchery2012 c1 a   0.9050164       0.0083848       0.8872613       0.9202266       
    86:p ghatchery2012 c1 a   0.9350803       0.0072933       0.9192351       0.9479927       
    87:p ghatchery2012 c1 a   0.9333966       0.0082213       0.9153571       0.9478106       
    88:p ghatchery2010 c1 a   0.9900000       0.0000000       0.9900000       0.9900000      Fixed

 To compute parameter estimates, CPU Time was 0.016 seconds and System Time was 0.016 seconds.

 Attempted ordering of parameters by estimatibility:
   1 46 14 10 56 11 36  9 50 48 49 55 52  7 47 34 53  2 24 33  8 54 32 23  4
  12 51 30  3 21 25 16 45  5 27 18 44 17 31 26 22 42 40 37 19 39 38 43 29 13
   6 15 20 41 28 35
 Beta number 35 is a singular value.

   For procedure estimate CPU Time was 166.578 seconds and System Time was 22.469 seconds       .

  Program  MARK  - Survival Rate Estimation with Capture-Recapture Data
   gfortran(dble/PIM2) Vers. 10.1 March 2023  17-Jun-2024 12:40:26    Page  018
 - - - - - - - - - - - - - - - - - - - - - - - - - - - - - - - - - - - - - -
 


  INPUT --- proc stop;

     For this job, CPU Time in minutes was 2.777 and System Time in minutes was 0.375.

     Time Start = 12:40:03.584   Time End = 12:40:26.073

     Wall Clock Time in minutes for this job was 0.375.

     Maximum of 56 words used of 4096 words allocated.


          E X E C U T I O N   S U C C E S S F U L 
