
   Program  MARK  - Survival Rate Estimation with Capture-Recapture Data
   gfortran(dble/PIM2) Vers. 10.1 March 2023   4-May-2023 16:05:14    Page  001
    
 - - - - - - - - - - - - - - - - - - - - - - - - - - - - - - - - - - - - - -
 
   Welcome to MARK Alejandro on machine DESKTOP-NQSKU6F in subdirectory 
   "C:\Users\Alejandro\OneDrive - Michigan State University\Documents\RProjects\Hawkes" running file "mark005.inp".
   This version was compiled by GCC version 12.2.0 using the options: 
     -cpp -iprefix c:\tdm-gcc-64\mingw64\bin\../lib/gcc/x86_64-w64-mingw32/12.2.0/
     -D_MT -D_REENTRANT -U_REENTRANT -D ieee -D dbleprecision -m64 -mtune=generic
     -march=x86-64 -mthreads -O3 -std=f2018 -fsignaling-nans
     -ffpe-summary=invalid,zero,overflow,underflow -funroll-loops -ffast-math
     -fall-intrinsics -fopenmp.

   This problem will use 7 of 8 possible threads.
   Static thread allocation is used.
   Schedule kind is omp_sched_dynamic with chunk size 1


  INPUT --- proc title ;

   For procedure title CPU Time was 0.001 seconds and System Time was 0.001 seconds       .


  INPUT --- proc chmatrix occasions= 11 groups= 6 etype= Live Nodes= 
  INPUT --- 101 icovar = 1 ICMeans  NoHist hist= 251 ;

  INPUT ---    time interval 1.9 6.91 8.33 7.7 5.79 3.87 6.43 3.7 16 22.99 
  INPUT ---    ;

  INPUT ---     icovariates dis ;

  INPUT ---    glabel(1)=originhatchery.year2010;

  INPUT ---    glabel(2)=originwild.year2010;

  INPUT ---    glabel(3)=originhatchery.year2011;

  INPUT ---    glabel(4)=originwild.year2011;

  INPUT ---    glabel(5)=originhatchery.year2012;

  INPUT ---    glabel(6)=originwild.year2012;

      Number of unique encounter histories read was 251.

      Number of individual covariates read was 1.
      Time interval lengths vary and/or not equal to 1.

      Data type number is 1
      Data type is Live Recaptures (CJS)

   For procedure chmatrix CPU Time was 0.016 seconds and System Time was 0.001 seconds       .

  Program  MARK  - Survival Rate Estimation with Capture-Recapture Data
   gfortran(dble/PIM2) Vers. 10.1 March 2023   4-May-2023 16:05:14    Page  002
 - - - - - - - - - - - - - - - - - - - - - - - - - - - - - - - - - - - - - -
 


  INPUT --- proc estimate link=Logit NOLOOP varest=2ndPart    ;


  INPUT --- model={ Phi(~time + dis)p(~time + year) };

  INPUT ---    fixed=1;
  INPUT ---        parm(38)=0.99 ;

  INPUT ---    group=1 Phi    rows=10 cols=10 Triang ;
  INPUT ---        1 2 3 4 5 6 7 8 9 10 ;
  INPUT ---        2 3 4 5 6 7 8 9 10 ;
  INPUT ---        3 4 5 6 7 8 9 10 ;
  INPUT ---        4 5 6 7 8 9 10 ;
  INPUT ---        5 6 7 8 9 10 ;
  INPUT ---        6 7 8 9 10 ;
  INPUT ---        7 8 9 10 ;
  INPUT ---        8 9 10 ;
  INPUT ---        9 10 ;
  INPUT ---        10 ;

  INPUT ---    group=2 Phi    rows=10 cols=10 Triang ;
  INPUT ---        1 2 3 4 5 6 7 8 9 10 ;
  INPUT ---        2 3 4 5 6 7 8 9 10 ;
  INPUT ---        3 4 5 6 7 8 9 10 ;
  INPUT ---        4 5 6 7 8 9 10 ;
  INPUT ---        5 6 7 8 9 10 ;
  INPUT ---        6 7 8 9 10 ;
  INPUT ---        7 8 9 10 ;
  INPUT ---        8 9 10 ;
  INPUT ---        9 10 ;
  INPUT ---        10 ;

  INPUT ---    group=3 Phi    rows=10 cols=10 Triang ;
  INPUT ---        1 2 3 4 5 6 7 8 9 10 ;
  INPUT ---        2 3 4 5 6 7 8 9 10 ;
  INPUT ---        3 4 5 6 7 8 9 10 ;
  INPUT ---        4 5 6 7 8 9 10 ;
  INPUT ---        5 6 7 8 9 10 ;
  INPUT ---        6 7 8 9 10 ;
  INPUT ---        7 8 9 10 ;
  INPUT ---        8 9 10 ;
  INPUT ---        9 10 ;
  INPUT ---        10 ;


  Program  MARK  - Survival Rate Estimation with Capture-Recapture Data
   gfortran(dble/PIM2) Vers. 10.1 March 2023   4-May-2023 16:05:14    Page  003
 - - - - - - - - - - - - - - - - - - - - - - - - - - - - - - - - - - - - - -
 
  INPUT ---    group=4 Phi    rows=10 cols=10 Triang ;
  INPUT ---        1 2 3 4 5 6 7 8 9 10 ;
  INPUT ---        2 3 4 5 6 7 8 9 10 ;
  INPUT ---        3 4 5 6 7 8 9 10 ;
  INPUT ---        4 5 6 7 8 9 10 ;
  INPUT ---        5 6 7 8 9 10 ;
  INPUT ---        6 7 8 9 10 ;
  INPUT ---        7 8 9 10 ;
  INPUT ---        8 9 10 ;
  INPUT ---        9 10 ;
  INPUT ---        10 ;

  INPUT ---    group=5 Phi    rows=10 cols=10 Triang ;
  INPUT ---        1 2 3 4 5 6 7 8 9 10 ;
  INPUT ---        2 3 4 5 6 7 8 9 10 ;
  INPUT ---        3 4 5 6 7 8 9 10 ;
  INPUT ---        4 5 6 7 8 9 10 ;
  INPUT ---        5 6 7 8 9 10 ;
  INPUT ---        6 7 8 9 10 ;
  INPUT ---        7 8 9 10 ;
  INPUT ---        8 9 10 ;
  INPUT ---        9 10 ;
  INPUT ---        10 ;

  INPUT ---    group=6 Phi    rows=10 cols=10 Triang ;
  INPUT ---        1 2 3 4 5 6 7 8 9 10 ;
  INPUT ---        2 3 4 5 6 7 8 9 10 ;
  INPUT ---        3 4 5 6 7 8 9 10 ;
  INPUT ---        4 5 6 7 8 9 10 ;
  INPUT ---        5 6 7 8 9 10 ;
  INPUT ---        6 7 8 9 10 ;
  INPUT ---        7 8 9 10 ;
  INPUT ---        8 9 10 ;
  INPUT ---        9 10 ;
  INPUT ---        10 ;

  INPUT ---    group=1 p    rows=10 cols=10 Triang ;
  INPUT ---        11 12 13 14 15 16 17 18 19 38 ;
  INPUT ---        12 13 14 15 16 17 18 19 38 ;
  INPUT ---        13 14 15 16 17 18 19 38 ;
  INPUT ---        14 15 16 17 18 19 38 ;
  INPUT ---        15 16 17 18 19 38 ;
  INPUT ---        16 17 18 19 38 ;
  INPUT ---        17 18 19 38 ;
  INPUT ---        18 19 38 ;
  INPUT ---        19 38 ;

  Program  MARK  - Survival Rate Estimation with Capture-Recapture Data
   gfortran(dble/PIM2) Vers. 10.1 March 2023   4-May-2023 16:05:15    Page  004
 - - - - - - - - - - - - - - - - - - - - - - - - - - - - - - - - - - - - - -
 
  INPUT ---        38 ;

  INPUT ---    group=2 p    rows=10 cols=10 Triang ;
  INPUT ---        11 12 13 14 15 16 17 18 19 38 ;
  INPUT ---        12 13 14 15 16 17 18 19 38 ;
  INPUT ---        13 14 15 16 17 18 19 38 ;
  INPUT ---        14 15 16 17 18 19 38 ;
  INPUT ---        15 16 17 18 19 38 ;
  INPUT ---        16 17 18 19 38 ;
  INPUT ---        17 18 19 38 ;
  INPUT ---        18 19 38 ;
  INPUT ---        19 38 ;
  INPUT ---        38 ;

  INPUT ---    group=3 p    rows=10 cols=10 Triang ;
  INPUT ---        20 21 22 23 24 25 26 27 28 38 ;
  INPUT ---        21 22 23 24 25 26 27 28 38 ;
  INPUT ---        22 23 24 25 26 27 28 38 ;
  INPUT ---        23 24 25 26 27 28 38 ;
  INPUT ---        24 25 26 27 28 38 ;
  INPUT ---        25 26 27 28 38 ;
  INPUT ---        26 27 28 38 ;
  INPUT ---        27 28 38 ;
  INPUT ---        28 38 ;
  INPUT ---        38 ;

  INPUT ---    group=4 p    rows=10 cols=10 Triang ;
  INPUT ---        20 21 22 23 24 25 26 27 28 38 ;
  INPUT ---        21 22 23 24 25 26 27 28 38 ;
  INPUT ---        22 23 24 25 26 27 28 38 ;
  INPUT ---        23 24 25 26 27 28 38 ;
  INPUT ---        24 25 26 27 28 38 ;
  INPUT ---        25 26 27 28 38 ;
  INPUT ---        26 27 28 38 ;
  INPUT ---        27 28 38 ;
  INPUT ---        28 38 ;
  INPUT ---        38 ;

  INPUT ---    group=5 p    rows=10 cols=10 Triang ;
  INPUT ---        29 30 31 32 33 34 35 36 37 38 ;
  INPUT ---        30 31 32 33 34 35 36 37 38 ;
  INPUT ---        31 32 33 34 35 36 37 38 ;
  INPUT ---        32 33 34 35 36 37 38 ;
  INPUT ---        33 34 35 36 37 38 ;
  INPUT ---        34 35 36 37 38 ;
  INPUT ---        35 36 37 38 ;

  Program  MARK  - Survival Rate Estimation with Capture-Recapture Data
   gfortran(dble/PIM2) Vers. 10.1 March 2023   4-May-2023 16:05:15    Page  005
 - - - - - - - - - - - - - - - - - - - - - - - - - - - - - - - - - - - - - -
 
  INPUT ---        36 37 38 ;
  INPUT ---        37 38 ;
  INPUT ---        38 ;

  INPUT ---    group=6 p    rows=10 cols=10 Triang ;
  INPUT ---        29 30 31 32 33 34 35 36 37 38 ;
  INPUT ---        30 31 32 33 34 35 36 37 38 ;
  INPUT ---        31 32 33 34 35 36 37 38 ;
  INPUT ---        32 33 34 35 36 37 38 ;
  INPUT ---        33 34 35 36 37 38 ;
  INPUT ---        34 35 36 37 38 ;
  INPUT ---        35 36 37 38 ;
  INPUT ---        36 37 38 ;
  INPUT ---        37 38 ;
  INPUT ---        38 ;

  INPUT ---    design matrix constraints=38 covariates=22;
  INPUT ---        1 0 0 0 0 0 0 0 0 0 dis 0 0 0 0 0 0 0 0 0 0 0;
  INPUT ---        1 1 0 0 0 0 0 0 0 0 dis 0 0 0 0 0 0 0 0 0 0 0;
  INPUT ---        1 0 1 0 0 0 0 0 0 0 dis 0 0 0 0 0 0 0 0 0 0 0;
  INPUT ---        1 0 0 1 0 0 0 0 0 0 dis 0 0 0 0 0 0 0 0 0 0 0;
  INPUT ---        1 0 0 0 1 0 0 0 0 0 dis 0 0 0 0 0 0 0 0 0 0 0;
  INPUT ---        1 0 0 0 0 1 0 0 0 0 dis 0 0 0 0 0 0 0 0 0 0 0;
  INPUT ---        1 0 0 0 0 0 1 0 0 0 dis 0 0 0 0 0 0 0 0 0 0 0;
  INPUT ---        1 0 0 0 0 0 0 1 0 0 dis 0 0 0 0 0 0 0 0 0 0 0;
  INPUT ---        1 0 0 0 0 0 0 0 1 0 dis 0 0 0 0 0 0 0 0 0 0 0;
  INPUT ---        1 0 0 0 0 0 0 0 0 1 dis 0 0 0 0 0 0 0 0 0 0 0;
  INPUT ---        0 0 0 0 0 0 0 0 0 0 0 1 0 0 0 0 0 0 0 0 0 0;
  INPUT ---        0 0 0 0 0 0 0 0 0 0 0 1 1 0 0 0 0 0 0 0 0 0;
  INPUT ---        0 0 0 0 0 0 0 0 0 0 0 1 0 1 0 0 0 0 0 0 0 0;
  INPUT ---        0 0 0 0 0 0 0 0 0 0 0 1 0 0 1 0 0 0 0 0 0 0;
  INPUT ---        0 0 0 0 0 0 0 0 0 0 0 1 0 0 0 1 0 0 0 0 0 0;
  INPUT ---        0 0 0 0 0 0 0 0 0 0 0 1 0 0 0 0 1 0 0 0 0 0;
  INPUT ---        0 0 0 0 0 0 0 0 0 0 0 1 0 0 0 0 0 1 0 0 0 0;
  INPUT ---        0 0 0 0 0 0 0 0 0 0 0 1 0 0 0 0 0 0 1 0 0 0;
  INPUT ---        0 0 0 0 0 0 0 0 0 0 0 1 0 0 0 0 0 0 0 1 0 0;
  INPUT ---        0 0 0 0 0 0 0 0 0 0 0 1 0 0 0 0 0 0 0 0 1 0;
  INPUT ---        0 0 0 0 0 0 0 0 0 0 0 1 1 0 0 0 0 0 0 0 1 0;
  INPUT ---        0 0 0 0 0 0 0 0 0 0 0 1 0 1 0 0 0 0 0 0 1 0;
  INPUT ---        0 0 0 0 0 0 0 0 0 0 0 1 0 0 1 0 0 0 0 0 1 0;
  INPUT ---        0 0 0 0 0 0 0 0 0 0 0 1 0 0 0 1 0 0 0 0 1 0;
  INPUT ---        0 0 0 0 0 0 0 0 0 0 0 1 0 0 0 0 1 0 0 0 1 0;
  INPUT ---        0 0 0 0 0 0 0 0 0 0 0 1 0 0 0 0 0 1 0 0 1 0;
  INPUT ---        0 0 0 0 0 0 0 0 0 0 0 1 0 0 0 0 0 0 1 0 1 0;
  INPUT ---        0 0 0 0 0 0 0 0 0 0 0 1 0 0 0 0 0 0 0 1 1 0;
  INPUT ---        0 0 0 0 0 0 0 0 0 0 0 1 0 0 0 0 0 0 0 0 0 1;

  Program  MARK  - Survival Rate Estimation with Capture-Recapture Data
   gfortran(dble/PIM2) Vers. 10.1 March 2023   4-May-2023 16:05:15    Page  006
 - - - - - - - - - - - - - - - - - - - - - - - - - - - - - - - - - - - - - -
 
  INPUT ---        0 0 0 0 0 0 0 0 0 0 0 1 1 0 0 0 0 0 0 0 0 1;
  INPUT ---        0 0 0 0 0 0 0 0 0 0 0 1 0 1 0 0 0 0 0 0 0 1;
  INPUT ---        0 0 0 0 0 0 0 0 0 0 0 1 0 0 1 0 0 0 0 0 0 1;
  INPUT ---        0 0 0 0 0 0 0 0 0 0 0 1 0 0 0 1 0 0 0 0 0 1;
  INPUT ---        0 0 0 0 0 0 0 0 0 0 0 1 0 0 0 0 1 0 0 0 0 1;
  INPUT ---        0 0 0 0 0 0 0 0 0 0 0 1 0 0 0 0 0 1 0 0 0 1;
  INPUT ---        0 0 0 0 0 0 0 0 0 0 0 1 0 0 0 0 0 0 1 0 0 1;
  INPUT ---        0 0 0 0 0 0 0 0 0 0 0 1 0 0 0 0 0 0 0 1 0 1;
  INPUT ---        0 0 0 0 0 0 0 0 0 0 0 0 0 0 0 0 0 0 0 0 0 0;
  INPUT ---       blabel(1)=Phi:(Intercept);
  INPUT ---       blabel(2)=Phi:time2.9;
  INPUT ---       blabel(3)=Phi:time9.81;
  INPUT ---       blabel(4)=Phi:time18.14;
  INPUT ---       blabel(5)=Phi:time25.84;
  INPUT ---       blabel(6)=Phi:time31.63;
  INPUT ---       blabel(7)=Phi:time35.5;
  INPUT ---       blabel(8)=Phi:time41.93;
  INPUT ---       blabel(9)=Phi:time45.63;
  INPUT ---       blabel(10)=Phi:time61.63;
  INPUT ---       blabel(11)=Phi:dis;
  INPUT ---       blabel(12)=p:(Intercept);
  INPUT ---       blabel(13)=p:time9.81;
  INPUT ---       blabel(14)=p:time18.14;
  INPUT ---       blabel(15)=p:time25.84;
  INPUT ---       blabel(16)=p:time31.63;
  INPUT ---       blabel(17)=p:time35.5;
  INPUT ---       blabel(18)=p:time41.93;
  INPUT ---       blabel(19)=p:time45.63;
  INPUT ---       blabel(20)=p:time61.63;
  INPUT ---       blabel(21)=p:year2011;
  INPUT ---       blabel(22)=p:year2012;
  INPUT ---       rlabel(1)=Phi ghatchery2010 c1 a0 t1;
  INPUT ---       rlabel(2)=Phi ghatchery2010 c1 a1.9 t2.9;
  INPUT ---       rlabel(3)=Phi ghatchery2010 c1 a8.81 t9.81;
  INPUT ---       rlabel(4)=Phi ghatchery2010 c1 a17.14 t18.14;
  INPUT ---       rlabel(5)=Phi ghatchery2010 c1 a24.84 t25.84;
  INPUT ---       rlabel(6)=Phi ghatchery2010 c1 a30.63 t31.63;
  INPUT ---       rlabel(7)=Phi ghatchery2010 c1 a34.5 t35.5;
  INPUT ---       rlabel(8)=Phi ghatchery2010 c1 a40.93 t41.93;
  INPUT ---       rlabel(9)=Phi ghatchery2010 c1 a44.63 t45.63;
  INPUT ---       rlabel(10)=Phi ghatchery2010 c1 a60.63 t61.63;
  INPUT ---       rlabel(11)=p ghatchery2010 c1 a1.9 t2.9;
  INPUT ---       rlabel(12)=p ghatchery2010 c1 a8.81 t9.81;
  INPUT ---       rlabel(13)=p ghatchery2010 c1 a17.14 t18.14;
  INPUT ---       rlabel(14)=p ghatchery2010 c1 a24.84 t25.84;
  INPUT ---       rlabel(15)=p ghatchery2010 c1 a30.63 t31.63;

  Program  MARK  - Survival Rate Estimation with Capture-Recapture Data
   gfortran(dble/PIM2) Vers. 10.1 March 2023   4-May-2023 16:05:15    Page  007
 - - - - - - - - - - - - - - - - - - - - - - - - - - - - - - - - - - - - - -
 
  INPUT ---       rlabel(16)=p ghatchery2010 c1 a34.5 t35.5;
  INPUT ---       rlabel(17)=p ghatchery2010 c1 a40.93 t41.93;
  INPUT ---       rlabel(18)=p ghatchery2010 c1 a44.63 t45.63;
  INPUT ---       rlabel(19)=p ghatchery2010 c1 a60.63 t61.63;
  INPUT ---       rlabel(20)=p ghatchery2011 c1 a1.9 t2.9;
  INPUT ---       rlabel(21)=p ghatchery2011 c1 a8.81 t9.81;
  INPUT ---       rlabel(22)=p ghatchery2011 c1 a17.14 t18.14;
  INPUT ---       rlabel(23)=p ghatchery2011 c1 a24.84 t25.84;
  INPUT ---       rlabel(24)=p ghatchery2011 c1 a30.63 t31.63;
  INPUT ---       rlabel(25)=p ghatchery2011 c1 a34.5 t35.5;
  INPUT ---       rlabel(26)=p ghatchery2011 c1 a40.93 t41.93;
  INPUT ---       rlabel(27)=p ghatchery2011 c1 a44.63 t45.63;
  INPUT ---       rlabel(28)=p ghatchery2011 c1 a60.63 t61.63;
  INPUT ---       rlabel(29)=p ghatchery2012 c1 a1.9 t2.9;
  INPUT ---       rlabel(30)=p ghatchery2012 c1 a8.81 t9.81;
  INPUT ---       rlabel(31)=p ghatchery2012 c1 a17.14 t18.14;
  INPUT ---       rlabel(32)=p ghatchery2012 c1 a24.84 t25.84;
  INPUT ---       rlabel(33)=p ghatchery2012 c1 a30.63 t31.63;
  INPUT ---       rlabel(34)=p ghatchery2012 c1 a34.5 t35.5;
  INPUT ---       rlabel(35)=p ghatchery2012 c1 a40.93 t41.93;
  INPUT ---       rlabel(36)=p ghatchery2012 c1 a44.63 t45.63;
  INPUT ---       rlabel(37)=p ghatchery2012 c1 a60.63 t61.63;
  INPUT ---       rlabel(38)=p ghatchery2010 c1 a83.62 t84.62;
   Model is { Phi(~time + dis)p(~time + year) }

 Link Function Used is LOGIT        

 Variance Estimation Procedure Used is 2ndPart 
 -2logL(saturated) = 0.0000000     
 Effective Sample Size = 18772

 Number of function evaluations was 123 for 22 parameters.
 For numerical optimization, CPU Time was 0.891 seconds and System Time was 1.000 seconds.
 -2logL { Phi(~time + dis)p(~time + year) } = 13462.607     
 Penalty { Phi(~time + dis)p(~time + year) } = 0.0000000     
 Gradient { Phi(~time + dis)p(~time + year) }:
 -0.34651413E-02  0.30661761E-03 -0.39868342E-03 -0.24556051E-02  0.24355933E-02
  0.96073131E-03 -0.52395297E-02  0.23005696E-01 -0.26539731E-01  0.44154869E-02
 -0.31009713E-02  0.18238530E-02  0.31459257E-02 -0.38677188E-02  0.30438141E-02
 -0.17719806E-02  0.11072922E-02 -0.12097285E-02  0.60420290E-03  0.84665274E-03
 -0.31430855E-02  0.62224569E-02
 Maximum ABS(G) { Phi(~time + dis)p(~time + year) } = 0.0265397     
 To compute VC matrix, CPU Time was 0.328 seconds and System Time was 0.375 seconds.
 S Vector { Phi(~time + dis)p(~time + year) }:
   1251.636      1173.217      270.7612      262.4412      150.5493    
   141.7253      137.6781      127.6395      109.1058      99.07170    
   83.38525      78.98455      75.23162      62.01103      53.04476    
   46.52548      43.76974      29.49082      12.08963      8.233226    
   7.459564     0.2998144E-03
 To invert VC matrix, CPU Time was 0.001 seconds and System Time was 0.001 seconds.
 Ratio Threshold = 50.000000       Max Gap (21/22) = 24880.605       Next Max Gap (2/3) = 4.3330309     
 Gap Method for Num. of Estimated Parameters { Phi(~time + dis)p(~time + year) } = 21          
 Threshold { Phi(~time + dis)p(~time + year) } = 0.0530795               
 Numerical Threshold Method for Num. of Estimated Parameters { Phi(~time + dis)p(~time + year) } = 21          
 Number of Estimated Parameters { Phi(~time + dis)p(~time + year) } = 21          
 DEVIANCE { Phi(~time + dis)p(~time + year) } = 13462.607               
 DEVIANCE Degrees of Freedom { Phi(~time + dis)p(~time + year) } = 224          
 c-hat { Phi(~time + dis)p(~time + year) } = 60.100926               
 AIC { Phi(~time + dis)p(~time + year) } = 13504.607               
 AICc { Phi(~time + dis)p(~time + year) } = 13504.657               
 BIC { Phi(~time + dis)p(~time + year) } = 13669.250               
 Pearson Chisquare { Phi(~time + dis)p(~time + year) } = 0.1556501E+11           
 Possible Encounter Histories { Phi(~time + dis)p(~time + year) } = 6144          
 Pearson Chisquare df { Phi(~time + dis)p(~time + year) } = 6117          
 Pearson chat { Phi(~time + dis)p(~time + year) } = 2544550.1               
 Sum(Observed/Expected) { Phi(~time + dis)p(~time + year) } = 0.3891249E+10           
 s-bar { Phi(~time + dis)p(~time + year) } = 633959.37               
 Fletcher chat { Phi(~time + dis)p(~time + year) } = 4.0137369               

  Program  MARK  - Survival Rate Estimation with Capture-Recapture Data
   gfortran(dble/PIM2) Vers. 10.1 March 2023   4-May-2023 16:05:16    Page  008
 - - - - - - - - - - - - - - - - - - - - - - - - - - - - - - - - - - - - - -
 


          LOGIT Link Function Parameters of { Phi(~time + dis)p(~time + year) }
                                                              95% Confidence Interval
    Parameter                  Beta         Standard Error     Lower           Upper
 -------------------------  --------------  --------------  --------------  --------------
    1:Phi:(Intercept)        19.925486       0.0000000       19.925486       19.925486    
    2:Phi:time2.9           -14.526643       0.0000000      -14.526643      -14.526643    
    3:Phi:time9.81          -13.696811       0.0000000      -13.696811      -13.696811    
    4:Phi:time18.14         -14.012689       0.0000000      -14.012689      -14.012689    
    5:Phi:time25.84         -13.033413       0.0000000      -13.033413      -13.033413    
    6:Phi:time31.63         -13.357756       0.0000000      -13.357756      -13.357756    
    7:Phi:time35.5          -15.168779       0.0000000      -15.168779      -15.168779    
    8:Phi:time41.93         -15.379902       0.0000000      -15.379902      -15.379902    
    9:Phi:time45.63         -15.319135       0.0000000      -15.319135      -15.319135    
   10:Phi:time61.63         -15.449338       0.0000000      -15.449338      -15.449338    
   11:Phi:dis               -0.0223799       0.0340886      -0.0891935       0.0444338    
   12:p:(Intercept)          3.2165843       0.1258446       2.9699289       3.4632397    
   13:p:time9.81            -0.2028827       0.1599264      -0.5163385       0.1105731    
   14:p:time18.14           -0.8621179       0.1431577      -1.1427069      -0.5815289    
   15:p:time25.84           -0.7244888       0.1462399      -1.0111191      -0.4378586    
   16:p:time31.63           -0.9288973       0.1421556      -1.2075224      -0.6502723    
   17:p:time35.5             0.4331485       0.1922393       0.0563595       0.8099375    
   18:p:time41.93           -0.8163295       0.1471865      -1.1048151      -0.5278440    
   19:p:time45.63           -0.4142471       0.1640337      -0.7357531      -0.0927410    
   20:p:time61.63           -0.4417991       0.1741387      -0.7831109      -0.1004872    
   21:p:year2011             0.5535093       0.0917752       0.3736298       0.7333887    
   22:p:year2012            -0.1378268       0.0771910      -0.2891211       0.0134676    


             Real Function Parameters of { Phi(~time + dis)p(~time + year) }

      Following estimates based on unstandardized individual covariate values:
          Variable                 Value        
          ----------------------  ------------- 
          DIS                     -0.1109058E-09
                                                               95% Confidence Interval
     Parameter                Estimate       Standard Error     Lower           Upper
 --------------------------  --------------  --------------  --------------  --------------
     1:Phi ghatchery2010 c1   1.0000000       0.0000000       1.0000000       1.0000000       
     2:Phi ghatchery2010 c1   0.9954985       0.5580987E-03   0.9942611       0.9964701       
     3:Phi ghatchery2010 c1   0.9980318       0.3622717E-03   0.9971772       0.9986281       
     4:Phi ghatchery2010 c1   0.9973027       0.4356101E-03   0.9962989       0.9980348       
     5:Phi ghatchery2010 c1   0.9989852       0.3204133E-03   0.9981162       0.9994536       
     6:Phi ghatchery2010 c1   0.9985970       0.4868380E-03   0.9972315       0.9992895       
     7:Phi ghatchery2010 c1   0.9914794       0.8611523E-03   0.9896146       0.9930117       

  Program  MARK  - Survival Rate Estimation with Capture-Recapture Data
   gfortran(dble/PIM2) Vers. 10.1 March 2023   4-May-2023 16:05:16    Page  009
 - - - - - - - - - - - - - - - - - - - - - - - - - - - - - - - - - - - - - -
 
     8:Phi ghatchery2010 c1   0.9894975       0.0014339       0.9862807       0.9919662       
     9:Phi ghatchery2010 c1   0.9901106       0.6522619E-03   0.9887468       0.9913105       
    10:Phi ghatchery2010 c1   0.9887508       0.6246150E-03   0.9874584       0.9899115       
    11:p ghatchery2010 c1 a   0.9614536       0.0046639       0.9511970       0.9696235       
    12:p ghatchery2010 c1 a   0.9531893       0.0053005       0.9416331       0.9625484       
    13:p ghatchery2010 c1 a   0.9132886       0.0075239       0.8973621       0.9269449       
    14:p ghatchery2010 c1 a   0.9235858       0.0070250       0.9086281       0.9362667       
    15:p ghatchery2010 c1 a   0.9078521       0.0078352       0.8913026       0.9221022       
    16:p ghatchery2010 c1 a   0.9746607       0.0039356       0.9656899       0.9813313       
    17:p ghatchery2010 c1 a   0.9168467       0.0076861       0.9004876       0.9307234       
    18:p ghatchery2010 c1 a   0.9428020       0.0067919       0.9279408       0.9547478       
    19:p ghatchery2010 c1 a   0.9412980       0.0077576       0.9241147       0.9547807       
    20:p ghatchery2011 c1 a   0.9774694       0.0029245       0.9709659       0.9825424       
    21:p ghatchery2011 c1 a   0.9725408       0.0033634       0.9651206       0.9784177       
    22:p ghatchery2011 c1 a   0.9482393       0.0050795       0.9373288       0.9573369       
    23:p ghatchery2011 c1 a   0.9545924       0.0046703       0.9445079       0.9629162       
    24:p ghatchery2011 c1 a   0.9448618       0.0053132       0.9334732       0.9543961       
    25:p ghatchery2011 c1 a   0.9852731       0.0024038       0.9797380       0.9893126       
    26:p ghatchery2011 c1 a   0.9504411       0.0051132       0.9394030       0.9595551       
    27:p ghatchery2011 c1 a   0.9662958       0.0042563       0.9568802       0.9737118       
    28:p ghatchery2011 c1 a   0.9653868       0.0047850       0.9546798       0.9736342       
    29:p ghatchery2012 c1 a   0.9560080       0.0051735       0.9446768       0.9651040       
    30:p ghatchery2012 c1 a   0.9466409       0.0058338       0.9339806       0.9569852       
    31:p ghatchery2012 c1 a   0.9017338       0.0080696       0.8847442       0.9164556       
    32:p ghatchery2012 c1 a   0.9132729       0.0075932       0.8971884       0.9270457       
    33:p ghatchery2012 c1 a   0.8956557       0.0083561       0.8781058       0.9109351       
    34:p ghatchery2012 c1 a   0.9710246       0.0044215       0.9609805       0.9785410       
    35:p ghatchery2012 c1 a   0.9057172       0.0083394       0.8880541       0.9208417       
    36:p ghatchery2012 c1 a   0.9348997       0.0073006       0.9190420       0.9478276       
    37:p ghatchery2012 c1 a   0.9332026       0.0082359       0.9151343       0.9476442       
    38:p ghatchery2010 c1 a   0.9900000       0.0000000       0.9900000       0.9900000      Fixed

 To compute parameter estimates, CPU Time was 0.001 seconds and System Time was 0.016 seconds.

 Attempted ordering of parameters by estimatibility:
   1 12 22 10  9 16 14 11 15 21 18  7 13 19  2 20  8  4 17  3  6  5
 Beta number 5 is a singular value.

   For procedure estimate CPU Time was 1.219 seconds and System Time was 1.578 seconds       .

  Program  MARK  - Survival Rate Estimation with Capture-Recapture Data
   gfortran(dble/PIM2) Vers. 10.1 March 2023   4-May-2023 16:05:16    Page  010
 - - - - - - - - - - - - - - - - - - - - - - - - - - - - - - - - - - - - - -
 


  INPUT --- proc stop;

     For this job, CPU Time in minutes was 0.021 and System Time in minutes was 0.027.

     Time Start = 16:05:14.843   Time End = 16:05:16.465

     Wall Clock Time in minutes for this job was 0.027.

     Maximum of 22 words used of 4096 words allocated.


          E X E C U T I O N   S U C C E S S F U L 
