
   Program  MARK  - Survival Rate Estimation with Capture-Recapture Data
   gfortran(dble/PIM2) Vers. 10.1 March 2023  17-Jun-2024 12:40:34    Page  001
    
 - - - - - - - - - - - - - - - - - - - - - - - - - - - - - - - - - - - - - -
 
   Welcome to MARK amolina6 on machine 6ZB4TV3 in subdirectory 
   "C:\Users\amolina6\OneDrive - University of Tennessee\Documents\projects\Hawkes" running file "mark063.inp".
   This version was compiled by GCC version 12.2.0 using the options: 
     -cpp -iprefix c:\tdm-gcc-64\mingw64\bin\../lib/gcc/x86_64-w64-mingw32/12.2.0/
     -D_MT -D_REENTRANT -U_REENTRANT -D ieee -D dbleprecision -m64 -mtune=generic
     -march=x86-64 -mthreads -O3 -std=f2018 -fsignaling-nans
     -ffpe-summary=invalid,zero,overflow,underflow -funroll-loops -ffast-math
     -fall-intrinsics -fopenmp.

   This problem will use 19 of 20 possible threads.
   Static thread allocation is used.
   Schedule kind is omp_sched_dynamic with chunk size 1


  INPUT --- proc title ;

   For procedure title CPU Time was 0.001 seconds and System Time was 0.001 seconds       .


  INPUT --- proc chmatrix occasions= 11 groups= 6 etype= Live Nodes= 
  INPUT --- 101 icovar = 1 ICMeans  NoHist hist= 251 ;

  INPUT ---    time interval 1.9 6.91 8.33 7.7 5.79 3.87 6.43 3.7 16 22.99 
  INPUT ---    ;

  INPUT ---     icovariates dis ;

  INPUT ---    glabel(1)=originhatchery.year2010;

  INPUT ---    glabel(2)=originwild.year2010;

  INPUT ---    glabel(3)=originhatchery.year2011;

  INPUT ---    glabel(4)=originwild.year2011;

  INPUT ---    glabel(5)=originhatchery.year2012;

  INPUT ---    glabel(6)=originwild.year2012;

      Number of unique encounter histories read was 251.

      Number of individual covariates read was 1.
      Time interval lengths vary and/or not equal to 1.

      Data type number is 1
      Data type is Live Recaptures (CJS)

   For procedure chmatrix CPU Time was 0.001 seconds and System Time was 0.001 seconds       .

  Program  MARK  - Survival Rate Estimation with Capture-Recapture Data
   gfortran(dble/PIM2) Vers. 10.1 March 2023  17-Jun-2024 12:40:34    Page  002
 - - - - - - - - - - - - - - - - - - - - - - - - - - - - - - - - - - - - - -
 


  INPUT --- proc estimate link=Logit NOLOOP varest=2ndPart    ;


  INPUT --- model={ Phi(~time * dis + year + origin)p(~time + year) };

  INPUT ---    fixed=1;
  INPUT ---        parm(88)=0.99 ;

  INPUT ---    group=1 Phi    rows=10 cols=10 Triang ;
  INPUT ---        1 2 3 4 5 6 7 8 9 10 ;
  INPUT ---        2 3 4 5 6 7 8 9 10 ;
  INPUT ---        3 4 5 6 7 8 9 10 ;
  INPUT ---        4 5 6 7 8 9 10 ;
  INPUT ---        5 6 7 8 9 10 ;
  INPUT ---        6 7 8 9 10 ;
  INPUT ---        7 8 9 10 ;
  INPUT ---        8 9 10 ;
  INPUT ---        9 10 ;
  INPUT ---        10 ;

  INPUT ---    group=2 Phi    rows=10 cols=10 Triang ;
  INPUT ---        11 12 13 14 15 16 17 18 19 20 ;
  INPUT ---        12 13 14 15 16 17 18 19 20 ;
  INPUT ---        13 14 15 16 17 18 19 20 ;
  INPUT ---        14 15 16 17 18 19 20 ;
  INPUT ---        15 16 17 18 19 20 ;
  INPUT ---        16 17 18 19 20 ;
  INPUT ---        17 18 19 20 ;
  INPUT ---        18 19 20 ;
  INPUT ---        19 20 ;
  INPUT ---        20 ;

  INPUT ---    group=3 Phi    rows=10 cols=10 Triang ;
  INPUT ---        21 22 23 24 25 26 27 28 29 30 ;
  INPUT ---        22 23 24 25 26 27 28 29 30 ;
  INPUT ---        23 24 25 26 27 28 29 30 ;
  INPUT ---        24 25 26 27 28 29 30 ;
  INPUT ---        25 26 27 28 29 30 ;
  INPUT ---        26 27 28 29 30 ;
  INPUT ---        27 28 29 30 ;
  INPUT ---        28 29 30 ;
  INPUT ---        29 30 ;
  INPUT ---        30 ;


  Program  MARK  - Survival Rate Estimation with Capture-Recapture Data
   gfortran(dble/PIM2) Vers. 10.1 March 2023  17-Jun-2024 12:40:34    Page  003
 - - - - - - - - - - - - - - - - - - - - - - - - - - - - - - - - - - - - - -
 
  INPUT ---    group=4 Phi    rows=10 cols=10 Triang ;
  INPUT ---        31 32 33 34 35 36 37 38 39 40 ;
  INPUT ---        32 33 34 35 36 37 38 39 40 ;
  INPUT ---        33 34 35 36 37 38 39 40 ;
  INPUT ---        34 35 36 37 38 39 40 ;
  INPUT ---        35 36 37 38 39 40 ;
  INPUT ---        36 37 38 39 40 ;
  INPUT ---        37 38 39 40 ;
  INPUT ---        38 39 40 ;
  INPUT ---        39 40 ;
  INPUT ---        40 ;

  INPUT ---    group=5 Phi    rows=10 cols=10 Triang ;
  INPUT ---        41 42 43 44 45 46 47 48 49 50 ;
  INPUT ---        42 43 44 45 46 47 48 49 50 ;
  INPUT ---        43 44 45 46 47 48 49 50 ;
  INPUT ---        44 45 46 47 48 49 50 ;
  INPUT ---        45 46 47 48 49 50 ;
  INPUT ---        46 47 48 49 50 ;
  INPUT ---        47 48 49 50 ;
  INPUT ---        48 49 50 ;
  INPUT ---        49 50 ;
  INPUT ---        50 ;

  INPUT ---    group=6 Phi    rows=10 cols=10 Triang ;
  INPUT ---        51 52 53 54 55 56 57 58 59 60 ;
  INPUT ---        52 53 54 55 56 57 58 59 60 ;
  INPUT ---        53 54 55 56 57 58 59 60 ;
  INPUT ---        54 55 56 57 58 59 60 ;
  INPUT ---        55 56 57 58 59 60 ;
  INPUT ---        56 57 58 59 60 ;
  INPUT ---        57 58 59 60 ;
  INPUT ---        58 59 60 ;
  INPUT ---        59 60 ;
  INPUT ---        60 ;

  INPUT ---    group=1 p    rows=10 cols=10 Triang ;
  INPUT ---        61 62 63 64 65 66 67 68 69 88 ;
  INPUT ---        62 63 64 65 66 67 68 69 88 ;
  INPUT ---        63 64 65 66 67 68 69 88 ;
  INPUT ---        64 65 66 67 68 69 88 ;
  INPUT ---        65 66 67 68 69 88 ;
  INPUT ---        66 67 68 69 88 ;
  INPUT ---        67 68 69 88 ;
  INPUT ---        68 69 88 ;
  INPUT ---        69 88 ;

  Program  MARK  - Survival Rate Estimation with Capture-Recapture Data
   gfortran(dble/PIM2) Vers. 10.1 March 2023  17-Jun-2024 12:40:34    Page  004
 - - - - - - - - - - - - - - - - - - - - - - - - - - - - - - - - - - - - - -
 
  INPUT ---        88 ;

  INPUT ---    group=2 p    rows=10 cols=10 Triang ;
  INPUT ---        61 62 63 64 65 66 67 68 69 88 ;
  INPUT ---        62 63 64 65 66 67 68 69 88 ;
  INPUT ---        63 64 65 66 67 68 69 88 ;
  INPUT ---        64 65 66 67 68 69 88 ;
  INPUT ---        65 66 67 68 69 88 ;
  INPUT ---        66 67 68 69 88 ;
  INPUT ---        67 68 69 88 ;
  INPUT ---        68 69 88 ;
  INPUT ---        69 88 ;
  INPUT ---        88 ;

  INPUT ---    group=3 p    rows=10 cols=10 Triang ;
  INPUT ---        70 71 72 73 74 75 76 77 78 88 ;
  INPUT ---        71 72 73 74 75 76 77 78 88 ;
  INPUT ---        72 73 74 75 76 77 78 88 ;
  INPUT ---        73 74 75 76 77 78 88 ;
  INPUT ---        74 75 76 77 78 88 ;
  INPUT ---        75 76 77 78 88 ;
  INPUT ---        76 77 78 88 ;
  INPUT ---        77 78 88 ;
  INPUT ---        78 88 ;
  INPUT ---        88 ;

  INPUT ---    group=4 p    rows=10 cols=10 Triang ;
  INPUT ---        70 71 72 73 74 75 76 77 78 88 ;
  INPUT ---        71 72 73 74 75 76 77 78 88 ;
  INPUT ---        72 73 74 75 76 77 78 88 ;
  INPUT ---        73 74 75 76 77 78 88 ;
  INPUT ---        74 75 76 77 78 88 ;
  INPUT ---        75 76 77 78 88 ;
  INPUT ---        76 77 78 88 ;
  INPUT ---        77 78 88 ;
  INPUT ---        78 88 ;
  INPUT ---        88 ;

  INPUT ---    group=5 p    rows=10 cols=10 Triang ;
  INPUT ---        79 80 81 82 83 84 85 86 87 88 ;
  INPUT ---        80 81 82 83 84 85 86 87 88 ;
  INPUT ---        81 82 83 84 85 86 87 88 ;
  INPUT ---        82 83 84 85 86 87 88 ;
  INPUT ---        83 84 85 86 87 88 ;
  INPUT ---        84 85 86 87 88 ;
  INPUT ---        85 86 87 88 ;

  Program  MARK  - Survival Rate Estimation with Capture-Recapture Data
   gfortran(dble/PIM2) Vers. 10.1 March 2023  17-Jun-2024 12:40:34    Page  005
 - - - - - - - - - - - - - - - - - - - - - - - - - - - - - - - - - - - - - -
 
  INPUT ---        86 87 88 ;
  INPUT ---        87 88 ;
  INPUT ---        88 ;

  INPUT ---    group=6 p    rows=10 cols=10 Triang ;
  INPUT ---        79 80 81 82 83 84 85 86 87 88 ;
  INPUT ---        80 81 82 83 84 85 86 87 88 ;
  INPUT ---        81 82 83 84 85 86 87 88 ;
  INPUT ---        82 83 84 85 86 87 88 ;
  INPUT ---        83 84 85 86 87 88 ;
  INPUT ---        84 85 86 87 88 ;
  INPUT ---        85 86 87 88 ;
  INPUT ---        86 87 88 ;
  INPUT ---        87 88 ;
  INPUT ---        88 ;

  INPUT ---    design matrix constraints=88 covariates=34;
  INPUT ---        1 0 0 0 0 0 0 0 0 0 dis 0 0 0 0 0 0 0 0 0 0 0 0 0 0 0 0 0 
  INPUT ---       0 0 0 0 0 0;
  INPUT ---        1 1 0 0 0 0 0 0 0 0 dis 0 0 0 dis 0 0 0 0 0 0 0 0 0 0 0 0 
  INPUT ---       0 0 0 0 0 0 0;
  INPUT ---        1 0 1 0 0 0 0 0 0 0 dis 0 0 0 0 dis 0 0 0 0 0 0 0 0 0 0 0 
  INPUT ---       0 0 0 0 0 0 0;
  INPUT ---        1 0 0 1 0 0 0 0 0 0 dis 0 0 0 0 0 dis 0 0 0 0 0 0 0 0 0 0 
  INPUT ---       0 0 0 0 0 0 0;
  INPUT ---        1 0 0 0 1 0 0 0 0 0 dis 0 0 0 0 0 0 dis 0 0 0 0 0 0 0 0 0 
  INPUT ---       0 0 0 0 0 0 0;
  INPUT ---        1 0 0 0 0 1 0 0 0 0 dis 0 0 0 0 0 0 0 dis 0 0 0 0 0 0 0 0 
  INPUT ---       0 0 0 0 0 0 0;
  INPUT ---        1 0 0 0 0 0 1 0 0 0 dis 0 0 0 0 0 0 0 0 dis 0 0 0 0 0 0 0 
  INPUT ---       0 0 0 0 0 0 0;
  INPUT ---        1 0 0 0 0 0 0 1 0 0 dis 0 0 0 0 0 0 0 0 0 dis 0 0 0 0 0 0 
  INPUT ---       0 0 0 0 0 0 0;
  INPUT ---        1 0 0 0 0 0 0 0 1 0 dis 0 0 0 0 0 0 0 0 0 0 dis 0 0 0 0 0 
  INPUT ---       0 0 0 0 0 0 0;
  INPUT ---        1 0 0 0 0 0 0 0 0 1 dis 0 0 0 0 0 0 0 0 0 0 0 dis 0 0 0 0 
  INPUT ---       0 0 0 0 0 0 0;
  INPUT ---        1 0 0 0 0 0 0 0 0 0 dis 0 0 1 0 0 0 0 0 0 0 0 0 0 0 0 0 0 
  INPUT ---       0 0 0 0 0 0;
  INPUT ---        1 1 0 0 0 0 0 0 0 0 dis 0 0 1 dis 0 0 0 0 0 0 0 0 0 0 0 0 
  INPUT ---       0 0 0 0 0 0 0;
  INPUT ---        1 0 1 0 0 0 0 0 0 0 dis 0 0 1 0 dis 0 0 0 0 0 0 0 0 0 0 0 
  INPUT ---       0 0 0 0 0 0 0;
  INPUT ---        1 0 0 1 0 0 0 0 0 0 dis 0 0 1 0 0 dis 0 0 0 0 0 0 0 0 0 0 
  INPUT ---       0 0 0 0 0 0 0;
  INPUT ---        1 0 0 0 1 0 0 0 0 0 dis 0 0 1 0 0 0 dis 0 0 0 0 0 0 0 0 0 

  Program  MARK  - Survival Rate Estimation with Capture-Recapture Data
   gfortran(dble/PIM2) Vers. 10.1 March 2023  17-Jun-2024 12:40:34    Page  006
 - - - - - - - - - - - - - - - - - - - - - - - - - - - - - - - - - - - - - -
 
  INPUT ---       0 0 0 0 0 0 0;
  INPUT ---        1 0 0 0 0 1 0 0 0 0 dis 0 0 1 0 0 0 0 dis 0 0 0 0 0 0 0 0 
  INPUT ---       0 0 0 0 0 0 0;
  INPUT ---        1 0 0 0 0 0 1 0 0 0 dis 0 0 1 0 0 0 0 0 dis 0 0 0 0 0 0 0 
  INPUT ---       0 0 0 0 0 0 0;
  INPUT ---        1 0 0 0 0 0 0 1 0 0 dis 0 0 1 0 0 0 0 0 0 dis 0 0 0 0 0 0 
  INPUT ---       0 0 0 0 0 0 0;
  INPUT ---        1 0 0 0 0 0 0 0 1 0 dis 0 0 1 0 0 0 0 0 0 0 dis 0 0 0 0 0 
  INPUT ---       0 0 0 0 0 0 0;
  INPUT ---        1 0 0 0 0 0 0 0 0 1 dis 0 0 1 0 0 0 0 0 0 0 0 dis 0 0 0 0 
  INPUT ---       0 0 0 0 0 0 0;
  INPUT ---        1 0 0 0 0 0 0 0 0 0 dis 1 0 0 0 0 0 0 0 0 0 0 0 0 0 0 0 0 
  INPUT ---       0 0 0 0 0 0;
  INPUT ---        1 1 0 0 0 0 0 0 0 0 dis 1 0 0 dis 0 0 0 0 0 0 0 0 0 0 0 0 
  INPUT ---       0 0 0 0 0 0 0;
  INPUT ---        1 0 1 0 0 0 0 0 0 0 dis 1 0 0 0 dis 0 0 0 0 0 0 0 0 0 0 0 
  INPUT ---       0 0 0 0 0 0 0;
  INPUT ---        1 0 0 1 0 0 0 0 0 0 dis 1 0 0 0 0 dis 0 0 0 0 0 0 0 0 0 0 
  INPUT ---       0 0 0 0 0 0 0;
  INPUT ---        1 0 0 0 1 0 0 0 0 0 dis 1 0 0 0 0 0 dis 0 0 0 0 0 0 0 0 0 
  INPUT ---       0 0 0 0 0 0 0;
  INPUT ---        1 0 0 0 0 1 0 0 0 0 dis 1 0 0 0 0 0 0 dis 0 0 0 0 0 0 0 0 
  INPUT ---       0 0 0 0 0 0 0;
  INPUT ---        1 0 0 0 0 0 1 0 0 0 dis 1 0 0 0 0 0 0 0 dis 0 0 0 0 0 0 0 
  INPUT ---       0 0 0 0 0 0 0;
  INPUT ---        1 0 0 0 0 0 0 1 0 0 dis 1 0 0 0 0 0 0 0 0 dis 0 0 0 0 0 0 
  INPUT ---       0 0 0 0 0 0 0;
  INPUT ---        1 0 0 0 0 0 0 0 1 0 dis 1 0 0 0 0 0 0 0 0 0 dis 0 0 0 0 0 
  INPUT ---       0 0 0 0 0 0 0;
  INPUT ---        1 0 0 0 0 0 0 0 0 1 dis 1 0 0 0 0 0 0 0 0 0 0 dis 0 0 0 0 
  INPUT ---       0 0 0 0 0 0 0;
  INPUT ---        1 0 0 0 0 0 0 0 0 0 dis 1 0 1 0 0 0 0 0 0 0 0 0 0 0 0 0 0 
  INPUT ---       0 0 0 0 0 0;
  INPUT ---        1 1 0 0 0 0 0 0 0 0 dis 1 0 1 dis 0 0 0 0 0 0 0 0 0 0 0 0 
  INPUT ---       0 0 0 0 0 0 0;
  INPUT ---        1 0 1 0 0 0 0 0 0 0 dis 1 0 1 0 dis 0 0 0 0 0 0 0 0 0 0 0 
  INPUT ---       0 0 0 0 0 0 0;
  INPUT ---        1 0 0 1 0 0 0 0 0 0 dis 1 0 1 0 0 dis 0 0 0 0 0 0 0 0 0 0 
  INPUT ---       0 0 0 0 0 0 0;
  INPUT ---        1 0 0 0 1 0 0 0 0 0 dis 1 0 1 0 0 0 dis 0 0 0 0 0 0 0 0 0 
  INPUT ---       0 0 0 0 0 0 0;
  INPUT ---        1 0 0 0 0 1 0 0 0 0 dis 1 0 1 0 0 0 0 dis 0 0 0 0 0 0 0 0 
  INPUT ---       0 0 0 0 0 0 0;
  INPUT ---        1 0 0 0 0 0 1 0 0 0 dis 1 0 1 0 0 0 0 0 dis 0 0 0 0 0 0 0 
  INPUT ---       0 0 0 0 0 0 0;
  INPUT ---        1 0 0 0 0 0 0 1 0 0 dis 1 0 1 0 0 0 0 0 0 dis 0 0 0 0 0 0 

  Program  MARK  - Survival Rate Estimation with Capture-Recapture Data
   gfortran(dble/PIM2) Vers. 10.1 March 2023  17-Jun-2024 12:40:34    Page  007
 - - - - - - - - - - - - - - - - - - - - - - - - - - - - - - - - - - - - - -
 
  INPUT ---       0 0 0 0 0 0 0;
  INPUT ---        1 0 0 0 0 0 0 0 1 0 dis 1 0 1 0 0 0 0 0 0 0 dis 0 0 0 0 0 
  INPUT ---       0 0 0 0 0 0 0;
  INPUT ---        1 0 0 0 0 0 0 0 0 1 dis 1 0 1 0 0 0 0 0 0 0 0 dis 0 0 0 0 
  INPUT ---       0 0 0 0 0 0 0;
  INPUT ---        1 0 0 0 0 0 0 0 0 0 dis 0 1 0 0 0 0 0 0 0 0 0 0 0 0 0 0 0 
  INPUT ---       0 0 0 0 0 0;
  INPUT ---        1 1 0 0 0 0 0 0 0 0 dis 0 1 0 dis 0 0 0 0 0 0 0 0 0 0 0 0 
  INPUT ---       0 0 0 0 0 0 0;
  INPUT ---        1 0 1 0 0 0 0 0 0 0 dis 0 1 0 0 dis 0 0 0 0 0 0 0 0 0 0 0 
  INPUT ---       0 0 0 0 0 0 0;
  INPUT ---        1 0 0 1 0 0 0 0 0 0 dis 0 1 0 0 0 dis 0 0 0 0 0 0 0 0 0 0 
  INPUT ---       0 0 0 0 0 0 0;
  INPUT ---        1 0 0 0 1 0 0 0 0 0 dis 0 1 0 0 0 0 dis 0 0 0 0 0 0 0 0 0 
  INPUT ---       0 0 0 0 0 0 0;
  INPUT ---        1 0 0 0 0 1 0 0 0 0 dis 0 1 0 0 0 0 0 dis 0 0 0 0 0 0 0 0 
  INPUT ---       0 0 0 0 0 0 0;
  INPUT ---        1 0 0 0 0 0 1 0 0 0 dis 0 1 0 0 0 0 0 0 dis 0 0 0 0 0 0 0 
  INPUT ---       0 0 0 0 0 0 0;
  INPUT ---        1 0 0 0 0 0 0 1 0 0 dis 0 1 0 0 0 0 0 0 0 dis 0 0 0 0 0 0 
  INPUT ---       0 0 0 0 0 0 0;
  INPUT ---        1 0 0 0 0 0 0 0 1 0 dis 0 1 0 0 0 0 0 0 0 0 dis 0 0 0 0 0 
  INPUT ---       0 0 0 0 0 0 0;
  INPUT ---        1 0 0 0 0 0 0 0 0 1 dis 0 1 0 0 0 0 0 0 0 0 0 dis 0 0 0 0 
  INPUT ---       0 0 0 0 0 0 0;
  INPUT ---        1 0 0 0 0 0 0 0 0 0 dis 0 1 1 0 0 0 0 0 0 0 0 0 0 0 0 0 0 
  INPUT ---       0 0 0 0 0 0;
  INPUT ---        1 1 0 0 0 0 0 0 0 0 dis 0 1 1 dis 0 0 0 0 0 0 0 0 0 0 0 0 
  INPUT ---       0 0 0 0 0 0 0;
  INPUT ---        1 0 1 0 0 0 0 0 0 0 dis 0 1 1 0 dis 0 0 0 0 0 0 0 0 0 0 0 
  INPUT ---       0 0 0 0 0 0 0;
  INPUT ---        1 0 0 1 0 0 0 0 0 0 dis 0 1 1 0 0 dis 0 0 0 0 0 0 0 0 0 0 
  INPUT ---       0 0 0 0 0 0 0;
  INPUT ---        1 0 0 0 1 0 0 0 0 0 dis 0 1 1 0 0 0 dis 0 0 0 0 0 0 0 0 0 
  INPUT ---       0 0 0 0 0 0 0;
  INPUT ---        1 0 0 0 0 1 0 0 0 0 dis 0 1 1 0 0 0 0 dis 0 0 0 0 0 0 0 0 
  INPUT ---       0 0 0 0 0 0 0;
  INPUT ---        1 0 0 0 0 0 1 0 0 0 dis 0 1 1 0 0 0 0 0 dis 0 0 0 0 0 0 0 
  INPUT ---       0 0 0 0 0 0 0;
  INPUT ---        1 0 0 0 0 0 0 1 0 0 dis 0 1 1 0 0 0 0 0 0 dis 0 0 0 0 0 0 
  INPUT ---       0 0 0 0 0 0 0;
  INPUT ---        1 0 0 0 0 0 0 0 1 0 dis 0 1 1 0 0 0 0 0 0 0 dis 0 0 0 0 0 
  INPUT ---       0 0 0 0 0 0 0;
  INPUT ---        1 0 0 0 0 0 0 0 0 1 dis 0 1 1 0 0 0 0 0 0 0 0 dis 0 0 0 0 
  INPUT ---       0 0 0 0 0 0 0;
  INPUT ---        0 0 0 0 0 0 0 0 0 0 0 0 0 0 0 0 0 0 0 0 0 0 0 1 0 0 0 0 0 

  Program  MARK  - Survival Rate Estimation with Capture-Recapture Data
   gfortran(dble/PIM2) Vers. 10.1 March 2023  17-Jun-2024 12:40:34    Page  008
 - - - - - - - - - - - - - - - - - - - - - - - - - - - - - - - - - - - - - -
 
  INPUT ---       0 0 0 0 0;
  INPUT ---        0 0 0 0 0 0 0 0 0 0 0 0 0 0 0 0 0 0 0 0 0 0 0 1 1 0 0 0 0 
  INPUT ---       0 0 0 0 0;
  INPUT ---        0 0 0 0 0 0 0 0 0 0 0 0 0 0 0 0 0 0 0 0 0 0 0 1 0 1 0 0 0 
  INPUT ---       0 0 0 0 0;
  INPUT ---        0 0 0 0 0 0 0 0 0 0 0 0 0 0 0 0 0 0 0 0 0 0 0 1 0 0 1 0 0 
  INPUT ---       0 0 0 0 0;
  INPUT ---        0 0 0 0 0 0 0 0 0 0 0 0 0 0 0 0 0 0 0 0 0 0 0 1 0 0 0 1 0 
  INPUT ---       0 0 0 0 0;
  INPUT ---        0 0 0 0 0 0 0 0 0 0 0 0 0 0 0 0 0 0 0 0 0 0 0 1 0 0 0 0 1 
  INPUT ---       0 0 0 0 0;
  INPUT ---        0 0 0 0 0 0 0 0 0 0 0 0 0 0 0 0 0 0 0 0 0 0 0 1 0 0 0 0 0 
  INPUT ---       1 0 0 0 0;
  INPUT ---        0 0 0 0 0 0 0 0 0 0 0 0 0 0 0 0 0 0 0 0 0 0 0 1 0 0 0 0 0 
  INPUT ---       0 1 0 0 0;
  INPUT ---        0 0 0 0 0 0 0 0 0 0 0 0 0 0 0 0 0 0 0 0 0 0 0 1 0 0 0 0 0 
  INPUT ---       0 0 1 0 0;
  INPUT ---        0 0 0 0 0 0 0 0 0 0 0 0 0 0 0 0 0 0 0 0 0 0 0 1 0 0 0 0 0 
  INPUT ---       0 0 0 1 0;
  INPUT ---        0 0 0 0 0 0 0 0 0 0 0 0 0 0 0 0 0 0 0 0 0 0 0 1 1 0 0 0 0 
  INPUT ---       0 0 0 1 0;
  INPUT ---        0 0 0 0 0 0 0 0 0 0 0 0 0 0 0 0 0 0 0 0 0 0 0 1 0 1 0 0 0 
  INPUT ---       0 0 0 1 0;
  INPUT ---        0 0 0 0 0 0 0 0 0 0 0 0 0 0 0 0 0 0 0 0 0 0 0 1 0 0 1 0 0 
  INPUT ---       0 0 0 1 0;
  INPUT ---        0 0 0 0 0 0 0 0 0 0 0 0 0 0 0 0 0 0 0 0 0 0 0 1 0 0 0 1 0 
  INPUT ---       0 0 0 1 0;
  INPUT ---        0 0 0 0 0 0 0 0 0 0 0 0 0 0 0 0 0 0 0 0 0 0 0 1 0 0 0 0 1 
  INPUT ---       0 0 0 1 0;
  INPUT ---        0 0 0 0 0 0 0 0 0 0 0 0 0 0 0 0 0 0 0 0 0 0 0 1 0 0 0 0 0 
  INPUT ---       1 0 0 1 0;
  INPUT ---        0 0 0 0 0 0 0 0 0 0 0 0 0 0 0 0 0 0 0 0 0 0 0 1 0 0 0 0 0 
  INPUT ---       0 1 0 1 0;
  INPUT ---        0 0 0 0 0 0 0 0 0 0 0 0 0 0 0 0 0 0 0 0 0 0 0 1 0 0 0 0 0 
  INPUT ---       0 0 1 1 0;
  INPUT ---        0 0 0 0 0 0 0 0 0 0 0 0 0 0 0 0 0 0 0 0 0 0 0 1 0 0 0 0 0 
  INPUT ---       0 0 0 0 1;
  INPUT ---        0 0 0 0 0 0 0 0 0 0 0 0 0 0 0 0 0 0 0 0 0 0 0 1 1 0 0 0 0 
  INPUT ---       0 0 0 0 1;
  INPUT ---        0 0 0 0 0 0 0 0 0 0 0 0 0 0 0 0 0 0 0 0 0 0 0 1 0 1 0 0 0 
  INPUT ---       0 0 0 0 1;
  INPUT ---        0 0 0 0 0 0 0 0 0 0 0 0 0 0 0 0 0 0 0 0 0 0 0 1 0 0 1 0 0 
  INPUT ---       0 0 0 0 1;
  INPUT ---        0 0 0 0 0 0 0 0 0 0 0 0 0 0 0 0 0 0 0 0 0 0 0 1 0 0 0 1 0 
  INPUT ---       0 0 0 0 1;
  INPUT ---        0 0 0 0 0 0 0 0 0 0 0 0 0 0 0 0 0 0 0 0 0 0 0 1 0 0 0 0 1 

  Program  MARK  - Survival Rate Estimation with Capture-Recapture Data
   gfortran(dble/PIM2) Vers. 10.1 March 2023  17-Jun-2024 12:40:34    Page  009
 - - - - - - - - - - - - - - - - - - - - - - - - - - - - - - - - - - - - - -
 
  INPUT ---       0 0 0 0 1;
  INPUT ---        0 0 0 0 0 0 0 0 0 0 0 0 0 0 0 0 0 0 0 0 0 0 0 1 0 0 0 0 0 
  INPUT ---       1 0 0 0 1;
  INPUT ---        0 0 0 0 0 0 0 0 0 0 0 0 0 0 0 0 0 0 0 0 0 0 0 1 0 0 0 0 0 
  INPUT ---       0 1 0 0 1;
  INPUT ---        0 0 0 0 0 0 0 0 0 0 0 0 0 0 0 0 0 0 0 0 0 0 0 1 0 0 0 0 0 
  INPUT ---       0 0 1 0 1;
  INPUT ---        0 0 0 0 0 0 0 0 0 0 0 0 0 0 0 0 0 0 0 0 0 0 0 0 0 0 0 0 0 
  INPUT ---       0 0 0 0 0;
  INPUT ---       blabel(1)=Phi:(Intercept);
  INPUT ---       blabel(2)=Phi:time2.9;
  INPUT ---       blabel(3)=Phi:time9.81;
  INPUT ---       blabel(4)=Phi:time18.14;
  INPUT ---       blabel(5)=Phi:time25.84;
  INPUT ---       blabel(6)=Phi:time31.63;
  INPUT ---       blabel(7)=Phi:time35.5;
  INPUT ---       blabel(8)=Phi:time41.93;
  INPUT ---       blabel(9)=Phi:time45.63;
  INPUT ---       blabel(10)=Phi:time61.63;
  INPUT ---       blabel(11)=Phi:dis;
  INPUT ---       blabel(12)=Phi:year2011;
  INPUT ---       blabel(13)=Phi:year2012;
  INPUT ---       blabel(14)=Phi:originwild;
  INPUT ---       blabel(15)=Phi:time2.9:dis;
  INPUT ---       blabel(16)=Phi:time9.81:dis;
  INPUT ---       blabel(17)=Phi:time18.14:dis;
  INPUT ---       blabel(18)=Phi:time25.84:dis;
  INPUT ---       blabel(19)=Phi:time31.63:dis;
  INPUT ---       blabel(20)=Phi:time35.5:dis;
  INPUT ---       blabel(21)=Phi:time41.93:dis;
  INPUT ---       blabel(22)=Phi:time45.63:dis;
  INPUT ---       blabel(23)=Phi:time61.63:dis;
  INPUT ---       blabel(24)=p:(Intercept);
  INPUT ---       blabel(25)=p:time9.81;
  INPUT ---       blabel(26)=p:time18.14;
  INPUT ---       blabel(27)=p:time25.84;
  INPUT ---       blabel(28)=p:time31.63;
  INPUT ---       blabel(29)=p:time35.5;
  INPUT ---       blabel(30)=p:time41.93;
  INPUT ---       blabel(31)=p:time45.63;
  INPUT ---       blabel(32)=p:time61.63;
  INPUT ---       blabel(33)=p:year2011;
  INPUT ---       blabel(34)=p:year2012;
  INPUT ---       rlabel(1)=Phi ghatchery2010 c1 a0 t1;
  INPUT ---       rlabel(2)=Phi ghatchery2010 c1 a1.9 t2.9;
  INPUT ---       rlabel(3)=Phi ghatchery2010 c1 a8.81 t9.81;

  Program  MARK  - Survival Rate Estimation with Capture-Recapture Data
   gfortran(dble/PIM2) Vers. 10.1 March 2023  17-Jun-2024 12:40:34    Page  010
 - - - - - - - - - - - - - - - - - - - - - - - - - - - - - - - - - - - - - -
 
  INPUT ---       rlabel(4)=Phi ghatchery2010 c1 a17.14 t18.14;
  INPUT ---       rlabel(5)=Phi ghatchery2010 c1 a24.84 t25.84;
  INPUT ---       rlabel(6)=Phi ghatchery2010 c1 a30.63 t31.63;
  INPUT ---       rlabel(7)=Phi ghatchery2010 c1 a34.5 t35.5;
  INPUT ---       rlabel(8)=Phi ghatchery2010 c1 a40.93 t41.93;
  INPUT ---       rlabel(9)=Phi ghatchery2010 c1 a44.63 t45.63;
  INPUT ---       rlabel(10)=Phi ghatchery2010 c1 a60.63 t61.63;
  INPUT ---       rlabel(11)=Phi gwild2010 c1 a0 t1;
  INPUT ---       rlabel(12)=Phi gwild2010 c1 a1.9 t2.9;
  INPUT ---       rlabel(13)=Phi gwild2010 c1 a8.81 t9.81;
  INPUT ---       rlabel(14)=Phi gwild2010 c1 a17.14 t18.14;
  INPUT ---       rlabel(15)=Phi gwild2010 c1 a24.84 t25.84;
  INPUT ---       rlabel(16)=Phi gwild2010 c1 a30.63 t31.63;
  INPUT ---       rlabel(17)=Phi gwild2010 c1 a34.5 t35.5;
  INPUT ---       rlabel(18)=Phi gwild2010 c1 a40.93 t41.93;
  INPUT ---       rlabel(19)=Phi gwild2010 c1 a44.63 t45.63;
  INPUT ---       rlabel(20)=Phi gwild2010 c1 a60.63 t61.63;
  INPUT ---       rlabel(21)=Phi ghatchery2011 c1 a0 t1;
  INPUT ---       rlabel(22)=Phi ghatchery2011 c1 a1.9 t2.9;
  INPUT ---       rlabel(23)=Phi ghatchery2011 c1 a8.81 t9.81;
  INPUT ---       rlabel(24)=Phi ghatchery2011 c1 a17.14 t18.14;
  INPUT ---       rlabel(25)=Phi ghatchery2011 c1 a24.84 t25.84;
  INPUT ---       rlabel(26)=Phi ghatchery2011 c1 a30.63 t31.63;
  INPUT ---       rlabel(27)=Phi ghatchery2011 c1 a34.5 t35.5;
  INPUT ---       rlabel(28)=Phi ghatchery2011 c1 a40.93 t41.93;
  INPUT ---       rlabel(29)=Phi ghatchery2011 c1 a44.63 t45.63;
  INPUT ---       rlabel(30)=Phi ghatchery2011 c1 a60.63 t61.63;
  INPUT ---       rlabel(31)=Phi gwild2011 c1 a0 t1;
  INPUT ---       rlabel(32)=Phi gwild2011 c1 a1.9 t2.9;
  INPUT ---       rlabel(33)=Phi gwild2011 c1 a8.81 t9.81;
  INPUT ---       rlabel(34)=Phi gwild2011 c1 a17.14 t18.14;
  INPUT ---       rlabel(35)=Phi gwild2011 c1 a24.84 t25.84;
  INPUT ---       rlabel(36)=Phi gwild2011 c1 a30.63 t31.63;
  INPUT ---       rlabel(37)=Phi gwild2011 c1 a34.5 t35.5;
  INPUT ---       rlabel(38)=Phi gwild2011 c1 a40.93 t41.93;
  INPUT ---       rlabel(39)=Phi gwild2011 c1 a44.63 t45.63;
  INPUT ---       rlabel(40)=Phi gwild2011 c1 a60.63 t61.63;
  INPUT ---       rlabel(41)=Phi ghatchery2012 c1 a0 t1;
  INPUT ---       rlabel(42)=Phi ghatchery2012 c1 a1.9 t2.9;
  INPUT ---       rlabel(43)=Phi ghatchery2012 c1 a8.81 t9.81;
  INPUT ---       rlabel(44)=Phi ghatchery2012 c1 a17.14 t18.14;
  INPUT ---       rlabel(45)=Phi ghatchery2012 c1 a24.84 t25.84;
  INPUT ---       rlabel(46)=Phi ghatchery2012 c1 a30.63 t31.63;
  INPUT ---       rlabel(47)=Phi ghatchery2012 c1 a34.5 t35.5;
  INPUT ---       rlabel(48)=Phi ghatchery2012 c1 a40.93 t41.93;
  INPUT ---       rlabel(49)=Phi ghatchery2012 c1 a44.63 t45.63;

  Program  MARK  - Survival Rate Estimation with Capture-Recapture Data
   gfortran(dble/PIM2) Vers. 10.1 March 2023  17-Jun-2024 12:40:34    Page  011
 - - - - - - - - - - - - - - - - - - - - - - - - - - - - - - - - - - - - - -
 
  INPUT ---       rlabel(50)=Phi ghatchery2012 c1 a60.63 t61.63;
  INPUT ---       rlabel(51)=Phi gwild2012 c1 a0 t1;
  INPUT ---       rlabel(52)=Phi gwild2012 c1 a1.9 t2.9;
  INPUT ---       rlabel(53)=Phi gwild2012 c1 a8.81 t9.81;
  INPUT ---       rlabel(54)=Phi gwild2012 c1 a17.14 t18.14;
  INPUT ---       rlabel(55)=Phi gwild2012 c1 a24.84 t25.84;
  INPUT ---       rlabel(56)=Phi gwild2012 c1 a30.63 t31.63;
  INPUT ---       rlabel(57)=Phi gwild2012 c1 a34.5 t35.5;
  INPUT ---       rlabel(58)=Phi gwild2012 c1 a40.93 t41.93;
  INPUT ---       rlabel(59)=Phi gwild2012 c1 a44.63 t45.63;
  INPUT ---       rlabel(60)=Phi gwild2012 c1 a60.63 t61.63;
  INPUT ---       rlabel(61)=p ghatchery2010 c1 a1.9 t2.9;
  INPUT ---       rlabel(62)=p ghatchery2010 c1 a8.81 t9.81;
  INPUT ---       rlabel(63)=p ghatchery2010 c1 a17.14 t18.14;
  INPUT ---       rlabel(64)=p ghatchery2010 c1 a24.84 t25.84;
  INPUT ---       rlabel(65)=p ghatchery2010 c1 a30.63 t31.63;
  INPUT ---       rlabel(66)=p ghatchery2010 c1 a34.5 t35.5;
  INPUT ---       rlabel(67)=p ghatchery2010 c1 a40.93 t41.93;
  INPUT ---       rlabel(68)=p ghatchery2010 c1 a44.63 t45.63;
  INPUT ---       rlabel(69)=p ghatchery2010 c1 a60.63 t61.63;
  INPUT ---       rlabel(70)=p ghatchery2011 c1 a1.9 t2.9;
  INPUT ---       rlabel(71)=p ghatchery2011 c1 a8.81 t9.81;
  INPUT ---       rlabel(72)=p ghatchery2011 c1 a17.14 t18.14;
  INPUT ---       rlabel(73)=p ghatchery2011 c1 a24.84 t25.84;
  INPUT ---       rlabel(74)=p ghatchery2011 c1 a30.63 t31.63;
  INPUT ---       rlabel(75)=p ghatchery2011 c1 a34.5 t35.5;
  INPUT ---       rlabel(76)=p ghatchery2011 c1 a40.93 t41.93;
  INPUT ---       rlabel(77)=p ghatchery2011 c1 a44.63 t45.63;
  INPUT ---       rlabel(78)=p ghatchery2011 c1 a60.63 t61.63;
  INPUT ---       rlabel(79)=p ghatchery2012 c1 a1.9 t2.9;
  INPUT ---       rlabel(80)=p ghatchery2012 c1 a8.81 t9.81;
  INPUT ---       rlabel(81)=p ghatchery2012 c1 a17.14 t18.14;
  INPUT ---       rlabel(82)=p ghatchery2012 c1 a24.84 t25.84;
  INPUT ---       rlabel(83)=p ghatchery2012 c1 a30.63 t31.63;
  INPUT ---       rlabel(84)=p ghatchery2012 c1 a34.5 t35.5;
  INPUT ---       rlabel(85)=p ghatchery2012 c1 a40.93 t41.93;
  INPUT ---       rlabel(86)=p ghatchery2012 c1 a44.63 t45.63;
  INPUT ---       rlabel(87)=p ghatchery2012 c1 a60.63 t61.63;
  INPUT ---       rlabel(88)=p ghatchery2010 c1 a83.62 t84.62;
   Model is { Phi(~time * dis + year + origin)p(~time + year) }

 Link Function Used is LOGIT        

 Variance Estimation Procedure Used is 2ndPart 
 -2logL(saturated) = 0.0000000     
 Effective Sample Size = 18772

 Number of function evaluations was 182 for 34 parameters.
 For numerical optimization, CPU Time was 28.828 seconds and System Time was 2.562 seconds.

  Program  MARK  - Survival Rate Estimation with Capture-Recapture Data
   gfortran(dble/PIM2) Vers. 10.1 March 2023  17-Jun-2024 12:40:36    Page  012
 - - - - - - - - - - - - - - - - - - - - - - - - - - - - - - - - - - - - - -
 
 -2logL { Phi(~time * dis + year + origin)p(~time + year) } = 13311.098     
 Penalty { Phi(~time * dis + year + origin)p(~time + year) } = 0.0000000     
 Gradient { Phi(~time * dis + year + origin)p(~time + year) }:
  0.11055694E-01  0.42341817E-02 -0.12031537E-02  0.55644216E-02  0.86999986E-04
 -0.11806514E-02  0.76145338E-03 -0.11152454E-02  0.13427450E-02  0.24902720E-02
 -0.65791839E-03  0.13321816E-01 -0.70979369E-02  0.26878004E-02 -0.76845716E-03
  0.14406878E-02  0.27093733E-03 -0.69938996E-03 -0.36115298E-03 -0.94331941E-03
  0.74575760E-04  0.18785361E-03   0.0000000     -0.10396231E-02 -0.20284619E-03
  0.55069638E-02  0.21237071E-03 -0.20906641E-02 -0.28905737E-02 -0.20826795E-02
 -0.13965530E-02  0.29039828E-02  0.41285995E-02 -0.80403002E-02
 Maximum ABS(G) { Phi(~time * dis + year + origin)p(~time + year) } = 0.0133218     
 To compute VC matrix, CPU Time was 9.375 seconds and System Time was 0.781 seconds.
 S Vector { Phi(~time * dis + year + origin)p(~time + year) }:
   1506.294      1251.612      390.6658      271.1022      264.0935    
   195.2976      181.1260      150.5147      140.6497      137.1029    
   127.6626      98.68422      82.95572      78.56083      75.68421    
   62.71491      56.14195      46.86829      45.12577      43.72879    
   29.61098      27.25115      19.84711      14.93678      13.80710    
   11.27032      7.660677      7.467676      5.767437      4.957057    
   1.488021      1.332962     0.2852494E-03 0.1876060E-04
 To invert VC matrix, CPU Time was 0.001 seconds and System Time was 0.001 seconds.
 Ratio Threshold = 50.000000       Max Gap (32/33) = 4672.9706       Next Max Gap (33/34) = 15.204707     
 Gap Method for Num. of Estimated Parameters { Phi(~time * dis + year + origin)p(~time + year) } = 32          
 Threshold { Phi(~time * dis + year + origin)p(~time + year) } = 0.0266436               
 Numerical Threshold Method for Num. of Estimated Parameters { Phi(~time * dis + year + origin)p(~time + year) } = 32          
 Number of Estimated Parameters { Phi(~time * dis + year + origin)p(~time + year) } = 32          
 DEVIANCE { Phi(~time * dis + year + origin)p(~time + year) } = 13311.098               
 DEVIANCE Degrees of Freedom { Phi(~time * dis + year + origin)p(~time + year) } = 213          
 c-hat { Phi(~time * dis + year + origin)p(~time + year) } = 62.493417               
 AIC { Phi(~time * dis + year + origin)p(~time + year) } = 13375.098               
 AICc { Phi(~time * dis + year + origin)p(~time + year) } = 13375.211               
 BIC { Phi(~time * dis + year + origin)p(~time + year) } = 13625.982               
 Pearson Chisquare { Phi(~time * dis + year + origin)p(~time + year) } = 0.1323455E+11           
 Possible Encounter Histories { Phi(~time * dis + year + origin)p(~time + year) } = 6144          
 Pearson Chisquare df { Phi(~time * dis + year + origin)p(~time + year) } = 6106          
 Pearson chat { Phi(~time * dis + year + origin)p(~time + year) } = 2167466.6               
 Sum(Observed/Expected) { Phi(~time * dis + year + origin)p(~time + year) } = 0.3308634E+10           
 s-bar { Phi(~time * dis + year + origin)p(~time + year) } = 539039.99               
 Fletcher chat { Phi(~time * dis + year + origin)p(~time + year) } = 4.0209681               


  LOGIT Link Function Parameters of { Phi(~time * dis + year + origin)p(~time + year) }
                                                              95% Confidence Interval
    Parameter                  Beta         Standard Error     Lower           Upper
 -------------------------  --------------  --------------  --------------  --------------
    1:Phi:(Intercept)        19.437626       0.0000000       19.437626       19.437626    
    2:Phi:time2.9           -14.539224       0.0000000      -14.539224      -14.539224    
    3:Phi:time9.81          -13.711499       0.0000000      -13.711499      -13.711499    
    4:Phi:time18.14         -14.027287       0.0000000      -14.027287      -14.027287    
    5:Phi:time25.84         -13.031072       0.0000000      -13.031072      -13.031072    
    6:Phi:time31.63         -12.751181       0.0000000      -12.751181      -12.751181    
    7:Phi:time35.5          -15.191538       0.0000000      -15.191538      -15.191538    
    8:Phi:time41.93         -15.308945       0.0000000      -15.308945      -15.308945    
    9:Phi:time45.63         -15.363983       0.0000000      -15.363983      -15.363983    
   10:Phi:time61.63         -15.519358       0.0000000      -15.519358      -15.519358    
   11:Phi:dis               -0.6348331       25.993118      -51.581346       50.311680    
   12:Phi:year2011           0.8234746       0.1462749       0.5367758       1.1101733    
   13:Phi:year2012           0.9949679       0.1068126       0.7856152       1.2043206    
   14:Phi:originwild        -0.1808273       0.0724258      -0.3227819      -0.0388727    
   15:Phi:time2.9:dis        0.2660815       25.993184      -50.680560       51.212723    
   16:Phi:time9.81:dis       0.4584653       25.993509      -50.488814       51.405745    
   17:Phi:time18.14:dis      0.4460097       25.993392      -50.501039       51.393058    
   18:Phi:time25.84:dis      0.6382187       25.995789      -50.313530       51.589967    
   19:Phi:time31.63:dis     -0.4863373       25.994237      -51.435044       50.462369    

  Program  MARK  - Survival Rate Estimation with Capture-Recapture Data
   gfortran(dble/PIM2) Vers. 10.1 March 2023  17-Jun-2024 12:40:37    Page  013
 - - - - - - - - - - - - - - - - - - - - - - - - - - - - - - - - - - - - - -
 
   20:Phi:time35.5:dis       0.3350486       25.993138      -50.611503       51.281600    
   21:Phi:time41.93:dis      0.8095083       25.993550      -50.137850       51.756867    
   22:Phi:time45.63:dis      0.3380295       25.993183      -50.608611       51.284669    
   23:Phi:time61.63:dis      0.2445176       25.993172      -50.702101       51.191136    
   24:p:(Intercept)          3.2270428       0.1259210       2.9802376       3.4738480    
   25:p:time9.81            -0.2035751       0.1599274      -0.5170329       0.1098827    
   26:p:time18.14           -0.8619891       0.1431578      -1.1425784      -0.5813997    
   27:p:time25.84           -0.7243948       0.1462385      -1.0110222      -0.4377674    
   28:p:time31.63           -0.9268138       0.1421525      -1.2054327      -0.6481948    
   29:p:time35.5             0.4358363       0.1919198       0.0596736       0.8119990    
   30:p:time41.93           -0.8169765       0.1471837      -1.1054565      -0.5284965    
   31:p:time45.63           -0.3985327       0.1640061      -0.7199847      -0.0770807    
   32:p:time61.63           -0.4292063       0.1740753      -0.7703939      -0.0880188    
   33:p:year2011             0.5374841       0.0918295       0.3574984       0.7174699    
   34:p:year2012            -0.1538554       0.0771183      -0.3050073      -0.0027035    


     Real Function Parameters of { Phi(~time * dis + year + origin)p(~time + year) }

      Following estimates based on unstandardized individual covariate values:
          Variable                 Value        
          ----------------------  ------------- 
          DIS                     -0.1109058E-09
                                                               95% Confidence Interval
     Parameter                Estimate       Standard Error     Lower           Upper
 --------------------------  --------------  --------------  --------------  --------------
     1:Phi ghatchery2010 c1   1.0000000       0.0000000       1.0000000       1.0000000       
     2:Phi ghatchery2010 c1   0.9925967       0.0011097       0.9900720       0.9944830       
     3:Phi ghatchery2010 c1   0.9967509       0.6596960E-03   0.9951642       0.9978181       
     4:Phi ghatchery2010 c1   0.9955498       0.8113634E-03   0.9936403       0.9968877       
     5:Phi ghatchery2010 c1   0.9983520       0.5618059E-03   0.9967868       0.9991554       
     6:Phi ghatchery2010 c1   0.9987538       0.7053449E-03   0.9962254       0.9995893       
     7:Phi ghatchery2010 c1   0.9858820       0.0018362       0.9817920       0.9890635       
     8:Phi ghatchery2010 c1   0.9841511       0.0027715       0.9776957       0.9887597       
     9:Phi ghatchery2010 c1   0.9832694       0.0017878       0.9793797       0.9864355       
    10:Phi ghatchery2010 c1   0.9805119       0.0019872       0.9762105       0.9840482       
    11:Phi gwild2010 c1 a0    1.0000000       0.0000000       1.0000000       1.0000000       
    12:Phi gwild2010 c1 a1.   0.9911423       0.0012627       0.9882916       0.9933037       
    13:Phi gwild2010 c1 a8.   0.9961094       0.7693838E-03   0.9942694       0.9973602       
    14:Phi gwild2010 c1 a17   0.9946724       0.9403080E-03   0.9924732       0.9962315       
    15:Phi gwild2010 c1 a24   0.9980260       0.6669147E-03   0.9961745       0.9989823       
    16:Phi gwild2010 c1 a30   0.9985072       0.8423733E-03   0.9954945       0.9995064       
    17:Phi gwild2010 c1 a34   0.9831309       0.0020610       0.9785780       0.9867293       
    18:Phi gwild2010 c1 a40   0.9810692       0.0031953       0.9736771       0.9864144       
    19:Phi gwild2010 c1 a44   0.9800195       0.0019335       0.9758560       0.9834772       
    20:Phi gwild2010 c1 a60   0.9767390       0.0021365       0.9721622       0.9805783       

  Program  MARK  - Survival Rate Estimation with Capture-Recapture Data
   gfortran(dble/PIM2) Vers. 10.1 March 2023  17-Jun-2024 12:40:37    Page  014
 - - - - - - - - - - - - - - - - - - - - - - - - - - - - - - - - - - - - - -
 
    21:Phi ghatchery2011 c1   1.0000000       0.0000000       1.0000000       1.0000000       
    22:Phi ghatchery2011 c1   0.9967371       0.4752997E-03   0.9956596       0.9975478       
    23:Phi ghatchery2011 c1   0.9985714       0.2854954E-03   0.9978866       0.9990344       
    24:Phi ghatchery2011 c1   0.9980419       0.3503252E-03   0.9972198       0.9986212       
    25:Phi ghatchery2011 c1   0.9992760       0.2449455E-03   0.9985951       0.9996270       
    26:Phi ghatchery2011 c1   0.9994527       0.3076271E-03   0.9983539       0.9998182       
    27:Phi ghatchery2011 c1   0.9937541       0.7853516E-03   0.9920102       0.9951192       
    28:Phi ghatchery2011 c1   0.9929815       0.0011887       0.9902226       0.9949658       
    29:Phi ghatchery2011 c1   0.9925873       0.7285605E-03   0.9910138       0.9938869       
    30:Phi ghatchery2011 c1   0.9913520       0.7885990E-03   0.9896611       0.9927684       
    31:Phi gwild2011 c1 a0    1.0000000       0.0000000       1.0000000       1.0000000       
    32:Phi gwild2011 c1 a1.   0.9960929       0.6342026E-03   0.9946306       0.9971581       
    33:Phi gwild2011 c1 a8.   0.9982887       0.3635414E-03   0.9974053       0.9988716       
    34:Phi gwild2011 c1 a17   0.9976547       0.4524785E-03   0.9965775       0.9983934       
    35:Phi gwild2011 c1 a24   0.9991327       0.3001308E-03   0.9982914       0.9995599       
    36:Phi gwild2011 c1 a30   0.9993443       0.3717253E-03   0.9980093       0.9997842       
    37:Phi gwild2011 c1 a34   0.9925254       0.0010844       0.9900703       0.9943768       
    38:Phi gwild2011 c1 a40   0.9916020       0.0015453       0.9879626       0.9941476       
    39:Phi gwild2011 c1 a44   0.9911311       0.0010787       0.9887465       0.9930139       
    40:Phi gwild2011 c1 a60   0.9896556       0.0012027       0.9870118       0.9917658       
    41:Phi ghatchery2012 c1   1.0000000       0.0000000       1.0000000       1.0000000       
    42:Phi ghatchery2012 c1   0.9972499       0.3867602E-03   0.9963775       0.9979127       
    43:Phi ghatchery2012 c1   0.9987962       0.2360771E-03   0.9982322       0.9991805       
    44:Phi ghatchery2012 c1   0.9983500       0.2882463E-03   0.9976765       0.9988285       
    45:Phi ghatchery2012 c1   0.9993900       0.2050038E-03   0.9988215       0.9996844       
    46:Phi ghatchery2012 c1   0.9995389       0.2587765E-03   0.9986154       0.9998465       
    47:Phi ghatchery2012 c1   0.9947332       0.6305715E-03   0.9933413       0.9958354       
    48:Phi ghatchery2012 c1   0.9940810       0.9767584E-03   0.9918235       0.9957179       
    49:Phi ghatchery2012 c1   0.9937482       0.5674120E-03   0.9925318       0.9947675       
    50:Phi ghatchery2012 c1   0.9927049       0.5980000E-03   0.9914343       0.9937883       
    51:Phi gwild2012 c1 a0    1.0000000       0.0000000       1.0000000       1.0000000       
    52:Phi gwild2012 c1 a1.   0.9967066       0.4741165E-03   0.9956336       0.9975166       
    53:Phi gwild2012 c1 a8.   0.9985580       0.2864167E-03   0.9978719       0.9990231       
    54:Phi gwild2012 c1 a17   0.9980236       0.3509644E-03   0.9972012       0.9986047       
    55:Phi gwild2012 c1 a24   0.9992692       0.2467561E-03   0.9985838       0.9996230       
    56:Phi gwild2012 c1 a30   0.9994475       0.3106502E-03   0.9983376       0.9998165       
    57:Phi gwild2012 c1 a34   0.9936959       0.7828942E-03   0.9919602       0.9950587       
    58:Phi gwild2012 c1 a40   0.9929161       0.0011911       0.9901551       0.9949068       
    59:Phi gwild2012 c1 a44   0.9925183       0.7189412E-03   0.9909690       0.9938034       
    60:Phi gwild2012 c1 a60   0.9912716       0.7708765E-03   0.9896235       0.9926599       
    61:p ghatchery2010 c1 a   0.9618394       0.0046219       0.9516733       0.9699344       
    62:p ghatchery2010 c1 a   0.9536231       0.0052593       0.9421541       0.9629077       
    63:p ghatchery2010 c1 a   0.9141234       0.0074655       0.8983165       0.9276709       
    64:p ghatchery2010 c1 a   0.9243272       0.0069695       0.9094841       0.9369052       
    65:p ghatchery2010 c1 a   0.9088960       0.0077550       0.8925125       0.9229978       
    66:p ghatchery2010 c1 a   0.9749834       0.0038803       0.9661397       0.9815613       

  Program  MARK  - Survival Rate Estimation with Capture-Recapture Data
   gfortran(dble/PIM2) Vers. 10.1 March 2023  17-Jun-2024 12:40:37    Page  015
 - - - - - - - - - - - - - - - - - - - - - - - - - - - - - - - - - - - - - -
 
    67:p ghatchery2010 c1 a   0.9175917       0.0076448       0.9013143       0.9313887       
    68:p ghatchery2010 c1 a   0.9441972       0.0065975       0.9297650       0.9558047       
    69:p ghatchery2010 c1 a   0.9425588       0.0075770       0.9257757       0.9557285       
    70:p ghatchery2011 c1 a   0.9773465       0.0029397       0.9708094       0.9824461       
    71:p ghatchery2011 c1 a   0.9723732       0.0033817       0.9649134       0.9782826       
    72:p ghatchery2011 c1 a   0.9479717       0.0051036       0.9370102       0.9571130       
    73:p ghatchery2011 c1 a   0.9543546       0.0046925       0.9442229       0.9627185       
    74:p ghatchery2011 c1 a   0.9446801       0.0053348       0.9332446       0.9542527       
    75:p ghatchery2011 c1 a   0.9852313       0.0023982       0.9797139       0.9892645       
    76:p ghatchery2011 c1 a   0.9501476       0.0051318       0.9390721       0.9592970       
    77:p ghatchery2011 c1 a   0.9666247       0.0042379       0.9572431       0.9740037       
    78:p ghatchery2011 c1 a   0.9656208       0.0047593       0.9549689       0.9738221       
    79:p ghatchery2012 c1 a   0.9557731       0.0051976       0.9443907       0.9649123       
    80:p ghatchery2012 c1 a   0.9463237       0.0058635       0.9336007       0.9567217       
    81:p ghatchery2012 c1 a   0.9012506       0.0080995       0.8842004       0.9160288       
    82:p ghatchery2012 c1 a   0.9128382       0.0076222       0.8966947       0.9266653       
    83:p ghatchery2012 c1 a   0.8953294       0.0083740       0.8777438       0.9106430       
    84:p ghatchery2012 c1 a   0.9709434       0.0044268       0.9608898       0.9784706       
    85:p ghatchery2012 c1 a   0.9051849       0.0083714       0.8874577       0.9203704       
    86:p ghatchery2012 c1 a   0.9355144       0.0072472       0.9197679       0.9483440       
    87:p ghatchery2012 c1 a   0.9336390       0.0081944       0.9156572       0.9480048       
    88:p ghatchery2010 c1 a   0.9900000       0.0000000       0.9900000       0.9900000      Fixed

 To compute parameter estimates, CPU Time was 0.001 seconds and System Time was 0.001 seconds.

 Attempted ordering of parameters by estimatibility:
   1 24 12 34 10 14 13  9 28 26 27 33 30  7 25 31  2 23  8 32 11 22  4 29  3
  20 15  5 17 21 16 19  6 18
 Beta number 18 is a singular value.

   For procedure estimate CPU Time was 38.234 seconds and System Time was 3.703 seconds       .

  Program  MARK  - Survival Rate Estimation with Capture-Recapture Data
   gfortran(dble/PIM2) Vers. 10.1 March 2023  17-Jun-2024 12:40:37    Page  016
 - - - - - - - - - - - - - - - - - - - - - - - - - - - - - - - - - - - - - -
 


  INPUT --- proc stop;

     For this job, CPU Time in minutes was 0.638 and System Time in minutes was 0.062.

     Time Start = 12:40:34.028   Time End = 12:40:37.759

     Wall Clock Time in minutes for this job was 0.062.

     Maximum of 34 words used of 4096 words allocated.


          E X E C U T I O N   S U C C E S S F U L 
