
   Program  MARK  - Survival Rate Estimation with Capture-Recapture Data
   gfortran(dble/PIM2) Vers. 10.1 March 2023   9-Jun-2023 16:01:14    Page  001
    
 - - - - - - - - - - - - - - - - - - - - - - - - - - - - - - - - - - - - - -
 
   Welcome to MARK amolina6 on machine 6ZB4TV3 in subdirectory 
   "C:\Users\amolina6\OneDrive - University of Tennessee\Documents\projects\Hawkes" running file "mark073.inp".
   This version was compiled by GCC version 12.2.0 using the options: 
     -cpp -iprefix c:\tdm-gcc-64\mingw64\bin\../lib/gcc/x86_64-w64-mingw32/12.2.0/
     -D_MT -D_REENTRANT -U_REENTRANT -D ieee -D dbleprecision -m64 -mtune=generic
     -march=x86-64 -mthreads -O3 -std=f2018 -fsignaling-nans
     -ffpe-summary=invalid,zero,overflow,underflow -funroll-loops -ffast-math
     -fall-intrinsics -fopenmp.

   This problem will use 19 of 20 possible threads.
   Static thread allocation is used.
   Schedule kind is omp_sched_dynamic with chunk size 1


  INPUT --- proc title ;

   For procedure title CPU Time was 0.001 seconds and System Time was 0.001 seconds       .


  INPUT --- proc chmatrix occasions= 11 groups= 6 etype= Live Nodes= 
  INPUT --- 101 icovar = 1 ICMeans  NoHist hist= 412 ;

  INPUT ---    time interval 1.9 6.91 8.33 7.7 5.79 3.87 6.43 3.7 16 22.99 
  INPUT ---    ;

  INPUT ---     icovariates diff  ;

  INPUT ---    glabel(1)=originhatchery.year2010;

  INPUT ---    glabel(2)=originwild.year2010;

  INPUT ---    glabel(3)=originhatchery.year2011;

  INPUT ---    glabel(4)=originwild.year2011;

  INPUT ---    glabel(5)=originhatchery.year2012;

  INPUT ---    glabel(6)=originwild.year2012;

      Number of unique encounter histories read was 412.

      Number of individual covariates read was 1.
      Time interval lengths vary and/or not equal to 1.

      Data type number is 1
      Data type is Live Recaptures (CJS)

   For procedure chmatrix CPU Time was 0.016 seconds and System Time was 0.015 seconds       .

  Program  MARK  - Survival Rate Estimation with Capture-Recapture Data
   gfortran(dble/PIM2) Vers. 10.1 March 2023   9-Jun-2023 16:01:14    Page  002
 - - - - - - - - - - - - - - - - - - - - - - - - - - - - - - - - - - - - - -
 


  INPUT --- proc estimate link=Logit NOLOOP varest=2ndPart    ;


  INPUT --- model={ Phi(~time + origin + year + diff)p(~time + year) };

  INPUT ---    fixed=1;
  INPUT ---        parm(88)=0.99 ;

  INPUT ---    group=1 Phi    rows=10 cols=10 Triang ;
  INPUT ---        1 2 3 4 5 6 7 8 9 10 ;
  INPUT ---        2 3 4 5 6 7 8 9 10 ;
  INPUT ---        3 4 5 6 7 8 9 10 ;
  INPUT ---        4 5 6 7 8 9 10 ;
  INPUT ---        5 6 7 8 9 10 ;
  INPUT ---        6 7 8 9 10 ;
  INPUT ---        7 8 9 10 ;
  INPUT ---        8 9 10 ;
  INPUT ---        9 10 ;
  INPUT ---        10 ;

  INPUT ---    group=2 Phi    rows=10 cols=10 Triang ;
  INPUT ---        11 12 13 14 15 16 17 18 19 20 ;
  INPUT ---        12 13 14 15 16 17 18 19 20 ;
  INPUT ---        13 14 15 16 17 18 19 20 ;
  INPUT ---        14 15 16 17 18 19 20 ;
  INPUT ---        15 16 17 18 19 20 ;
  INPUT ---        16 17 18 19 20 ;
  INPUT ---        17 18 19 20 ;
  INPUT ---        18 19 20 ;
  INPUT ---        19 20 ;
  INPUT ---        20 ;

  INPUT ---    group=3 Phi    rows=10 cols=10 Triang ;
  INPUT ---        21 22 23 24 25 26 27 28 29 30 ;
  INPUT ---        22 23 24 25 26 27 28 29 30 ;
  INPUT ---        23 24 25 26 27 28 29 30 ;
  INPUT ---        24 25 26 27 28 29 30 ;
  INPUT ---        25 26 27 28 29 30 ;
  INPUT ---        26 27 28 29 30 ;
  INPUT ---        27 28 29 30 ;
  INPUT ---        28 29 30 ;
  INPUT ---        29 30 ;
  INPUT ---        30 ;


  Program  MARK  - Survival Rate Estimation with Capture-Recapture Data
   gfortran(dble/PIM2) Vers. 10.1 March 2023   9-Jun-2023 16:01:14    Page  003
 - - - - - - - - - - - - - - - - - - - - - - - - - - - - - - - - - - - - - -
 
  INPUT ---    group=4 Phi    rows=10 cols=10 Triang ;
  INPUT ---        31 32 33 34 35 36 37 38 39 40 ;
  INPUT ---        32 33 34 35 36 37 38 39 40 ;
  INPUT ---        33 34 35 36 37 38 39 40 ;
  INPUT ---        34 35 36 37 38 39 40 ;
  INPUT ---        35 36 37 38 39 40 ;
  INPUT ---        36 37 38 39 40 ;
  INPUT ---        37 38 39 40 ;
  INPUT ---        38 39 40 ;
  INPUT ---        39 40 ;
  INPUT ---        40 ;

  INPUT ---    group=5 Phi    rows=10 cols=10 Triang ;
  INPUT ---        41 42 43 44 45 46 47 48 49 50 ;
  INPUT ---        42 43 44 45 46 47 48 49 50 ;
  INPUT ---        43 44 45 46 47 48 49 50 ;
  INPUT ---        44 45 46 47 48 49 50 ;
  INPUT ---        45 46 47 48 49 50 ;
  INPUT ---        46 47 48 49 50 ;
  INPUT ---        47 48 49 50 ;
  INPUT ---        48 49 50 ;
  INPUT ---        49 50 ;
  INPUT ---        50 ;

  INPUT ---    group=6 Phi    rows=10 cols=10 Triang ;
  INPUT ---        51 52 53 54 55 56 57 58 59 60 ;
  INPUT ---        52 53 54 55 56 57 58 59 60 ;
  INPUT ---        53 54 55 56 57 58 59 60 ;
  INPUT ---        54 55 56 57 58 59 60 ;
  INPUT ---        55 56 57 58 59 60 ;
  INPUT ---        56 57 58 59 60 ;
  INPUT ---        57 58 59 60 ;
  INPUT ---        58 59 60 ;
  INPUT ---        59 60 ;
  INPUT ---        60 ;

  INPUT ---    group=1 p    rows=10 cols=10 Triang ;
  INPUT ---        61 62 63 64 65 66 67 68 69 88 ;
  INPUT ---        62 63 64 65 66 67 68 69 88 ;
  INPUT ---        63 64 65 66 67 68 69 88 ;
  INPUT ---        64 65 66 67 68 69 88 ;
  INPUT ---        65 66 67 68 69 88 ;
  INPUT ---        66 67 68 69 88 ;
  INPUT ---        67 68 69 88 ;
  INPUT ---        68 69 88 ;
  INPUT ---        69 88 ;

  Program  MARK  - Survival Rate Estimation with Capture-Recapture Data
   gfortran(dble/PIM2) Vers. 10.1 March 2023   9-Jun-2023 16:01:14    Page  004
 - - - - - - - - - - - - - - - - - - - - - - - - - - - - - - - - - - - - - -
 
  INPUT ---        88 ;

  INPUT ---    group=2 p    rows=10 cols=10 Triang ;
  INPUT ---        61 62 63 64 65 66 67 68 69 88 ;
  INPUT ---        62 63 64 65 66 67 68 69 88 ;
  INPUT ---        63 64 65 66 67 68 69 88 ;
  INPUT ---        64 65 66 67 68 69 88 ;
  INPUT ---        65 66 67 68 69 88 ;
  INPUT ---        66 67 68 69 88 ;
  INPUT ---        67 68 69 88 ;
  INPUT ---        68 69 88 ;
  INPUT ---        69 88 ;
  INPUT ---        88 ;

  INPUT ---    group=3 p    rows=10 cols=10 Triang ;
  INPUT ---        70 71 72 73 74 75 76 77 78 88 ;
  INPUT ---        71 72 73 74 75 76 77 78 88 ;
  INPUT ---        72 73 74 75 76 77 78 88 ;
  INPUT ---        73 74 75 76 77 78 88 ;
  INPUT ---        74 75 76 77 78 88 ;
  INPUT ---        75 76 77 78 88 ;
  INPUT ---        76 77 78 88 ;
  INPUT ---        77 78 88 ;
  INPUT ---        78 88 ;
  INPUT ---        88 ;

  INPUT ---    group=4 p    rows=10 cols=10 Triang ;
  INPUT ---        70 71 72 73 74 75 76 77 78 88 ;
  INPUT ---        71 72 73 74 75 76 77 78 88 ;
  INPUT ---        72 73 74 75 76 77 78 88 ;
  INPUT ---        73 74 75 76 77 78 88 ;
  INPUT ---        74 75 76 77 78 88 ;
  INPUT ---        75 76 77 78 88 ;
  INPUT ---        76 77 78 88 ;
  INPUT ---        77 78 88 ;
  INPUT ---        78 88 ;
  INPUT ---        88 ;

  INPUT ---    group=5 p    rows=10 cols=10 Triang ;
  INPUT ---        79 80 81 82 83 84 85 86 87 88 ;
  INPUT ---        80 81 82 83 84 85 86 87 88 ;
  INPUT ---        81 82 83 84 85 86 87 88 ;
  INPUT ---        82 83 84 85 86 87 88 ;
  INPUT ---        83 84 85 86 87 88 ;
  INPUT ---        84 85 86 87 88 ;
  INPUT ---        85 86 87 88 ;

  Program  MARK  - Survival Rate Estimation with Capture-Recapture Data
   gfortran(dble/PIM2) Vers. 10.1 March 2023   9-Jun-2023 16:01:14    Page  005
 - - - - - - - - - - - - - - - - - - - - - - - - - - - - - - - - - - - - - -
 
  INPUT ---        86 87 88 ;
  INPUT ---        87 88 ;
  INPUT ---        88 ;

  INPUT ---    group=6 p    rows=10 cols=10 Triang ;
  INPUT ---        79 80 81 82 83 84 85 86 87 88 ;
  INPUT ---        80 81 82 83 84 85 86 87 88 ;
  INPUT ---        81 82 83 84 85 86 87 88 ;
  INPUT ---        82 83 84 85 86 87 88 ;
  INPUT ---        83 84 85 86 87 88 ;
  INPUT ---        84 85 86 87 88 ;
  INPUT ---        85 86 87 88 ;
  INPUT ---        86 87 88 ;
  INPUT ---        87 88 ;
  INPUT ---        88 ;

  INPUT ---    design matrix constraints=88 covariates=25;
  INPUT ---        1 0 0 0 0 0 0 0 0 0 0 0 0 diff 0 0 0 0 0 0 0 0 0 0 0;
  INPUT ---        1 1 0 0 0 0 0 0 0 0 0 0 0 diff 0 0 0 0 0 0 0 0 0 0 0;
  INPUT ---        1 0 1 0 0 0 0 0 0 0 0 0 0 diff 0 0 0 0 0 0 0 0 0 0 0;
  INPUT ---        1 0 0 1 0 0 0 0 0 0 0 0 0 diff 0 0 0 0 0 0 0 0 0 0 0;
  INPUT ---        1 0 0 0 1 0 0 0 0 0 0 0 0 diff 0 0 0 0 0 0 0 0 0 0 0;
  INPUT ---        1 0 0 0 0 1 0 0 0 0 0 0 0 diff 0 0 0 0 0 0 0 0 0 0 0;
  INPUT ---        1 0 0 0 0 0 1 0 0 0 0 0 0 diff 0 0 0 0 0 0 0 0 0 0 0;
  INPUT ---        1 0 0 0 0 0 0 1 0 0 0 0 0 diff 0 0 0 0 0 0 0 0 0 0 0;
  INPUT ---        1 0 0 0 0 0 0 0 1 0 0 0 0 diff 0 0 0 0 0 0 0 0 0 0 0;
  INPUT ---        1 0 0 0 0 0 0 0 0 1 0 0 0 diff 0 0 0 0 0 0 0 0 0 0 0;
  INPUT ---        1 0 0 0 0 0 0 0 0 0 1 0 0 diff 0 0 0 0 0 0 0 0 0 0 0;
  INPUT ---        1 1 0 0 0 0 0 0 0 0 1 0 0 diff 0 0 0 0 0 0 0 0 0 0 0;
  INPUT ---        1 0 1 0 0 0 0 0 0 0 1 0 0 diff 0 0 0 0 0 0 0 0 0 0 0;
  INPUT ---        1 0 0 1 0 0 0 0 0 0 1 0 0 diff 0 0 0 0 0 0 0 0 0 0 0;
  INPUT ---        1 0 0 0 1 0 0 0 0 0 1 0 0 diff 0 0 0 0 0 0 0 0 0 0 0;
  INPUT ---        1 0 0 0 0 1 0 0 0 0 1 0 0 diff 0 0 0 0 0 0 0 0 0 0 0;
  INPUT ---        1 0 0 0 0 0 1 0 0 0 1 0 0 diff 0 0 0 0 0 0 0 0 0 0 0;
  INPUT ---        1 0 0 0 0 0 0 1 0 0 1 0 0 diff 0 0 0 0 0 0 0 0 0 0 0;
  INPUT ---        1 0 0 0 0 0 0 0 1 0 1 0 0 diff 0 0 0 0 0 0 0 0 0 0 0;
  INPUT ---        1 0 0 0 0 0 0 0 0 1 1 0 0 diff 0 0 0 0 0 0 0 0 0 0 0;
  INPUT ---        1 0 0 0 0 0 0 0 0 0 0 1 0 diff 0 0 0 0 0 0 0 0 0 0 0;
  INPUT ---        1 1 0 0 0 0 0 0 0 0 0 1 0 diff 0 0 0 0 0 0 0 0 0 0 0;
  INPUT ---        1 0 1 0 0 0 0 0 0 0 0 1 0 diff 0 0 0 0 0 0 0 0 0 0 0;
  INPUT ---        1 0 0 1 0 0 0 0 0 0 0 1 0 diff 0 0 0 0 0 0 0 0 0 0 0;
  INPUT ---        1 0 0 0 1 0 0 0 0 0 0 1 0 diff 0 0 0 0 0 0 0 0 0 0 0;
  INPUT ---        1 0 0 0 0 1 0 0 0 0 0 1 0 diff 0 0 0 0 0 0 0 0 0 0 0;
  INPUT ---        1 0 0 0 0 0 1 0 0 0 0 1 0 diff 0 0 0 0 0 0 0 0 0 0 0;
  INPUT ---        1 0 0 0 0 0 0 1 0 0 0 1 0 diff 0 0 0 0 0 0 0 0 0 0 0;
  INPUT ---        1 0 0 0 0 0 0 0 1 0 0 1 0 diff 0 0 0 0 0 0 0 0 0 0 0;

  Program  MARK  - Survival Rate Estimation with Capture-Recapture Data
   gfortran(dble/PIM2) Vers. 10.1 March 2023   9-Jun-2023 16:01:14    Page  006
 - - - - - - - - - - - - - - - - - - - - - - - - - - - - - - - - - - - - - -
 
  INPUT ---        1 0 0 0 0 0 0 0 0 1 0 1 0 diff 0 0 0 0 0 0 0 0 0 0 0;
  INPUT ---        1 0 0 0 0 0 0 0 0 0 1 1 0 diff 0 0 0 0 0 0 0 0 0 0 0;
  INPUT ---        1 1 0 0 0 0 0 0 0 0 1 1 0 diff 0 0 0 0 0 0 0 0 0 0 0;
  INPUT ---        1 0 1 0 0 0 0 0 0 0 1 1 0 diff 0 0 0 0 0 0 0 0 0 0 0;
  INPUT ---        1 0 0 1 0 0 0 0 0 0 1 1 0 diff 0 0 0 0 0 0 0 0 0 0 0;
  INPUT ---        1 0 0 0 1 0 0 0 0 0 1 1 0 diff 0 0 0 0 0 0 0 0 0 0 0;
  INPUT ---        1 0 0 0 0 1 0 0 0 0 1 1 0 diff 0 0 0 0 0 0 0 0 0 0 0;
  INPUT ---        1 0 0 0 0 0 1 0 0 0 1 1 0 diff 0 0 0 0 0 0 0 0 0 0 0;
  INPUT ---        1 0 0 0 0 0 0 1 0 0 1 1 0 diff 0 0 0 0 0 0 0 0 0 0 0;
  INPUT ---        1 0 0 0 0 0 0 0 1 0 1 1 0 diff 0 0 0 0 0 0 0 0 0 0 0;
  INPUT ---        1 0 0 0 0 0 0 0 0 1 1 1 0 diff 0 0 0 0 0 0 0 0 0 0 0;
  INPUT ---        1 0 0 0 0 0 0 0 0 0 0 0 1 diff 0 0 0 0 0 0 0 0 0 0 0;
  INPUT ---        1 1 0 0 0 0 0 0 0 0 0 0 1 diff 0 0 0 0 0 0 0 0 0 0 0;
  INPUT ---        1 0 1 0 0 0 0 0 0 0 0 0 1 diff 0 0 0 0 0 0 0 0 0 0 0;
  INPUT ---        1 0 0 1 0 0 0 0 0 0 0 0 1 diff 0 0 0 0 0 0 0 0 0 0 0;
  INPUT ---        1 0 0 0 1 0 0 0 0 0 0 0 1 diff 0 0 0 0 0 0 0 0 0 0 0;
  INPUT ---        1 0 0 0 0 1 0 0 0 0 0 0 1 diff 0 0 0 0 0 0 0 0 0 0 0;
  INPUT ---        1 0 0 0 0 0 1 0 0 0 0 0 1 diff 0 0 0 0 0 0 0 0 0 0 0;
  INPUT ---        1 0 0 0 0 0 0 1 0 0 0 0 1 diff 0 0 0 0 0 0 0 0 0 0 0;
  INPUT ---        1 0 0 0 0 0 0 0 1 0 0 0 1 diff 0 0 0 0 0 0 0 0 0 0 0;
  INPUT ---        1 0 0 0 0 0 0 0 0 1 0 0 1 diff 0 0 0 0 0 0 0 0 0 0 0;
  INPUT ---        1 0 0 0 0 0 0 0 0 0 1 0 1 diff 0 0 0 0 0 0 0 0 0 0 0;
  INPUT ---        1 1 0 0 0 0 0 0 0 0 1 0 1 diff 0 0 0 0 0 0 0 0 0 0 0;
  INPUT ---        1 0 1 0 0 0 0 0 0 0 1 0 1 diff 0 0 0 0 0 0 0 0 0 0 0;
  INPUT ---        1 0 0 1 0 0 0 0 0 0 1 0 1 diff 0 0 0 0 0 0 0 0 0 0 0;
  INPUT ---        1 0 0 0 1 0 0 0 0 0 1 0 1 diff 0 0 0 0 0 0 0 0 0 0 0;
  INPUT ---        1 0 0 0 0 1 0 0 0 0 1 0 1 diff 0 0 0 0 0 0 0 0 0 0 0;
  INPUT ---        1 0 0 0 0 0 1 0 0 0 1 0 1 diff 0 0 0 0 0 0 0 0 0 0 0;
  INPUT ---        1 0 0 0 0 0 0 1 0 0 1 0 1 diff 0 0 0 0 0 0 0 0 0 0 0;
  INPUT ---        1 0 0 0 0 0 0 0 1 0 1 0 1 diff 0 0 0 0 0 0 0 0 0 0 0;
  INPUT ---        1 0 0 0 0 0 0 0 0 1 1 0 1 diff 0 0 0 0 0 0 0 0 0 0 0;
  INPUT ---        0 0 0 0 0 0 0 0 0 0 0 0 0 0 1 0 0 0 0 0 0 0 0 0 0;
  INPUT ---        0 0 0 0 0 0 0 0 0 0 0 0 0 0 1 1 0 0 0 0 0 0 0 0 0;
  INPUT ---        0 0 0 0 0 0 0 0 0 0 0 0 0 0 1 0 1 0 0 0 0 0 0 0 0;
  INPUT ---        0 0 0 0 0 0 0 0 0 0 0 0 0 0 1 0 0 1 0 0 0 0 0 0 0;
  INPUT ---        0 0 0 0 0 0 0 0 0 0 0 0 0 0 1 0 0 0 1 0 0 0 0 0 0;
  INPUT ---        0 0 0 0 0 0 0 0 0 0 0 0 0 0 1 0 0 0 0 1 0 0 0 0 0;
  INPUT ---        0 0 0 0 0 0 0 0 0 0 0 0 0 0 1 0 0 0 0 0 1 0 0 0 0;
  INPUT ---        0 0 0 0 0 0 0 0 0 0 0 0 0 0 1 0 0 0 0 0 0 1 0 0 0;
  INPUT ---        0 0 0 0 0 0 0 0 0 0 0 0 0 0 1 0 0 0 0 0 0 0 1 0 0;
  INPUT ---        0 0 0 0 0 0 0 0 0 0 0 0 0 0 1 0 0 0 0 0 0 0 0 1 0;
  INPUT ---        0 0 0 0 0 0 0 0 0 0 0 0 0 0 1 1 0 0 0 0 0 0 0 1 0;
  INPUT ---        0 0 0 0 0 0 0 0 0 0 0 0 0 0 1 0 1 0 0 0 0 0 0 1 0;
  INPUT ---        0 0 0 0 0 0 0 0 0 0 0 0 0 0 1 0 0 1 0 0 0 0 0 1 0;
  INPUT ---        0 0 0 0 0 0 0 0 0 0 0 0 0 0 1 0 0 0 1 0 0 0 0 1 0;
  INPUT ---        0 0 0 0 0 0 0 0 0 0 0 0 0 0 1 0 0 0 0 1 0 0 0 1 0;

  Program  MARK  - Survival Rate Estimation with Capture-Recapture Data
   gfortran(dble/PIM2) Vers. 10.1 March 2023   9-Jun-2023 16:01:14    Page  007
 - - - - - - - - - - - - - - - - - - - - - - - - - - - - - - - - - - - - - -
 
  INPUT ---        0 0 0 0 0 0 0 0 0 0 0 0 0 0 1 0 0 0 0 0 1 0 0 1 0;
  INPUT ---        0 0 0 0 0 0 0 0 0 0 0 0 0 0 1 0 0 0 0 0 0 1 0 1 0;
  INPUT ---        0 0 0 0 0 0 0 0 0 0 0 0 0 0 1 0 0 0 0 0 0 0 1 1 0;
  INPUT ---        0 0 0 0 0 0 0 0 0 0 0 0 0 0 1 0 0 0 0 0 0 0 0 0 1;
  INPUT ---        0 0 0 0 0 0 0 0 0 0 0 0 0 0 1 1 0 0 0 0 0 0 0 0 1;
  INPUT ---        0 0 0 0 0 0 0 0 0 0 0 0 0 0 1 0 1 0 0 0 0 0 0 0 1;
  INPUT ---        0 0 0 0 0 0 0 0 0 0 0 0 0 0 1 0 0 1 0 0 0 0 0 0 1;
  INPUT ---        0 0 0 0 0 0 0 0 0 0 0 0 0 0 1 0 0 0 1 0 0 0 0 0 1;
  INPUT ---        0 0 0 0 0 0 0 0 0 0 0 0 0 0 1 0 0 0 0 1 0 0 0 0 1;
  INPUT ---        0 0 0 0 0 0 0 0 0 0 0 0 0 0 1 0 0 0 0 0 1 0 0 0 1;
  INPUT ---        0 0 0 0 0 0 0 0 0 0 0 0 0 0 1 0 0 0 0 0 0 1 0 0 1;
  INPUT ---        0 0 0 0 0 0 0 0 0 0 0 0 0 0 1 0 0 0 0 0 0 0 1 0 1;
  INPUT ---        0 0 0 0 0 0 0 0 0 0 0 0 0 0 0 0 0 0 0 0 0 0 0 0 0;
  INPUT ---       blabel(1)=Phi:(Intercept);
  INPUT ---       blabel(2)=Phi:time2.9;
  INPUT ---       blabel(3)=Phi:time9.81;
  INPUT ---       blabel(4)=Phi:time18.14;
  INPUT ---       blabel(5)=Phi:time25.84;
  INPUT ---       blabel(6)=Phi:time31.63;
  INPUT ---       blabel(7)=Phi:time35.5;
  INPUT ---       blabel(8)=Phi:time41.93;
  INPUT ---       blabel(9)=Phi:time45.63;
  INPUT ---       blabel(10)=Phi:time61.63;
  INPUT ---       blabel(11)=Phi:originwild;
  INPUT ---       blabel(12)=Phi:year2011;
  INPUT ---       blabel(13)=Phi:year2012;
  INPUT ---       blabel(14)=Phi:diff;
  INPUT ---       blabel(15)=p:(Intercept);
  INPUT ---       blabel(16)=p:time9.81;
  INPUT ---       blabel(17)=p:time18.14;
  INPUT ---       blabel(18)=p:time25.84;
  INPUT ---       blabel(19)=p:time31.63;
  INPUT ---       blabel(20)=p:time35.5;
  INPUT ---       blabel(21)=p:time41.93;
  INPUT ---       blabel(22)=p:time45.63;
  INPUT ---       blabel(23)=p:time61.63;
  INPUT ---       blabel(24)=p:year2011;
  INPUT ---       blabel(25)=p:year2012;
  INPUT ---       rlabel(1)=Phi ghatchery2010 c1 a0 t1;
  INPUT ---       rlabel(2)=Phi ghatchery2010 c1 a1.9 t2.9;
  INPUT ---       rlabel(3)=Phi ghatchery2010 c1 a8.81 t9.81;
  INPUT ---       rlabel(4)=Phi ghatchery2010 c1 a17.14 t18.14;
  INPUT ---       rlabel(5)=Phi ghatchery2010 c1 a24.84 t25.84;
  INPUT ---       rlabel(6)=Phi ghatchery2010 c1 a30.63 t31.63;
  INPUT ---       rlabel(7)=Phi ghatchery2010 c1 a34.5 t35.5;
  INPUT ---       rlabel(8)=Phi ghatchery2010 c1 a40.93 t41.93;

  Program  MARK  - Survival Rate Estimation with Capture-Recapture Data
   gfortran(dble/PIM2) Vers. 10.1 March 2023   9-Jun-2023 16:01:14    Page  008
 - - - - - - - - - - - - - - - - - - - - - - - - - - - - - - - - - - - - - -
 
  INPUT ---       rlabel(9)=Phi ghatchery2010 c1 a44.63 t45.63;
  INPUT ---       rlabel(10)=Phi ghatchery2010 c1 a60.63 t61.63;
  INPUT ---       rlabel(11)=Phi gwild2010 c1 a0 t1;
  INPUT ---       rlabel(12)=Phi gwild2010 c1 a1.9 t2.9;
  INPUT ---       rlabel(13)=Phi gwild2010 c1 a8.81 t9.81;
  INPUT ---       rlabel(14)=Phi gwild2010 c1 a17.14 t18.14;
  INPUT ---       rlabel(15)=Phi gwild2010 c1 a24.84 t25.84;
  INPUT ---       rlabel(16)=Phi gwild2010 c1 a30.63 t31.63;
  INPUT ---       rlabel(17)=Phi gwild2010 c1 a34.5 t35.5;
  INPUT ---       rlabel(18)=Phi gwild2010 c1 a40.93 t41.93;
  INPUT ---       rlabel(19)=Phi gwild2010 c1 a44.63 t45.63;
  INPUT ---       rlabel(20)=Phi gwild2010 c1 a60.63 t61.63;
  INPUT ---       rlabel(21)=Phi ghatchery2011 c1 a0 t1;
  INPUT ---       rlabel(22)=Phi ghatchery2011 c1 a1.9 t2.9;
  INPUT ---       rlabel(23)=Phi ghatchery2011 c1 a8.81 t9.81;
  INPUT ---       rlabel(24)=Phi ghatchery2011 c1 a17.14 t18.14;
  INPUT ---       rlabel(25)=Phi ghatchery2011 c1 a24.84 t25.84;
  INPUT ---       rlabel(26)=Phi ghatchery2011 c1 a30.63 t31.63;
  INPUT ---       rlabel(27)=Phi ghatchery2011 c1 a34.5 t35.5;
  INPUT ---       rlabel(28)=Phi ghatchery2011 c1 a40.93 t41.93;
  INPUT ---       rlabel(29)=Phi ghatchery2011 c1 a44.63 t45.63;
  INPUT ---       rlabel(30)=Phi ghatchery2011 c1 a60.63 t61.63;
  INPUT ---       rlabel(31)=Phi gwild2011 c1 a0 t1;
  INPUT ---       rlabel(32)=Phi gwild2011 c1 a1.9 t2.9;
  INPUT ---       rlabel(33)=Phi gwild2011 c1 a8.81 t9.81;
  INPUT ---       rlabel(34)=Phi gwild2011 c1 a17.14 t18.14;
  INPUT ---       rlabel(35)=Phi gwild2011 c1 a24.84 t25.84;
  INPUT ---       rlabel(36)=Phi gwild2011 c1 a30.63 t31.63;
  INPUT ---       rlabel(37)=Phi gwild2011 c1 a34.5 t35.5;
  INPUT ---       rlabel(38)=Phi gwild2011 c1 a40.93 t41.93;
  INPUT ---       rlabel(39)=Phi gwild2011 c1 a44.63 t45.63;
  INPUT ---       rlabel(40)=Phi gwild2011 c1 a60.63 t61.63;
  INPUT ---       rlabel(41)=Phi ghatchery2012 c1 a0 t1;
  INPUT ---       rlabel(42)=Phi ghatchery2012 c1 a1.9 t2.9;
  INPUT ---       rlabel(43)=Phi ghatchery2012 c1 a8.81 t9.81;
  INPUT ---       rlabel(44)=Phi ghatchery2012 c1 a17.14 t18.14;
  INPUT ---       rlabel(45)=Phi ghatchery2012 c1 a24.84 t25.84;
  INPUT ---       rlabel(46)=Phi ghatchery2012 c1 a30.63 t31.63;
  INPUT ---       rlabel(47)=Phi ghatchery2012 c1 a34.5 t35.5;
  INPUT ---       rlabel(48)=Phi ghatchery2012 c1 a40.93 t41.93;
  INPUT ---       rlabel(49)=Phi ghatchery2012 c1 a44.63 t45.63;
  INPUT ---       rlabel(50)=Phi ghatchery2012 c1 a60.63 t61.63;
  INPUT ---       rlabel(51)=Phi gwild2012 c1 a0 t1;
  INPUT ---       rlabel(52)=Phi gwild2012 c1 a1.9 t2.9;
  INPUT ---       rlabel(53)=Phi gwild2012 c1 a8.81 t9.81;
  INPUT ---       rlabel(54)=Phi gwild2012 c1 a17.14 t18.14;

  Program  MARK  - Survival Rate Estimation with Capture-Recapture Data
   gfortran(dble/PIM2) Vers. 10.1 March 2023   9-Jun-2023 16:01:14    Page  009
 - - - - - - - - - - - - - - - - - - - - - - - - - - - - - - - - - - - - - -
 
  INPUT ---       rlabel(55)=Phi gwild2012 c1 a24.84 t25.84;
  INPUT ---       rlabel(56)=Phi gwild2012 c1 a30.63 t31.63;
  INPUT ---       rlabel(57)=Phi gwild2012 c1 a34.5 t35.5;
  INPUT ---       rlabel(58)=Phi gwild2012 c1 a40.93 t41.93;
  INPUT ---       rlabel(59)=Phi gwild2012 c1 a44.63 t45.63;
  INPUT ---       rlabel(60)=Phi gwild2012 c1 a60.63 t61.63;
  INPUT ---       rlabel(61)=p ghatchery2010 c1 a1.9 t2.9;
  INPUT ---       rlabel(62)=p ghatchery2010 c1 a8.81 t9.81;
  INPUT ---       rlabel(63)=p ghatchery2010 c1 a17.14 t18.14;
  INPUT ---       rlabel(64)=p ghatchery2010 c1 a24.84 t25.84;
  INPUT ---       rlabel(65)=p ghatchery2010 c1 a30.63 t31.63;
  INPUT ---       rlabel(66)=p ghatchery2010 c1 a34.5 t35.5;
  INPUT ---       rlabel(67)=p ghatchery2010 c1 a40.93 t41.93;
  INPUT ---       rlabel(68)=p ghatchery2010 c1 a44.63 t45.63;
  INPUT ---       rlabel(69)=p ghatchery2010 c1 a60.63 t61.63;
  INPUT ---       rlabel(70)=p ghatchery2011 c1 a1.9 t2.9;
  INPUT ---       rlabel(71)=p ghatchery2011 c1 a8.81 t9.81;
  INPUT ---       rlabel(72)=p ghatchery2011 c1 a17.14 t18.14;
  INPUT ---       rlabel(73)=p ghatchery2011 c1 a24.84 t25.84;
  INPUT ---       rlabel(74)=p ghatchery2011 c1 a30.63 t31.63;
  INPUT ---       rlabel(75)=p ghatchery2011 c1 a34.5 t35.5;
  INPUT ---       rlabel(76)=p ghatchery2011 c1 a40.93 t41.93;
  INPUT ---       rlabel(77)=p ghatchery2011 c1 a44.63 t45.63;
  INPUT ---       rlabel(78)=p ghatchery2011 c1 a60.63 t61.63;
  INPUT ---       rlabel(79)=p ghatchery2012 c1 a1.9 t2.9;
  INPUT ---       rlabel(80)=p ghatchery2012 c1 a8.81 t9.81;
  INPUT ---       rlabel(81)=p ghatchery2012 c1 a17.14 t18.14;
  INPUT ---       rlabel(82)=p ghatchery2012 c1 a24.84 t25.84;
  INPUT ---       rlabel(83)=p ghatchery2012 c1 a30.63 t31.63;
  INPUT ---       rlabel(84)=p ghatchery2012 c1 a34.5 t35.5;
  INPUT ---       rlabel(85)=p ghatchery2012 c1 a40.93 t41.93;
  INPUT ---       rlabel(86)=p ghatchery2012 c1 a44.63 t45.63;
  INPUT ---       rlabel(87)=p ghatchery2012 c1 a60.63 t61.63;
  INPUT ---       rlabel(88)=p ghatchery2010 c1 a83.62 t84.62;
   Model is { Phi(~time + origin + year + diff)p(~time + year) }

 Link Function Used is LOGIT        

 Variance Estimation Procedure Used is 2ndPart 
 -2logL(saturated) = 0.0000000     
 Effective Sample Size = 18772

 Number of function evaluations was 142 for 25 parameters.
 For numerical optimization, CPU Time was 27.312 seconds and System Time was 2.516 seconds.
 -2logL { Phi(~time + origin + year + diff)p(~time + year) } = 13373.485     
 Penalty { Phi(~time + origin + year + diff)p(~time + year) } = 0.0000000     

  Program  MARK  - Survival Rate Estimation with Capture-Recapture Data
   gfortran(dble/PIM2) Vers. 10.1 March 2023   9-Jun-2023 16:01:17    Page  010
 - - - - - - - - - - - - - - - - - - - - - - - - - - - - - - - - - - - - - -
 
 Gradient { Phi(~time + origin + year + diff)p(~time + year) }:
 -0.10922323E-01 -0.28502258E-02  0.41272675E-02 -0.94696016E-02  0.10373245E-03
 -0.51706488E-02 -0.25498894E-02 -0.68959551E-02  0.29866423E-02  0.88078800E-02
  0.58229257E-03 -0.81980943E-02  0.30023128E-01  0.73778537E-03 -0.43397001E-02
  0.17251785E-02  0.18355217E-02 -0.41762564E-02 -0.16453949E-01 -0.30668824E-02
  0.20023721E-01 -0.21580221E-02 -0.64469829E-02  0.80320055E-02 -0.11540478E-01
 Maximum ABS(G) { Phi(~time + origin + year + diff)p(~time + year) } = 0.0300231     
 To compute VC matrix, CPU Time was 6.734 seconds and System Time was 0.531 seconds.
 S Vector { Phi(~time + origin + year + diff)p(~time + year) }:
   1504.714      1251.334      371.2438      270.8402      263.8718    
   189.8829      150.5501      142.3149      137.9466      127.7348    
   99.02012      83.35753      81.42070      78.60562      72.68787    
   62.20881      54.73833      52.83018      46.51554      43.71616    
   29.47253      12.08356      8.225027      7.458722     0.2590214E-03
 To invert VC matrix, CPU Time was 0.001 seconds and System Time was 0.001 seconds.
 Ratio Threshold = 50.000000       Max Gap (24/25) = 28795.770       Next Max Gap (2/3) = 3.3706534     
 Gap Method for Num. of Estimated Parameters { Phi(~time + origin + year + diff)p(~time + year) } = 24          
 Threshold { Phi(~time + origin + year + diff)p(~time + year) } = 0.0600463               
 Numerical Threshold Method for Num. of Estimated Parameters { Phi(~time + origin + year + diff)p(~time + year) } = 24          
 Number of Estimated Parameters { Phi(~time + origin + year + diff)p(~time + year) } = 24          
 DEVIANCE { Phi(~time + origin + year + diff)p(~time + year) } = 13373.485               
 DEVIANCE Degrees of Freedom { Phi(~time + origin + year + diff)p(~time + year) } = 382          
 c-hat { Phi(~time + origin + year + diff)p(~time + year) } = 35.009122               
 AIC { Phi(~time + origin + year + diff)p(~time + year) } = 13421.485               
 AICc { Phi(~time + origin + year + diff)p(~time + year) } = 13421.549               
 BIC { Phi(~time + origin + year + diff)p(~time + year) } = 13609.648               
 Pearson Chisquare { Phi(~time + origin + year + diff)p(~time + year) } = 0.1187886E+11           
 Possible Encounter Histories { Phi(~time + origin + year + diff)p(~time + year) } = 6144          
 Pearson Chisquare df { Phi(~time + origin + year + diff)p(~time + year) } = 6114          
 Pearson chat { Phi(~time + origin + year + diff)p(~time + year) } = 1942895.0               
 Sum(Observed/Expected) { Phi(~time + origin + year + diff)p(~time + year) } = 0.2969711E+10           
 s-bar { Phi(~time + origin + year + diff)p(~time + year) } = 483822.89               
 Fletcher chat { Phi(~time + origin + year + diff)p(~time + year) } = 4.0157071               


  LOGIT Link Function Parameters of { Phi(~time + origin + year + diff)p(~time + year) }
                                                              95% Confidence Interval
    Parameter                  Beta         Standard Error     Lower           Upper
 -------------------------  --------------  --------------  --------------  --------------
    1:Phi:(Intercept)        18.692504       0.0000000       18.692504       18.692504    
    2:Phi:time2.9           -13.433136       0.0000000      -13.433136      -13.433136    
    3:Phi:time9.81          -12.605210       0.0000000      -12.605210      -12.605210    
    4:Phi:time18.14         -12.922015       0.0000000      -12.922015      -12.922015    
    5:Phi:time25.84         -11.944584       0.0000000      -11.944584      -11.944584    
    6:Phi:time31.63         -12.267874       0.0000000      -12.267874      -12.267874    
    7:Phi:time35.5          -14.079928       0.0000000      -14.079928      -14.079928    
    8:Phi:time41.93         -14.294292       0.0000000      -14.294292      -14.294292    
    9:Phi:time45.63         -14.245289       0.0000000      -14.245289      -14.245289    
   10:Phi:time61.63         -14.397589       0.0000000      -14.397589      -14.397589    
   11:Phi:originwild        -0.2578245       0.0720022      -0.3989488      -0.1167002    
   12:Phi:year2011           0.0720860       0.0884309      -0.1012384       0.2454105    
   13:Phi:year2012           0.7076679       0.0869564       0.5372334       0.8781024    
   14:Phi:diff              -0.1083511       0.0418050      -0.1902889      -0.0264133    
   15:p:(Intercept)          3.2193115       0.1258639       2.9726182       3.4660049    
   16:p:time9.81            -0.2028873       0.1599278      -0.5163457       0.1105711    
   17:p:time18.14           -0.8621239       0.1431600      -1.1427176      -0.5815302    
   18:p:time25.84           -0.7245465       0.1462412      -1.0111793      -0.4379137    
   19:p:time31.63           -0.9289157       0.1421567      -1.2075428      -0.6502886    
   20:p:time35.5             0.4328985       0.1922368       0.0561143       0.8096827    
   21:p:time41.93           -0.8166930       0.1471907      -1.1051868      -0.5281992    
   22:p:time45.63           -0.4141458       0.1640328      -0.7356501      -0.0926415    
   23:p:time61.63           -0.4390210       0.1740881      -0.7802337      -0.0978083    

  Program  MARK  - Survival Rate Estimation with Capture-Recapture Data
   gfortran(dble/PIM2) Vers. 10.1 March 2023   9-Jun-2023 16:01:17    Page  011
 - - - - - - - - - - - - - - - - - - - - - - - - - - - - - - - - - - - - - -
 
   24:p:year2011             0.5501946       0.0917646       0.3703360       0.7300533    
   25:p:year2012            -0.1423784       0.0771663      -0.2936243       0.0088674    


     Real Function Parameters of { Phi(~time + origin + year + diff)p(~time + year) }

      Following estimates based on unstandardized individual covariate values:
          Variable                 Value        
          ----------------------  ------------- 
          DIFF                    -0.1256931E-09
                                                               95% Confidence Interval
     Parameter                Estimate       Standard Error     Lower           Upper
 --------------------------  --------------  --------------  --------------  --------------
     1:Phi ghatchery2010 c1   1.0000000       0.0000000       1.0000000       1.0000000       
     2:Phi ghatchery2010 c1   0.9948283       0.7004834E-03   0.9932572       0.9960348       
     3:Phi ghatchery2010 c1   0.9977336       0.4351039E-03   0.9966988       0.9984445       
     4:Phi ghatchery2010 c1   0.9968915       0.5296406E-03   0.9956599       0.9977744       
     5:Phi ghatchery2010 c1   0.9988281       0.3752313E-03   0.9978056       0.9993744       
     6:Phi ghatchery2010 c1   0.9983815       0.5688373E-03   0.9967784       0.9991875       
     7:Phi ghatchery2010 c1   0.9901714       0.0011243       0.9877045       0.9921472       
     8:Phi ghatchery2010 c1   0.9878501       0.0017828       0.9838107       0.9908910       
     9:Phi ghatchery2010 c1   0.9884244       0.9964088E-03   0.9862995       0.9902231       
    10:Phi ghatchery2010 c1   0.9865458       0.0010552       0.9843128       0.9884646       
    11:Phi gwild2010 c1 a0    1.0000000       0.0000000       1.0000000       1.0000000       
    12:Phi gwild2010 c1 a1.   0.9933174       0.8960418E-03   0.9913110       0.9948629       
    13:Phi gwild2010 c1 a8.   0.9970690       0.5602698E-03   0.9957379       0.9979852       
    14:Phi gwild2010 c1 a17   0.9959809       0.6813836E-03   0.9943981       0.9971177       
    15:Phi gwild2010 c1 a24   0.9984839       0.4847953E-03   0.9971637       0.9991901       
    16:Phi gwild2010 c1 a30   0.9979065       0.7349058E-03   0.9958369       0.9989483       
    17:Phi gwild2010 c1 a34   0.9873173       0.0014398       0.9841621       0.9898504       
    18:Phi gwild2010 c1 a40   0.9843327       0.0022809       0.9791739       0.9882290       
    19:Phi gwild2010 c1 a44   0.9850707       0.0012653       0.9823767       0.9873583       
    20:Phi gwild2010 c1 a60   0.9826573       0.0013452       0.9798140       0.9851063       
    21:Phi ghatchery2011 c1   1.0000000       0.0000000       1.0000000       1.0000000       
    22:Phi ghatchery2011 c1   0.9951863       0.6584018E-03   0.9937075       0.9963188       
    23:Phi ghatchery2011 c1   0.9978909       0.4069412E-03   0.9969220       0.9985552       
    24:Phi ghatchery2011 c1   0.9971070       0.4961239E-03   0.9959520       0.9979332       
    25:Phi ghatchery2011 c1   0.9989095       0.3498141E-03   0.9979556       0.9994186       
    26:Phi ghatchery2011 c1   0.9984939       0.5302993E-03   0.9969983       0.9992449       
    27:Phi ghatchery2011 c1   0.9908487       0.0010622       0.9885138       0.9927124       
    28:Phi ghatchery2011 c1   0.9886856       0.0016713       0.9848944       0.9915334       
    29:Phi ghatchery2011 c1   0.9892208       0.9318893E-03   0.9872326       0.9909023       
    30:Phi ghatchery2011 c1   0.9874698       0.9969913E-03   0.9853574       0.9892807       
    31:Phi gwild2011 c1 a0    1.0000000       0.0000000       1.0000000       1.0000000       
    32:Phi gwild2011 c1 a1.   0.9937793       0.9106428E-03   0.9917144       0.9953320       
    33:Phi gwild2011 c1 a8.   0.9972723       0.5456881E-03   0.9959637       0.9981574       

  Program  MARK  - Survival Rate Estimation with Capture-Recapture Data
   gfortran(dble/PIM2) Vers. 10.1 March 2023   9-Jun-2023 16:01:17    Page  012
 - - - - - - - - - - - - - - - - - - - - - - - - - - - - - - - - - - - - - -
 
    34:Phi gwild2011 c1 a17   0.9962594       0.6715083E-03   0.9946833       0.9973694       
    35:Phi gwild2011 c1 a24   0.9985892       0.4587892E-03   0.9973324       0.9992543       
    36:Phi gwild2011 c1 a30   0.9980518       0.6937318E-03   0.9960873       0.9990309       
    37:Phi gwild2011 c1 a34   0.9881889       0.0015094       0.9848333       0.9908091       
    38:Phi gwild2011 c1 a40   0.9854064       0.0022854       0.9801787       0.9892705       
    39:Phi gwild2011 c1 a44   0.9860946       0.0014105       0.9830411       0.9886047       
    40:Phi gwild2011 c1 a60   0.9838440       0.0015516       0.9805039       0.9866197       
    41:Phi ghatchery2012 c1   1.0000000       0.0000000       1.0000000       1.0000000       
    42:Phi ghatchery2012 c1   0.9974447       0.3658735E-03   0.9966172       0.9980702       
    43:Phi ghatchery2012 c1   0.9988819       0.2208261E-03   0.9983535       0.9992408       
    44:Phi ghatchery2012 c1   0.9984657       0.2709547E-03   0.9978314       0.9989147       
    45:Phi ghatchery2012 c1   0.9994221       0.1869836E-03   0.9989106       0.9996936       
    46:Phi ghatchery2012 c1   0.9992018       0.2831557E-03   0.9984005       0.9996018       
    47:Phi ghatchery2012 c1   0.9951323       0.6017913E-03   0.9937985       0.9961802       
    48:Phi ghatchery2012 c1   0.9939755       0.9290090E-03   0.9918520       0.9955481       
    49:Phi ghatchery2012 c1   0.9942620       0.5518395E-03   0.9930725       0.9952482       
    50:Phi ghatchery2012 c1   0.9933243       0.5838783E-03   0.9920768       0.9943765       
    51:Phi gwild2012 c1 a0    1.0000000       0.0000000       1.0000000       1.0000000       
    52:Phi gwild2012 c1 a1.   0.9966957       0.4846169E-03   0.9955959       0.9975215       
    53:Phi gwild2012 c1 a8.   0.9985535       0.2895426E-03   0.9978588       0.9990230       
    54:Phi gwild2012 c1 a17   0.9980154       0.3565663E-03   0.9971780       0.9986046       
    55:Phi gwild2012 c1 a24   0.9992523       0.2432362E-03   0.9985857       0.9996049       
    56:Phi gwild2012 c1 a30   0.9989672       0.3679753E-03   0.9979244       0.9994864       
    57:Phi gwild2012 c1 a34   0.9937096       0.8070552E-03   0.9919129       0.9951091       
    58:Phi gwild2012 c1 a40   0.9922174       0.0012268       0.9894044       0.9942879       
    59:Phi gwild2012 c1 a44   0.9925868       0.7552679E-03   0.9909498       0.9939296       
    60:Phi gwild2012 c1 a60   0.9913778       0.8120304E-03   0.9896315       0.9928321       
    61:p ghatchery2010 c1 a   0.9615546       0.0046529       0.9513217       0.9697049       
    62:p ghatchery2010 c1 a   0.9533106       0.0052882       0.9417808       0.9626476       
    63:p ghatchery2010 c1 a   0.9135038       0.0075085       0.8976090       0.9271315       
    64:p ghatchery2010 c1 a   0.9237740       0.0070104       0.9088465       0.9364279       
    65:p ghatchery2010 c1 a   0.9080785       0.0078193       0.8915615       0.9222990       
    66:p ghatchery2010 c1 a   0.9747218       0.0039265       0.9657714       0.9813769       
    67:p ghatchery2010 c1 a   0.9170268       0.0076710       0.9006991       0.9308757       
    68:p ghatchery2010 c1 a   0.9429543       0.0067729       0.9281345       0.9548667       
    69:p ghatchery2010 c1 a   0.9416014       0.0077062       0.9245342       0.9549966       
    70:p ghatchery2011 c1 a   0.9774565       0.0029261       0.9709495       0.9825322       
    71:p ghatchery2011 c1 a   0.9725250       0.0033652       0.9651010       0.9784050       
    72:p ghatchery2011 c1 a   0.9482102       0.0050820       0.9372944       0.9573123       
    73:p ghatchery2011 c1 a   0.9545644       0.0046728       0.9444748       0.9628927       
    74:p ghatchery2011 c1 a   0.9448302       0.0053157       0.9334363       0.9543692       
    75:p ghatchery2011 c1 a   0.9852609       0.0024057       0.9797216       0.9893036       
    76:p ghatchery2011 c1 a   0.9503963       0.0051171       0.9393499       0.9595175       
    77:p ghatchery2011 c1 a   0.9662799       0.0042586       0.9568592       0.9737000       
    78:p ghatchery2011 c1 a   0.9654600       0.0047751       0.9547749       0.9736901       
    79:p ghatchery2012 c1 a   0.9559312       0.0051815       0.9445831       0.9650414       

  Program  MARK  - Survival Rate Estimation with Capture-Recapture Data
   gfortran(dble/PIM2) Vers. 10.1 March 2023   9-Jun-2023 16:01:17    Page  013
 - - - - - - - - - - - - - - - - - - - - - - - - - - - - - - - - - - - - - -
 
    80:p ghatchery2012 c1 a   0.9465484       0.0058425       0.9338699       0.9569084       
    81:p ghatchery2012 c1 a   0.9015715       0.0080798       0.8845613       0.9163124       
    82:p ghatchery2012 c1 a   0.9131237       0.0076034       0.8970185       0.9269155       
    83:p ghatchery2012 c1 a   0.8954834       0.0083663       0.8779130       0.9107821       
    84:p ghatchery2012 c1 a   0.9709662       0.0044296       0.9609040       0.9784966       
    85:p ghatchery2012 c1 a   0.9055302       0.0083546       0.8878355       0.9206828       
    86:p ghatchery2012 c1 a   0.9347948       0.0073126       0.9189113       0.9477439       
    87:p ghatchery2012 c1 a   0.9332620       0.0082330       0.9151987       0.9476977       
    88:p ghatchery2010 c1 a   0.9900000       0.0000000       0.9900000       0.9900000      Fixed

 To compute parameter estimates, CPU Time was 0.016 seconds and System Time was 0.016 seconds.

 Attempted ordering of parameters by estimatibility:
   1 15 12 25 10 11  9 19 13 17 18 24 21  7 16 14 22  2 23  8  4 20  3  6  5

 Beta number 5 is a singular value.

   For procedure estimate CPU Time was 34.078 seconds and System Time was 3.235 seconds       .


  INPUT --- proc stop;

     For this job, CPU Time in minutes was 0.568 and System Time in minutes was 0.054.

     Time Start = 16:01:14.560   Time End = 16:01:17.820

     Wall Clock Time in minutes for this job was 0.054.

     Maximum of 25 words used of 4096 words allocated.


          E X E C U T I O N   S U C C E S S F U L 
