
   Program  MARK  - Survival Rate Estimation with Capture-Recapture Data
   gfortran(dble/PIM2) Vers. 10.1 March 2023  17-Jun-2024 12:31:33    Page  001
    
 - - - - - - - - - - - - - - - - - - - - - - - - - - - - - - - - - - - - - -
 
   Welcome to MARK amolina6 on machine 6ZB4TV3 in subdirectory 
   "C:\Users\amolina6\OneDrive - University of Tennessee\Documents\projects\Hawkes" running file "mark045.inp".
   This version was compiled by GCC version 12.2.0 using the options: 
     -cpp -iprefix c:\tdm-gcc-64\mingw64\bin\../lib/gcc/x86_64-w64-mingw32/12.2.0/
     -D_MT -D_REENTRANT -U_REENTRANT -D ieee -D dbleprecision -m64 -mtune=generic
     -march=x86-64 -mthreads -O3 -std=f2018 -fsignaling-nans
     -ffpe-summary=invalid,zero,overflow,underflow -funroll-loops -ffast-math
     -fall-intrinsics -fopenmp.

   This problem will use 19 of 20 possible threads.
   Static thread allocation is used.
   Schedule kind is omp_sched_dynamic with chunk size 1


  INPUT --- proc title ;

   For procedure title CPU Time was 0.001 seconds and System Time was 0.001 seconds       .


  INPUT --- proc chmatrix occasions= 11 groups= 6 etype= Live Nodes= 
  INPUT --- 101 icovar = 1 ICMeans  NoHist hist= 412 ;

  INPUT ---    time interval 1.9 6.91 8.33 7.7 5.79 3.87 6.43 3.7 16 22.99 
  INPUT ---    ;

  INPUT ---     icovariates diff  ;

  INPUT ---    glabel(1)=originhatchery.year2010;

  INPUT ---    glabel(2)=originwild.year2010;

  INPUT ---    glabel(3)=originhatchery.year2011;

  INPUT ---    glabel(4)=originwild.year2011;

  INPUT ---    glabel(5)=originhatchery.year2012;

  INPUT ---    glabel(6)=originwild.year2012;

      Number of unique encounter histories read was 412.

      Number of individual covariates read was 1.
      Time interval lengths vary and/or not equal to 1.

      Data type number is 1
      Data type is Live Recaptures (CJS)

   For procedure chmatrix CPU Time was 0.016 seconds and System Time was 0.016 seconds       .

  Program  MARK  - Survival Rate Estimation with Capture-Recapture Data
   gfortran(dble/PIM2) Vers. 10.1 March 2023  17-Jun-2024 12:31:33    Page  002
 - - - - - - - - - - - - - - - - - - - - - - - - - - - - - - - - - - - - - -
 


  INPUT --- proc estimate link=Logit NOLOOP varest=2ndPart    ;


  INPUT --- model={ Phi(~time * diff + origin)p(~time + year) };

  INPUT ---    fixed=1;
  INPUT ---        parm(48)=0.99 ;

  INPUT ---    group=1 Phi    rows=10 cols=10 Triang ;
  INPUT ---        1 2 3 4 5 6 7 8 9 10 ;
  INPUT ---        2 3 4 5 6 7 8 9 10 ;
  INPUT ---        3 4 5 6 7 8 9 10 ;
  INPUT ---        4 5 6 7 8 9 10 ;
  INPUT ---        5 6 7 8 9 10 ;
  INPUT ---        6 7 8 9 10 ;
  INPUT ---        7 8 9 10 ;
  INPUT ---        8 9 10 ;
  INPUT ---        9 10 ;
  INPUT ---        10 ;

  INPUT ---    group=2 Phi    rows=10 cols=10 Triang ;
  INPUT ---        11 12 13 14 15 16 17 18 19 20 ;
  INPUT ---        12 13 14 15 16 17 18 19 20 ;
  INPUT ---        13 14 15 16 17 18 19 20 ;
  INPUT ---        14 15 16 17 18 19 20 ;
  INPUT ---        15 16 17 18 19 20 ;
  INPUT ---        16 17 18 19 20 ;
  INPUT ---        17 18 19 20 ;
  INPUT ---        18 19 20 ;
  INPUT ---        19 20 ;
  INPUT ---        20 ;

  INPUT ---    group=3 Phi    rows=10 cols=10 Triang ;
  INPUT ---        1 2 3 4 5 6 7 8 9 10 ;
  INPUT ---        2 3 4 5 6 7 8 9 10 ;
  INPUT ---        3 4 5 6 7 8 9 10 ;
  INPUT ---        4 5 6 7 8 9 10 ;
  INPUT ---        5 6 7 8 9 10 ;
  INPUT ---        6 7 8 9 10 ;
  INPUT ---        7 8 9 10 ;
  INPUT ---        8 9 10 ;
  INPUT ---        9 10 ;
  INPUT ---        10 ;


  Program  MARK  - Survival Rate Estimation with Capture-Recapture Data
   gfortran(dble/PIM2) Vers. 10.1 March 2023  17-Jun-2024 12:31:33    Page  003
 - - - - - - - - - - - - - - - - - - - - - - - - - - - - - - - - - - - - - -
 
  INPUT ---    group=4 Phi    rows=10 cols=10 Triang ;
  INPUT ---        11 12 13 14 15 16 17 18 19 20 ;
  INPUT ---        12 13 14 15 16 17 18 19 20 ;
  INPUT ---        13 14 15 16 17 18 19 20 ;
  INPUT ---        14 15 16 17 18 19 20 ;
  INPUT ---        15 16 17 18 19 20 ;
  INPUT ---        16 17 18 19 20 ;
  INPUT ---        17 18 19 20 ;
  INPUT ---        18 19 20 ;
  INPUT ---        19 20 ;
  INPUT ---        20 ;

  INPUT ---    group=5 Phi    rows=10 cols=10 Triang ;
  INPUT ---        1 2 3 4 5 6 7 8 9 10 ;
  INPUT ---        2 3 4 5 6 7 8 9 10 ;
  INPUT ---        3 4 5 6 7 8 9 10 ;
  INPUT ---        4 5 6 7 8 9 10 ;
  INPUT ---        5 6 7 8 9 10 ;
  INPUT ---        6 7 8 9 10 ;
  INPUT ---        7 8 9 10 ;
  INPUT ---        8 9 10 ;
  INPUT ---        9 10 ;
  INPUT ---        10 ;

  INPUT ---    group=6 Phi    rows=10 cols=10 Triang ;
  INPUT ---        11 12 13 14 15 16 17 18 19 20 ;
  INPUT ---        12 13 14 15 16 17 18 19 20 ;
  INPUT ---        13 14 15 16 17 18 19 20 ;
  INPUT ---        14 15 16 17 18 19 20 ;
  INPUT ---        15 16 17 18 19 20 ;
  INPUT ---        16 17 18 19 20 ;
  INPUT ---        17 18 19 20 ;
  INPUT ---        18 19 20 ;
  INPUT ---        19 20 ;
  INPUT ---        20 ;

  INPUT ---    group=1 p    rows=10 cols=10 Triang ;
  INPUT ---        21 22 23 24 25 26 27 28 29 48 ;
  INPUT ---        22 23 24 25 26 27 28 29 48 ;
  INPUT ---        23 24 25 26 27 28 29 48 ;
  INPUT ---        24 25 26 27 28 29 48 ;
  INPUT ---        25 26 27 28 29 48 ;
  INPUT ---        26 27 28 29 48 ;
  INPUT ---        27 28 29 48 ;
  INPUT ---        28 29 48 ;
  INPUT ---        29 48 ;

  Program  MARK  - Survival Rate Estimation with Capture-Recapture Data
   gfortran(dble/PIM2) Vers. 10.1 March 2023  17-Jun-2024 12:31:33    Page  004
 - - - - - - - - - - - - - - - - - - - - - - - - - - - - - - - - - - - - - -
 
  INPUT ---        48 ;

  INPUT ---    group=2 p    rows=10 cols=10 Triang ;
  INPUT ---        21 22 23 24 25 26 27 28 29 48 ;
  INPUT ---        22 23 24 25 26 27 28 29 48 ;
  INPUT ---        23 24 25 26 27 28 29 48 ;
  INPUT ---        24 25 26 27 28 29 48 ;
  INPUT ---        25 26 27 28 29 48 ;
  INPUT ---        26 27 28 29 48 ;
  INPUT ---        27 28 29 48 ;
  INPUT ---        28 29 48 ;
  INPUT ---        29 48 ;
  INPUT ---        48 ;

  INPUT ---    group=3 p    rows=10 cols=10 Triang ;
  INPUT ---        30 31 32 33 34 35 36 37 38 48 ;
  INPUT ---        31 32 33 34 35 36 37 38 48 ;
  INPUT ---        32 33 34 35 36 37 38 48 ;
  INPUT ---        33 34 35 36 37 38 48 ;
  INPUT ---        34 35 36 37 38 48 ;
  INPUT ---        35 36 37 38 48 ;
  INPUT ---        36 37 38 48 ;
  INPUT ---        37 38 48 ;
  INPUT ---        38 48 ;
  INPUT ---        48 ;

  INPUT ---    group=4 p    rows=10 cols=10 Triang ;
  INPUT ---        30 31 32 33 34 35 36 37 38 48 ;
  INPUT ---        31 32 33 34 35 36 37 38 48 ;
  INPUT ---        32 33 34 35 36 37 38 48 ;
  INPUT ---        33 34 35 36 37 38 48 ;
  INPUT ---        34 35 36 37 38 48 ;
  INPUT ---        35 36 37 38 48 ;
  INPUT ---        36 37 38 48 ;
  INPUT ---        37 38 48 ;
  INPUT ---        38 48 ;
  INPUT ---        48 ;

  INPUT ---    group=5 p    rows=10 cols=10 Triang ;
  INPUT ---        39 40 41 42 43 44 45 46 47 48 ;
  INPUT ---        40 41 42 43 44 45 46 47 48 ;
  INPUT ---        41 42 43 44 45 46 47 48 ;
  INPUT ---        42 43 44 45 46 47 48 ;
  INPUT ---        43 44 45 46 47 48 ;
  INPUT ---        44 45 46 47 48 ;
  INPUT ---        45 46 47 48 ;

  Program  MARK  - Survival Rate Estimation with Capture-Recapture Data
   gfortran(dble/PIM2) Vers. 10.1 March 2023  17-Jun-2024 12:31:34    Page  005
 - - - - - - - - - - - - - - - - - - - - - - - - - - - - - - - - - - - - - -
 
  INPUT ---        46 47 48 ;
  INPUT ---        47 48 ;
  INPUT ---        48 ;

  INPUT ---    group=6 p    rows=10 cols=10 Triang ;
  INPUT ---        39 40 41 42 43 44 45 46 47 48 ;
  INPUT ---        40 41 42 43 44 45 46 47 48 ;
  INPUT ---        41 42 43 44 45 46 47 48 ;
  INPUT ---        42 43 44 45 46 47 48 ;
  INPUT ---        43 44 45 46 47 48 ;
  INPUT ---        44 45 46 47 48 ;
  INPUT ---        45 46 47 48 ;
  INPUT ---        46 47 48 ;
  INPUT ---        47 48 ;
  INPUT ---        48 ;

  INPUT ---    design matrix constraints=48 covariates=32;
  INPUT ---        1 0 0 0 0 0 0 0 0 0 diff 0 0 0 0 0 0 0 0 0 0 0 0 0 0 0 0 0 
  INPUT ---       0 0 0 0;
  INPUT ---        1 1 0 0 0 0 0 0 0 0 diff 0 diff 0 0 0 0 0 0 0 0 0 0 0 0 0 
  INPUT ---       0 0 0 0 0 0;
  INPUT ---        1 0 1 0 0 0 0 0 0 0 diff 0 0 diff 0 0 0 0 0 0 0 0 0 0 0 0 
  INPUT ---       0 0 0 0 0 0;
  INPUT ---        1 0 0 1 0 0 0 0 0 0 diff 0 0 0 diff 0 0 0 0 0 0 0 0 0 0 0 
  INPUT ---       0 0 0 0 0 0;
  INPUT ---        1 0 0 0 1 0 0 0 0 0 diff 0 0 0 0 diff 0 0 0 0 0 0 0 0 0 0 
  INPUT ---       0 0 0 0 0 0;
  INPUT ---        1 0 0 0 0 1 0 0 0 0 diff 0 0 0 0 0 diff 0 0 0 0 0 0 0 0 0 
  INPUT ---       0 0 0 0 0 0;
  INPUT ---        1 0 0 0 0 0 1 0 0 0 diff 0 0 0 0 0 0 diff 0 0 0 0 0 0 0 0 
  INPUT ---       0 0 0 0 0 0;
  INPUT ---        1 0 0 0 0 0 0 1 0 0 diff 0 0 0 0 0 0 0 diff 0 0 0 0 0 0 0 
  INPUT ---       0 0 0 0 0 0;
  INPUT ---        1 0 0 0 0 0 0 0 1 0 diff 0 0 0 0 0 0 0 0 diff 0 0 0 0 0 0 
  INPUT ---       0 0 0 0 0 0;
  INPUT ---        1 0 0 0 0 0 0 0 0 1 diff 0 0 0 0 0 0 0 0 0 diff 0 0 0 0 0 
  INPUT ---       0 0 0 0 0 0;
  INPUT ---        1 0 0 0 0 0 0 0 0 0 diff 1 0 0 0 0 0 0 0 0 0 0 0 0 0 0 0 0 
  INPUT ---       0 0 0 0;
  INPUT ---        1 1 0 0 0 0 0 0 0 0 diff 1 diff 0 0 0 0 0 0 0 0 0 0 0 0 0 
  INPUT ---       0 0 0 0 0 0;
  INPUT ---        1 0 1 0 0 0 0 0 0 0 diff 1 0 diff 0 0 0 0 0 0 0 0 0 0 0 0 
  INPUT ---       0 0 0 0 0 0;
  INPUT ---        1 0 0 1 0 0 0 0 0 0 diff 1 0 0 diff 0 0 0 0 0 0 0 0 0 0 0 
  INPUT ---       0 0 0 0 0 0;
  INPUT ---        1 0 0 0 1 0 0 0 0 0 diff 1 0 0 0 diff 0 0 0 0 0 0 0 0 0 0 

  Program  MARK  - Survival Rate Estimation with Capture-Recapture Data
   gfortran(dble/PIM2) Vers. 10.1 March 2023  17-Jun-2024 12:31:34    Page  006
 - - - - - - - - - - - - - - - - - - - - - - - - - - - - - - - - - - - - - -
 
  INPUT ---       0 0 0 0 0 0;
  INPUT ---        1 0 0 0 0 1 0 0 0 0 diff 1 0 0 0 0 diff 0 0 0 0 0 0 0 0 0 
  INPUT ---       0 0 0 0 0 0;
  INPUT ---        1 0 0 0 0 0 1 0 0 0 diff 1 0 0 0 0 0 diff 0 0 0 0 0 0 0 0 
  INPUT ---       0 0 0 0 0 0;
  INPUT ---        1 0 0 0 0 0 0 1 0 0 diff 1 0 0 0 0 0 0 diff 0 0 0 0 0 0 0 
  INPUT ---       0 0 0 0 0 0;
  INPUT ---        1 0 0 0 0 0 0 0 1 0 diff 1 0 0 0 0 0 0 0 diff 0 0 0 0 0 0 
  INPUT ---       0 0 0 0 0 0;
  INPUT ---        1 0 0 0 0 0 0 0 0 1 diff 1 0 0 0 0 0 0 0 0 diff 0 0 0 0 0 
  INPUT ---       0 0 0 0 0 0;
  INPUT ---        0 0 0 0 0 0 0 0 0 0 0 0 0 0 0 0 0 0 0 0 0 1 0 0 0 0 0 0 0 
  INPUT ---       0 0 0;
  INPUT ---        0 0 0 0 0 0 0 0 0 0 0 0 0 0 0 0 0 0 0 0 0 1 1 0 0 0 0 0 0 
  INPUT ---       0 0 0;
  INPUT ---        0 0 0 0 0 0 0 0 0 0 0 0 0 0 0 0 0 0 0 0 0 1 0 1 0 0 0 0 0 
  INPUT ---       0 0 0;
  INPUT ---        0 0 0 0 0 0 0 0 0 0 0 0 0 0 0 0 0 0 0 0 0 1 0 0 1 0 0 0 0 
  INPUT ---       0 0 0;
  INPUT ---        0 0 0 0 0 0 0 0 0 0 0 0 0 0 0 0 0 0 0 0 0 1 0 0 0 1 0 0 0 
  INPUT ---       0 0 0;
  INPUT ---        0 0 0 0 0 0 0 0 0 0 0 0 0 0 0 0 0 0 0 0 0 1 0 0 0 0 1 0 0 
  INPUT ---       0 0 0;
  INPUT ---        0 0 0 0 0 0 0 0 0 0 0 0 0 0 0 0 0 0 0 0 0 1 0 0 0 0 0 1 0 
  INPUT ---       0 0 0;
  INPUT ---        0 0 0 0 0 0 0 0 0 0 0 0 0 0 0 0 0 0 0 0 0 1 0 0 0 0 0 0 1 
  INPUT ---       0 0 0;
  INPUT ---        0 0 0 0 0 0 0 0 0 0 0 0 0 0 0 0 0 0 0 0 0 1 0 0 0 0 0 0 0 
  INPUT ---       1 0 0;
  INPUT ---        0 0 0 0 0 0 0 0 0 0 0 0 0 0 0 0 0 0 0 0 0 1 0 0 0 0 0 0 0 
  INPUT ---       0 1 0;
  INPUT ---        0 0 0 0 0 0 0 0 0 0 0 0 0 0 0 0 0 0 0 0 0 1 1 0 0 0 0 0 0 
  INPUT ---       0 1 0;
  INPUT ---        0 0 0 0 0 0 0 0 0 0 0 0 0 0 0 0 0 0 0 0 0 1 0 1 0 0 0 0 0 
  INPUT ---       0 1 0;
  INPUT ---        0 0 0 0 0 0 0 0 0 0 0 0 0 0 0 0 0 0 0 0 0 1 0 0 1 0 0 0 0 
  INPUT ---       0 1 0;
  INPUT ---        0 0 0 0 0 0 0 0 0 0 0 0 0 0 0 0 0 0 0 0 0 1 0 0 0 1 0 0 0 
  INPUT ---       0 1 0;
  INPUT ---        0 0 0 0 0 0 0 0 0 0 0 0 0 0 0 0 0 0 0 0 0 1 0 0 0 0 1 0 0 
  INPUT ---       0 1 0;
  INPUT ---        0 0 0 0 0 0 0 0 0 0 0 0 0 0 0 0 0 0 0 0 0 1 0 0 0 0 0 1 0 
  INPUT ---       0 1 0;
  INPUT ---        0 0 0 0 0 0 0 0 0 0 0 0 0 0 0 0 0 0 0 0 0 1 0 0 0 0 0 0 1 
  INPUT ---       0 1 0;
  INPUT ---        0 0 0 0 0 0 0 0 0 0 0 0 0 0 0 0 0 0 0 0 0 1 0 0 0 0 0 0 0 

  Program  MARK  - Survival Rate Estimation with Capture-Recapture Data
   gfortran(dble/PIM2) Vers. 10.1 March 2023  17-Jun-2024 12:31:34    Page  007
 - - - - - - - - - - - - - - - - - - - - - - - - - - - - - - - - - - - - - -
 
  INPUT ---       1 1 0;
  INPUT ---        0 0 0 0 0 0 0 0 0 0 0 0 0 0 0 0 0 0 0 0 0 1 0 0 0 0 0 0 0 
  INPUT ---       0 0 1;
  INPUT ---        0 0 0 0 0 0 0 0 0 0 0 0 0 0 0 0 0 0 0 0 0 1 1 0 0 0 0 0 0 
  INPUT ---       0 0 1;
  INPUT ---        0 0 0 0 0 0 0 0 0 0 0 0 0 0 0 0 0 0 0 0 0 1 0 1 0 0 0 0 0 
  INPUT ---       0 0 1;
  INPUT ---        0 0 0 0 0 0 0 0 0 0 0 0 0 0 0 0 0 0 0 0 0 1 0 0 1 0 0 0 0 
  INPUT ---       0 0 1;
  INPUT ---        0 0 0 0 0 0 0 0 0 0 0 0 0 0 0 0 0 0 0 0 0 1 0 0 0 1 0 0 0 
  INPUT ---       0 0 1;
  INPUT ---        0 0 0 0 0 0 0 0 0 0 0 0 0 0 0 0 0 0 0 0 0 1 0 0 0 0 1 0 0 
  INPUT ---       0 0 1;
  INPUT ---        0 0 0 0 0 0 0 0 0 0 0 0 0 0 0 0 0 0 0 0 0 1 0 0 0 0 0 1 0 
  INPUT ---       0 0 1;
  INPUT ---        0 0 0 0 0 0 0 0 0 0 0 0 0 0 0 0 0 0 0 0 0 1 0 0 0 0 0 0 1 
  INPUT ---       0 0 1;
  INPUT ---        0 0 0 0 0 0 0 0 0 0 0 0 0 0 0 0 0 0 0 0 0 1 0 0 0 0 0 0 0 
  INPUT ---       1 0 1;
  INPUT ---        0 0 0 0 0 0 0 0 0 0 0 0 0 0 0 0 0 0 0 0 0 0 0 0 0 0 0 0 0 
  INPUT ---       0 0 0;
  INPUT ---       blabel(1)=Phi:(Intercept);
  INPUT ---       blabel(2)=Phi:time2.9;
  INPUT ---       blabel(3)=Phi:time9.81;
  INPUT ---       blabel(4)=Phi:time18.14;
  INPUT ---       blabel(5)=Phi:time25.84;
  INPUT ---       blabel(6)=Phi:time31.63;
  INPUT ---       blabel(7)=Phi:time35.5;
  INPUT ---       blabel(8)=Phi:time41.93;
  INPUT ---       blabel(9)=Phi:time45.63;
  INPUT ---       blabel(10)=Phi:time61.63;
  INPUT ---       blabel(11)=Phi:diff;
  INPUT ---       blabel(12)=Phi:originwild;
  INPUT ---       blabel(13)=Phi:time2.9:diff;
  INPUT ---       blabel(14)=Phi:time9.81:diff;
  INPUT ---       blabel(15)=Phi:time18.14:diff;
  INPUT ---       blabel(16)=Phi:time25.84:diff;
  INPUT ---       blabel(17)=Phi:time31.63:diff;
  INPUT ---       blabel(18)=Phi:time35.5:diff;
  INPUT ---       blabel(19)=Phi:time41.93:diff;
  INPUT ---       blabel(20)=Phi:time45.63:diff;
  INPUT ---       blabel(21)=Phi:time61.63:diff;
  INPUT ---       blabel(22)=p:(Intercept);
  INPUT ---       blabel(23)=p:time9.81;
  INPUT ---       blabel(24)=p:time18.14;
  INPUT ---       blabel(25)=p:time25.84;

  Program  MARK  - Survival Rate Estimation with Capture-Recapture Data
   gfortran(dble/PIM2) Vers. 10.1 March 2023  17-Jun-2024 12:31:34    Page  008
 - - - - - - - - - - - - - - - - - - - - - - - - - - - - - - - - - - - - - -
 
  INPUT ---       blabel(26)=p:time31.63;
  INPUT ---       blabel(27)=p:time35.5;
  INPUT ---       blabel(28)=p:time41.93;
  INPUT ---       blabel(29)=p:time45.63;
  INPUT ---       blabel(30)=p:time61.63;
  INPUT ---       blabel(31)=p:year2011;
  INPUT ---       blabel(32)=p:year2012;
  INPUT ---       rlabel(1)=Phi ghatchery2010 c1 a0 t1;
  INPUT ---       rlabel(2)=Phi ghatchery2010 c1 a1.9 t2.9;
  INPUT ---       rlabel(3)=Phi ghatchery2010 c1 a8.81 t9.81;
  INPUT ---       rlabel(4)=Phi ghatchery2010 c1 a17.14 t18.14;
  INPUT ---       rlabel(5)=Phi ghatchery2010 c1 a24.84 t25.84;
  INPUT ---       rlabel(6)=Phi ghatchery2010 c1 a30.63 t31.63;
  INPUT ---       rlabel(7)=Phi ghatchery2010 c1 a34.5 t35.5;
  INPUT ---       rlabel(8)=Phi ghatchery2010 c1 a40.93 t41.93;
  INPUT ---       rlabel(9)=Phi ghatchery2010 c1 a44.63 t45.63;
  INPUT ---       rlabel(10)=Phi ghatchery2010 c1 a60.63 t61.63;
  INPUT ---       rlabel(11)=Phi gwild2010 c1 a0 t1;
  INPUT ---       rlabel(12)=Phi gwild2010 c1 a1.9 t2.9;
  INPUT ---       rlabel(13)=Phi gwild2010 c1 a8.81 t9.81;
  INPUT ---       rlabel(14)=Phi gwild2010 c1 a17.14 t18.14;
  INPUT ---       rlabel(15)=Phi gwild2010 c1 a24.84 t25.84;
  INPUT ---       rlabel(16)=Phi gwild2010 c1 a30.63 t31.63;
  INPUT ---       rlabel(17)=Phi gwild2010 c1 a34.5 t35.5;
  INPUT ---       rlabel(18)=Phi gwild2010 c1 a40.93 t41.93;
  INPUT ---       rlabel(19)=Phi gwild2010 c1 a44.63 t45.63;
  INPUT ---       rlabel(20)=Phi gwild2010 c1 a60.63 t61.63;
  INPUT ---       rlabel(21)=p ghatchery2010 c1 a1.9 t2.9;
  INPUT ---       rlabel(22)=p ghatchery2010 c1 a8.81 t9.81;
  INPUT ---       rlabel(23)=p ghatchery2010 c1 a17.14 t18.14;
  INPUT ---       rlabel(24)=p ghatchery2010 c1 a24.84 t25.84;
  INPUT ---       rlabel(25)=p ghatchery2010 c1 a30.63 t31.63;
  INPUT ---       rlabel(26)=p ghatchery2010 c1 a34.5 t35.5;
  INPUT ---       rlabel(27)=p ghatchery2010 c1 a40.93 t41.93;
  INPUT ---       rlabel(28)=p ghatchery2010 c1 a44.63 t45.63;
  INPUT ---       rlabel(29)=p ghatchery2010 c1 a60.63 t61.63;
  INPUT ---       rlabel(30)=p ghatchery2011 c1 a1.9 t2.9;
  INPUT ---       rlabel(31)=p ghatchery2011 c1 a8.81 t9.81;
  INPUT ---       rlabel(32)=p ghatchery2011 c1 a17.14 t18.14;
  INPUT ---       rlabel(33)=p ghatchery2011 c1 a24.84 t25.84;
  INPUT ---       rlabel(34)=p ghatchery2011 c1 a30.63 t31.63;
  INPUT ---       rlabel(35)=p ghatchery2011 c1 a34.5 t35.5;
  INPUT ---       rlabel(36)=p ghatchery2011 c1 a40.93 t41.93;
  INPUT ---       rlabel(37)=p ghatchery2011 c1 a44.63 t45.63;
  INPUT ---       rlabel(38)=p ghatchery2011 c1 a60.63 t61.63;
  INPUT ---       rlabel(39)=p ghatchery2012 c1 a1.9 t2.9;

  Program  MARK  - Survival Rate Estimation with Capture-Recapture Data
   gfortran(dble/PIM2) Vers. 10.1 March 2023  17-Jun-2024 12:31:34    Page  009
 - - - - - - - - - - - - - - - - - - - - - - - - - - - - - - - - - - - - - -
 
  INPUT ---       rlabel(40)=p ghatchery2012 c1 a8.81 t9.81;
  INPUT ---       rlabel(41)=p ghatchery2012 c1 a17.14 t18.14;
  INPUT ---       rlabel(42)=p ghatchery2012 c1 a24.84 t25.84;
  INPUT ---       rlabel(43)=p ghatchery2012 c1 a30.63 t31.63;
  INPUT ---       rlabel(44)=p ghatchery2012 c1 a34.5 t35.5;
  INPUT ---       rlabel(45)=p ghatchery2012 c1 a40.93 t41.93;
  INPUT ---       rlabel(46)=p ghatchery2012 c1 a44.63 t45.63;
  INPUT ---       rlabel(47)=p ghatchery2012 c1 a60.63 t61.63;
  INPUT ---       rlabel(48)=p ghatchery2010 c1 a83.62 t84.62;
   Model is { Phi(~time * diff + origin)p(~time + year) }

 Link Function Used is LOGIT        

 Variance Estimation Procedure Used is 2ndPart 
 -2logL(saturated) = 0.0000000     
 Effective Sample Size = 18772

 Number of function evaluations was 165 for 32 parameters.
 For numerical optimization, CPU Time was 50.703 seconds and System Time was 8.766 seconds.
 -2logL { Phi(~time * diff + origin)p(~time + year) } = 13434.264     
 Penalty { Phi(~time * diff + origin)p(~time + year) } = 0.0000000     
 Gradient { Phi(~time * diff + origin)p(~time + year) }:
  0.47872222E-01  0.11564283E-01 -0.18014256E-01  0.15429361E-01 -0.21523683E-02
  0.39737087E-02  0.75443278E-02 -0.13098583E-01  0.29922629E-01  0.12892210E-01
  0.47724715E-01  0.48227144E-01 -0.26200728E-02 -0.10021363E-02  0.12864818E-02
  0.30397144E-01  0.20880619E-02  0.13058334E-03  0.16499276E-02  0.43069706E-02
  0.11645491E-01 -0.40797079E-01  0.54795128E-02 -0.38277299E-01  0.13382431E-01
  0.21267829E-01  0.33240747E-02 -0.26998625E-01 -0.20710737E-02 -0.72669811E-02
  0.70576921E-03 -0.76910394E-01
 Maximum ABS(G) { Phi(~time * diff + origin)p(~time + year) } = 0.0769104     
 To compute VC matrix, CPU Time was 17.375 seconds and System Time was 2.922 seconds.
 S Vector { Phi(~time * diff + origin)p(~time + year) }:
   1331.482      1251.942      270.5286      264.2947      226.5498    
   150.5359      140.9337      137.5492      127.7688      121.2423    
   99.08871      83.45363      79.14717      75.04121      62.01008    
   53.14538      46.65220      43.83813      38.09860      29.46080    
   16.96587      12.19555      9.449546      8.549666      7.859922    
   7.464155      5.184301      3.816691      1.593730      1.232528    
  0.2146105E-03 0.3615083E-04
 To invert VC matrix, CPU Time was 0.001 seconds and System Time was 0.001 seconds.
 Ratio Threshold = 50.000000       Max Gap (30/31) = 5743.0939       Next Max Gap (31/32) = 5.9365293     
 Gap Method for Num. of Estimated Parameters { Phi(~time * diff + origin)p(~time + year) } = 30          
 Threshold { Phi(~time * diff + origin)p(~time + year) } = 0.1538208               
 Numerical Threshold Method for Num. of Estimated Parameters { Phi(~time * diff + origin)p(~time + year) } = 30          
 Number of Estimated Parameters { Phi(~time * diff + origin)p(~time + year) } = 30          
 DEVIANCE { Phi(~time * diff + origin)p(~time + year) } = 13434.264               
 DEVIANCE Degrees of Freedom { Phi(~time * diff + origin)p(~time + year) } = 376          
 c-hat { Phi(~time * diff + origin)p(~time + year) } = 35.729424               
 AIC { Phi(~time * diff + origin)p(~time + year) } = 13494.264               
 AICc { Phi(~time * diff + origin)p(~time + year) } = 13494.363               
 BIC { Phi(~time * diff + origin)p(~time + year) } = 13729.467               
 Pearson Chisquare { Phi(~time * diff + origin)p(~time + year) } = 0.1379527E+11           
 Possible Encounter Histories { Phi(~time * diff + origin)p(~time + year) } = 6144          
 Pearson Chisquare df { Phi(~time * diff + origin)p(~time + year) } = 6108          
 Pearson chat { Phi(~time * diff + origin)p(~time + year) } = 2258556.9               
 Sum(Observed/Expected) { Phi(~time * diff + origin)p(~time + year) } = 0.3448812E+10           
 s-bar { Phi(~time * diff + origin)p(~time + year) } = 561877.83               
 Fletcher chat { Phi(~time * diff + origin)p(~time + year) } = 4.0196511               


     LOGIT Link Function Parameters of { Phi(~time * diff + origin)p(~time + year) }
                                                              95% Confidence Interval
    Parameter                  Beta         Standard Error     Lower           Upper
 -------------------------  --------------  --------------  --------------  --------------
    1:Phi:(Intercept)        17.527715       0.0000000       17.527715       17.527715    
    2:Phi:time2.9           -12.015308       0.0000000      -12.015308      -12.015308    
    3:Phi:time9.81          -11.190595       0.0000000      -11.190595      -11.190595    
    4:Phi:time18.14         -11.508176       0.0000000      -11.508176      -11.508176    

  Program  MARK  - Survival Rate Estimation with Capture-Recapture Data
   gfortran(dble/PIM2) Vers. 10.1 March 2023  17-Jun-2024 12:31:45    Page  010
 - - - - - - - - - - - - - - - - - - - - - - - - - - - - - - - - - - - - - -
 
    5:Phi:time25.84         -10.513026       0.0000000      -10.513026      -10.513026    
    6:Phi:time31.63         -10.765566       0.0000000      -10.765566      -10.765566    
    7:Phi:time35.5          -12.656266       0.0000000      -12.656266      -12.656266    
    8:Phi:time41.93         -12.867196       0.0000000      -12.867196      -12.867196    
    9:Phi:time45.63         -12.813294       0.0000000      -12.813294      -12.813294    
   10:Phi:time61.63         -12.947148       0.0000000      -12.947148      -12.947148    
   11:Phi:diff               0.4624475       17.607053      -34.047377       34.972272    
   12:Phi:originwild        -0.3010130       0.0699927      -0.4381987      -0.1638272    
   13:Phi:time2.9:diff      -0.3359229       17.607485      -34.846593       34.174748    
   14:Phi:time9.81:diff     -0.3992625       17.607556      -34.910072       34.111547    
   15:Phi:time18.14:diff    -0.4911549       17.607751      -35.002348       34.020038    
   16:Phi:time25.84:diff    -0.2487070       17.609426      -34.763183       34.265769    
   17:Phi:time31.63:diff    -0.0370812       17.608535      -34.549811       34.475649    
   18:Phi:time35.5:diff     -0.6041001       17.607312      -35.114433       33.906233    
   19:Phi:time41.93:diff    -0.3339856       17.607405      -34.844499       34.176528    
   20:Phi:time45.63:diff    -0.3389122       17.607100      -34.848829       34.171005    
   21:Phi:time61.63:diff    -0.5004292       17.607131      -35.010407       34.009549    
   22:p:(Intercept)          3.2159163       0.1258397       2.9692705       3.4625622    
   23:p:time9.81            -0.2029896       0.1599265      -0.5164456       0.1104664    
   24:p:time18.14           -0.8624371       0.1431553      -1.1430215      -0.5818528    
   25:p:time25.84           -0.7239984       0.1462405      -1.0106298      -0.4373670    
   26:p:time31.63           -0.9285290       0.1421568      -1.2071563      -0.6499017    
   27:p:time35.5             0.4322007       0.1920868       0.0557106       0.8086908    
   28:p:time41.93           -0.8130625       0.1471885      -1.1015520      -0.5245731    
   29:p:time45.63           -0.4145742       0.1640516      -0.7361153      -0.0930331    
   30:p:time61.63           -0.4446228       0.1741083      -0.7858751      -0.1033706    
   31:p:year2011             0.5566460       0.0918006       0.3767167       0.7365752    
   32:p:year2012            -0.1380050       0.0771872      -0.2892920       0.0132819    


        Real Function Parameters of { Phi(~time * diff + origin)p(~time + year) }

      Following estimates based on unstandardized individual covariate values:
          Variable                 Value        
          ----------------------  ------------- 
          DIFF                    -0.1256931E-09
                                                               95% Confidence Interval
     Parameter                Estimate       Standard Error     Lower           Upper
 --------------------------  --------------  --------------  --------------  --------------
     1:Phi ghatchery2010 c1   1.0000000       0.0000000       1.0000000       1.0000000       
     2:Phi ghatchery2010 c1   0.9959798       0.5132192E-03   0.9948376       0.9968701       
     3:Phi ghatchery2010 c1   0.9982337       0.3294459E-03   0.9974545       0.9987747       
     4:Phi ghatchery2010 c1   0.9975751       0.3972727E-03   0.9966574       0.9982413       
     5:Phi ghatchery2010 c1   0.9991022       0.2891476E-03   0.9983126       0.9995225       
     6:Phi ghatchery2010 c1   0.9988446       0.4434377E-03   0.9975496       0.9994556       
     7:Phi ghatchery2010 c1   0.9923960       0.8016005E-03   0.9906524       0.9938164       

  Program  MARK  - Survival Rate Estimation with Capture-Recapture Data
   gfortran(dble/PIM2) Vers. 10.1 March 2023  17-Jun-2024 12:31:45    Page  011
 - - - - - - - - - - - - - - - - - - - - - - - - - - - - - - - - - - - - - -
 
     8:Phi ghatchery2010 c1   0.9906271       0.0013187       0.9876557       0.9928884       
     9:Phi ghatchery2010 c1   0.9911146       0.6342538E-03   0.9897812       0.9922753       
    10:Phi ghatchery2010 c1   0.9898549       0.6230708E-03   0.9885580       0.9910061       
    11:Phi gwild2010 c1 a0    1.0000000       0.0000000       1.0000000       1.0000000       
    12:Phi gwild2010 c1 a1.   0.9945755       0.7125737E-03   0.9929840       0.9958076       
    13:Phi gwild2010 c1 a8.   0.9976149       0.4513426E-03   0.9965445       0.9983542       
    14:Phi gwild2010 c1 a17   0.9967262       0.5466985E-03   0.9954594       0.9976404       
    15:Phi gwild2010 c1 a24   0.9987873       0.3925744E-03   0.9977135       0.9993571       
    16:Phi gwild2010 c1 a30   0.9984394       0.6009794E-03   0.9966823       0.9992666       
    17:Phi gwild2010 c1 a34   0.9897527       0.0011329       0.9872766       0.9917509       
    18:Phi gwild2010 c1 a40   0.9873767       0.0018210       0.9832612       0.9904901       
    19:Phi gwild2010 c1 a44   0.9880312       0.9464827E-03   0.9860267       0.9897511       
    20:Phi gwild2010 c1 a60   0.9863403       0.9646500E-03   0.9843147       0.9881075       
    21:p ghatchery2010 c1 a   0.9614289       0.0046666       0.9511664       0.9696036       
    22:p ghatchery2010 c1 a   0.9531547       0.0053043       0.9415903       0.9625207       
    23:p ghatchery2010 c1 a   0.9132104       0.0075298       0.8972717       0.9268776       
    24:p ghatchery2010 c1 a   0.9235733       0.0070261       0.9086133       0.9362562       
    25:p ghatchery2010 c1 a   0.9078271       0.0078371       0.8912736       0.9220806       
    26:p ghatchery2010 c1 a   0.9746208       0.0039374       0.9656474       0.9812956       
    27:p ghatchery2010 c1 a   0.9170447       0.0076698       0.9007196       0.9308913       
    28:p ghatchery2010 c1 a   0.9427483       0.0068013       0.9278660       0.9547101       
    29:p ghatchery2010 c1 a   0.9411047       0.0077822       0.9238679       0.9546306       
    30:p ghatchery2011 c1 a   0.9775237       0.0029180       0.9710343       0.9825854       
    31:p ghatchery2011 c1 a   0.9726038       0.0033563       0.9651990       0.9784682       
    32:p ghatchery2011 c1 a   0.9483447       0.0050700       0.9374543       0.9574250       
    33:p ghatchery2011 c1 a   0.9547205       0.0046598       0.9446579       0.9630251       
    34:p ghatchery2011 c1 a   0.9450094       0.0053022       0.9336435       0.9545234       
    35:p ghatchery2011 c1 a   0.9852951       0.0023947       0.9797831       0.9893207       
    36:p ghatchery2011 c1 a   0.9507106       0.0050946       0.9397103       0.9597896       
    37:p ghatchery2011 c1 a   0.9663654       0.0042494       0.9569646       0.9737690       
    38:p ghatchery2011 c1 a   0.9653750       0.0047769       0.9546890       0.9736105       
    39:p ghatchery2012 c1 a   0.9559724       0.0051771       0.9446338       0.9650747       
    40:p ghatchery2012 c1 a   0.9465927       0.0058386       0.9339221       0.9569457       
    41:p ghatchery2012 c1 a   0.9016305       0.0080771       0.8846256       0.9163661       
    42:p ghatchery2012 c1 a   0.9132447       0.0075940       0.8971589       0.9270192       
    43:p ghatchery2012 c1 a   0.8956110       0.0083579       0.8780577       0.9108940       
    44:p ghatchery2012 c1 a   0.9709741       0.0044266       0.9609193       0.9784999       
    45:p ghatchery2012 c1 a   0.9059237       0.0083161       0.8883105       0.9210063       
    46:p ghatchery2012 c1 a   0.9348283       0.0073070       0.9189572       0.9477679       
    47:p ghatchery2012 c1 a   0.9329735       0.0082658       0.9148396       0.9474677       
    48:p ghatchery2010 c1 a   0.9900000       0.0000000       0.9900000       0.9900000      Fixed

 To compute parameter estimates, CPU Time was 0.031 seconds and System Time was 0.031 seconds.

 Attempted ordering of parameters by estimatibility:
   1 22 32 10 12  9 26 24 11 25 31 28  7 23 29  2 30  8 21  4 27 20  3 18 19
   6 13 15 14 17  5 16
 Beta number 16 is a singular value.

   For procedure estimate CPU Time was 68.188 seconds and System Time was 12.219 seconds       .

  Program  MARK  - Survival Rate Estimation with Capture-Recapture Data
   gfortran(dble/PIM2) Vers. 10.1 March 2023  17-Jun-2024 12:31:45    Page  012
 - - - - - - - - - - - - - - - - - - - - - - - - - - - - - - - - - - - - - -
 


  INPUT --- proc stop;

     For this job, CPU Time in minutes was 1.138 and System Time in minutes was 0.205.

     Time Start = 12:31:33.540   Time End = 12:31:45.819

     Wall Clock Time in minutes for this job was 0.205.

     Maximum of 32 words used of 4096 words allocated.


          E X E C U T I O N   S U C C E S S F U L 
