
   Program  MARK  - Survival Rate Estimation with Capture-Recapture Data
   gfortran(dble/PIM2) Vers. 10.1 March 2023   4-May-2023 16:22:59    Page  001
    
 - - - - - - - - - - - - - - - - - - - - - - - - - - - - - - - - - - - - - -
 
   Welcome to MARK Alejandro on machine DESKTOP-NQSKU6F in subdirectory 
   "C:\Users\Alejandro\OneDrive - Michigan State University\Documents\RProjects\Hawkes" running file "mark043.inp".
   This version was compiled by GCC version 12.2.0 using the options: 
     -cpp -iprefix c:\tdm-gcc-64\mingw64\bin\../lib/gcc/x86_64-w64-mingw32/12.2.0/
     -D_MT -D_REENTRANT -U_REENTRANT -D ieee -D dbleprecision -m64 -mtune=generic
     -march=x86-64 -mthreads -O3 -std=f2018 -fsignaling-nans
     -ffpe-summary=invalid,zero,overflow,underflow -funroll-loops -ffast-math
     -fall-intrinsics -fopenmp.

   This problem will use 7 of 8 possible threads.
   Static thread allocation is used.
   Schedule kind is omp_sched_dynamic with chunk size 1


  INPUT --- proc title ;

   For procedure title CPU Time was 0.001 seconds and System Time was 0.001 seconds       .


  INPUT --- proc chmatrix occasions= 11 groups= 6 etype= Live Nodes= 
  INPUT --- 101 icovar = 1 ICMeans  NoHist hist= 412 ;

  INPUT ---    time interval 1.9 6.91 8.33 7.7 5.79 3.87 6.43 3.7 16 22.99 
  INPUT ---    ;

  INPUT ---     icovariates diff  ;

  INPUT ---    glabel(1)=originhatchery.year2010;

  INPUT ---    glabel(2)=originwild.year2010;

  INPUT ---    glabel(3)=originhatchery.year2011;

  INPUT ---    glabel(4)=originwild.year2011;

  INPUT ---    glabel(5)=originhatchery.year2012;

  INPUT ---    glabel(6)=originwild.year2012;

      Number of unique encounter histories read was 412.

      Number of individual covariates read was 1.
      Time interval lengths vary and/or not equal to 1.

      Data type number is 1
      Data type is Live Recaptures (CJS)

   For procedure chmatrix CPU Time was 0.001 seconds and System Time was 0.001 seconds       .

  Program  MARK  - Survival Rate Estimation with Capture-Recapture Data
   gfortran(dble/PIM2) Vers. 10.1 March 2023   4-May-2023 16:22:59    Page  002
 - - - - - - - - - - - - - - - - - - - - - - - - - - - - - - - - - - - - - -
 


  INPUT --- proc estimate link=Logit NOLOOP varest=2ndPart    ;


  INPUT --- model={ Phi(~time * origin * diff + year)p(~time + year) };

  INPUT ---    fixed=1;
  INPUT ---        parm(88)=0.99 ;

  INPUT ---    group=1 Phi    rows=10 cols=10 Triang ;
  INPUT ---        1 2 3 4 5 6 7 8 9 10 ;
  INPUT ---        2 3 4 5 6 7 8 9 10 ;
  INPUT ---        3 4 5 6 7 8 9 10 ;
  INPUT ---        4 5 6 7 8 9 10 ;
  INPUT ---        5 6 7 8 9 10 ;
  INPUT ---        6 7 8 9 10 ;
  INPUT ---        7 8 9 10 ;
  INPUT ---        8 9 10 ;
  INPUT ---        9 10 ;
  INPUT ---        10 ;

  INPUT ---    group=2 Phi    rows=10 cols=10 Triang ;
  INPUT ---        11 12 13 14 15 16 17 18 19 20 ;
  INPUT ---        12 13 14 15 16 17 18 19 20 ;
  INPUT ---        13 14 15 16 17 18 19 20 ;
  INPUT ---        14 15 16 17 18 19 20 ;
  INPUT ---        15 16 17 18 19 20 ;
  INPUT ---        16 17 18 19 20 ;
  INPUT ---        17 18 19 20 ;
  INPUT ---        18 19 20 ;
  INPUT ---        19 20 ;
  INPUT ---        20 ;

  INPUT ---    group=3 Phi    rows=10 cols=10 Triang ;
  INPUT ---        21 22 23 24 25 26 27 28 29 30 ;
  INPUT ---        22 23 24 25 26 27 28 29 30 ;
  INPUT ---        23 24 25 26 27 28 29 30 ;
  INPUT ---        24 25 26 27 28 29 30 ;
  INPUT ---        25 26 27 28 29 30 ;
  INPUT ---        26 27 28 29 30 ;
  INPUT ---        27 28 29 30 ;
  INPUT ---        28 29 30 ;
  INPUT ---        29 30 ;
  INPUT ---        30 ;


  Program  MARK  - Survival Rate Estimation with Capture-Recapture Data
   gfortran(dble/PIM2) Vers. 10.1 March 2023   4-May-2023 16:22:59    Page  003
 - - - - - - - - - - - - - - - - - - - - - - - - - - - - - - - - - - - - - -
 
  INPUT ---    group=4 Phi    rows=10 cols=10 Triang ;
  INPUT ---        31 32 33 34 35 36 37 38 39 40 ;
  INPUT ---        32 33 34 35 36 37 38 39 40 ;
  INPUT ---        33 34 35 36 37 38 39 40 ;
  INPUT ---        34 35 36 37 38 39 40 ;
  INPUT ---        35 36 37 38 39 40 ;
  INPUT ---        36 37 38 39 40 ;
  INPUT ---        37 38 39 40 ;
  INPUT ---        38 39 40 ;
  INPUT ---        39 40 ;
  INPUT ---        40 ;

  INPUT ---    group=5 Phi    rows=10 cols=10 Triang ;
  INPUT ---        41 42 43 44 45 46 47 48 49 50 ;
  INPUT ---        42 43 44 45 46 47 48 49 50 ;
  INPUT ---        43 44 45 46 47 48 49 50 ;
  INPUT ---        44 45 46 47 48 49 50 ;
  INPUT ---        45 46 47 48 49 50 ;
  INPUT ---        46 47 48 49 50 ;
  INPUT ---        47 48 49 50 ;
  INPUT ---        48 49 50 ;
  INPUT ---        49 50 ;
  INPUT ---        50 ;

  INPUT ---    group=6 Phi    rows=10 cols=10 Triang ;
  INPUT ---        51 52 53 54 55 56 57 58 59 60 ;
  INPUT ---        52 53 54 55 56 57 58 59 60 ;
  INPUT ---        53 54 55 56 57 58 59 60 ;
  INPUT ---        54 55 56 57 58 59 60 ;
  INPUT ---        55 56 57 58 59 60 ;
  INPUT ---        56 57 58 59 60 ;
  INPUT ---        57 58 59 60 ;
  INPUT ---        58 59 60 ;
  INPUT ---        59 60 ;
  INPUT ---        60 ;

  INPUT ---    group=1 p    rows=10 cols=10 Triang ;
  INPUT ---        61 62 63 64 65 66 67 68 69 88 ;
  INPUT ---        62 63 64 65 66 67 68 69 88 ;
  INPUT ---        63 64 65 66 67 68 69 88 ;
  INPUT ---        64 65 66 67 68 69 88 ;
  INPUT ---        65 66 67 68 69 88 ;
  INPUT ---        66 67 68 69 88 ;
  INPUT ---        67 68 69 88 ;
  INPUT ---        68 69 88 ;
  INPUT ---        69 88 ;

  Program  MARK  - Survival Rate Estimation with Capture-Recapture Data
   gfortran(dble/PIM2) Vers. 10.1 March 2023   4-May-2023 16:22:59    Page  004
 - - - - - - - - - - - - - - - - - - - - - - - - - - - - - - - - - - - - - -
 
  INPUT ---        88 ;

  INPUT ---    group=2 p    rows=10 cols=10 Triang ;
  INPUT ---        61 62 63 64 65 66 67 68 69 88 ;
  INPUT ---        62 63 64 65 66 67 68 69 88 ;
  INPUT ---        63 64 65 66 67 68 69 88 ;
  INPUT ---        64 65 66 67 68 69 88 ;
  INPUT ---        65 66 67 68 69 88 ;
  INPUT ---        66 67 68 69 88 ;
  INPUT ---        67 68 69 88 ;
  INPUT ---        68 69 88 ;
  INPUT ---        69 88 ;
  INPUT ---        88 ;

  INPUT ---    group=3 p    rows=10 cols=10 Triang ;
  INPUT ---        70 71 72 73 74 75 76 77 78 88 ;
  INPUT ---        71 72 73 74 75 76 77 78 88 ;
  INPUT ---        72 73 74 75 76 77 78 88 ;
  INPUT ---        73 74 75 76 77 78 88 ;
  INPUT ---        74 75 76 77 78 88 ;
  INPUT ---        75 76 77 78 88 ;
  INPUT ---        76 77 78 88 ;
  INPUT ---        77 78 88 ;
  INPUT ---        78 88 ;
  INPUT ---        88 ;

  INPUT ---    group=4 p    rows=10 cols=10 Triang ;
  INPUT ---        70 71 72 73 74 75 76 77 78 88 ;
  INPUT ---        71 72 73 74 75 76 77 78 88 ;
  INPUT ---        72 73 74 75 76 77 78 88 ;
  INPUT ---        73 74 75 76 77 78 88 ;
  INPUT ---        74 75 76 77 78 88 ;
  INPUT ---        75 76 77 78 88 ;
  INPUT ---        76 77 78 88 ;
  INPUT ---        77 78 88 ;
  INPUT ---        78 88 ;
  INPUT ---        88 ;

  INPUT ---    group=5 p    rows=10 cols=10 Triang ;
  INPUT ---        79 80 81 82 83 84 85 86 87 88 ;
  INPUT ---        80 81 82 83 84 85 86 87 88 ;
  INPUT ---        81 82 83 84 85 86 87 88 ;
  INPUT ---        82 83 84 85 86 87 88 ;
  INPUT ---        83 84 85 86 87 88 ;
  INPUT ---        84 85 86 87 88 ;
  INPUT ---        85 86 87 88 ;

  Program  MARK  - Survival Rate Estimation with Capture-Recapture Data
   gfortran(dble/PIM2) Vers. 10.1 March 2023   4-May-2023 16:22:59    Page  005
 - - - - - - - - - - - - - - - - - - - - - - - - - - - - - - - - - - - - - -
 
  INPUT ---        86 87 88 ;
  INPUT ---        87 88 ;
  INPUT ---        88 ;

  INPUT ---    group=6 p    rows=10 cols=10 Triang ;
  INPUT ---        79 80 81 82 83 84 85 86 87 88 ;
  INPUT ---        80 81 82 83 84 85 86 87 88 ;
  INPUT ---        81 82 83 84 85 86 87 88 ;
  INPUT ---        82 83 84 85 86 87 88 ;
  INPUT ---        83 84 85 86 87 88 ;
  INPUT ---        84 85 86 87 88 ;
  INPUT ---        85 86 87 88 ;
  INPUT ---        86 87 88 ;
  INPUT ---        87 88 ;
  INPUT ---        88 ;

  INPUT ---    design matrix constraints=88 covariates=53;
  INPUT ---        1 0 0 0 0 0 0 0 0 0 0 diff 0 0 0 0 0 0 0 0 0 0 0 0 0 0 0 0 
  INPUT ---       0 0 0 0 0 0 0 0 0 0 0 0 0 0 0 0 0 0 0 0 0 0 0 0 0;
  INPUT ---        1 1 0 0 0 0 0 0 0 0 0 diff 0 0 0 0 0 0 0 0 0 0 0 diff 0 0 
  INPUT ---       0 0 0 0 0 0 0 0 0 0 0 0 0 0 0 0 0 0 0 0 0 0 0 0 0 0 0;
  INPUT ---        1 0 1 0 0 0 0 0 0 0 0 diff 0 0 0 0 0 0 0 0 0 0 0 0 diff 0 
  INPUT ---       0 0 0 0 0 0 0 0 0 0 0 0 0 0 0 0 0 0 0 0 0 0 0 0 0 0 0;
  INPUT ---        1 0 0 1 0 0 0 0 0 0 0 diff 0 0 0 0 0 0 0 0 0 0 0 0 0 diff 
  INPUT ---       0 0 0 0 0 0 0 0 0 0 0 0 0 0 0 0 0 0 0 0 0 0 0 0 0 0 0;
  INPUT ---        1 0 0 0 1 0 0 0 0 0 0 diff 0 0 0 0 0 0 0 0 0 0 0 0 0 0 
  INPUT ---       diff 0 0 0 0 0 0 0 0 0 0 0 0 0 0 0 0 0 0 0 0 0 0 0 0 0 0;
  INPUT ---        1 0 0 0 0 1 0 0 0 0 0 diff 0 0 0 0 0 0 0 0 0 0 0 0 0 0 0 
  INPUT ---       diff 0 0 0 0 0 0 0 0 0 0 0 0 0 0 0 0 0 0 0 0 0 0 0 0 0;
  INPUT ---        1 0 0 0 0 0 1 0 0 0 0 diff 0 0 0 0 0 0 0 0 0 0 0 0 0 0 0 0 
  INPUT ---       diff 0 0 0 0 0 0 0 0 0 0 0 0 0 0 0 0 0 0 0 0 0 0 0 0;
  INPUT ---        1 0 0 0 0 0 0 1 0 0 0 diff 0 0 0 0 0 0 0 0 0 0 0 0 0 0 0 0 
  INPUT ---       0 diff 0 0 0 0 0 0 0 0 0 0 0 0 0 0 0 0 0 0 0 0 0 0 0;
  INPUT ---        1 0 0 0 0 0 0 0 1 0 0 diff 0 0 0 0 0 0 0 0 0 0 0 0 0 0 0 0 
  INPUT ---       0 0 diff 0 0 0 0 0 0 0 0 0 0 0 0 0 0 0 0 0 0 0 0 0 0;
  INPUT ---        1 0 0 0 0 0 0 0 0 1 0 diff 0 0 0 0 0 0 0 0 0 0 0 0 0 0 0 0 
  INPUT ---       0 0 0 diff 0 0 0 0 0 0 0 0 0 0 0 0 0 0 0 0 0 0 0 0 0;
  INPUT ---        1 0 0 0 0 0 0 0 0 0 1 diff 0 0 0 0 0 0 0 0 0 0 0 0 0 0 0 0 
  INPUT ---       0 0 0 0 diff 0 0 0 0 0 0 0 0 0 0 0 0 0 0 0 0 0 0 0 0;
  INPUT ---        1 1 0 0 0 0 0 0 0 0 1 diff 0 0 1 0 0 0 0 0 0 0 0 diff 0 0 
  INPUT ---       0 0 0 0 0 0 diff diff 0 0 0 0 0 0 0 0 0 0 0 0 0 0 0 0 0 0 0;
  INPUT ---        1 0 1 0 0 0 0 0 0 0 1 diff 0 0 0 1 0 0 0 0 0 0 0 0 diff 0 
  INPUT ---       0 0 0 0 0 0 diff 0 diff 0 0 0 0 0 0 0 0 0 0 0 0 0 0 0 0 0 0;
  INPUT ---        1 0 0 1 0 0 0 0 0 0 1 diff 0 0 0 0 1 0 0 0 0 0 0 0 0 diff 
  INPUT ---       0 0 0 0 0 0 diff 0 0 diff 0 0 0 0 0 0 0 0 0 0 0 0 0 0 0 0 0;
  INPUT ---        1 0 0 0 1 0 0 0 0 0 1 diff 0 0 0 0 0 1 0 0 0 0 0 0 0 0 

  Program  MARK  - Survival Rate Estimation with Capture-Recapture Data
   gfortran(dble/PIM2) Vers. 10.1 March 2023   4-May-2023 16:22:59    Page  006
 - - - - - - - - - - - - - - - - - - - - - - - - - - - - - - - - - - - - - -
 
  INPUT ---       diff 0 0 0 0 0 diff 0 0 0 diff 0 0 0 0 0 0 0 0 0 0 0 0 0 0 
  INPUT ---       0 0;
  INPUT ---        1 0 0 0 0 1 0 0 0 0 1 diff 0 0 0 0 0 0 1 0 0 0 0 0 0 0 0 
  INPUT ---       diff 0 0 0 0 diff 0 0 0 0 diff 0 0 0 0 0 0 0 0 0 0 0 0 0 0 
  INPUT ---       0;
  INPUT ---        1 0 0 0 0 0 1 0 0 0 1 diff 0 0 0 0 0 0 0 1 0 0 0 0 0 0 0 0 
  INPUT ---       diff 0 0 0 diff 0 0 0 0 0 diff 0 0 0 0 0 0 0 0 0 0 0 0 0 0;
  INPUT ---        1 0 0 0 0 0 0 1 0 0 1 diff 0 0 0 0 0 0 0 0 1 0 0 0 0 0 0 0 
  INPUT ---       0 diff 0 0 diff 0 0 0 0 0 0 diff 0 0 0 0 0 0 0 0 0 0 0 0 0;
  INPUT ---        1 0 0 0 0 0 0 0 1 0 1 diff 0 0 0 0 0 0 0 0 0 1 0 0 0 0 0 0 
  INPUT ---       0 0 diff 0 diff 0 0 0 0 0 0 0 diff 0 0 0 0 0 0 0 0 0 0 0 0;
  INPUT ---        1 0 0 0 0 0 0 0 0 1 1 diff 0 0 0 0 0 0 0 0 0 0 1 0 0 0 0 0 
  INPUT ---       0 0 0 diff diff 0 0 0 0 0 0 0 0 diff 0 0 0 0 0 0 0 0 0 0 0;
  INPUT ---        1 0 0 0 0 0 0 0 0 0 0 diff 1 0 0 0 0 0 0 0 0 0 0 0 0 0 0 0 
  INPUT ---       0 0 0 0 0 0 0 0 0 0 0 0 0 0 0 0 0 0 0 0 0 0 0 0 0;
  INPUT ---        1 1 0 0 0 0 0 0 0 0 0 diff 1 0 0 0 0 0 0 0 0 0 0 diff 0 0 
  INPUT ---       0 0 0 0 0 0 0 0 0 0 0 0 0 0 0 0 0 0 0 0 0 0 0 0 0 0 0;
  INPUT ---        1 0 1 0 0 0 0 0 0 0 0 diff 1 0 0 0 0 0 0 0 0 0 0 0 diff 0 
  INPUT ---       0 0 0 0 0 0 0 0 0 0 0 0 0 0 0 0 0 0 0 0 0 0 0 0 0 0 0;
  INPUT ---        1 0 0 1 0 0 0 0 0 0 0 diff 1 0 0 0 0 0 0 0 0 0 0 0 0 diff 
  INPUT ---       0 0 0 0 0 0 0 0 0 0 0 0 0 0 0 0 0 0 0 0 0 0 0 0 0 0 0;
  INPUT ---        1 0 0 0 1 0 0 0 0 0 0 diff 1 0 0 0 0 0 0 0 0 0 0 0 0 0 
  INPUT ---       diff 0 0 0 0 0 0 0 0 0 0 0 0 0 0 0 0 0 0 0 0 0 0 0 0 0 0;
  INPUT ---        1 0 0 0 0 1 0 0 0 0 0 diff 1 0 0 0 0 0 0 0 0 0 0 0 0 0 0 
  INPUT ---       diff 0 0 0 0 0 0 0 0 0 0 0 0 0 0 0 0 0 0 0 0 0 0 0 0 0;
  INPUT ---        1 0 0 0 0 0 1 0 0 0 0 diff 1 0 0 0 0 0 0 0 0 0 0 0 0 0 0 0 
  INPUT ---       diff 0 0 0 0 0 0 0 0 0 0 0 0 0 0 0 0 0 0 0 0 0 0 0 0;
  INPUT ---        1 0 0 0 0 0 0 1 0 0 0 diff 1 0 0 0 0 0 0 0 0 0 0 0 0 0 0 0 
  INPUT ---       0 diff 0 0 0 0 0 0 0 0 0 0 0 0 0 0 0 0 0 0 0 0 0 0 0;
  INPUT ---        1 0 0 0 0 0 0 0 1 0 0 diff 1 0 0 0 0 0 0 0 0 0 0 0 0 0 0 0 
  INPUT ---       0 0 diff 0 0 0 0 0 0 0 0 0 0 0 0 0 0 0 0 0 0 0 0 0 0;
  INPUT ---        1 0 0 0 0 0 0 0 0 1 0 diff 1 0 0 0 0 0 0 0 0 0 0 0 0 0 0 0 
  INPUT ---       0 0 0 diff 0 0 0 0 0 0 0 0 0 0 0 0 0 0 0 0 0 0 0 0 0;
  INPUT ---        1 0 0 0 0 0 0 0 0 0 1 diff 1 0 0 0 0 0 0 0 0 0 0 0 0 0 0 0 
  INPUT ---       0 0 0 0 diff 0 0 0 0 0 0 0 0 0 0 0 0 0 0 0 0 0 0 0 0;
  INPUT ---        1 1 0 0 0 0 0 0 0 0 1 diff 1 0 1 0 0 0 0 0 0 0 0 diff 0 0 
  INPUT ---       0 0 0 0 0 0 diff diff 0 0 0 0 0 0 0 0 0 0 0 0 0 0 0 0 0 0 0;
  INPUT ---        1 0 1 0 0 0 0 0 0 0 1 diff 1 0 0 1 0 0 0 0 0 0 0 0 diff 0 
  INPUT ---       0 0 0 0 0 0 diff 0 diff 0 0 0 0 0 0 0 0 0 0 0 0 0 0 0 0 0 0;
  INPUT ---        1 0 0 1 0 0 0 0 0 0 1 diff 1 0 0 0 1 0 0 0 0 0 0 0 0 diff 
  INPUT ---       0 0 0 0 0 0 diff 0 0 diff 0 0 0 0 0 0 0 0 0 0 0 0 0 0 0 0 0;
  INPUT ---        1 0 0 0 1 0 0 0 0 0 1 diff 1 0 0 0 0 1 0 0 0 0 0 0 0 0 
  INPUT ---       diff 0 0 0 0 0 diff 0 0 0 diff 0 0 0 0 0 0 0 0 0 0 0 0 0 0 
  INPUT ---       0 0;
  INPUT ---        1 0 0 0 0 1 0 0 0 0 1 diff 1 0 0 0 0 0 1 0 0 0 0 0 0 0 0 
  INPUT ---       diff 0 0 0 0 diff 0 0 0 0 diff 0 0 0 0 0 0 0 0 0 0 0 0 0 0 

  Program  MARK  - Survival Rate Estimation with Capture-Recapture Data
   gfortran(dble/PIM2) Vers. 10.1 March 2023   4-May-2023 16:22:59    Page  007
 - - - - - - - - - - - - - - - - - - - - - - - - - - - - - - - - - - - - - -
 
  INPUT ---       0;
  INPUT ---        1 0 0 0 0 0 1 0 0 0 1 diff 1 0 0 0 0 0 0 1 0 0 0 0 0 0 0 0 
  INPUT ---       diff 0 0 0 diff 0 0 0 0 0 diff 0 0 0 0 0 0 0 0 0 0 0 0 0 0;
  INPUT ---        1 0 0 0 0 0 0 1 0 0 1 diff 1 0 0 0 0 0 0 0 1 0 0 0 0 0 0 0 
  INPUT ---       0 diff 0 0 diff 0 0 0 0 0 0 diff 0 0 0 0 0 0 0 0 0 0 0 0 0;
  INPUT ---        1 0 0 0 0 0 0 0 1 0 1 diff 1 0 0 0 0 0 0 0 0 1 0 0 0 0 0 0 
  INPUT ---       0 0 diff 0 diff 0 0 0 0 0 0 0 diff 0 0 0 0 0 0 0 0 0 0 0 0;
  INPUT ---        1 0 0 0 0 0 0 0 0 1 1 diff 1 0 0 0 0 0 0 0 0 0 1 0 0 0 0 0 
  INPUT ---       0 0 0 diff diff 0 0 0 0 0 0 0 0 diff 0 0 0 0 0 0 0 0 0 0 0;
  INPUT ---        1 0 0 0 0 0 0 0 0 0 0 diff 0 1 0 0 0 0 0 0 0 0 0 0 0 0 0 0 
  INPUT ---       0 0 0 0 0 0 0 0 0 0 0 0 0 0 0 0 0 0 0 0 0 0 0 0 0;
  INPUT ---        1 1 0 0 0 0 0 0 0 0 0 diff 0 1 0 0 0 0 0 0 0 0 0 diff 0 0 
  INPUT ---       0 0 0 0 0 0 0 0 0 0 0 0 0 0 0 0 0 0 0 0 0 0 0 0 0 0 0;
  INPUT ---        1 0 1 0 0 0 0 0 0 0 0 diff 0 1 0 0 0 0 0 0 0 0 0 0 diff 0 
  INPUT ---       0 0 0 0 0 0 0 0 0 0 0 0 0 0 0 0 0 0 0 0 0 0 0 0 0 0 0;
  INPUT ---        1 0 0 1 0 0 0 0 0 0 0 diff 0 1 0 0 0 0 0 0 0 0 0 0 0 diff 
  INPUT ---       0 0 0 0 0 0 0 0 0 0 0 0 0 0 0 0 0 0 0 0 0 0 0 0 0 0 0;
  INPUT ---        1 0 0 0 1 0 0 0 0 0 0 diff 0 1 0 0 0 0 0 0 0 0 0 0 0 0 
  INPUT ---       diff 0 0 0 0 0 0 0 0 0 0 0 0 0 0 0 0 0 0 0 0 0 0 0 0 0 0;
  INPUT ---        1 0 0 0 0 1 0 0 0 0 0 diff 0 1 0 0 0 0 0 0 0 0 0 0 0 0 0 
  INPUT ---       diff 0 0 0 0 0 0 0 0 0 0 0 0 0 0 0 0 0 0 0 0 0 0 0 0 0;
  INPUT ---        1 0 0 0 0 0 1 0 0 0 0 diff 0 1 0 0 0 0 0 0 0 0 0 0 0 0 0 0 
  INPUT ---       diff 0 0 0 0 0 0 0 0 0 0 0 0 0 0 0 0 0 0 0 0 0 0 0 0;
  INPUT ---        1 0 0 0 0 0 0 1 0 0 0 diff 0 1 0 0 0 0 0 0 0 0 0 0 0 0 0 0 
  INPUT ---       0 diff 0 0 0 0 0 0 0 0 0 0 0 0 0 0 0 0 0 0 0 0 0 0 0;
  INPUT ---        1 0 0 0 0 0 0 0 1 0 0 diff 0 1 0 0 0 0 0 0 0 0 0 0 0 0 0 0 
  INPUT ---       0 0 diff 0 0 0 0 0 0 0 0 0 0 0 0 0 0 0 0 0 0 0 0 0 0;
  INPUT ---        1 0 0 0 0 0 0 0 0 1 0 diff 0 1 0 0 0 0 0 0 0 0 0 0 0 0 0 0 
  INPUT ---       0 0 0 diff 0 0 0 0 0 0 0 0 0 0 0 0 0 0 0 0 0 0 0 0 0;
  INPUT ---        1 0 0 0 0 0 0 0 0 0 1 diff 0 1 0 0 0 0 0 0 0 0 0 0 0 0 0 0 
  INPUT ---       0 0 0 0 diff 0 0 0 0 0 0 0 0 0 0 0 0 0 0 0 0 0 0 0 0;
  INPUT ---        1 1 0 0 0 0 0 0 0 0 1 diff 0 1 1 0 0 0 0 0 0 0 0 diff 0 0 
  INPUT ---       0 0 0 0 0 0 diff diff 0 0 0 0 0 0 0 0 0 0 0 0 0 0 0 0 0 0 0;
  INPUT ---        1 0 1 0 0 0 0 0 0 0 1 diff 0 1 0 1 0 0 0 0 0 0 0 0 diff 0 
  INPUT ---       0 0 0 0 0 0 diff 0 diff 0 0 0 0 0 0 0 0 0 0 0 0 0 0 0 0 0 0;
  INPUT ---        1 0 0 1 0 0 0 0 0 0 1 diff 0 1 0 0 1 0 0 0 0 0 0 0 0 diff 
  INPUT ---       0 0 0 0 0 0 diff 0 0 diff 0 0 0 0 0 0 0 0 0 0 0 0 0 0 0 0 0;
  INPUT ---        1 0 0 0 1 0 0 0 0 0 1 diff 0 1 0 0 0 1 0 0 0 0 0 0 0 0 
  INPUT ---       diff 0 0 0 0 0 diff 0 0 0 diff 0 0 0 0 0 0 0 0 0 0 0 0 0 0 
  INPUT ---       0 0;
  INPUT ---        1 0 0 0 0 1 0 0 0 0 1 diff 0 1 0 0 0 0 1 0 0 0 0 0 0 0 0 
  INPUT ---       diff 0 0 0 0 diff 0 0 0 0 diff 0 0 0 0 0 0 0 0 0 0 0 0 0 0 
  INPUT ---       0;
  INPUT ---        1 0 0 0 0 0 1 0 0 0 1 diff 0 1 0 0 0 0 0 1 0 0 0 0 0 0 0 0 
  INPUT ---       diff 0 0 0 diff 0 0 0 0 0 diff 0 0 0 0 0 0 0 0 0 0 0 0 0 0;
  INPUT ---        1 0 0 0 0 0 0 1 0 0 1 diff 0 1 0 0 0 0 0 0 1 0 0 0 0 0 0 0 

  Program  MARK  - Survival Rate Estimation with Capture-Recapture Data
   gfortran(dble/PIM2) Vers. 10.1 March 2023   4-May-2023 16:22:59    Page  008
 - - - - - - - - - - - - - - - - - - - - - - - - - - - - - - - - - - - - - -
 
  INPUT ---       0 diff 0 0 diff 0 0 0 0 0 0 diff 0 0 0 0 0 0 0 0 0 0 0 0 0;
  INPUT ---        1 0 0 0 0 0 0 0 1 0 1 diff 0 1 0 0 0 0 0 0 0 1 0 0 0 0 0 0 
  INPUT ---       0 0 diff 0 diff 0 0 0 0 0 0 0 diff 0 0 0 0 0 0 0 0 0 0 0 0;
  INPUT ---        1 0 0 0 0 0 0 0 0 1 1 diff 0 1 0 0 0 0 0 0 0 0 1 0 0 0 0 0 
  INPUT ---       0 0 0 diff diff 0 0 0 0 0 0 0 0 diff 0 0 0 0 0 0 0 0 0 0 0;
  INPUT ---        0 0 0 0 0 0 0 0 0 0 0 0 0 0 0 0 0 0 0 0 0 0 0 0 0 0 0 0 0 
  INPUT ---       0 0 0 0 0 0 0 0 0 0 0 0 0 1 0 0 0 0 0 0 0 0 0 0;
  INPUT ---        0 0 0 0 0 0 0 0 0 0 0 0 0 0 0 0 0 0 0 0 0 0 0 0 0 0 0 0 0 
  INPUT ---       0 0 0 0 0 0 0 0 0 0 0 0 0 1 1 0 0 0 0 0 0 0 0 0;
  INPUT ---        0 0 0 0 0 0 0 0 0 0 0 0 0 0 0 0 0 0 0 0 0 0 0 0 0 0 0 0 0 
  INPUT ---       0 0 0 0 0 0 0 0 0 0 0 0 0 1 0 1 0 0 0 0 0 0 0 0;
  INPUT ---        0 0 0 0 0 0 0 0 0 0 0 0 0 0 0 0 0 0 0 0 0 0 0 0 0 0 0 0 0 
  INPUT ---       0 0 0 0 0 0 0 0 0 0 0 0 0 1 0 0 1 0 0 0 0 0 0 0;
  INPUT ---        0 0 0 0 0 0 0 0 0 0 0 0 0 0 0 0 0 0 0 0 0 0 0 0 0 0 0 0 0 
  INPUT ---       0 0 0 0 0 0 0 0 0 0 0 0 0 1 0 0 0 1 0 0 0 0 0 0;
  INPUT ---        0 0 0 0 0 0 0 0 0 0 0 0 0 0 0 0 0 0 0 0 0 0 0 0 0 0 0 0 0 
  INPUT ---       0 0 0 0 0 0 0 0 0 0 0 0 0 1 0 0 0 0 1 0 0 0 0 0;
  INPUT ---        0 0 0 0 0 0 0 0 0 0 0 0 0 0 0 0 0 0 0 0 0 0 0 0 0 0 0 0 0 
  INPUT ---       0 0 0 0 0 0 0 0 0 0 0 0 0 1 0 0 0 0 0 1 0 0 0 0;
  INPUT ---        0 0 0 0 0 0 0 0 0 0 0 0 0 0 0 0 0 0 0 0 0 0 0 0 0 0 0 0 0 
  INPUT ---       0 0 0 0 0 0 0 0 0 0 0 0 0 1 0 0 0 0 0 0 1 0 0 0;
  INPUT ---        0 0 0 0 0 0 0 0 0 0 0 0 0 0 0 0 0 0 0 0 0 0 0 0 0 0 0 0 0 
  INPUT ---       0 0 0 0 0 0 0 0 0 0 0 0 0 1 0 0 0 0 0 0 0 1 0 0;
  INPUT ---        0 0 0 0 0 0 0 0 0 0 0 0 0 0 0 0 0 0 0 0 0 0 0 0 0 0 0 0 0 
  INPUT ---       0 0 0 0 0 0 0 0 0 0 0 0 0 1 0 0 0 0 0 0 0 0 1 0;
  INPUT ---        0 0 0 0 0 0 0 0 0 0 0 0 0 0 0 0 0 0 0 0 0 0 0 0 0 0 0 0 0 
  INPUT ---       0 0 0 0 0 0 0 0 0 0 0 0 0 1 1 0 0 0 0 0 0 0 1 0;
  INPUT ---        0 0 0 0 0 0 0 0 0 0 0 0 0 0 0 0 0 0 0 0 0 0 0 0 0 0 0 0 0 
  INPUT ---       0 0 0 0 0 0 0 0 0 0 0 0 0 1 0 1 0 0 0 0 0 0 1 0;
  INPUT ---        0 0 0 0 0 0 0 0 0 0 0 0 0 0 0 0 0 0 0 0 0 0 0 0 0 0 0 0 0 
  INPUT ---       0 0 0 0 0 0 0 0 0 0 0 0 0 1 0 0 1 0 0 0 0 0 1 0;
  INPUT ---        0 0 0 0 0 0 0 0 0 0 0 0 0 0 0 0 0 0 0 0 0 0 0 0 0 0 0 0 0 
  INPUT ---       0 0 0 0 0 0 0 0 0 0 0 0 0 1 0 0 0 1 0 0 0 0 1 0;
  INPUT ---        0 0 0 0 0 0 0 0 0 0 0 0 0 0 0 0 0 0 0 0 0 0 0 0 0 0 0 0 0 
  INPUT ---       0 0 0 0 0 0 0 0 0 0 0 0 0 1 0 0 0 0 1 0 0 0 1 0;
  INPUT ---        0 0 0 0 0 0 0 0 0 0 0 0 0 0 0 0 0 0 0 0 0 0 0 0 0 0 0 0 0 
  INPUT ---       0 0 0 0 0 0 0 0 0 0 0 0 0 1 0 0 0 0 0 1 0 0 1 0;
  INPUT ---        0 0 0 0 0 0 0 0 0 0 0 0 0 0 0 0 0 0 0 0 0 0 0 0 0 0 0 0 0 
  INPUT ---       0 0 0 0 0 0 0 0 0 0 0 0 0 1 0 0 0 0 0 0 1 0 1 0;
  INPUT ---        0 0 0 0 0 0 0 0 0 0 0 0 0 0 0 0 0 0 0 0 0 0 0 0 0 0 0 0 0 
  INPUT ---       0 0 0 0 0 0 0 0 0 0 0 0 0 1 0 0 0 0 0 0 0 1 1 0;
  INPUT ---        0 0 0 0 0 0 0 0 0 0 0 0 0 0 0 0 0 0 0 0 0 0 0 0 0 0 0 0 0 
  INPUT ---       0 0 0 0 0 0 0 0 0 0 0 0 0 1 0 0 0 0 0 0 0 0 0 1;
  INPUT ---        0 0 0 0 0 0 0 0 0 0 0 0 0 0 0 0 0 0 0 0 0 0 0 0 0 0 0 0 0 
  INPUT ---       0 0 0 0 0 0 0 0 0 0 0 0 0 1 1 0 0 0 0 0 0 0 0 1;
  INPUT ---        0 0 0 0 0 0 0 0 0 0 0 0 0 0 0 0 0 0 0 0 0 0 0 0 0 0 0 0 0 

  Program  MARK  - Survival Rate Estimation with Capture-Recapture Data
   gfortran(dble/PIM2) Vers. 10.1 March 2023   4-May-2023 16:22:59    Page  009
 - - - - - - - - - - - - - - - - - - - - - - - - - - - - - - - - - - - - - -
 
  INPUT ---       0 0 0 0 0 0 0 0 0 0 0 0 0 1 0 1 0 0 0 0 0 0 0 1;
  INPUT ---        0 0 0 0 0 0 0 0 0 0 0 0 0 0 0 0 0 0 0 0 0 0 0 0 0 0 0 0 0 
  INPUT ---       0 0 0 0 0 0 0 0 0 0 0 0 0 1 0 0 1 0 0 0 0 0 0 1;
  INPUT ---        0 0 0 0 0 0 0 0 0 0 0 0 0 0 0 0 0 0 0 0 0 0 0 0 0 0 0 0 0 
  INPUT ---       0 0 0 0 0 0 0 0 0 0 0 0 0 1 0 0 0 1 0 0 0 0 0 1;
  INPUT ---        0 0 0 0 0 0 0 0 0 0 0 0 0 0 0 0 0 0 0 0 0 0 0 0 0 0 0 0 0 
  INPUT ---       0 0 0 0 0 0 0 0 0 0 0 0 0 1 0 0 0 0 1 0 0 0 0 1;
  INPUT ---        0 0 0 0 0 0 0 0 0 0 0 0 0 0 0 0 0 0 0 0 0 0 0 0 0 0 0 0 0 
  INPUT ---       0 0 0 0 0 0 0 0 0 0 0 0 0 1 0 0 0 0 0 1 0 0 0 1;
  INPUT ---        0 0 0 0 0 0 0 0 0 0 0 0 0 0 0 0 0 0 0 0 0 0 0 0 0 0 0 0 0 
  INPUT ---       0 0 0 0 0 0 0 0 0 0 0 0 0 1 0 0 0 0 0 0 1 0 0 1;
  INPUT ---        0 0 0 0 0 0 0 0 0 0 0 0 0 0 0 0 0 0 0 0 0 0 0 0 0 0 0 0 0 
  INPUT ---       0 0 0 0 0 0 0 0 0 0 0 0 0 1 0 0 0 0 0 0 0 1 0 1;
  INPUT ---        0 0 0 0 0 0 0 0 0 0 0 0 0 0 0 0 0 0 0 0 0 0 0 0 0 0 0 0 0 
  INPUT ---       0 0 0 0 0 0 0 0 0 0 0 0 0 0 0 0 0 0 0 0 0 0 0 0;
  INPUT ---       blabel(1)=Phi:(Intercept);
  INPUT ---       blabel(2)=Phi:time2.9;
  INPUT ---       blabel(3)=Phi:time9.81;
  INPUT ---       blabel(4)=Phi:time18.14;
  INPUT ---       blabel(5)=Phi:time25.84;
  INPUT ---       blabel(6)=Phi:time31.63;
  INPUT ---       blabel(7)=Phi:time35.5;
  INPUT ---       blabel(8)=Phi:time41.93;
  INPUT ---       blabel(9)=Phi:time45.63;
  INPUT ---       blabel(10)=Phi:time61.63;
  INPUT ---       blabel(11)=Phi:originwild;
  INPUT ---       blabel(12)=Phi:diff;
  INPUT ---       blabel(13)=Phi:year2011;
  INPUT ---       blabel(14)=Phi:year2012;
  INPUT ---       blabel(15)=Phi:time2.9:originwild;
  INPUT ---       blabel(16)=Phi:time9.81:originwild;
  INPUT ---       blabel(17)=Phi:time18.14:originwild;
  INPUT ---       blabel(18)=Phi:time25.84:originwild;
  INPUT ---       blabel(19)=Phi:time31.63:originwild;
  INPUT ---       blabel(20)=Phi:time35.5:originwild;
  INPUT ---       blabel(21)=Phi:time41.93:originwild;
  INPUT ---       blabel(22)=Phi:time45.63:originwild;
  INPUT ---       blabel(23)=Phi:time61.63:originwild;
  INPUT ---       blabel(24)=Phi:time2.9:diff;
  INPUT ---       blabel(25)=Phi:time9.81:diff;
  INPUT ---       blabel(26)=Phi:time18.14:diff;
  INPUT ---       blabel(27)=Phi:time25.84:diff;
  INPUT ---       blabel(28)=Phi:time31.63:diff;
  INPUT ---       blabel(29)=Phi:time35.5:diff;
  INPUT ---       blabel(30)=Phi:time41.93:diff;
  INPUT ---       blabel(31)=Phi:time45.63:diff;

  Program  MARK  - Survival Rate Estimation with Capture-Recapture Data
   gfortran(dble/PIM2) Vers. 10.1 March 2023   4-May-2023 16:22:59    Page  010
 - - - - - - - - - - - - - - - - - - - - - - - - - - - - - - - - - - - - - -
 
  INPUT ---       blabel(32)=Phi:time61.63:diff;
  INPUT ---       blabel(33)=Phi:originwild:diff;
  INPUT ---       blabel(34)=Phi:time2.9:originwild:diff;
  INPUT ---       blabel(35)=Phi:time9.81:originwild:diff;
  INPUT ---       blabel(36)=Phi:time18.14:originwild:diff;
  INPUT ---       blabel(37)=Phi:time25.84:originwild:diff;
  INPUT ---       blabel(38)=Phi:time31.63:originwild:diff;
  INPUT ---       blabel(39)=Phi:time35.5:originwild:diff;
  INPUT ---       blabel(40)=Phi:time41.93:originwild:diff;
  INPUT ---       blabel(41)=Phi:time45.63:originwild:diff;
  INPUT ---       blabel(42)=Phi:time61.63:originwild:diff;
  INPUT ---       blabel(43)=p:(Intercept);
  INPUT ---       blabel(44)=p:time9.81;
  INPUT ---       blabel(45)=p:time18.14;
  INPUT ---       blabel(46)=p:time25.84;
  INPUT ---       blabel(47)=p:time31.63;
  INPUT ---       blabel(48)=p:time35.5;
  INPUT ---       blabel(49)=p:time41.93;
  INPUT ---       blabel(50)=p:time45.63;
  INPUT ---       blabel(51)=p:time61.63;
  INPUT ---       blabel(52)=p:year2011;
  INPUT ---       blabel(53)=p:year2012;
  INPUT ---       rlabel(1)=Phi ghatchery2010 c1 a0 t1;
  INPUT ---       rlabel(2)=Phi ghatchery2010 c1 a1.9 t2.9;
  INPUT ---       rlabel(3)=Phi ghatchery2010 c1 a8.81 t9.81;
  INPUT ---       rlabel(4)=Phi ghatchery2010 c1 a17.14 t18.14;
  INPUT ---       rlabel(5)=Phi ghatchery2010 c1 a24.84 t25.84;
  INPUT ---       rlabel(6)=Phi ghatchery2010 c1 a30.63 t31.63;
  INPUT ---       rlabel(7)=Phi ghatchery2010 c1 a34.5 t35.5;
  INPUT ---       rlabel(8)=Phi ghatchery2010 c1 a40.93 t41.93;
  INPUT ---       rlabel(9)=Phi ghatchery2010 c1 a44.63 t45.63;
  INPUT ---       rlabel(10)=Phi ghatchery2010 c1 a60.63 t61.63;
  INPUT ---       rlabel(11)=Phi gwild2010 c1 a0 t1;
  INPUT ---       rlabel(12)=Phi gwild2010 c1 a1.9 t2.9;
  INPUT ---       rlabel(13)=Phi gwild2010 c1 a8.81 t9.81;
  INPUT ---       rlabel(14)=Phi gwild2010 c1 a17.14 t18.14;
  INPUT ---       rlabel(15)=Phi gwild2010 c1 a24.84 t25.84;
  INPUT ---       rlabel(16)=Phi gwild2010 c1 a30.63 t31.63;
  INPUT ---       rlabel(17)=Phi gwild2010 c1 a34.5 t35.5;
  INPUT ---       rlabel(18)=Phi gwild2010 c1 a40.93 t41.93;
  INPUT ---       rlabel(19)=Phi gwild2010 c1 a44.63 t45.63;
  INPUT ---       rlabel(20)=Phi gwild2010 c1 a60.63 t61.63;
  INPUT ---       rlabel(21)=Phi ghatchery2011 c1 a0 t1;
  INPUT ---       rlabel(22)=Phi ghatchery2011 c1 a1.9 t2.9;
  INPUT ---       rlabel(23)=Phi ghatchery2011 c1 a8.81 t9.81;
  INPUT ---       rlabel(24)=Phi ghatchery2011 c1 a17.14 t18.14;

  Program  MARK  - Survival Rate Estimation with Capture-Recapture Data
   gfortran(dble/PIM2) Vers. 10.1 March 2023   4-May-2023 16:22:59    Page  011
 - - - - - - - - - - - - - - - - - - - - - - - - - - - - - - - - - - - - - -
 
  INPUT ---       rlabel(25)=Phi ghatchery2011 c1 a24.84 t25.84;
  INPUT ---       rlabel(26)=Phi ghatchery2011 c1 a30.63 t31.63;
  INPUT ---       rlabel(27)=Phi ghatchery2011 c1 a34.5 t35.5;
  INPUT ---       rlabel(28)=Phi ghatchery2011 c1 a40.93 t41.93;
  INPUT ---       rlabel(29)=Phi ghatchery2011 c1 a44.63 t45.63;
  INPUT ---       rlabel(30)=Phi ghatchery2011 c1 a60.63 t61.63;
  INPUT ---       rlabel(31)=Phi gwild2011 c1 a0 t1;
  INPUT ---       rlabel(32)=Phi gwild2011 c1 a1.9 t2.9;
  INPUT ---       rlabel(33)=Phi gwild2011 c1 a8.81 t9.81;
  INPUT ---       rlabel(34)=Phi gwild2011 c1 a17.14 t18.14;
  INPUT ---       rlabel(35)=Phi gwild2011 c1 a24.84 t25.84;
  INPUT ---       rlabel(36)=Phi gwild2011 c1 a30.63 t31.63;
  INPUT ---       rlabel(37)=Phi gwild2011 c1 a34.5 t35.5;
  INPUT ---       rlabel(38)=Phi gwild2011 c1 a40.93 t41.93;
  INPUT ---       rlabel(39)=Phi gwild2011 c1 a44.63 t45.63;
  INPUT ---       rlabel(40)=Phi gwild2011 c1 a60.63 t61.63;
  INPUT ---       rlabel(41)=Phi ghatchery2012 c1 a0 t1;
  INPUT ---       rlabel(42)=Phi ghatchery2012 c1 a1.9 t2.9;
  INPUT ---       rlabel(43)=Phi ghatchery2012 c1 a8.81 t9.81;
  INPUT ---       rlabel(44)=Phi ghatchery2012 c1 a17.14 t18.14;
  INPUT ---       rlabel(45)=Phi ghatchery2012 c1 a24.84 t25.84;
  INPUT ---       rlabel(46)=Phi ghatchery2012 c1 a30.63 t31.63;
  INPUT ---       rlabel(47)=Phi ghatchery2012 c1 a34.5 t35.5;
  INPUT ---       rlabel(48)=Phi ghatchery2012 c1 a40.93 t41.93;
  INPUT ---       rlabel(49)=Phi ghatchery2012 c1 a44.63 t45.63;
  INPUT ---       rlabel(50)=Phi ghatchery2012 c1 a60.63 t61.63;
  INPUT ---       rlabel(51)=Phi gwild2012 c1 a0 t1;
  INPUT ---       rlabel(52)=Phi gwild2012 c1 a1.9 t2.9;
  INPUT ---       rlabel(53)=Phi gwild2012 c1 a8.81 t9.81;
  INPUT ---       rlabel(54)=Phi gwild2012 c1 a17.14 t18.14;
  INPUT ---       rlabel(55)=Phi gwild2012 c1 a24.84 t25.84;
  INPUT ---       rlabel(56)=Phi gwild2012 c1 a30.63 t31.63;
  INPUT ---       rlabel(57)=Phi gwild2012 c1 a34.5 t35.5;
  INPUT ---       rlabel(58)=Phi gwild2012 c1 a40.93 t41.93;
  INPUT ---       rlabel(59)=Phi gwild2012 c1 a44.63 t45.63;
  INPUT ---       rlabel(60)=Phi gwild2012 c1 a60.63 t61.63;
  INPUT ---       rlabel(61)=p ghatchery2010 c1 a1.9 t2.9;
  INPUT ---       rlabel(62)=p ghatchery2010 c1 a8.81 t9.81;
  INPUT ---       rlabel(63)=p ghatchery2010 c1 a17.14 t18.14;
  INPUT ---       rlabel(64)=p ghatchery2010 c1 a24.84 t25.84;
  INPUT ---       rlabel(65)=p ghatchery2010 c1 a30.63 t31.63;
  INPUT ---       rlabel(66)=p ghatchery2010 c1 a34.5 t35.5;
  INPUT ---       rlabel(67)=p ghatchery2010 c1 a40.93 t41.93;
  INPUT ---       rlabel(68)=p ghatchery2010 c1 a44.63 t45.63;
  INPUT ---       rlabel(69)=p ghatchery2010 c1 a60.63 t61.63;
  INPUT ---       rlabel(70)=p ghatchery2011 c1 a1.9 t2.9;

  Program  MARK  - Survival Rate Estimation with Capture-Recapture Data
   gfortran(dble/PIM2) Vers. 10.1 March 2023   4-May-2023 16:22:59    Page  012
 - - - - - - - - - - - - - - - - - - - - - - - - - - - - - - - - - - - - - -
 
  INPUT ---       rlabel(71)=p ghatchery2011 c1 a8.81 t9.81;
  INPUT ---       rlabel(72)=p ghatchery2011 c1 a17.14 t18.14;
  INPUT ---       rlabel(73)=p ghatchery2011 c1 a24.84 t25.84;
  INPUT ---       rlabel(74)=p ghatchery2011 c1 a30.63 t31.63;
  INPUT ---       rlabel(75)=p ghatchery2011 c1 a34.5 t35.5;
  INPUT ---       rlabel(76)=p ghatchery2011 c1 a40.93 t41.93;
  INPUT ---       rlabel(77)=p ghatchery2011 c1 a44.63 t45.63;
  INPUT ---       rlabel(78)=p ghatchery2011 c1 a60.63 t61.63;
  INPUT ---       rlabel(79)=p ghatchery2012 c1 a1.9 t2.9;
  INPUT ---       rlabel(80)=p ghatchery2012 c1 a8.81 t9.81;
  INPUT ---       rlabel(81)=p ghatchery2012 c1 a17.14 t18.14;
  INPUT ---       rlabel(82)=p ghatchery2012 c1 a24.84 t25.84;
  INPUT ---       rlabel(83)=p ghatchery2012 c1 a30.63 t31.63;
  INPUT ---       rlabel(84)=p ghatchery2012 c1 a34.5 t35.5;
  INPUT ---       rlabel(85)=p ghatchery2012 c1 a40.93 t41.93;
  INPUT ---       rlabel(86)=p ghatchery2012 c1 a44.63 t45.63;
  INPUT ---       rlabel(87)=p ghatchery2012 c1 a60.63 t61.63;
  INPUT ---       rlabel(88)=p ghatchery2010 c1 a83.62 t84.62;
   Model is { Phi(~time * origin * diff + year)p(~time + year) }

 Link Function Used is LOGIT        

 Variance Estimation Procedure Used is 2ndPart 
 -2logL(saturated) = 0.0000000     
 Effective Sample Size = 18772

 Number of function evaluations was 19 for 53 parameters.
 For numerical optimization, CPU Time was 5.094 seconds and System Time was 5.390 seconds.
 -2logL { Phi(~time * origin * diff + year)p(~time + year) } = 137956.71     
 Penalty { Phi(~time * origin * diff + year)p(~time + year) } = 0.0000000     
 Gradient { Phi(~time * origin * diff + year)p(~time + year) }:
  -93668.561      -9821.7002      -9797.0472      -10651.178      -7606.2838    
  -6883.6329      -5841.8526      -5765.1382      -15715.351      -20091.898    
  -33674.929      -1937.8532      -30620.498      -39506.981      -2887.2027    
  -3207.1544      -3185.5734      -2437.1402      -2650.9441      -1703.2625    
  -2124.9216      -7138.4992      -7347.5177       15.894439      -496.10285    
  -106.79946      -4.4527322      -151.42491       29.027829      -100.43366    
  -1305.2706       378.49336      -3843.9856      -287.54863      -410.31379    
  -366.76296      -258.57609      -311.05728      -176.63265      -245.17385    
  -1046.4176      -595.58909      -5842.7806       78.112136      -1416.5502    
  -1226.7861      -1612.4089       0.0000000      -1344.5147      -587.56678    
   123.68061      -28.440920      -952.37141    
 Maximum ABS(G) { Phi(~time * origin * diff + year)p(~time + year) } = 93668.561     
 ERROR -- Numerical convergence never reached, with maximum G =   93668.56    
 Last Beta Parameter Values:
 Phi:(Intercept)   2.714336    
 Phi:time2.9  -1.761419    
 Phi:time9.81  -1.465492    
 Phi:time18.14  -1.743603    
 Phi:time25.84  -1.517613    
 Phi:time31.63  -1.911220    
 Phi:time35.5  -1.319382    
 Phi:time41.93  -2.039093    
 Phi:time45.63  -1.317452    
 Phi:time61.63  -1.622990    
 Phi:originwild  -1.757436    
 Phi:diff  -1.355907    
 Phi:year2011 -0.4158308    
 Phi:year2012 -0.4822038    
 Phi:time2.9:originwild   1.825684    
 Phi:time9.81:originwild   1.728362    
 Phi:time18.14:originwild   1.790945    
 Phi:time25.84:originwild   1.636184    
 Phi:time31.63:originwild   1.126204    
 Phi:time35.5:originwild   1.691953    
 Phi:time41.93:originwild   1.182726    
 Phi:time45.63:originwild  0.8101859    
 Phi:time61.63:originwild  0.8690112    
 Phi:time2.9:diff   1.227161    
 Phi:time9.81:diff  0.6769884    
 Phi:time18.14:diff   1.110601    
 Phi:time25.84:diff   1.277598    
 Phi:time31.63:diff   1.143968    
 Phi:time35.5:diff   1.252991    
 Phi:time41.93:diff   1.128631    
 Phi:time45.63:diff  0.6591709    
 Phi:time61.63:diff   1.393847    
 Phi:originwild:diff  0.3433565    
 Phi:time2.9:originwild:diff  0.2728719    
 Phi:time9.81:originwild:diff  0.2219996    
 Phi:time18.14:originwild:diff  0.2140408    
 Phi:time25.84:originwild:diff  0.3521133    
 Phi:time31.63:originwild:diff  0.2689652    
 Phi:time35.5:originwild:diff  0.4048616    
 Phi:time41.93:originwild:diff  0.4845939    
 Phi:time45.63:originwild:diff  0.8289265    
 Phi:time61.63:originwild:diff   1.744179    
 p:(Intercept)   5.284388    
 p:time9.81  -2.845049    
 p:time18.14  -7.803834    
 p:time25.84  -7.312703    
 p:time31.63  -8.351184    
 p:time35.5   26.66055    
 p:time41.93  -7.856375    
 p:time45.63  -5.896676    
 p:time61.63  0.2525516E-01
 p:year2011   4.791865    
 p:year2012   3.423096    
 Last Real Parameter Values:
 Phi ghatchery2010 c1 a0 t1  0.9339754    
 Phi ghatchery2010 c1 a1.9 t2.9  0.7204618    
 Phi ghatchery2010 c1 a8.81 t9.81  0.7714190    
 Phi ghatchery2010 c1 a17.14 t18.14  0.7229194    
 Phi ghatchery2010 c1 a24.84 t25.84  0.7672724    
 Phi ghatchery2010 c1 a30.63 t31.63  0.6884686    
 Phi ghatchery2010 c1 a34.5 t35.5  0.8005965    
 Phi ghatchery2010 c1 a40.93 t41.93  0.6602395    
 Phi ghatchery2010 c1 a44.63 t45.63  0.7963324    
 Phi ghatchery2010 c1 a60.63 t61.63  0.7489767    
 Phi gwild2010 c1 a0 t1  0.7126776    
 Phi gwild2010 c1 a1.9 t2.9  0.7397179    
 Phi gwild2010 c1 a8.81 t9.81  0.7710648    
 Phi gwild2010 c1 a17.14 t18.14  0.7348135    
 Phi gwild2010 c1 a24.84 t25.84  0.7511989    
 Phi gwild2010 c1 a30.63 t31.63  0.5476183    
 Phi gwild2010 c1 a34.5 t35.5  0.7958189    
 Phi gwild2010 c1 a40.93 t41.93  0.5322774    
 Phi gwild2010 c1 a44.63 t45.63  0.6159516    
 Phi gwild2010 c1 a60.63 t61.63  0.5755856    
 Phi ghatchery2011 c1 a0 t1  0.9032257    
 Phi ghatchery2011 c1 a1.9 t2.9  0.6296983    
 Phi ghatchery2011 c1 a8.81 t9.81  0.6900836    
 Phi ghatchery2011 c1 a17.14 t18.14  0.6325468    
 Phi ghatchery2011 c1 a24.84 t25.84  0.6850639    
 Phi ghatchery2011 c1 a30.63 t31.63  0.5931829    
 Phi ghatchery2011 c1 a34.5 t35.5  0.7259550    
 Phi ghatchery2011 c1 a40.93 t41.93  0.5618149    
 Phi ghatchery2011 c1 a44.63 t45.63  0.7206517    
 Phi ghatchery2011 c1 a60.63 t61.63  0.6631428    
 Phi gwild2011 c1 a0 t1  0.6207172    
 Phi gwild2011 c1 a1.9 t2.9  0.6521883    
 Phi gwild2011 c1 a8.81 t9.81  0.6896541    
 Phi gwild2011 c1 a17.14 t18.14  0.6464229    
 Phi gwild2011 c1 a24.84 t25.84  0.6657858    
 Phi gwild2011 c1 a30.63 t31.63  0.4440408    
 Phi gwild2011 c1 a34.5 t35.5  0.7200144    
 Phi gwild2011 c1 a40.93 t41.93  0.4288508    
 Phi gwild2011 c1 a44.63 t45.63  0.5141385    
 Phi gwild2011 c1 a60.63 t61.63  0.4722402    
 Phi ghatchery2012 c1 a0 t1  0.8972668    
 Phi ghatchery2012 c1 a1.9 t2.9  0.6140929    
 Phi ghatchery2012 c1 a8.81 t9.81  0.6757125    
 Phi ghatchery2012 c1 a17.14 t18.14  0.6169885    
 Phi ghatchery2012 c1 a24.84 t25.84  0.6705712    
 Phi ghatchery2012 c1 a30.63 t31.63  0.5770722    
 Phi ghatchery2012 c1 a34.5 t35.5  0.7125544    
 Phi ghatchery2012 c1 a40.93 t41.93  0.5454140    
 Phi ghatchery2012 c1 a44.63 t45.63  0.7070964    
 Phi ghatchery2012 c1 a60.63 t61.63  0.6481594    
 Phi gwild2012 c1 a0 t1  0.6049708    
 Phi gwild2012 c1 a1.9 t2.9  0.6369843    
 Phi gwild2012 c1 a8.81 t9.81  0.6752725    
 Phi gwild2012 c1 a17.14 t18.14  0.6311095    
 Phi gwild2012 c1 a24.84 t25.84  0.6508580    
 Phi gwild2012 c1 a30.63 t31.63  0.4277220    
 Phi gwild2012 c1 a34.5 t35.5  0.7064408    
 Phi gwild2012 c1 a40.93 t41.93  0.4126759    
 Phi gwild2012 c1 a44.63 t45.63  0.4975490    
 Phi gwild2012 c1 a60.63 t61.63  0.4557346    
 p ghatchery2010 c1 a1.9 t2.9  0.9949554    
 p ghatchery2010 c1 a8.81 t9.81  0.9197783    
 p ghatchery2010 c1 a17.14 t18.14  0.7450614E-01
 p ghatchery2010 c1 a24.84 t25.84  0.1162619    
 p ghatchery2010 c1 a30.63 t31.63  0.4449785E-01
 p ghatchery2010 c1 a34.5 t35.5   1.000000    
 p ghatchery2010 c1 a40.93 t41.93  0.7096321E-01
 p ghatchery2010 c1 a44.63 t45.63  0.3515375    
 p ghatchery2010 c1 a60.63 t61.63  0.9950806    
 p ghatchery2011 c1 a1.9 t2.9  0.9999579    
 p ghatchery2011 c1 a8.81 t9.81  0.9992769    
 p ghatchery2011 c1 a17.14 t18.14  0.9065669    
 p ghatchery2011 c1 a24.84 t25.84  0.9406740    
 p ghatchery2011 c1 a30.63 t31.63  0.8487806    
 p ghatchery2011 c1 a34.5 t35.5   1.000000    
 p ghatchery2011 c1 a40.93 t41.93  0.9020204    
 p ghatchery2011 c1 a44.63 t45.63  0.9849257    
 p ghatchery2011 c1 a60.63 t61.63  0.9999590    
 p ghatchery2012 c1 a1.9 t2.9  0.9998347    
 p ghatchery2012 c1 a8.81 t9.81  0.9971638    
 p ghatchery2012 c1 a17.14 t18.14  0.7116990    
 p ghatchery2012 c1 a24.84 t25.84  0.8013543    
 p ghatchery2012 c1 a30.63 t31.63  0.5881444    
 p ghatchery2012 c1 a34.5 t35.5   1.000000    
 p ghatchery2012 c1 a40.93 t41.93  0.7007998    
 p ghatchery2012 c1 a44.63 t45.63  0.9432571    
 p ghatchery2012 c1 a60.63 t61.63  0.9998388    
 p ghatchery2010 c1 a83.62 t84.62  0.9900000    


  INPUT --- proc stop;

 ERROR -- Numerical convergence never reached.
