
   Program  MARK  - Survival Rate Estimation with Capture-Recapture Data
   gfortran(dble/PIM2) Vers. 10.1 March 2023  19-Jul-2023 14:22:53    Page  001
    
 - - - - - - - - - - - - - - - - - - - - - - - - - - - - - - - - - - - - - -
 
   Welcome to MARK amolina6 on machine 6ZB4TV3 in subdirectory 
   "C:\Users\amolina6\OneDrive - University of Tennessee\Documents\projects\Hawkes" running file "mark070.inp".
   This version was compiled by GCC version 12.2.0 using the options: 
     -cpp -iprefix c:\tdm-gcc-64\mingw64\bin\../lib/gcc/x86_64-w64-mingw32/12.2.0/
     -D_MT -D_REENTRANT -U_REENTRANT -D ieee -D dbleprecision -m64 -mtune=generic
     -march=x86-64 -mthreads -O3 -std=f2018 -fsignaling-nans
     -ffpe-summary=invalid,zero,overflow,underflow -funroll-loops -ffast-math
     -fall-intrinsics -fopenmp.

   This problem will use 19 of 20 possible threads.
   Static thread allocation is used.
   Schedule kind is omp_sched_dynamic with chunk size 1


  INPUT --- proc title ;

   For procedure title CPU Time was 0.001 seconds and System Time was 0.001 seconds       .


  INPUT --- proc chmatrix occasions= 11 groups= 6 etype= Live Nodes= 
  INPUT --- 101 icovar = 1 ICMeans  NoHist hist= 251 ;

  INPUT ---    time interval 1.9 6.91 8.33 7.7 5.79 3.87 6.43 3.7 16 22.99 
  INPUT ---    ;

  INPUT ---     icovariates dis ;

  INPUT ---    glabel(1)=originhatchery.year2010;

  INPUT ---    glabel(2)=originwild.year2010;

  INPUT ---    glabel(3)=originhatchery.year2011;

  INPUT ---    glabel(4)=originwild.year2011;

  INPUT ---    glabel(5)=originhatchery.year2012;

  INPUT ---    glabel(6)=originwild.year2012;

      Number of unique encounter histories read was 251.

      Number of individual covariates read was 1.
      Time interval lengths vary and/or not equal to 1.

      Data type number is 1
      Data type is Live Recaptures (CJS)

   For procedure chmatrix CPU Time was 0.001 seconds and System Time was 0.001 seconds       .

  Program  MARK  - Survival Rate Estimation with Capture-Recapture Data
   gfortran(dble/PIM2) Vers. 10.1 March 2023  19-Jul-2023 14:22:53    Page  002
 - - - - - - - - - - - - - - - - - - - - - - - - - - - - - - - - - - - - - -
 


  INPUT --- proc estimate link=Logit NOLOOP varest=2ndPart    ;


  INPUT --- model={ Phi(~time + origin * dis + year)p(~time + year) };

  INPUT ---    fixed=1;
  INPUT ---        parm(88)=0.99 ;

  INPUT ---    group=1 Phi    rows=10 cols=10 Triang ;
  INPUT ---        1 2 3 4 5 6 7 8 9 10 ;
  INPUT ---        2 3 4 5 6 7 8 9 10 ;
  INPUT ---        3 4 5 6 7 8 9 10 ;
  INPUT ---        4 5 6 7 8 9 10 ;
  INPUT ---        5 6 7 8 9 10 ;
  INPUT ---        6 7 8 9 10 ;
  INPUT ---        7 8 9 10 ;
  INPUT ---        8 9 10 ;
  INPUT ---        9 10 ;
  INPUT ---        10 ;

  INPUT ---    group=2 Phi    rows=10 cols=10 Triang ;
  INPUT ---        11 12 13 14 15 16 17 18 19 20 ;
  INPUT ---        12 13 14 15 16 17 18 19 20 ;
  INPUT ---        13 14 15 16 17 18 19 20 ;
  INPUT ---        14 15 16 17 18 19 20 ;
  INPUT ---        15 16 17 18 19 20 ;
  INPUT ---        16 17 18 19 20 ;
  INPUT ---        17 18 19 20 ;
  INPUT ---        18 19 20 ;
  INPUT ---        19 20 ;
  INPUT ---        20 ;

  INPUT ---    group=3 Phi    rows=10 cols=10 Triang ;
  INPUT ---        21 22 23 24 25 26 27 28 29 30 ;
  INPUT ---        22 23 24 25 26 27 28 29 30 ;
  INPUT ---        23 24 25 26 27 28 29 30 ;
  INPUT ---        24 25 26 27 28 29 30 ;
  INPUT ---        25 26 27 28 29 30 ;
  INPUT ---        26 27 28 29 30 ;
  INPUT ---        27 28 29 30 ;
  INPUT ---        28 29 30 ;
  INPUT ---        29 30 ;
  INPUT ---        30 ;


  Program  MARK  - Survival Rate Estimation with Capture-Recapture Data
   gfortran(dble/PIM2) Vers. 10.1 March 2023  19-Jul-2023 14:22:53    Page  003
 - - - - - - - - - - - - - - - - - - - - - - - - - - - - - - - - - - - - - -
 
  INPUT ---    group=4 Phi    rows=10 cols=10 Triang ;
  INPUT ---        31 32 33 34 35 36 37 38 39 40 ;
  INPUT ---        32 33 34 35 36 37 38 39 40 ;
  INPUT ---        33 34 35 36 37 38 39 40 ;
  INPUT ---        34 35 36 37 38 39 40 ;
  INPUT ---        35 36 37 38 39 40 ;
  INPUT ---        36 37 38 39 40 ;
  INPUT ---        37 38 39 40 ;
  INPUT ---        38 39 40 ;
  INPUT ---        39 40 ;
  INPUT ---        40 ;

  INPUT ---    group=5 Phi    rows=10 cols=10 Triang ;
  INPUT ---        41 42 43 44 45 46 47 48 49 50 ;
  INPUT ---        42 43 44 45 46 47 48 49 50 ;
  INPUT ---        43 44 45 46 47 48 49 50 ;
  INPUT ---        44 45 46 47 48 49 50 ;
  INPUT ---        45 46 47 48 49 50 ;
  INPUT ---        46 47 48 49 50 ;
  INPUT ---        47 48 49 50 ;
  INPUT ---        48 49 50 ;
  INPUT ---        49 50 ;
  INPUT ---        50 ;

  INPUT ---    group=6 Phi    rows=10 cols=10 Triang ;
  INPUT ---        51 52 53 54 55 56 57 58 59 60 ;
  INPUT ---        52 53 54 55 56 57 58 59 60 ;
  INPUT ---        53 54 55 56 57 58 59 60 ;
  INPUT ---        54 55 56 57 58 59 60 ;
  INPUT ---        55 56 57 58 59 60 ;
  INPUT ---        56 57 58 59 60 ;
  INPUT ---        57 58 59 60 ;
  INPUT ---        58 59 60 ;
  INPUT ---        59 60 ;
  INPUT ---        60 ;

  INPUT ---    group=1 p    rows=10 cols=10 Triang ;
  INPUT ---        61 62 63 64 65 66 67 68 69 88 ;
  INPUT ---        62 63 64 65 66 67 68 69 88 ;
  INPUT ---        63 64 65 66 67 68 69 88 ;
  INPUT ---        64 65 66 67 68 69 88 ;
  INPUT ---        65 66 67 68 69 88 ;
  INPUT ---        66 67 68 69 88 ;
  INPUT ---        67 68 69 88 ;
  INPUT ---        68 69 88 ;
  INPUT ---        69 88 ;

  Program  MARK  - Survival Rate Estimation with Capture-Recapture Data
   gfortran(dble/PIM2) Vers. 10.1 March 2023  19-Jul-2023 14:22:54    Page  004
 - - - - - - - - - - - - - - - - - - - - - - - - - - - - - - - - - - - - - -
 
  INPUT ---        88 ;

  INPUT ---    group=2 p    rows=10 cols=10 Triang ;
  INPUT ---        61 62 63 64 65 66 67 68 69 88 ;
  INPUT ---        62 63 64 65 66 67 68 69 88 ;
  INPUT ---        63 64 65 66 67 68 69 88 ;
  INPUT ---        64 65 66 67 68 69 88 ;
  INPUT ---        65 66 67 68 69 88 ;
  INPUT ---        66 67 68 69 88 ;
  INPUT ---        67 68 69 88 ;
  INPUT ---        68 69 88 ;
  INPUT ---        69 88 ;
  INPUT ---        88 ;

  INPUT ---    group=3 p    rows=10 cols=10 Triang ;
  INPUT ---        70 71 72 73 74 75 76 77 78 88 ;
  INPUT ---        71 72 73 74 75 76 77 78 88 ;
  INPUT ---        72 73 74 75 76 77 78 88 ;
  INPUT ---        73 74 75 76 77 78 88 ;
  INPUT ---        74 75 76 77 78 88 ;
  INPUT ---        75 76 77 78 88 ;
  INPUT ---        76 77 78 88 ;
  INPUT ---        77 78 88 ;
  INPUT ---        78 88 ;
  INPUT ---        88 ;

  INPUT ---    group=4 p    rows=10 cols=10 Triang ;
  INPUT ---        70 71 72 73 74 75 76 77 78 88 ;
  INPUT ---        71 72 73 74 75 76 77 78 88 ;
  INPUT ---        72 73 74 75 76 77 78 88 ;
  INPUT ---        73 74 75 76 77 78 88 ;
  INPUT ---        74 75 76 77 78 88 ;
  INPUT ---        75 76 77 78 88 ;
  INPUT ---        76 77 78 88 ;
  INPUT ---        77 78 88 ;
  INPUT ---        78 88 ;
  INPUT ---        88 ;

  INPUT ---    group=5 p    rows=10 cols=10 Triang ;
  INPUT ---        79 80 81 82 83 84 85 86 87 88 ;
  INPUT ---        80 81 82 83 84 85 86 87 88 ;
  INPUT ---        81 82 83 84 85 86 87 88 ;
  INPUT ---        82 83 84 85 86 87 88 ;
  INPUT ---        83 84 85 86 87 88 ;
  INPUT ---        84 85 86 87 88 ;
  INPUT ---        85 86 87 88 ;

  Program  MARK  - Survival Rate Estimation with Capture-Recapture Data
   gfortran(dble/PIM2) Vers. 10.1 March 2023  19-Jul-2023 14:22:54    Page  005
 - - - - - - - - - - - - - - - - - - - - - - - - - - - - - - - - - - - - - -
 
  INPUT ---        86 87 88 ;
  INPUT ---        87 88 ;
  INPUT ---        88 ;

  INPUT ---    group=6 p    rows=10 cols=10 Triang ;
  INPUT ---        79 80 81 82 83 84 85 86 87 88 ;
  INPUT ---        80 81 82 83 84 85 86 87 88 ;
  INPUT ---        81 82 83 84 85 86 87 88 ;
  INPUT ---        82 83 84 85 86 87 88 ;
  INPUT ---        83 84 85 86 87 88 ;
  INPUT ---        84 85 86 87 88 ;
  INPUT ---        85 86 87 88 ;
  INPUT ---        86 87 88 ;
  INPUT ---        87 88 ;
  INPUT ---        88 ;

  INPUT ---    design matrix constraints=88 covariates=26;
  INPUT ---        1 0 0 0 0 0 0 0 0 0 0 dis 0 0 0 0 0 0 0 0 0 0 0 0 0 0;
  INPUT ---        1 1 0 0 0 0 0 0 0 0 0 dis 0 0 0 0 0 0 0 0 0 0 0 0 0 0;
  INPUT ---        1 0 1 0 0 0 0 0 0 0 0 dis 0 0 0 0 0 0 0 0 0 0 0 0 0 0;
  INPUT ---        1 0 0 1 0 0 0 0 0 0 0 dis 0 0 0 0 0 0 0 0 0 0 0 0 0 0;
  INPUT ---        1 0 0 0 1 0 0 0 0 0 0 dis 0 0 0 0 0 0 0 0 0 0 0 0 0 0;
  INPUT ---        1 0 0 0 0 1 0 0 0 0 0 dis 0 0 0 0 0 0 0 0 0 0 0 0 0 0;
  INPUT ---        1 0 0 0 0 0 1 0 0 0 0 dis 0 0 0 0 0 0 0 0 0 0 0 0 0 0;
  INPUT ---        1 0 0 0 0 0 0 1 0 0 0 dis 0 0 0 0 0 0 0 0 0 0 0 0 0 0;
  INPUT ---        1 0 0 0 0 0 0 0 1 0 0 dis 0 0 0 0 0 0 0 0 0 0 0 0 0 0;
  INPUT ---        1 0 0 0 0 0 0 0 0 1 0 dis 0 0 0 0 0 0 0 0 0 0 0 0 0 0;
  INPUT ---        1 0 0 0 0 0 0 0 0 0 1 dis 0 0 dis 0 0 0 0 0 0 0 0 0 0 0;
  INPUT ---        1 1 0 0 0 0 0 0 0 0 1 dis 0 0 dis 0 0 0 0 0 0 0 0 0 0 0;
  INPUT ---        1 0 1 0 0 0 0 0 0 0 1 dis 0 0 dis 0 0 0 0 0 0 0 0 0 0 0;
  INPUT ---        1 0 0 1 0 0 0 0 0 0 1 dis 0 0 dis 0 0 0 0 0 0 0 0 0 0 0;
  INPUT ---        1 0 0 0 1 0 0 0 0 0 1 dis 0 0 dis 0 0 0 0 0 0 0 0 0 0 0;
  INPUT ---        1 0 0 0 0 1 0 0 0 0 1 dis 0 0 dis 0 0 0 0 0 0 0 0 0 0 0;
  INPUT ---        1 0 0 0 0 0 1 0 0 0 1 dis 0 0 dis 0 0 0 0 0 0 0 0 0 0 0;
  INPUT ---        1 0 0 0 0 0 0 1 0 0 1 dis 0 0 dis 0 0 0 0 0 0 0 0 0 0 0;
  INPUT ---        1 0 0 0 0 0 0 0 1 0 1 dis 0 0 dis 0 0 0 0 0 0 0 0 0 0 0;
  INPUT ---        1 0 0 0 0 0 0 0 0 1 1 dis 0 0 dis 0 0 0 0 0 0 0 0 0 0 0;
  INPUT ---        1 0 0 0 0 0 0 0 0 0 0 dis 1 0 0 0 0 0 0 0 0 0 0 0 0 0;
  INPUT ---        1 1 0 0 0 0 0 0 0 0 0 dis 1 0 0 0 0 0 0 0 0 0 0 0 0 0;
  INPUT ---        1 0 1 0 0 0 0 0 0 0 0 dis 1 0 0 0 0 0 0 0 0 0 0 0 0 0;
  INPUT ---        1 0 0 1 0 0 0 0 0 0 0 dis 1 0 0 0 0 0 0 0 0 0 0 0 0 0;
  INPUT ---        1 0 0 0 1 0 0 0 0 0 0 dis 1 0 0 0 0 0 0 0 0 0 0 0 0 0;
  INPUT ---        1 0 0 0 0 1 0 0 0 0 0 dis 1 0 0 0 0 0 0 0 0 0 0 0 0 0;
  INPUT ---        1 0 0 0 0 0 1 0 0 0 0 dis 1 0 0 0 0 0 0 0 0 0 0 0 0 0;
  INPUT ---        1 0 0 0 0 0 0 1 0 0 0 dis 1 0 0 0 0 0 0 0 0 0 0 0 0 0;
  INPUT ---        1 0 0 0 0 0 0 0 1 0 0 dis 1 0 0 0 0 0 0 0 0 0 0 0 0 0;

  Program  MARK  - Survival Rate Estimation with Capture-Recapture Data
   gfortran(dble/PIM2) Vers. 10.1 March 2023  19-Jul-2023 14:22:54    Page  006
 - - - - - - - - - - - - - - - - - - - - - - - - - - - - - - - - - - - - - -
 
  INPUT ---        1 0 0 0 0 0 0 0 0 1 0 dis 1 0 0 0 0 0 0 0 0 0 0 0 0 0;
  INPUT ---        1 0 0 0 0 0 0 0 0 0 1 dis 1 0 dis 0 0 0 0 0 0 0 0 0 0 0;
  INPUT ---        1 1 0 0 0 0 0 0 0 0 1 dis 1 0 dis 0 0 0 0 0 0 0 0 0 0 0;
  INPUT ---        1 0 1 0 0 0 0 0 0 0 1 dis 1 0 dis 0 0 0 0 0 0 0 0 0 0 0;
  INPUT ---        1 0 0 1 0 0 0 0 0 0 1 dis 1 0 dis 0 0 0 0 0 0 0 0 0 0 0;
  INPUT ---        1 0 0 0 1 0 0 0 0 0 1 dis 1 0 dis 0 0 0 0 0 0 0 0 0 0 0;
  INPUT ---        1 0 0 0 0 1 0 0 0 0 1 dis 1 0 dis 0 0 0 0 0 0 0 0 0 0 0;
  INPUT ---        1 0 0 0 0 0 1 0 0 0 1 dis 1 0 dis 0 0 0 0 0 0 0 0 0 0 0;
  INPUT ---        1 0 0 0 0 0 0 1 0 0 1 dis 1 0 dis 0 0 0 0 0 0 0 0 0 0 0;
  INPUT ---        1 0 0 0 0 0 0 0 1 0 1 dis 1 0 dis 0 0 0 0 0 0 0 0 0 0 0;
  INPUT ---        1 0 0 0 0 0 0 0 0 1 1 dis 1 0 dis 0 0 0 0 0 0 0 0 0 0 0;
  INPUT ---        1 0 0 0 0 0 0 0 0 0 0 dis 0 1 0 0 0 0 0 0 0 0 0 0 0 0;
  INPUT ---        1 1 0 0 0 0 0 0 0 0 0 dis 0 1 0 0 0 0 0 0 0 0 0 0 0 0;
  INPUT ---        1 0 1 0 0 0 0 0 0 0 0 dis 0 1 0 0 0 0 0 0 0 0 0 0 0 0;
  INPUT ---        1 0 0 1 0 0 0 0 0 0 0 dis 0 1 0 0 0 0 0 0 0 0 0 0 0 0;
  INPUT ---        1 0 0 0 1 0 0 0 0 0 0 dis 0 1 0 0 0 0 0 0 0 0 0 0 0 0;
  INPUT ---        1 0 0 0 0 1 0 0 0 0 0 dis 0 1 0 0 0 0 0 0 0 0 0 0 0 0;
  INPUT ---        1 0 0 0 0 0 1 0 0 0 0 dis 0 1 0 0 0 0 0 0 0 0 0 0 0 0;
  INPUT ---        1 0 0 0 0 0 0 1 0 0 0 dis 0 1 0 0 0 0 0 0 0 0 0 0 0 0;
  INPUT ---        1 0 0 0 0 0 0 0 1 0 0 dis 0 1 0 0 0 0 0 0 0 0 0 0 0 0;
  INPUT ---        1 0 0 0 0 0 0 0 0 1 0 dis 0 1 0 0 0 0 0 0 0 0 0 0 0 0;
  INPUT ---        1 0 0 0 0 0 0 0 0 0 1 dis 0 1 dis 0 0 0 0 0 0 0 0 0 0 0;
  INPUT ---        1 1 0 0 0 0 0 0 0 0 1 dis 0 1 dis 0 0 0 0 0 0 0 0 0 0 0;
  INPUT ---        1 0 1 0 0 0 0 0 0 0 1 dis 0 1 dis 0 0 0 0 0 0 0 0 0 0 0;
  INPUT ---        1 0 0 1 0 0 0 0 0 0 1 dis 0 1 dis 0 0 0 0 0 0 0 0 0 0 0;
  INPUT ---        1 0 0 0 1 0 0 0 0 0 1 dis 0 1 dis 0 0 0 0 0 0 0 0 0 0 0;
  INPUT ---        1 0 0 0 0 1 0 0 0 0 1 dis 0 1 dis 0 0 0 0 0 0 0 0 0 0 0;
  INPUT ---        1 0 0 0 0 0 1 0 0 0 1 dis 0 1 dis 0 0 0 0 0 0 0 0 0 0 0;
  INPUT ---        1 0 0 0 0 0 0 1 0 0 1 dis 0 1 dis 0 0 0 0 0 0 0 0 0 0 0;
  INPUT ---        1 0 0 0 0 0 0 0 1 0 1 dis 0 1 dis 0 0 0 0 0 0 0 0 0 0 0;
  INPUT ---        1 0 0 0 0 0 0 0 0 1 1 dis 0 1 dis 0 0 0 0 0 0 0 0 0 0 0;
  INPUT ---        0 0 0 0 0 0 0 0 0 0 0 0 0 0 0 1 0 0 0 0 0 0 0 0 0 0;
  INPUT ---        0 0 0 0 0 0 0 0 0 0 0 0 0 0 0 1 1 0 0 0 0 0 0 0 0 0;
  INPUT ---        0 0 0 0 0 0 0 0 0 0 0 0 0 0 0 1 0 1 0 0 0 0 0 0 0 0;
  INPUT ---        0 0 0 0 0 0 0 0 0 0 0 0 0 0 0 1 0 0 1 0 0 0 0 0 0 0;
  INPUT ---        0 0 0 0 0 0 0 0 0 0 0 0 0 0 0 1 0 0 0 1 0 0 0 0 0 0;
  INPUT ---        0 0 0 0 0 0 0 0 0 0 0 0 0 0 0 1 0 0 0 0 1 0 0 0 0 0;
  INPUT ---        0 0 0 0 0 0 0 0 0 0 0 0 0 0 0 1 0 0 0 0 0 1 0 0 0 0;
  INPUT ---        0 0 0 0 0 0 0 0 0 0 0 0 0 0 0 1 0 0 0 0 0 0 1 0 0 0;
  INPUT ---        0 0 0 0 0 0 0 0 0 0 0 0 0 0 0 1 0 0 0 0 0 0 0 1 0 0;
  INPUT ---        0 0 0 0 0 0 0 0 0 0 0 0 0 0 0 1 0 0 0 0 0 0 0 0 1 0;
  INPUT ---        0 0 0 0 0 0 0 0 0 0 0 0 0 0 0 1 1 0 0 0 0 0 0 0 1 0;
  INPUT ---        0 0 0 0 0 0 0 0 0 0 0 0 0 0 0 1 0 1 0 0 0 0 0 0 1 0;
  INPUT ---        0 0 0 0 0 0 0 0 0 0 0 0 0 0 0 1 0 0 1 0 0 0 0 0 1 0;
  INPUT ---        0 0 0 0 0 0 0 0 0 0 0 0 0 0 0 1 0 0 0 1 0 0 0 0 1 0;
  INPUT ---        0 0 0 0 0 0 0 0 0 0 0 0 0 0 0 1 0 0 0 0 1 0 0 0 1 0;

  Program  MARK  - Survival Rate Estimation with Capture-Recapture Data
   gfortran(dble/PIM2) Vers. 10.1 March 2023  19-Jul-2023 14:22:54    Page  007
 - - - - - - - - - - - - - - - - - - - - - - - - - - - - - - - - - - - - - -
 
  INPUT ---        0 0 0 0 0 0 0 0 0 0 0 0 0 0 0 1 0 0 0 0 0 1 0 0 1 0;
  INPUT ---        0 0 0 0 0 0 0 0 0 0 0 0 0 0 0 1 0 0 0 0 0 0 1 0 1 0;
  INPUT ---        0 0 0 0 0 0 0 0 0 0 0 0 0 0 0 1 0 0 0 0 0 0 0 1 1 0;
  INPUT ---        0 0 0 0 0 0 0 0 0 0 0 0 0 0 0 1 0 0 0 0 0 0 0 0 0 1;
  INPUT ---        0 0 0 0 0 0 0 0 0 0 0 0 0 0 0 1 1 0 0 0 0 0 0 0 0 1;
  INPUT ---        0 0 0 0 0 0 0 0 0 0 0 0 0 0 0 1 0 1 0 0 0 0 0 0 0 1;
  INPUT ---        0 0 0 0 0 0 0 0 0 0 0 0 0 0 0 1 0 0 1 0 0 0 0 0 0 1;
  INPUT ---        0 0 0 0 0 0 0 0 0 0 0 0 0 0 0 1 0 0 0 1 0 0 0 0 0 1;
  INPUT ---        0 0 0 0 0 0 0 0 0 0 0 0 0 0 0 1 0 0 0 0 1 0 0 0 0 1;
  INPUT ---        0 0 0 0 0 0 0 0 0 0 0 0 0 0 0 1 0 0 0 0 0 1 0 0 0 1;
  INPUT ---        0 0 0 0 0 0 0 0 0 0 0 0 0 0 0 1 0 0 0 0 0 0 1 0 0 1;
  INPUT ---        0 0 0 0 0 0 0 0 0 0 0 0 0 0 0 1 0 0 0 0 0 0 0 1 0 1;
  INPUT ---        0 0 0 0 0 0 0 0 0 0 0 0 0 0 0 0 0 0 0 0 0 0 0 0 0 0;
  INPUT ---       blabel(1)=Phi:(Intercept);
  INPUT ---       blabel(2)=Phi:time2.9;
  INPUT ---       blabel(3)=Phi:time9.81;
  INPUT ---       blabel(4)=Phi:time18.14;
  INPUT ---       blabel(5)=Phi:time25.84;
  INPUT ---       blabel(6)=Phi:time31.63;
  INPUT ---       blabel(7)=Phi:time35.5;
  INPUT ---       blabel(8)=Phi:time41.93;
  INPUT ---       blabel(9)=Phi:time45.63;
  INPUT ---       blabel(10)=Phi:time61.63;
  INPUT ---       blabel(11)=Phi:originwild;
  INPUT ---       blabel(12)=Phi:dis;
  INPUT ---       blabel(13)=Phi:year2011;
  INPUT ---       blabel(14)=Phi:year2012;
  INPUT ---       blabel(15)=Phi:originwild:dis;
  INPUT ---       blabel(16)=p:(Intercept);
  INPUT ---       blabel(17)=p:time9.81;
  INPUT ---       blabel(18)=p:time18.14;
  INPUT ---       blabel(19)=p:time25.84;
  INPUT ---       blabel(20)=p:time31.63;
  INPUT ---       blabel(21)=p:time35.5;
  INPUT ---       blabel(22)=p:time41.93;
  INPUT ---       blabel(23)=p:time45.63;
  INPUT ---       blabel(24)=p:time61.63;
  INPUT ---       blabel(25)=p:year2011;
  INPUT ---       blabel(26)=p:year2012;
  INPUT ---       rlabel(1)=Phi ghatchery2010 c1 a0 t1;
  INPUT ---       rlabel(2)=Phi ghatchery2010 c1 a1.9 t2.9;
  INPUT ---       rlabel(3)=Phi ghatchery2010 c1 a8.81 t9.81;
  INPUT ---       rlabel(4)=Phi ghatchery2010 c1 a17.14 t18.14;
  INPUT ---       rlabel(5)=Phi ghatchery2010 c1 a24.84 t25.84;
  INPUT ---       rlabel(6)=Phi ghatchery2010 c1 a30.63 t31.63;
  INPUT ---       rlabel(7)=Phi ghatchery2010 c1 a34.5 t35.5;

  Program  MARK  - Survival Rate Estimation with Capture-Recapture Data
   gfortran(dble/PIM2) Vers. 10.1 March 2023  19-Jul-2023 14:22:54    Page  008
 - - - - - - - - - - - - - - - - - - - - - - - - - - - - - - - - - - - - - -
 
  INPUT ---       rlabel(8)=Phi ghatchery2010 c1 a40.93 t41.93;
  INPUT ---       rlabel(9)=Phi ghatchery2010 c1 a44.63 t45.63;
  INPUT ---       rlabel(10)=Phi ghatchery2010 c1 a60.63 t61.63;
  INPUT ---       rlabel(11)=Phi gwild2010 c1 a0 t1;
  INPUT ---       rlabel(12)=Phi gwild2010 c1 a1.9 t2.9;
  INPUT ---       rlabel(13)=Phi gwild2010 c1 a8.81 t9.81;
  INPUT ---       rlabel(14)=Phi gwild2010 c1 a17.14 t18.14;
  INPUT ---       rlabel(15)=Phi gwild2010 c1 a24.84 t25.84;
  INPUT ---       rlabel(16)=Phi gwild2010 c1 a30.63 t31.63;
  INPUT ---       rlabel(17)=Phi gwild2010 c1 a34.5 t35.5;
  INPUT ---       rlabel(18)=Phi gwild2010 c1 a40.93 t41.93;
  INPUT ---       rlabel(19)=Phi gwild2010 c1 a44.63 t45.63;
  INPUT ---       rlabel(20)=Phi gwild2010 c1 a60.63 t61.63;
  INPUT ---       rlabel(21)=Phi ghatchery2011 c1 a0 t1;
  INPUT ---       rlabel(22)=Phi ghatchery2011 c1 a1.9 t2.9;
  INPUT ---       rlabel(23)=Phi ghatchery2011 c1 a8.81 t9.81;
  INPUT ---       rlabel(24)=Phi ghatchery2011 c1 a17.14 t18.14;
  INPUT ---       rlabel(25)=Phi ghatchery2011 c1 a24.84 t25.84;
  INPUT ---       rlabel(26)=Phi ghatchery2011 c1 a30.63 t31.63;
  INPUT ---       rlabel(27)=Phi ghatchery2011 c1 a34.5 t35.5;
  INPUT ---       rlabel(28)=Phi ghatchery2011 c1 a40.93 t41.93;
  INPUT ---       rlabel(29)=Phi ghatchery2011 c1 a44.63 t45.63;
  INPUT ---       rlabel(30)=Phi ghatchery2011 c1 a60.63 t61.63;
  INPUT ---       rlabel(31)=Phi gwild2011 c1 a0 t1;
  INPUT ---       rlabel(32)=Phi gwild2011 c1 a1.9 t2.9;
  INPUT ---       rlabel(33)=Phi gwild2011 c1 a8.81 t9.81;
  INPUT ---       rlabel(34)=Phi gwild2011 c1 a17.14 t18.14;
  INPUT ---       rlabel(35)=Phi gwild2011 c1 a24.84 t25.84;
  INPUT ---       rlabel(36)=Phi gwild2011 c1 a30.63 t31.63;
  INPUT ---       rlabel(37)=Phi gwild2011 c1 a34.5 t35.5;
  INPUT ---       rlabel(38)=Phi gwild2011 c1 a40.93 t41.93;
  INPUT ---       rlabel(39)=Phi gwild2011 c1 a44.63 t45.63;
  INPUT ---       rlabel(40)=Phi gwild2011 c1 a60.63 t61.63;
  INPUT ---       rlabel(41)=Phi ghatchery2012 c1 a0 t1;
  INPUT ---       rlabel(42)=Phi ghatchery2012 c1 a1.9 t2.9;
  INPUT ---       rlabel(43)=Phi ghatchery2012 c1 a8.81 t9.81;
  INPUT ---       rlabel(44)=Phi ghatchery2012 c1 a17.14 t18.14;
  INPUT ---       rlabel(45)=Phi ghatchery2012 c1 a24.84 t25.84;
  INPUT ---       rlabel(46)=Phi ghatchery2012 c1 a30.63 t31.63;
  INPUT ---       rlabel(47)=Phi ghatchery2012 c1 a34.5 t35.5;
  INPUT ---       rlabel(48)=Phi ghatchery2012 c1 a40.93 t41.93;
  INPUT ---       rlabel(49)=Phi ghatchery2012 c1 a44.63 t45.63;
  INPUT ---       rlabel(50)=Phi ghatchery2012 c1 a60.63 t61.63;
  INPUT ---       rlabel(51)=Phi gwild2012 c1 a0 t1;
  INPUT ---       rlabel(52)=Phi gwild2012 c1 a1.9 t2.9;
  INPUT ---       rlabel(53)=Phi gwild2012 c1 a8.81 t9.81;

  Program  MARK  - Survival Rate Estimation with Capture-Recapture Data
   gfortran(dble/PIM2) Vers. 10.1 March 2023  19-Jul-2023 14:22:54    Page  009
 - - - - - - - - - - - - - - - - - - - - - - - - - - - - - - - - - - - - - -
 
  INPUT ---       rlabel(54)=Phi gwild2012 c1 a17.14 t18.14;
  INPUT ---       rlabel(55)=Phi gwild2012 c1 a24.84 t25.84;
  INPUT ---       rlabel(56)=Phi gwild2012 c1 a30.63 t31.63;
  INPUT ---       rlabel(57)=Phi gwild2012 c1 a34.5 t35.5;
  INPUT ---       rlabel(58)=Phi gwild2012 c1 a40.93 t41.93;
  INPUT ---       rlabel(59)=Phi gwild2012 c1 a44.63 t45.63;
  INPUT ---       rlabel(60)=Phi gwild2012 c1 a60.63 t61.63;
  INPUT ---       rlabel(61)=p ghatchery2010 c1 a1.9 t2.9;
  INPUT ---       rlabel(62)=p ghatchery2010 c1 a8.81 t9.81;
  INPUT ---       rlabel(63)=p ghatchery2010 c1 a17.14 t18.14;
  INPUT ---       rlabel(64)=p ghatchery2010 c1 a24.84 t25.84;
  INPUT ---       rlabel(65)=p ghatchery2010 c1 a30.63 t31.63;
  INPUT ---       rlabel(66)=p ghatchery2010 c1 a34.5 t35.5;
  INPUT ---       rlabel(67)=p ghatchery2010 c1 a40.93 t41.93;
  INPUT ---       rlabel(68)=p ghatchery2010 c1 a44.63 t45.63;
  INPUT ---       rlabel(69)=p ghatchery2010 c1 a60.63 t61.63;
  INPUT ---       rlabel(70)=p ghatchery2011 c1 a1.9 t2.9;
  INPUT ---       rlabel(71)=p ghatchery2011 c1 a8.81 t9.81;
  INPUT ---       rlabel(72)=p ghatchery2011 c1 a17.14 t18.14;
  INPUT ---       rlabel(73)=p ghatchery2011 c1 a24.84 t25.84;
  INPUT ---       rlabel(74)=p ghatchery2011 c1 a30.63 t31.63;
  INPUT ---       rlabel(75)=p ghatchery2011 c1 a34.5 t35.5;
  INPUT ---       rlabel(76)=p ghatchery2011 c1 a40.93 t41.93;
  INPUT ---       rlabel(77)=p ghatchery2011 c1 a44.63 t45.63;
  INPUT ---       rlabel(78)=p ghatchery2011 c1 a60.63 t61.63;
  INPUT ---       rlabel(79)=p ghatchery2012 c1 a1.9 t2.9;
  INPUT ---       rlabel(80)=p ghatchery2012 c1 a8.81 t9.81;
  INPUT ---       rlabel(81)=p ghatchery2012 c1 a17.14 t18.14;
  INPUT ---       rlabel(82)=p ghatchery2012 c1 a24.84 t25.84;
  INPUT ---       rlabel(83)=p ghatchery2012 c1 a30.63 t31.63;
  INPUT ---       rlabel(84)=p ghatchery2012 c1 a34.5 t35.5;
  INPUT ---       rlabel(85)=p ghatchery2012 c1 a40.93 t41.93;
  INPUT ---       rlabel(86)=p ghatchery2012 c1 a44.63 t45.63;
  INPUT ---       rlabel(87)=p ghatchery2012 c1 a60.63 t61.63;
  INPUT ---       rlabel(88)=p ghatchery2010 c1 a83.62 t84.62;
   Model is { Phi(~time + origin * dis + year)p(~time + year) }

 Link Function Used is LOGIT        

 Variance Estimation Procedure Used is 2ndPart 
 -2logL(saturated) = 0.0000000     
 Effective Sample Size = 18772

 Number of function evaluations was 149 for 26 parameters.
 For numerical optimization, CPU Time was 15.188 seconds and System Time was 1.469 seconds.
 -2logL { Phi(~time + origin * dis + year)p(~time + year) } = 13339.951     
 Penalty { Phi(~time + origin * dis + year)p(~time + year) } = 0.0000000     

  Program  MARK  - Survival Rate Estimation with Capture-Recapture Data
   gfortran(dble/PIM2) Vers. 10.1 March 2023  19-Jul-2023 14:22:55    Page  010
 - - - - - - - - - - - - - - - - - - - - - - - - - - - - - - - - - - - - - -
 
 Gradient { Phi(~time + origin * dis + year)p(~time + year) }:
  0.20343339E-01  0.58041506E-02  0.40322885E-02 -0.28173924E-02  0.97778528E-03
  0.12605331E-02 -0.80051045E-02  0.46534986E-01 -0.20139718E-01 -0.73288290E-02
  0.90422837E-01  0.11062980E-01  0.17746019E-01  0.14527795E-01 -0.28381433E-02
 -0.38480867E-02 -0.39577734E-02  0.45233275E-02 -0.35392856E-03 -0.23416008E-02
 -0.28109843E-02  0.19485263E-02 -0.86233966E-04   0.0000000     -0.89713831E-02
 -0.74799204E-02
 Maximum ABS(G) { Phi(~time + origin * dis + year)p(~time + year) } = 0.0904228     
 To compute VC matrix, CPU Time was 4.906 seconds and System Time was 0.438 seconds.
 S Vector { Phi(~time + origin * dis + year)p(~time + year) }:
   1506.046      1251.275      381.9757      270.6117      264.2895    
   196.5173      192.0133      150.5392      140.4607      136.7767    
   127.5314      99.04386      83.33421      78.90526      75.18865    
   62.22602      52.92903      46.54231      43.76746      39.69097    
   29.47755      16.73462      12.05373      8.229062      7.459073    
  0.2595627E-03
 To invert VC matrix, CPU Time was 0.001 seconds and System Time was 0.001 seconds.
 Ratio Threshold = 50.000000       Max Gap (25/26) = 28737.075       Next Max Gap (2/3) = 3.2757978     
 Gap Method for Num. of Estimated Parameters { Phi(~time + origin * dis + year)p(~time + year) } = 25          
 Threshold { Phi(~time + origin * dis + year)p(~time + year) } = 0.1808457               
 Numerical Threshold Method for Num. of Estimated Parameters { Phi(~time + origin * dis + year)p(~time + year) } = 25          
 Number of Estimated Parameters { Phi(~time + origin * dis + year)p(~time + year) } = 25          
 DEVIANCE { Phi(~time + origin * dis + year)p(~time + year) } = 13339.951               
 DEVIANCE Degrees of Freedom { Phi(~time + origin * dis + year)p(~time + year) } = 220          
 c-hat { Phi(~time + origin * dis + year)p(~time + year) } = 60.636141               
 AIC { Phi(~time + origin * dis + year)p(~time + year) } = 13389.951               
 AICc { Phi(~time + origin * dis + year)p(~time + year) } = 13390.020               
 BIC { Phi(~time + origin * dis + year)p(~time + year) } = 13585.954               
 Pearson Chisquare { Phi(~time + origin * dis + year)p(~time + year) } = 0.1238180E+11           
 Possible Encounter Histories { Phi(~time + origin * dis + year)p(~time + year) } = 6144          
 Pearson Chisquare df { Phi(~time + origin * dis + year)p(~time + year) } = 6113          
 Pearson chat { Phi(~time + origin * dis + year)p(~time + year) } = 2025486.7               
 Sum(Observed/Expected) { Phi(~time + origin * dis + year)p(~time + year) } = 0.3095446E+10           
 s-bar { Phi(~time + origin * dis + year)p(~time + year) } = 504307.54               
 Fletcher chat { Phi(~time + origin * dis + year)p(~time + year) } = 4.0163641               


  LOGIT Link Function Parameters of { Phi(~time + origin * dis + year)p(~time + year) }
                                                              95% Confidence Interval
    Parameter                  Beta         Standard Error     Lower           Upper
 -------------------------  --------------  --------------  --------------  --------------
    1:Phi:(Intercept)        18.591650       0.0000000       18.591650       18.591650    
    2:Phi:time2.9           -13.722089       0.0000000      -13.722089      -13.722089    
    3:Phi:time9.81          -12.895403       0.0000000      -12.895403      -12.895403    
    4:Phi:time18.14         -13.211390       0.0000000      -13.211390      -13.211390    
    5:Phi:time25.84         -12.233430       0.0000000      -12.233430      -12.233430    
    6:Phi:time31.63         -12.557631       0.0000000      -12.557631      -12.557631    
    7:Phi:time35.5          -14.371052       0.0000000      -14.371052      -14.371052    
    8:Phi:time41.93         -14.584398       0.0000000      -14.584398      -14.584398    
    9:Phi:time45.63         -14.546909       0.0000000      -14.546909      -14.546909    
   10:Phi:time61.63         -14.706780       0.0000000      -14.706780      -14.706780    
   11:Phi:originwild        -0.1852950       0.0723253      -0.3270525      -0.0435374    
   12:Phi:dis               -0.2764530       0.0607001      -0.3954252      -0.1574808    
   13:Phi:year2011           0.8572607       0.1458096       0.5714739       1.1430475    
   14:Phi:year2012           1.0418161       0.1051681       0.8356867       1.2479456    
   15:Phi:originwild:dis    -0.0880484       0.0563099      -0.1984157       0.0223190    
   16:p:(Intercept)          3.2190712       0.1258614       2.9723828       3.4657596    
   17:p:time9.81            -0.2028840       0.1599258      -0.5163385       0.1105705    
   18:p:time18.14           -0.8620919       0.1431592      -1.1426840      -0.5814998    
   19:p:time25.84           -0.7245050       0.1462406      -1.0111365      -0.4378734    
   20:p:time31.63           -0.9288521       0.1421566      -1.2074789      -0.6502252    
   21:p:time35.5             0.4330640       0.1922333       0.0562868       0.8098411    
   22:p:time41.93           -0.8167777       0.1471881      -1.1052662      -0.5282891    
   23:p:time45.63           -0.4155711       0.1640428      -0.7370950      -0.0940473    

  Program  MARK  - Survival Rate Estimation with Capture-Recapture Data
   gfortran(dble/PIM2) Vers. 10.1 March 2023  19-Jul-2023 14:22:56    Page  011
 - - - - - - - - - - - - - - - - - - - - - - - - - - - - - - - - - - - - - -
 
   24:p:time61.63           -0.4361477       0.1740636      -0.7773123      -0.0949830    
   25:p:year2011             0.5511561       0.0917689       0.3712890       0.7310232    
   26:p:year2012            -0.1423814       0.0771676      -0.2936299       0.0088672    


     Real Function Parameters of { Phi(~time + origin * dis + year)p(~time + year) }

      Following estimates based on unstandardized individual covariate values:
          Variable                 Value        
          ----------------------  ------------- 
          DIS                     -0.1109058E-09
                                                               95% Confidence Interval
     Parameter                Estimate       Standard Error     Lower           Upper
 --------------------------  --------------  --------------  --------------  --------------
     1:Phi ghatchery2010 c1   1.0000000       0.0000000       1.0000000       1.0000000       
     2:Phi ghatchery2010 c1   0.9923818       0.0011323       0.9898091       0.9943087       
     3:Phi ghatchery2010 c1   0.9966527       0.6748198E-03   0.9950321       0.9977458       
     4:Phi ghatchery2010 c1   0.9954145       0.8304263E-03   0.9934627       0.9967854       
     5:Phi ghatchery2010 c1   0.9982705       0.5637978E-03   0.9967250       0.9990874       
     6:Phi ghatchery2010 c1   0.9976099       0.8521156E-03   0.9951964       0.9988122       
     7:Phi ghatchery2010 c1   0.9855228       0.0018738       0.9813519       0.9887715       
     8:Phi ghatchery2010 c1   0.9821414       0.0028296       0.9756614       0.9869193       
     9:Phi ghatchery2010 c1   0.9827872       0.0018246       0.9788210       0.9860213       
    10:Phi ghatchery2010 c1   0.9798633       0.0020271       0.9754816       0.9834753       
    11:Phi gwild2010 c1 a0    1.0000000       0.0000000       1.0000000       1.0000000       
    12:Phi gwild2010 c1 a1.   0.9908451       0.0012908       0.9879356       0.9930578       
    13:Phi gwild2010 c1 a8.   0.9959740       0.7895791E-03   0.9940889       0.9972596       
    14:Phi gwild2010 c1 a17   0.9944862       0.9652666E-03   0.9922320       0.9960888       
    15:Phi gwild2010 c1 a24   0.9979192       0.6714782E-03   0.9960854       0.9988949       
    16:Phi gwild2010 c1 a30   0.9971247       0.0010162       0.9942569       0.9985625       
    17:Phi gwild2010 c1 a34   0.9826268       0.0021072       0.9779763       0.9863091       
    18:Phi gwild2010 c1 a40   0.9785838       0.0032449       0.9712091       0.9841003       
    19:Phi gwild2010 c1 a44   0.9793555       0.0019736       0.9751109       0.9828889       
    20:Phi gwild2010 c1 a60   0.9758630       0.0021760       0.9712098       0.9797797       
    21:Phi ghatchery2011 c1   1.0000000       0.0000000       1.0000000       1.0000000       
    22:Phi ghatchery2011 c1   0.9967532       0.4713939E-03   0.9956850       0.9975576       
    23:Phi ghatchery2011 c1   0.9985769       0.2832059E-03   0.9978983       0.9990366       
    24:Phi ghatchery2011 c1   0.9980491       0.3479823E-03   0.9972330       0.9986248       
    25:Phi ghatchery2011 c1   0.9992654       0.2384583E-03   0.9986124       0.9996113       
    26:Phi ghatchery2011 c1   0.9989844       0.3609766E-03   0.9979623       0.9994941       
    27:Phi ghatchery2011 c1   0.9938054       0.7806891E-03   0.9920713       0.9951620       
    28:Phi ghatchery2011 c1   0.9923435       0.0011970       0.9896023       0.9943661       
    29:Phi ghatchery2011 c1   0.9926231       0.7282983E-03   0.9910495       0.9939218       
    30:Phi ghatchery2011 c1   0.9913553       0.7915857E-03   0.9896574       0.9927765       
    31:Phi gwild2011 c1 a0    1.0000000       0.0000000       1.0000000       1.0000000       
    32:Phi gwild2011 c1 a1.   0.9960948       0.6333215E-03   0.9946347       0.9971587       

  Program  MARK  - Survival Rate Estimation with Capture-Recapture Data
   gfortran(dble/PIM2) Vers. 10.1 March 2023  19-Jul-2023 14:22:56    Page  012
 - - - - - - - - - - - - - - - - - - - - - - - - - - - - - - - - - - - - - -
 
    33:Phi gwild2011 c1 a8.   0.9982877       0.3627978E-03   0.9974067       0.9988698       
    34:Phi gwild2011 c1 a17   0.9976529       0.4522363E-03   0.9965766       0.9983914       
    35:Phi gwild2011 c1 a24   0.9991160       0.2941652E-03   0.9983033       0.9995396       
    36:Phi gwild2011 c1 a30   0.9987779       0.4434330E-03   0.9975123       0.9994000       
    37:Phi gwild2011 c1 a34   0.9925537       0.0010847       0.9900964       0.9944048       
    38:Phi gwild2011 c1 a40   0.9907992       0.0015853       0.9871107       0.9934392       
    39:Phi gwild2011 c1 a44   0.9911347       0.0010854       0.9887336       0.9930277       
    40:Phi gwild2011 c1 a60   0.9896138       0.0012154       0.9869402       0.9917446       
    41:Phi ghatchery2012 c1   1.0000000       0.0000000       1.0000000       1.0000000       
    42:Phi ghatchery2012 c1   0.9972989       0.3780446E-03   0.9964467       0.9979471       
    43:Phi ghatchery2012 c1   0.9988165       0.2309351E-03   0.9982653       0.9991927       
    44:Phi ghatchery2012 c1   0.9983774       0.2822867E-03   0.9977183       0.9988463       
    45:Phi ghatchery2012 c1   0.9993891       0.1968012E-03   0.9988515       0.9996752       
    46:Phi ghatchery2012 c1   0.9991554       0.2983363E-03   0.9983126       0.9995774       
    47:Phi ghatchery2012 c1   0.9948439       0.6175611E-03   0.9934807       0.9959233       
    48:Phi ghatchery2012 c1   0.9936256       0.9652197E-03   0.9914257       0.9952637       
    49:Phi ghatchery2012 c1   0.9938587       0.5575616E-03   0.9926634       0.9948603       
    50:Phi ghatchery2012 c1   0.9928017       0.5891341E-03   0.9915501       0.9938691       
    51:Phi gwild2012 c1 a0    1.0000000       0.0000000       1.0000000       1.0000000       
    52:Phi gwild2012 c1 a1.   0.9967508       0.4653346E-03   0.9956984       0.9975463       
    53:Phi gwild2012 c1 a8.   0.9985759       0.2813898E-03   0.9979026       0.9990332       
    54:Phi gwild2012 c1 a17   0.9980477       0.3451763E-03   0.9972395       0.9986196       
    55:Phi gwild2012 c1 a24   0.9992649       0.2380098E-03   0.9986136       0.9996103       
    56:Phi gwild2012 c1 a30   0.9989837       0.3604517E-03   0.9979639       0.9994929       
    57:Phi gwild2012 c1 a34   0.9938008       0.7698119E-03   0.9920941       0.9951409       
    58:Phi gwild2012 c1 a40   0.9923379       0.0011853       0.9896282       0.9943437       
    59:Phi gwild2012 c1 a44   0.9926177       0.7093176E-03   0.9910892       0.9938857       
    60:Phi gwild2012 c1 a60   0.9913490       0.7625340E-03   0.9897190       0.9927225       
    61:p ghatchery2010 c1 a   0.9615457       0.0046538       0.9513108       0.9696977       
    62:p ghatchery2010 c1 a   0.9533001       0.0052892       0.9417680       0.9626390       
    63:p ghatchery2010 c1 a   0.9134874       0.0075097       0.8975900       0.9271174       
    64:p ghatchery2010 c1 a   0.9237600       0.0070116       0.9088301       0.9364160       
    65:p ghatchery2010 c1 a   0.9080637       0.0078205       0.8915443       0.9222864       
    66:p ghatchery2010 c1 a   0.9747200       0.0039267       0.9657691       0.9813754       
    67:p ghatchery2010 c1 a   0.9170020       0.0076730       0.9006702       0.9308547       
    68:p ghatchery2010 c1 a   0.9428647       0.0067836       0.9280216       0.9547959       
    69:p ghatchery2010 c1 a   0.9417460       0.0076878       0.9247189       0.9551089       
    70:p ghatchery2011 c1 a   0.9774724       0.0029242       0.9709696       0.9825447       
    71:p ghatchery2011 c1 a   0.9725443       0.0033630       0.9651251       0.9784205       
    72:p ghatchery2011 c1 a   0.9482471       0.0050790       0.9373377       0.9573437       
    73:p ghatchery2011 c1 a   0.9545975       0.0046699       0.9445139       0.9629205       
    74:p ghatchery2011 c1 a   0.9448711       0.0053125       0.9334839       0.9544041       
    75:p ghatchery2011 c1 a   0.9852738       0.0024035       0.9797394       0.9893129       
    76:p ghatchery2011 c1 a   0.9504263       0.0051141       0.9393863       0.9595421       
    77:p ghatchery2011 c1 a   0.9662570       0.0042627       0.9568269       0.9736839       
    78:p ghatchery2011 c1 a   0.9655796       0.0047553       0.9549396       0.9737762       

  Program  MARK  - Survival Rate Estimation with Capture-Recapture Data
   gfortran(dble/PIM2) Vers. 10.1 March 2023  19-Jul-2023 14:22:56    Page  013
 - - - - - - - - - - - - - - - - - - - - - - - - - - - - - - - - - - - - - -
 
    79:p ghatchery2012 c1 a   0.9559209       0.0051825       0.9445707       0.9650330       
    80:p ghatchery2012 c1 a   0.9465363       0.0058436       0.9338554       0.9568982       
    81:p ghatchery2012 c1 a   0.9015528       0.0080810       0.8845400       0.9162959       
    82:p ghatchery2012 c1 a   0.9131077       0.0076045       0.8970001       0.9269016       
    83:p ghatchery2012 c1 a   0.8954665       0.0083674       0.8778939       0.9107673       
    84:p ghatchery2012 c1 a   0.9709640       0.0044299       0.9609013       0.9784949       
    85:p ghatchery2012 c1 a   0.9055021       0.0083566       0.8878034       0.9206584       
    86:p ghatchery2012 c1 a   0.9346930       0.0073234       0.9187865       0.9476615       
    87:p ghatchery2012 c1 a   0.9334257       0.0082142       0.9154026       0.9478278       
    88:p ghatchery2010 c1 a   0.9900000       0.0000000       0.9900000       0.9900000      Fixed

 To compute parameter estimates, CPU Time was 0.001 seconds and System Time was 0.015 seconds.

 Attempted ordering of parameters by estimatibility:
   1 16 13 26 10 11 14  9 20 18 19 25 22  7 17 23 15  2 24  8 12  4 21  3  6
   5
 Beta number 5 is a singular value.

   For procedure estimate CPU Time was 20.125 seconds and System Time was 2.218 seconds       .


  INPUT --- proc stop;

     For this job, CPU Time in minutes was 0.336 and System Time in minutes was 0.037.

     Time Start = 14:22:53.900   Time End = 14:22:56.136

     Wall Clock Time in minutes for this job was 0.037.

     Maximum of 26 words used of 4096 words allocated.


          E X E C U T I O N   S U C C E S S F U L 
